Log file open, 05/31/19 11:15:30
LogWindows: Failed to load 'aqProf.dll' (GetLastError=126)
LogWindows: File 'aqProf.dll' does not exist
LogWindows: Failed to load 'VtuneApi.dll' (GetLastError=126)
LogWindows: File 'VtuneApi.dll' does not exist
LogWindows: Failed to load 'VtuneApi32e.dll' (GetLastError=126)
LogWindows: File 'VtuneApi32e.dll' does not exist
LogInit: Display: Running engine for game: Atlanta_20a
LogPlatformFile: Not using cached read wrapper
LogTaskGraph: Started task graph with 5 named threads and 14 total threads with 3 sets of task threads.
LogStats: Stats thread started at 0.171742
LogD3D11RHI: Loaded GFSDK_Aftermath_Lib.x64.dll
LogICUInternationalization: Display: ICU TimeZone Detection - Raw Offset: -5:00, Platform Override: ''
LogPluginManager: Mounting plugin Paper2D
LogPluginManager: Mounting plugin AISupport
LogPluginManager: Mounting plugin LightPropagationVolume
LogPluginManager: Mounting plugin CLionSourceCodeAccess
LogPluginManager: Mounting plugin CodeLiteSourceCodeAccess
LogPluginManager: Mounting plugin GitSourceControl
LogPluginManager: Mounting plugin KDevelopSourceCodeAccess
LogPluginManager: Mounting plugin NullSourceCodeAccess
LogPluginManager: Mounting plugin PerforceSourceControl
LogPluginManager: Mounting plugin SubversionSourceControl
LogPluginManager: Mounting plugin UObjectPlugin
LogPluginManager: Mounting plugin VisualStudioCodeSourceCodeAccess
LogPluginManager: Mounting plugin VisualStudioSourceCodeAccess
LogPluginManager: Mounting plugin XCodeSourceCodeAccess
LogPluginManager: Mounting plugin AssetManagerEditor
LogPluginManager: Mounting plugin CryptoKeys
LogPluginManager: Mounting plugin DataValidation
LogPluginManager: Mounting plugin FacialAnimation
LogPluginManager: Mounting plugin GameplayTagsEditor
LogPluginManager: Mounting plugin MacGraphicsSwitching
LogPluginManager: Mounting plugin MeshEditor
LogPluginManager: Mounting plugin MobileLauncherProfileWizard
LogPluginManager: Mounting plugin PluginBrowser
LogPluginManager: Mounting plugin SpeedTreeImporter
LogPluginManager: Mounting plugin DatasmithContent
LogPluginManager: Mounting plugin AlembicImporter
LogPluginManager: Mounting plugin AppleImageUtils
LogPluginManager: Mounting plugin AppleVision
LogPluginManager: Mounting plugin BackChannel
LogPluginManager: Mounting plugin CharacterAI
LogPluginManager: Mounting plugin GeometryCache
LogPluginManager: Mounting plugin HTML5Networking
LogPluginManager: Mounting plugin ProxyLODPlugin
LogPluginManager: Mounting plugin MagicLeap
LogPluginManager: Mounting plugin MagicLeapEmulator
LogPluginManager: Mounting plugin MagicLeapMedia
LogPluginManager: Mounting plugin AndroidMedia
LogPluginManager: Mounting plugin AvfMedia
LogPluginManager: Mounting plugin ImgMedia
LogPluginManager: Mounting plugin LinearTimecode
LogPluginManager: Mounting plugin MediaCompositing
LogPluginManager: Mounting plugin MediaPlayerEditor
LogPluginManager: Mounting plugin WmfMedia
LogPluginManager: Mounting plugin TcpMessaging
LogPluginManager: Mounting plugin UdpMessaging
LogPluginManager: Mounting plugin ActorSequence
LogPluginManager: Mounting plugin LevelSequenceEditor
LogPluginManager: Mounting plugin MatineeToLevelSequence
LogPluginManager: Mounting plugin NetcodeUnitTest
LogPluginManager: Mounting plugin NUTUnrealEngine4
LogPluginManager: Mounting plugin OnlineSubsystemGooglePlay
LogPluginManager: Mounting plugin OnlineSubsystemIOS
LogPluginManager: Mounting plugin OnlineSubsystem
LogPluginManager: Mounting plugin OnlineSubsystemNull
LogPluginManager: Mounting plugin OnlineSubsystemUtils
LogPluginManager: Mounting plugin LauncherChunkInstaller
LogPluginManager: Mounting plugin AndroidDeviceProfileSelector
LogPluginManager: Mounting plugin AndroidMoviePlayer
LogPluginManager: Mounting plugin AndroidPermission
LogPluginManager: Mounting plugin AppleMoviePlayer
LogPluginManager: Mounting plugin ArchVisCharacter
LogPluginManager: Mounting plugin AudioCapture
LogPluginManager: Mounting plugin CableComponent
LogPluginManager: Mounting plugin CustomMeshComponent
LogPluginManager: Mounting plugin EditableMesh
LogPluginManager: Mounting plugin ExampleDeviceProfileSelector
LogPluginManager: Mounting plugin GoogleCloudMessaging
LogPluginManager: Mounting plugin ImmediatePhysics
LogPluginManager: Mounting plugin IOSDeviceProfileSelector
LogPluginManager: Mounting plugin LinuxDeviceProfileSelector
LogPluginManager: Mounting plugin LocationServicesBPLibrary
LogPluginManager: Mounting plugin MobilePatchingUtils
LogPluginManager: Mounting plugin OculusVR
LogPluginManager: Plugin shader directory ../../../Engine/Plugins/Runtime/Oculus/OculusVR/Shaders found
LogPluginManager: Mapping shader source directory ../../../Engine/Plugins/Runtime/Oculus/OculusVR/Shaders to virtual directory /Plugin/OculusVR
LogPluginManager: Mounting plugin PhysXVehicles
LogPluginManager: Mounting plugin ProceduralMeshComponent
LogPluginManager: Mounting plugin RuntimePhysXCooking
LogPluginManager: Mounting plugin SteamVR
LogPluginManager: Mounting plugin WindowsMoviePlayer
LogStreaming: Display: Took  0.085s to configure plugins.
LogInit: Using libcurl 7.55.1-DEV
LogInit:  - built for x86_64-pc-win32
LogInit:  - supports SSL with OpenSSL/1.0.2h
LogInit:  - supports HTTP deflate (compression) using libz 1.2.8
LogInit:  - other features:
LogInit:      CURL_VERSION_SSL
LogInit:      CURL_VERSION_LIBZ
LogInit:      CURL_VERSION_IPV6
LogInit:      CURL_VERSION_ASYNCHDNS
LogInit:      CURL_VERSION_LARGEFILE
LogInit:      CURL_VERSION_IDN
LogInit:  CurlRequestOptions (configurable via config and command line):
LogInit:  - bVerifyPeer = false  - Libcurl will NOT verify peer certificate
LogInit:  - bUseHttpProxy = false  - Libcurl will NOT use HTTP proxy
LogInit:  - bDontReuseConnections = false  - Libcurl will reuse connections
LogInit:  - CertBundlePath = nullptr  - Libcurl will use whatever was configured at build time.
LogInit:  - MaxHostConnections = 16  - Libcurl will limit the number of connections to a host
LogInit:  - LocalHostAddr = Default
LogInit:  - BufferSize = 65536
LogInit: WinSock: version 1.1 (2.2), MaxSocks=32767, MaxUdp=65467
LogInit: Build: ++UE4+Release-4.20-CL-4369336
LogInit: Engine Version: 4.20.3-4369336+++UE4+Release-4.20
LogInit: Compatible Engine Version: 4.20.0-4212847+++UE4+Release-4.20
LogInit: Net CL: 4212847
LogInit: OS: Windows 8.1 (), CPU: Intel(R) Core(TM) i5-4690 CPU @ 3.50GHz, GPU: NVIDIA GeForce GTX 970
LogInit: Compiled (64-bit): Sep 17 2018 12:26:19
LogInit: Compiled with Visual C++: 19.13.26129.00
LogInit: Build Configuration: Development
LogInit: Branch Name: ++UE4+Release-4.20
LogInit: Command Line:  
LogInit: Base Directory: C:/Program Files/Epic Games/UE_4.20/Engine/Binaries/Win64/
LogInit: Installed Engine Build: 1
LogDevObjectVersion: Number of dev versions registered: 20
LogDevObjectVersion:   Dev-Blueprints (B0D832E4-1F89-4F0D-ACCF-7EB736FD4AA2): 10
LogDevObjectVersion:   Dev-Build (E1C64328-A22C-4D53-A36C-8E866417BD8C): 0
LogDevObjectVersion:   Dev-Core (375EC13C-06E4-48FB-B500-84F0262A717E): 2
LogDevObjectVersion:   Dev-Editor (E4B068ED-F494-42E9-A231-DA0B2E46BB41): 24
LogDevObjectVersion:   Dev-Framework (CFFC743F-43B0-4480-9391-14DF171D2073): 34
LogDevObjectVersion:   Dev-Mobile (B02B49B5-BB20-44E9-A304-32B752E40360): 2
LogDevObjectVersion:   Dev-Networking (A4E4105C-59A1-49B5-A7C5-40C4547EDFEE): 0
LogDevObjectVersion:   Dev-Online (39C831C9-5AE6-47DC-9A44-9C173E1C8E7C): 0
LogDevObjectVersion:   Dev-Physics (78F01B33-EBEA-4F98-B9B4-84EACCB95AA2): 0
LogDevObjectVersion:   Dev-Platform (6631380F-2D4D-43E0-8009-CF276956A95A): 0
LogDevObjectVersion:   Dev-Rendering (12F88B9F-8875-4AFC-A67C-D90C383ABD29): 26
LogDevObjectVersion:   Dev-Sequencer (7B5AE74C-D270-4C10-A958-57980B212A5A): 9
LogDevObjectVersion:   Dev-VR (D7296918-1DD6-4BDD-9DE2-64A83CC13884): 2
LogDevObjectVersion:   Dev-LoadTimes (C2A15278-BFE7-4AFE-6C17-90FF531DF755): 1
LogDevObjectVersion:   Private-Geometry (6EACA3D4-40EC-4CC1-B786-8BED09428FC5): 3
LogDevObjectVersion:   Dev-AnimPhys (29E575DD-E0A3-4627-9D10-D276232CDCEA): 17
LogDevObjectVersion:   Dev-ReflectionCapture (6B266CEC-1EC7-4B8F-A30B-E4D90942FC07): 1
LogDevObjectVersion:   Dev-Automation (0DF73D61-A23F-47EA-B727-89E90C41499A): 1
LogDevObjectVersion:   FortniteMain (601D1886-AC64-4F84-AA16-D3DE0DEAC7D6): 12
LogDevObjectVersion:   Dev-Enterprise (9DFFBCD6-494F-0158-E221-12823C92A888): 1
LogStreaming: Display: Took  0.000s to delete old logs.
LogInit: Presizing for max 8388607 objects, including 0 objects not considered by GC, pre-allocating 0 bytes for permanent pool.
LogInit: Object subsystem initialized
[2019.05.31-15.15.31:007][  0]LogInit: Selected Device Profile: [Windows]
[2019.05.31-15.15.31:007][  0]LogInit: Applying CVar settings loaded from the selected device profile: [Windows]
[2019.05.31-15.15.31:019][  0]LogHAL: Display: Platform has ~ 16 GB [17056940032 / 17179869184 / 16], which maps to Larger [LargestMinGB=32, LargerMinGB=12, DefaultMinGB=8, SmallerMinGB=6, SmallestMinGB=0)
[2019.05.31-15.15.31:019][  0]LogInit: Setting Device Profile CVar: [[r.Vulkan.UseRealUBs:1]]
[2019.05.31-15.15.31:019][  0]LogInit: Going up to parent DeviceProfile []
[2019.05.31-15.15.31:019][  0]LogInit: Computer: BEDER
[2019.05.31-15.15.31:019][  0]LogInit: User: Bedro
[2019.05.31-15.15.31:019][  0]LogInit: CPU Page size=4096, Cores=4
[2019.05.31-15.15.31:019][  0]LogInit: High frequency timer resolution =3.417965 MHz
[2019.05.31-15.15.31:020][  0]LogMemory: Memory total: Physical=15.9GB (16GB approx)
[2019.05.31-15.15.31:020][  0]LogMemory: Platform Memory Stats for Windows
[2019.05.31-15.15.31:020][  0]LogMemory: Process Physical Memory: 98.48 MB used, 98.48 MB peak
[2019.05.31-15.15.31:020][  0]LogMemory: Process Virtual Memory: 84.13 MB used, 84.13 MB peak
[2019.05.31-15.15.31:020][  0]LogMemory: Physical Memory: 8218.18 MB used,  8048.59 MB free, 16266.77 MB total
[2019.05.31-15.15.31:020][  0]LogMemory: Virtual Memory: 474.70 MB used,  8048.59 MB free, 134217728.00 MB total
[2019.05.31-15.15.31:042][  0]LogInit: Using OS detected language (en-US).
[2019.05.31-15.15.31:042][  0]LogInit: Using OS detected locale (en-US).
[2019.05.31-15.15.31:042][  0]LogTextLocalizationManager: No specific localization for 'en-US' exists, so the 'en' localization will be used.
[2019.05.31-15.15.31:434][  0]LogStreaming: Display: Took  0.391s to InitEngineTextLocalization.
[2019.05.31-15.15.31:434][  0]LogInit: Setting process to per monitor DPI aware
[2019.05.31-15.15.31:511][  0]LogSlate: New Slate User Created.  User Index 0, Is Virtual User: 0
[2019.05.31-15.15.31:511][  0]LogSlate: Slate User Registered.  User Index 0, Is Virtual User: 0
[2019.05.31-15.15.31:672][  0]LogHMD: Failed to initialize OpenVR with code 110
[2019.05.31-15.15.31:672][  0]LogD3D11RHI: D3D11 adapters:
[2019.05.31-15.15.31:699][  0]LogD3D11RHI:    0. 'NVIDIA GeForce GTX 970' (Feature Level 11_0)
[2019.05.31-15.15.31:699][  0]LogD3D11RHI:       3992/0/8133 MB DedicatedVideo/DedicatedSystem/SharedSystem, Outputs:2, VendorId:0x10de
[2019.05.31-15.15.31:705][  0]LogD3D11RHI:    1. 'Intel(R) HD Graphics 4600' (Feature Level 11_0)
[2019.05.31-15.15.31:705][  0]LogD3D11RHI:       160/0/1760 MB DedicatedVideo/DedicatedSystem/SharedSystem, Outputs:0, VendorId:0x8086
[2019.05.31-15.15.31:706][  0]LogD3D11RHI:    2. 'Microsoft Basic Render Driver' (Feature Level 11_0)
[2019.05.31-15.15.31:706][  0]LogD3D11RHI:       0/0/256 MB DedicatedVideo/DedicatedSystem/SharedSystem, Outputs:0, VendorId:0x1414
[2019.05.31-15.15.31:706][  0]LogD3D11RHI: Chosen D3D11 Adapter: 0
[2019.05.31-15.15.31:711][  0]LogD3D11RHI: Creating new Direct3DDevice
[2019.05.31-15.15.31:711][  0]LogD3D11RHI:     GPU DeviceId: 0x13c2 (for the marketing name, search the web for "GPU Device Id")
[2019.05.31-15.15.31:711][  0]LogWindows: EnumDisplayDevices:
[2019.05.31-15.15.31:712][  0]LogWindows:    0. 'NVIDIA GeForce GTX 970' (P:0 D:1)
[2019.05.31-15.15.31:712][  0]LogWindows:    1. 'NVIDIA GeForce GTX 970' (P:1 D:1)
[2019.05.31-15.15.31:712][  0]LogWindows:    2. 'NVIDIA GeForce GTX 970' (P:0 D:0)
[2019.05.31-15.15.31:712][  0]LogWindows:    3. 'NVIDIA GeForce GTX 970' (P:0 D:0)
[2019.05.31-15.15.31:713][  0]LogWindows:    4. 'Intel(R) HD Graphics 4600' (P:0 D:0)
[2019.05.31-15.15.31:713][  0]LogWindows:    5. 'Intel(R) HD Graphics 4600' (P:0 D:0)
[2019.05.31-15.15.31:713][  0]LogWindows:    6. 'Intel(R) HD Graphics 4600' (P:0 D:0)
[2019.05.31-15.15.31:713][  0]LogWindows: DebugString: PrimaryIsNotTheChoosenAdapter PrimaryIsNotTheChoosenAdapter PrimaryIsNotTheChoosenAdapter FoundDriverCount:4 
[2019.05.31-15.15.31:713][  0]LogD3D11RHI:     Adapter Name: NVIDIA GeForce GTX 970
[2019.05.31-15.15.31:713][  0]LogD3D11RHI:   Driver Version: 390.77 (internal:23.21.13.9077, unified:390.77)
[2019.05.31-15.15.31:713][  0]LogD3D11RHI:      Driver Date: 1-23-2018
[2019.05.31-15.15.31:713][  0]LogRHI: Texture pool is 2794 MB (70% of 3992 MB)
[2019.05.31-15.15.31:729][  0]LogD3D11RHI: Async texture creation enabled
[2019.05.31-15.15.31:746][  0]LogD3D11RHI: GPU Timing Frequency: 1000.000000 (Debug: 2 2)
[2019.05.31-15.15.31:802][  0]LogShaderCompilers: Guid format shader working directory is -33 characters bigger than the processId version (../../../../../../Users/Bedro/Documents/GitHub/UnReal2Bstorm/Atlanta_North_4.20/Intermediate/Shaders/WorkingDirectory/5684/).
[2019.05.31-15.15.31:802][  0]LogShaderCompilers: Cleaned the shader compiler working directory 'C:/Users/Bedro/AppData/Local/Temp/UnrealShaderWorkingDir/49BD3F934489D6D7BBAECD8ACDFAE5DF/'.
[2019.05.31-15.15.32:057][  0]LogTemp: Display: Loaded TP AllDesktopTargetPlatform
[2019.05.31-15.15.32:069][  0]LogTemp: Display: Loaded TP MacClientTargetPlatform
[2019.05.31-15.15.32:081][  0]LogTemp: Display: Loaded TP MacNoEditorTargetPlatform
[2019.05.31-15.15.32:094][  0]LogTemp: Display: Loaded TP MacServerTargetPlatform
[2019.05.31-15.15.32:107][  0]LogTemp: Display: Loaded TP MacTargetPlatform
[2019.05.31-15.15.32:119][  0]LogTemp: Display: Loaded TP WindowsClientTargetPlatform
[2019.05.31-15.15.32:131][  0]LogTemp: Display: Loaded TP WindowsNoEditorTargetPlatform
[2019.05.31-15.15.32:144][  0]LogTemp: Display: Loaded TP WindowsServerTargetPlatform
[2019.05.31-15.15.32:149][  0]LogTemp: Display: Loaded TP WindowsTargetPlatform
[2019.05.31-15.15.32:223][  0]LogTemp: Display: Loaded TP AndroidTargetPlatform
[2019.05.31-15.15.32:223][  0]LogTemp: Display: Loaded TP AndroidTargetPlatform
[2019.05.31-15.15.32:223][  0]LogTemp: Display: Loaded TP AndroidTargetPlatform
[2019.05.31-15.15.32:223][  0]LogTemp: Display: Loaded TP AndroidTargetPlatform
[2019.05.31-15.15.32:223][  0]LogTemp: Display: Loaded TP AndroidTargetPlatform
[2019.05.31-15.15.32:223][  0]LogTemp: Display: Loaded TP AndroidTargetPlatform
[2019.05.31-15.15.32:223][  0]LogTemp: Display: Loaded TP AndroidTargetPlatform
[2019.05.31-15.15.32:223][  0]LogTemp: Display: Loaded TP AndroidTargetPlatform
[2019.05.31-15.15.32:223][  0]LogTemp: Display: Loaded TP AndroidTargetPlatform
[2019.05.31-15.15.32:223][  0]LogTemp: Display: Loaded TP AndroidTargetPlatform
[2019.05.31-15.15.32:223][  0]LogTemp: Display: Loaded TP AndroidTargetPlatform
[2019.05.31-15.15.32:223][  0]LogTemp: Display: Loaded TP AndroidTargetPlatform
[2019.05.31-15.15.32:223][  0]LogTemp: Display: Loaded TP AndroidTargetPlatform
[2019.05.31-15.15.32:223][  0]LogTemp: Display: Loaded TP AndroidTargetPlatform
[2019.05.31-15.15.32:223][  0]LogTemp: Display: Loaded TP AndroidTargetPlatform
[2019.05.31-15.15.32:223][  0]LogTemp: Display: Loaded TP AndroidTargetPlatform
[2019.05.31-15.15.32:223][  0]LogTemp: Display: Loaded TP AndroidTargetPlatform
[2019.05.31-15.15.32:223][  0]LogTemp: Display: Loaded TP AndroidTargetPlatform
[2019.05.31-15.15.32:224][  0]LogTemp: Display: Loaded TP HTML5TargetPlatform
[2019.05.31-15.15.32:282][  0]LogTemp: Display: Loaded TP IOSTargetPlatform
[2019.05.31-15.15.32:282][  0]LogTemp: Display: Loaded TP IOSTargetPlatform
[2019.05.31-15.15.32:307][  0]LogTemp: Display: Loaded TP TVOSTargetPlatform
[2019.05.31-15.15.32:307][  0]LogTemp: Display: Loaded TP TVOSTargetPlatform
[2019.05.31-15.15.32:322][  0]LogTemp: Display: Loaded TP LinuxClientTargetPlatform
[2019.05.31-15.15.32:333][  0]LogTemp: Display: Loaded TP LinuxNoEditorTargetPlatform
[2019.05.31-15.15.32:345][  0]LogTemp: Display: Loaded TP LinuxServerTargetPlatform
[2019.05.31-15.15.32:358][  0]LogTemp: Display: Loaded TP LinuxTargetPlatform
[2019.05.31-15.15.32:366][  0]LogTemp: Display: Loaded TP LuminTargetPlatform
[2019.05.31-15.15.32:366][  0]LogTargetPlatformManager: Display: Building Assets For Windows
[2019.05.31-15.15.32:409][  0]LogXGEController: Cleaning working directory: C:/Users/Bedro/AppData/Local/Temp/UnrealXGEWorkingDir/
[2019.05.31-15.15.32:409][  0]LogXGEController: Cannot use XGE Controller as Incredibuild is not installed on this machine.
[2019.05.31-15.15.32:409][  0]LogShaderCompilers: Cannot use XGE Shader Compiler as Incredibuild is not installed on this machine.
[2019.05.31-15.15.32:409][  0]LogShaderCompilers: Display: Using Local Shader Compiler.
[2019.05.31-15.15.33:118][  0]LogDerivedDataCache: Display: Max Cache Size: 512 MB
[2019.05.31-15.15.33:201][  0]LogDerivedDataCache: Loaded boot cache 0.08s 71MB C:/Users/Bedro/AppData/Local/UnrealEngine/4.20/DerivedDataCache/Boot.ddc.
[2019.05.31-15.15.33:202][  0]LogDerivedDataCache: Display: Loaded Boot cache: C:/Users/Bedro/AppData/Local/UnrealEngine/4.20/DerivedDataCache/Boot.ddc
[2019.05.31-15.15.33:202][  0]LogDerivedDataCache: FDerivedDataBackendGraph:  Pak pak cache file ../../../../../../Users/Bedro/Documents/GitHub/UnReal2Bstorm/Atlanta_North_4.20/DerivedDataCache/DDC.ddp not found, will not use a pak cache.
[2019.05.31-15.15.33:202][  0]LogDerivedDataCache: Unable to find inner node Pak for hierarchical cache Hierarchy.
[2019.05.31-15.15.33:202][  0]LogDerivedDataCache: FDerivedDataBackendGraph:  CompressedPak pak cache file ../../../../../../Users/Bedro/Documents/GitHub/UnReal2Bstorm/Atlanta_North_4.20/DerivedDataCache/Compressed.ddp not found, will not use a pak cache.
[2019.05.31-15.15.33:202][  0]LogDerivedDataCache: Unable to find inner node CompressedPak for hierarchical cache Hierarchy.
[2019.05.31-15.15.33:217][  0]LogDerivedDataCache: Display: Pak cache opened for reading ../../../Engine/DerivedDataCache/Compressed.ddp.
[2019.05.31-15.15.33:229][  0]LogDerivedDataCache: Using Local data cache path C:/Users/Bedro/AppData/Local/UnrealEngine/Common/DerivedDataCache: Writable
[2019.05.31-15.15.33:229][  0]LogDerivedDataCache: Shared data cache path not found in *engine.ini, will not use an Shared cache.
[2019.05.31-15.15.33:229][  0]LogDerivedDataCache: Unable to find inner node Shared for hierarchical cache Hierarchy.
[2019.05.31-15.15.33:249][  0]LogMaterial: Verifying Global Shaders for PCD3D_SM5
[2019.05.31-15.15.33:250][  0]LogSlate: Using FreeType 2.6.0
[2019.05.31-15.15.33:251][  0]LogSlate: SlateFontServices - WITH_FREETYPE: 1, WITH_HARFBUZZ: 1
[2019.05.31-15.15.33:320][  0]LogAssetRegistry: FAssetRegistry took 0.0256 seconds to start up
[2019.05.31-15.15.33:621][  0]LogInit: Selected Device Profile: [Windows]
[2019.05.31-15.15.33:741][  0]LogSimplygon: Simplygon DLL not present - disabling.
[2019.05.31-15.15.33:743][  0]LogMeshReduction: Using SimplygonSwarm for distributed automatic mesh merging
[2019.05.31-15.15.33:743][  0]LogMeshReduction: Using ProxyLODMeshReduction for automatic mesh merging
[2019.05.31-15.15.33:743][  0]LogMeshReduction: Using QuadricMeshReduction for automatic static mesh reduction
[2019.05.31-15.15.33:743][  0]LogMeshReduction: No automatic skeletal mesh reduction module available
[2019.05.31-15.15.33:765][  0]LogNetVersion: Atlanta_20a 1.0.0, NetCL: 4212847, EngineNetVer: 5, GameNetVer: 0 (Checksum: 2576130420)
[2019.05.31-15.15.34:249][  0]LogPackageLocalizationCache: Processed 11 localized package path(s) for 2 prioritized culture(s) in 0.089303 seconds
[2019.05.31-15.15.34:256][  0]LogUObjectArray: 38425 objects as part of root set at end of initial load.
[2019.05.31-15.15.34:256][  0]LogUObjectAllocator: 6690864 out of 0 bytes used by permanent object pool.
[2019.05.31-15.15.34:256][  0]LogUObjectArray: CloseDisregardForGC: 0/0 objects in disregard for GC pool
[2019.05.31-15.15.34:984][  0]LogTcpMessaging: Initializing TcpMessaging bridge
[2019.05.31-15.15.34:997][  0]LogUdpMessaging: Initializing bridge on interface 0.0.0.0:0 to multicast group 230.0.0.1:6666.
[2019.05.31-15.15.35:130][  0]SourceControl: Source control is disabled
[2019.05.31-15.15.35:568][  0]LogAndroidPermission: UAndroidPermissionCallbackProxy::GetInstance
[2019.05.31-15.15.35:613][  0]LogOcInput: OculusInput pre-init called
[2019.05.31-15.15.35:666][  0]LogEngine: Initializing Engine...
[2019.05.31-15.15.35:667][  0]LogHMD: Failed to initialize OpenVR with code 110
[2019.05.31-15.15.35:668][  0]LogStats: UGameplayTagsManager::ConstructGameplayTagTree: ImportINI prefixes -  0.000 s
[2019.05.31-15.15.35:668][  0]LogStats: UGameplayTagsManager::ConstructGameplayTagTree: Construct from data asset -  0.000 s
[2019.05.31-15.15.35:669][  0]LogStats: UGameplayTagsManager::ConstructGameplayTagTree: ImportINI -  0.000 s
[2019.05.31-15.15.35:669][  0]LogStats: UGameplayTagsManager::ConstructGameplayTagTree: GameplayTagTreeChangedEvent.Broadcast -  0.000 s
[2019.05.31-15.15.35:895][  0]LogInit: Initializing FReadOnlyCVARCache
[2019.05.31-15.15.35:905][  0]LogAIModule: Creating AISystem for world Untitled
[2019.05.31-15.15.35:931][  0]LogInit: XAudio2 using 'Speakers (Realtek High Definition Audio)' : 2 channels at 48 kHz using 32 bits per sample (channel mask 0x3)
[2019.05.31-15.15.35:941][  0]LogInit: FAudioDevice initialized.
[2019.05.31-15.15.35:941][  0]LogNetVersion: Set ProjectVersion to 1.0.0.0. Version Checksum will be recalculated on next use.
[2019.05.31-15.15.36:077][  0]LogDerivedDataCache: Saved boot cache 0.14s 71MB C:/Users/Bedro/AppData/Local/UnrealEngine/4.20/DerivedDataCache/Boot.ddc.
[2019.05.31-15.15.36:081][  0]LogInit: Texture streaming: Enabled
[2019.05.31-15.15.36:093][  0]LogEngineSessionManager: EngineSessionManager initialized
[2019.05.31-15.15.36:101][  0]LogInit: Transaction tracking system initialized
[2019.05.31-15.15.36:117][  0]BlueprintLog: New page: Editor Load
[2019.05.31-15.15.36:201][  0]LocalizationService: Localization service is disabled
[2019.05.31-15.15.36:257][  0]LogLinker: Warning: Can't find file '/Game/FPExplorerKit/FirstPersonKitBP/FirstPersonOverview'
[2019.05.31-15.15.36:257][  0]LogLinker: Warning: Can't find file '/Game/FPExplorerKit/FirstPersonKitBP/FirstPersonOverview'
[2019.05.31-15.15.36:257][  0]LogUObjectGlobals: Warning: Failed to find object 'Class /Game/FPExplorerKit/FirstPersonKitBP/FirstPersonOverview.FirstPersonOverview_C'
[2019.05.31-15.15.36:422][  0]LogCook: Display: Max memory allowance for cook 16384mb min free memory 0mb
[2019.05.31-15.15.36:422][  0]LogCook: Display: Mobile HDR setting 1
[2019.05.31-15.15.36:422][  0]LogGameplayTags: Display: UGameplayTagsManager::DoneAddingNativeTags. DelegateIsBound: 0
[2019.05.31-15.15.36:422][  0]LogStats: UGameplayTagsManager::ConstructGameplayTagTree: ImportINI prefixes -  0.000 s
[2019.05.31-15.15.36:422][  0]LogStats: UGameplayTagsManager::ConstructGameplayTagTree: Construct from data asset -  0.000 s
[2019.05.31-15.15.36:422][  0]LogStats: UGameplayTagsManager::ConstructGameplayTagTree: ImportINI -  0.000 s
[2019.05.31-15.15.36:422][  0]LogStats: UGameplayTagsManager::ConstructGameplayTagTree: GameplayTagTreeChangedEvent.Broadcast -  0.000 s
[2019.05.31-15.15.36:506][  0]LogFileCache: Scanning file cache for directory 'C:/Users/Bedro/Documents/GitHub/UnReal2Bstorm/Atlanta_North_4.20/Content/' took 0.01s
[2019.05.31-15.15.36:506][  0]Cmd: MAP LOAD FILE="../../../../../../Users/Bedro/Documents/GitHub/UnReal2Bstorm/Atlanta_North_4.20/Content/3BG.umap" TEMPLATE=0 SHOWPROGRESS=1 FEATURELEVEL=3
[2019.05.31-15.15.36:506][  0]LightingResults: New page: Lighting Build
[2019.05.31-15.15.36:508][  0]MapCheck: New page: Map Check
[2019.05.31-15.15.36:508][  0]LightingResults: New page: Lighting Build
[2019.05.31-15.15.38:373][  0]LogMaterial: Display: Missing cached shader map for material LightBulb, compiling. 
[2019.05.31-15.15.38:373][  0]LogMaterial: Warning: C:\Users\Bedro\Documents\GitHub\UnReal2Bstorm\Atlanta_North_4.20\Content\WH\group18\Beam1\Light1\LightBulb.uasset: Failed to compile Material for platform PCD3D_SM5, Default Material will be used in game.
[2019.05.31-15.15.38:373][  0]LogMaterial: 	(Node TextureSample) TextureSample> Sampler type is Color, should be Linear Color for /Game/WH/group18/Beam1/Light1/LightGlow3.LightGlow3
[2019.05.31-15.15.38:738][  0]LogMaterial: Display: Missing cached shader map for material LightGlow, compiling. 
[2019.05.31-15.15.38:738][  0]LogMaterial: Warning: C:\Users\Bedro\Documents\GitHub\UnReal2Bstorm\Atlanta_North_4.20\Content\WH\group18\Beam1\Light1\LightGlow.uasset: Failed to compile Material for platform PCD3D_SM5, Default Material will be used in game.
[2019.05.31-15.15.38:738][  0]LogMaterial: 	(Node TextureSample) TextureSample> Sampler type is Color, should be Linear Color for /Game/WH/group18/Beam1/Light1/LightGlow2.LightGlow2
[2019.05.31-15.15.38:739][  0]LogMaterial: 	(Node TextureSample) TextureSample> Sampler type is Color, should be Linear Color for /Game/WH/group18/Beam1/Light1/LightGlow4.LightGlow4
[2019.05.31-15.15.38:848][  0]LogAIModule: Creating AISystem for world 3BG
[2019.05.31-15.15.38:857][  0]LogMaterial: Warning: Material /Game/Area1/WallsALL/WindGlassE7.WindGlassE7 needed to have new flag set bUsedWithStaticLighting !
[2019.05.31-15.15.38:859][  0]LogMaterial: Display: Missing cached shader map for material WindGlassE7, compiling. 
[2019.05.31-15.15.38:950][  0]MapCheck: Warning: WindGlassE7 Material /Game/Area1/WallsALL/WindGlassE7.WindGlassE7 was missing the usage flag bUsedWithStaticLighting. If the material asset is not re-saved, it may not render correctly when run outside the editor. Fix
[2019.05.31-15.15.38:973][  0]LogShaderCompilers: Display: Shaders left to compile 43
[2019.05.31-15.15.38:973][  0]LogShaderCompilers: Display: Shaders left to compile 33
[2019.05.31-15.15.38:973][  0]LogShaderCompilers: Display: Shaders left to compile 23
[2019.05.31-15.15.38:973][  0]LogEditorServer: Finished looking for orphan Actors (0.000 secs)
[2019.05.31-15.15.39:001][  0]Cmd: MAP CHECKDEP NOCLEARLOG
[2019.05.31-15.15.39:146][  0]MapCheck: Map check complete: 0 Error(s), 1 Warning(s), took 144.892ms to complete.
[2019.05.31-15.15.39:168][  0]LogFileHelpers: Loading map '3BG' took 2.662
[2019.05.31-15.15.39:284][  0]LogWindowsTextInputMethodSystem: Display: IME system now deactivated.
[2019.05.31-15.15.39:284][  0]LogWindowsTextInputMethodSystem: Display: IME system now deactivated.
[2019.05.31-15.15.39:327][  0]LogSlate: Updating window title bar state: overlay mode, drag disabled, window buttons hidden, title bar hidden
[2019.05.31-15.15.39:335][  0]LogSlate: Updating window title bar state: overlay mode, drag disabled, window buttons hidden, title bar hidden
[2019.05.31-15.15.39:342][  0]LogSlate: Updating window title bar state: overlay mode, drag disabled, window buttons hidden, title bar hidden
[2019.05.31-15.15.39:351][  0]LogSlate: Updating window title bar state: overlay mode, drag disabled, window buttons hidden, title bar hidden
[2019.05.31-15.15.39:356][  0]LogCollectionManager: Loaded 0 collections in 0.001194 seconds
[2019.05.31-15.15.39:409][  0]LogFileCache: Scanning file cache for directory 'C:/Users/Bedro/Documents/GitHub/UnReal2Bstorm/Atlanta_North_4.20/Saved/Collections/' took 0.01s
[2019.05.31-15.15.39:409][  0]LogFileCache: Scanning file cache for directory 'C:/Users/Bedro/Documents/GitHub/UnReal2Bstorm/Atlanta_North_4.20/Content/Developers/Bedro/Collections/' took 0.01s
[2019.05.31-15.15.39:409][  0]LogFileCache: Scanning file cache for directory 'C:/Users/Bedro/Documents/GitHub/UnReal2Bstorm/Atlanta_North_4.20/Content/Collections/' took 0.01s
[2019.05.31-15.15.39:409][  0]LogCollectionManager: Rebuilt the GUID cache for 0 collections in 0.000000 seconds
[2019.05.31-15.15.39:418][  0]LogContentBrowser: Native class hierarchy populated in 0.0092 seconds. Added 2572 classes and 603 folders.
[2019.05.31-15.15.39:424][  0]LogContentBrowser: Native class hierarchy updated for 'WidgetCarousel' in 0.0003 seconds. Added 0 classes and 0 folders.
[2019.05.31-15.15.39:459][  0]LogContentBrowser: Native class hierarchy updated for 'AddContentDialog' in 0.0002 seconds. Added 0 classes and 0 folders.
[2019.05.31-15.15.39:473][  0]LogContentBrowser: Native class hierarchy updated for 'SceneOutliner' in 0.0003 seconds. Added 1 classes and 2 folders.
[2019.05.31-15.15.39:595][  0]LogContentBrowser: Native class hierarchy updated for 'HierarchicalLODOutliner' in 0.0002 seconds. Added 0 classes and 0 folders.
[2019.05.31-15.15.39:595][  0]LogLoad: (Engine Initialization) Total time: 9.73 seconds
[2019.05.31-15.15.39:595][  0]LogLoad: (Engine Initialization) Total Blueprint compile time: 0.00 seconds
[2019.05.31-15.15.39:629][  0]LogContentStreaming: Texture pool size now 1000 MB
[2019.05.31-15.15.39:636][  0]LogSlate: Took 0.000114 seconds to synchronously load lazily loaded font '../../../Engine/Content/Slate/Fonts/Roboto-Bold.ttf' (160K)
[2019.05.31-15.15.39:637][  0]LogSlate: Took 0.000138 seconds to synchronously load lazily loaded font '../../../Engine/Content/Slate/Fonts/Roboto-Regular.ttf' (155K)
[2019.05.31-15.15.39:647][  0]LogSlate: Took 0.000133 seconds to synchronously load lazily loaded font '../../../Engine/Content/Editor/Slate/Fonts/FontAwesome.ttf' (139K)
[2019.05.31-15.15.39:760][  0]LogSlate: Took 0.000130 seconds to synchronously load lazily loaded font '../../../Engine/Content/Slate/Fonts/Roboto-Light.ttf' (167K)
[2019.05.31-15.15.39:783][  0]LogRenderer: Reallocating scene render targets to support 612x264 Format 10 NumSamples 1 (Frame:1).
[2019.05.31-15.15.39:799][  0]LogRenderer: Reallocating scene render targets to support 1220x524 Format 10 NumSamples 1 (Frame:1).
[2019.05.31-15.15.39:914][  1]LogAssetRegistry: Asset discovery search completed in 6.6160 seconds
[2019.05.31-15.15.39:916][  1]LogCollectionManager: Rebuilt the object cache for 0 collections in 0.000000 seconds (found 0 objects)
[2019.05.31-15.15.39:916][  1]LogCollectionManager: Fixed up redirectors for 0 collections in 0.000049 seconds (updated 0 objects)
[2019.05.31-15.15.47:620][846]LogShaderCompilers: Display: Shaders left to compile 13
[2019.05.31-15.15.51:455][288]LogShaderCompilers: Display: Shaders left to compile 3
[2019.05.31-15.16.24:794][228]LogSlate: FSceneViewport::OnFocusLost() reason 2
[2019.05.31-15.16.33:371][212]LogEditorViewport: Clicking on Actor (LMB): StaticMeshActor (WHRoof)
[2019.05.31-15.16.33:745][224]LogSlate: FSceneViewport::OnFocusLost() reason 2
[2019.05.31-15.23.40:501][227]LogEditorViewport: Clicking on Actor (LMB): StaticMeshActor (Beam3)
[2019.05.31-15.24.40:027][ 25]LogHttp: Warning: 000000538C591080: request failed, libcurl error: 6 (Couldn't resolve host name)
[2019.05.31-15.24.40:027][ 25]LogHttp: Warning: 000000538C591080: libcurl info message cache 0 (Connection 3 seems to be dead!)
[2019.05.31-15.24.40:027][ 25]LogHttp: Warning: 000000538C591080: libcurl info message cache 1 (Closing connection 3)
[2019.05.31-15.24.40:027][ 25]LogHttp: Warning: 000000538C591080: libcurl info message cache 2 (TLSv1.2 (OUT), TLS alert, Client hello (1):)
[2019.05.31-15.24.40:027][ 25]LogHttp: Warning: 000000538C591080: libcurl info message cache 3 (Could not resolve host: datarouter.ol.epicgames.com)
[2019.05.31-15.24.40:027][ 25]LogHttp: Warning: 000000538C591080: libcurl info message cache 4 (Closing connection 4)
[2019.05.31-15.28.20:407][119]LogEditorViewport: Clicking on Actor (LMB): StaticMeshActor (S9)
[2019.05.31-15.28.29:344][168]LogEditorViewport: Clicking on Actor (LMB): StaticMeshActor (S11)
[2019.05.31-15.28.36:063][944]LogSlate: FSceneViewport::OnFocusLost() reason 0
[2019.05.31-15.36.40:183][885]LogHttp: Warning: 000000538C590CC0: request failed, libcurl error: 6 (Couldn't resolve host name)
[2019.05.31-15.36.40:183][885]LogHttp: Warning: 000000538C590CC0: libcurl info message cache 0 (Connection 10 seems to be dead!)
[2019.05.31-15.36.40:183][885]LogHttp: Warning: 000000538C590CC0: libcurl info message cache 1 (Closing connection 10)
[2019.05.31-15.36.40:183][885]LogHttp: Warning: 000000538C590CC0: libcurl info message cache 2 (TLSv1.2 (OUT), TLS alert, Client hello (1):)
[2019.05.31-15.36.40:183][885]LogHttp: Warning: 000000538C590CC0: libcurl info message cache 3 (Could not resolve host: datarouter.ol.epicgames.com)
[2019.05.31-15.36.40:183][885]LogHttp: Warning: 000000538C590CC0: libcurl info message cache 4 (Closing connection 11)
[2019.05.31-15.47.52:064][553]LogSlate: FSceneViewport::OnFocusLost() reason 0
[2019.05.31-15.50.48:357][ 87]LogSlate: FSceneViewport::OnFocusLost() reason 2
[2019.05.31-15.50.54:667][814]LogSlate: FSceneViewport::OnFocusLost() reason 0
[2019.05.31-15.51.12:780][641]LogSlate: FSceneViewport::OnFocusLost() reason 0
[2019.05.31-15.59.10:287][ 75]LogSlate: FSceneViewport::OnFocusLost() reason 2
[2019.05.31-16.00.16:882][586]LogEditorViewport: Clicking on Actor (LMB): StaticMeshActor (BalconyLeft)
[2019.05.31-16.02.04:409][155]LogEditorViewport: Clicking on Actor (LMB): StaticMeshActor (BG)
[2019.05.31-16.02.49:038][749]LogEditorViewport: Clicking on Actor (LMB): StaticMeshActor (SGlass24)
[2019.05.31-16.03.02:849][305]LogEditorViewport: Clicking on Actor (LMB): StaticMeshActor (SideleftTop)
[2019.05.31-16.03.04:614][501]LogEditorViewport: Clicking on Actor (LMB): StaticMeshActor (SGlass24)
[2019.05.31-16.05.12:875][690]LogEditorViewport: Clicking on Actor (LMB): StaticMeshActor (WHRoof)
[2019.05.31-16.07.00:610][983]LogSlate: Took 0.031774 seconds to synchronously load lazily loaded font '../../../Engine/Content/Slate/Fonts/Roboto-Italic.ttf' (157K)
[2019.05.31-16.07.08:728][870]LogSlate: FSceneViewport::OnFocusLost() reason 0
[2019.05.31-16.07.08:994][881]LogSlate: Window 'Atlanta_20a - Unreal Editor' being destroyed
[2019.05.31-16.07.08:994][881]LogWindowsTextInputMethodSystem: Display: IME system now deactivated.
[2019.05.31-16.07.08:995][881]LogWindowsTextInputMethodSystem: Display: IME system now deactivated.
[2019.05.31-16.07.09:185][882]Cmd: QUIT_EDITOR
[2019.05.31-16.07.09:225][882]LogExit: Preparing to exit.
[2019.05.31-16.07.09:901][882]LogExit: Editor shut down
[2019.05.31-16.07.09:901][882]LogExit: Transaction tracking system shut down
[2019.05.31-16.07.10:206][882]LogExit: Object subsystem successfully closed.
[2019.05.31-16.07.10:226][882]LogShaderCompilers: Display: Shaders left to compile 0
[2019.05.31-16.07.10:230][882]LogD3D11RHI: Shutdown
[2019.05.31-16.07.10:230][882]LogD3D11RHI: CleanupD3DDevice
[2019.05.31-16.07.10:233][882]LogD3D11RHI: ~FD3D11DynamicRHI
[2019.05.31-16.07.10:245][882]LogModuleManager: Shutting down and abandoning module HierarchicalLODOutliner (610)
[2019.05.31-16.07.10:245][882]LogModuleManager: Shutting down and abandoning module SceneOutliner (608)
[2019.05.31-16.07.10:245][882]LogModuleManager: Shutting down and abandoning module AddContentDialog (606)
[2019.05.31-16.07.10:247][882]LogModuleManager: Shutting down and abandoning module WidgetCarousel (605)
[2019.05.31-16.07.10:247][882]LogModuleManager: Shutting down and abandoning module EditorWidgets (602)
[2019.05.31-16.07.10:247][882]LogModuleManager: Shutting down and abandoning module CollectionManager (600)
[2019.05.31-16.07.10:248][882]LogModuleManager: Shutting down and abandoning module StatsViewer (598)
[2019.05.31-16.07.10:248][882]LogModuleManager: Shutting down and abandoning module FoliageEdit (596)
[2019.05.31-16.07.10:248][882]LogModuleManager: Shutting down and abandoning module LandscapeEditor (594)
[2019.05.31-16.07.10:248][882]LogModuleManager: Shutting down and abandoning module MeshPaintMode (592)
[2019.05.31-16.07.10:248][882]LogModuleManager: Shutting down and abandoning module SceneDepthPickerMode (590)
[2019.05.31-16.07.10:248][882]LogModuleManager: Shutting down and abandoning module ActorPickerMode (588)
[2019.05.31-16.07.10:248][882]LogModuleManager: Shutting down and abandoning module GeometryMode (586)
[2019.05.31-16.07.10:248][882]LogModuleManager: Shutting down and abandoning module TextureAlignMode (584)
[2019.05.31-16.07.10:248][882]LogModuleManager: Shutting down and abandoning module BspMode (582)
[2019.05.31-16.07.10:248][882]LogModuleManager: Shutting down and abandoning module PIEPreviewDeviceProfileSelector (580)
[2019.05.31-16.07.10:248][882]LogModuleManager: Shutting down and abandoning module SequenceRecorderSections (578)
[2019.05.31-16.07.10:248][882]LogModuleManager: Shutting down and abandoning module AutomationWorker (576)
[2019.05.31-16.07.10:248][882]LogModuleManager: Shutting down and abandoning module AudioCaptureEditor (574)
[2019.05.31-16.07.10:248][882]LogModuleManager: Shutting down and abandoning module SequenceRecorder (573)
[2019.05.31-16.07.10:248][882]LogModuleManager: Shutting down and abandoning module MatineeToLevelSequence (570)
[2019.05.31-16.07.10:248][882]LogModuleManager: Shutting down and abandoning module LevelSequenceEditor (568)
[2019.05.31-16.07.10:248][882]LogModuleManager: Shutting down and abandoning module PlacementMode (567)
[2019.05.31-16.07.10:248][882]LogModuleManager: Shutting down and abandoning module MaterialEditor (566)
[2019.05.31-16.07.10:248][882]LogModuleManager: Shutting down and abandoning module WmfMediaFactory (562)
[2019.05.31-16.07.10:248][882]LogModuleManager: Shutting down and abandoning module WmfMediaEditor (560)
[2019.05.31-16.07.10:248][882]LogModuleManager: Shutting down and abandoning module MediaPlayerEditor (558)
[2019.05.31-16.07.10:248][882]LogModuleManager: Shutting down and abandoning module OpenExrWrapper (556)
[2019.05.31-16.07.10:248][882]LogModuleManager: Shutting down and abandoning module ImgMediaFactory (554)
[2019.05.31-16.07.10:248][882]LogModuleManager: Shutting down and abandoning module ImgMediaEditor (552)
[2019.05.31-16.07.10:248][882]LogModuleManager: Shutting down and abandoning module AvfMediaFactory (550)
[2019.05.31-16.07.10:248][882]LogModuleManager: Shutting down and abandoning module AvfMediaEditor (548)
[2019.05.31-16.07.10:248][882]LogModuleManager: Shutting down and abandoning module AndroidMediaFactory (546)
[2019.05.31-16.07.10:248][882]LogModuleManager: Shutting down and abandoning module AndroidMediaEditor (544)
[2019.05.31-16.07.10:248][882]LogModuleManager: Shutting down and abandoning module MagicLeapCameraPreviewFactory (542)
[2019.05.31-16.07.10:248][882]LogModuleManager: Shutting down and abandoning module MagicLeapMediaFactory (540)
[2019.05.31-16.07.10:248][882]LogModuleManager: Shutting down and abandoning module MagicLeapMediaEditor (538)
[2019.05.31-16.07.10:248][882]LogModuleManager: Shutting down and abandoning module CharacterAI (536)
[2019.05.31-16.07.10:248][882]LogModuleManager: Shutting down and abandoning module SmartSnapping (534)
[2019.05.31-16.07.10:248][882]LogModuleManager: Shutting down and abandoning module SessionServices (532)
[2019.05.31-16.07.10:248][882]LogModuleManager: Shutting down and abandoning module ViewportSnapping (530)
[2019.05.31-16.07.10:248][882]LogModuleManager: Shutting down and abandoning module ViewportInteraction (528)
[2019.05.31-16.07.10:248][882]LogModuleManager: Shutting down and abandoning module ClothPainter (526)
[2019.05.31-16.07.10:248][882]LogModuleManager: Shutting down and abandoning module SkeletalMeshEditor (525)
[2019.05.31-16.07.10:248][882]LogModuleManager: Shutting down and abandoning module LogVisualizer (522)
[2019.05.31-16.07.10:249][882]LogModuleManager: Shutting down and abandoning module IntroTutorials (520)
[2019.05.31-16.07.10:249][882]LogModuleManager: Shutting down and abandoning module GameProjectGeneration (519)
[2019.05.31-16.07.10:249][882]LogModuleManager: Shutting down and abandoning module LuminPlatformEditor (516)
[2019.05.31-16.07.10:249][882]LogModuleManager: Shutting down and abandoning module IOSPlatformEditor (514)
[2019.05.31-16.07.10:249][882]LogModuleManager: Shutting down and abandoning module HTML5PlatformEditor (512)
[2019.05.31-16.07.10:249][882]LogModuleManager: Shutting down and abandoning module AndroidPlatformEditor (510)
[2019.05.31-16.07.10:249][882]LogModuleManager: Shutting down and abandoning module AndroidDeviceDetection (509)
[2019.05.31-16.07.11:244][882]LogModuleManager: Shutting down and abandoning module WindowsPlatformEditor (506)
[2019.05.31-16.07.11:244][882]LogModuleManager: Shutting down and abandoning module LuminRuntimeSettings (504)
[2019.05.31-16.07.11:244][882]LogModuleManager: Shutting down and abandoning module IOSRuntimeSettings (502)
[2019.05.31-16.07.11:244][882]LogModuleManager: Shutting down and abandoning module AndroidRuntimeSettings (500)
[2019.05.31-16.07.11:244][882]LogModuleManager: Shutting down and abandoning module InputBindingEditor (498)
[2019.05.31-16.07.11:244][882]LogModuleManager: Shutting down and abandoning module MergeActors (496)
[2019.05.31-16.07.11:244][882]LogModuleManager: Shutting down and abandoning module LocalizationDashboard (494)
[2019.05.31-16.07.11:245][882]LogModuleManager: Shutting down and abandoning module LocalizationService (493)
[2019.05.31-16.07.11:245][882]LogModuleManager: Shutting down and abandoning module HardwareTargeting (490)
[2019.05.31-16.07.11:245][882]LogModuleManager: Shutting down and abandoning module DeviceProfileEditor (488)
[2019.05.31-16.07.11:245][882]LogModuleManager: Shutting down and abandoning module UndoHistory (486)
[2019.05.31-16.07.11:245][882]LogModuleManager: Shutting down and abandoning module XmlParser (484)
[2019.05.31-16.07.11:245][882]LogModuleManager: Shutting down and abandoning module Blutility (482)
[2019.05.31-16.07.11:245][882]LogModuleManager: Shutting down and abandoning module ProjectSettingsViewer (480)
[2019.05.31-16.07.11:245][882]LogModuleManager: Shutting down and abandoning module ProjectTargetPlatformEditor (479)
[2019.05.31-16.07.11:246][882]LogModuleManager: Shutting down and abandoning module EditorSettingsViewer (476)
[2019.05.31-16.07.11:246][882]LogModuleManager: Shutting down and abandoning module SettingsEditor (474)
[2019.05.31-16.07.11:246][882]LogModuleManager: Shutting down and abandoning module ProjectLauncher (472)
[2019.05.31-16.07.11:246][882]LogModuleManager: Shutting down and abandoning module SessionFrontend (470)
[2019.05.31-16.07.11:246][882]LogModuleManager: Shutting down and abandoning module ProfilerClient (468)
[2019.05.31-16.07.11:246][882]LogModuleManager: Shutting down and abandoning module DeviceManager (466)
[2019.05.31-16.07.11:246][882]LogModuleManager: Shutting down and abandoning module TargetDeviceServices (465)
[2019.05.31-16.07.11:289][882]LogModuleManager: Shutting down and abandoning module AutomationController (462)
[2019.05.31-16.07.11:289][882]LogModuleManager: Shutting down and abandoning module AutomationWindow (460)
[2019.05.31-16.07.11:289][882]LogModuleManager: Shutting down and abandoning module Layers (458)
[2019.05.31-16.07.11:289][882]LogModuleManager: Shutting down and abandoning module ComponentVisualizers (456)
[2019.05.31-16.07.11:289][882]LogModuleManager: Shutting down and abandoning module DetailCustomizations (454)
[2019.05.31-16.07.11:289][882]LogModuleManager: Shutting down and abandoning module PackagesDialog (452)
[2019.05.31-16.07.11:289][882]LogModuleManager: Shutting down and abandoning module Persona (450)
[2019.05.31-16.07.11:289][882]LogModuleManager: Shutting down and abandoning module AdvancedPreviewScene (449)
[2019.05.31-16.07.11:289][882]LogModuleManager: Shutting down and abandoning module AnimGraph (447)
[2019.05.31-16.07.11:289][882]LogModuleManager: Shutting down and abandoning module Kismet (444)
[2019.05.31-16.07.11:290][882]LogModuleManager: Shutting down and abandoning module GraphEditor (442)
[2019.05.31-16.07.11:290][882]LogModuleManager: Shutting down and abandoning module ClassViewer (440)
[2019.05.31-16.07.11:290][882]LogModuleManager: Shutting down and abandoning module Toolbox (438)
[2019.05.31-16.07.11:290][882]LogModuleManager: Shutting down and abandoning module ModuleUI (436)
[2019.05.31-16.07.11:290][882]LogModuleManager: Shutting down and abandoning module MovieSceneTools (434)
[2019.05.31-16.07.11:291][882]LogModuleManager: Shutting down and abandoning module OutputLog (432)
[2019.05.31-16.07.11:291][882]LogModuleManager: Shutting down and abandoning module GammaUI (430)
[2019.05.31-16.07.11:291][882]LogModuleManager: Shutting down and abandoning module Documentation (428)
[2019.05.31-16.07.11:291][882]LogModuleManager: Shutting down and abandoning module MovieSceneTracks (426)
[2019.05.31-16.07.11:291][882]LogModuleManager: Shutting down and abandoning module MovieScene (424)
[2019.05.31-16.07.11:291][882]LogModuleManager: Shutting down and abandoning module StreamingPauseRendering (422)
[2019.05.31-16.07.11:291][882]LogModuleManager: Shutting down and abandoning module LauncherPlatform (420)
[2019.05.31-16.07.11:291][882]LogModuleManager: Shutting down and abandoning module AnalyticsET (418)
[2019.05.31-16.07.11:291][882]LogModuleManager: Shutting down and abandoning module PortalServices (416)
[2019.05.31-16.07.11:291][882]LogModuleManager: Shutting down and abandoning module PortalRpc (414)
[2019.05.31-16.07.11:291][882]LogModuleManager: Shutting down and abandoning module MessagingRpc (412)
[2019.05.31-16.07.11:291][882]LogModuleManager: Shutting down and abandoning module AIModule (410)
[2019.05.31-16.07.11:291][882]LogModuleManager: Shutting down and abandoning module GameplayDebugger (409)
[2019.05.31-16.07.11:291][882]LogModuleManager: Shutting down and abandoning module AITestSuite (407)
[2019.05.31-16.07.11:291][882]LogModuleManager: Shutting down and abandoning module NavigationSystem (405)
[2019.05.31-16.07.11:291][882]LogModuleManager: Shutting down and abandoning module DesktopPlatform (402)
[2019.05.31-16.07.11:291][882]LogModuleManager: Shutting down and abandoning module ProfilerService (400)
[2019.05.31-16.07.11:377][882]LogModuleManager: Shutting down and abandoning module TaskGraph (398)
[2019.05.31-16.07.11:377][882]LogModuleManager: Shutting down and abandoning module SteamVRController (396)
[2019.05.31-16.07.11:377][882]LogModuleManager: Shutting down and abandoning module ProceduralMeshComponentEditor (394)
[2019.05.31-16.07.11:377][882]LogModuleManager: Shutting down and abandoning module ProceduralMeshComponent (392)
[2019.05.31-16.07.11:377][882]LogModuleManager: Shutting down and abandoning module OculusInput (390)
[2019.05.31-16.07.11:377][882]LogModuleManager: Shutting down and abandoning module MobilePatchingUtils (388)
[2019.05.31-16.07.11:377][882]LogModuleManager: Shutting down and abandoning module EditableMesh (386)
[2019.05.31-16.07.11:377][882]LogModuleManager: Shutting down and abandoning module CustomMeshComponent (384)
[2019.05.31-16.07.11:377][882]LogModuleManager: Shutting down and abandoning module CableComponent (382)
[2019.05.31-16.07.11:377][882]LogModuleManager: Shutting down and abandoning module AudioCapture (380)
[2019.05.31-16.07.11:378][882]LogModuleManager: Shutting down and abandoning module ArchVisCharacter (378)
[2019.05.31-16.07.11:378][882]LogModuleManager: Shutting down and abandoning module AndroidPermission (376)
[2019.05.31-16.07.11:378][882]LogModuleManager: Shutting down and abandoning module NUTUnrealEngine4 (374)
[2019.05.31-16.07.11:378][882]LogModuleManager: Shutting down and abandoning module NetcodeUnitTest (372)
[2019.05.31-16.07.11:378][882]LogModuleManager: Shutting down and abandoning module MediaCompositingEditor (370)
[2019.05.31-16.07.11:378][882]LogModuleManager: Shutting down and abandoning module MediaCompositing (368)
[2019.05.31-16.07.11:378][882]LogModuleManager: Shutting down and abandoning module LinearTimecode (366)
[2019.05.31-16.07.11:378][882]LogModuleManager: Shutting down and abandoning module ImgMedia (364)
[2019.05.31-16.07.11:388][882]LogModuleManager: Shutting down and abandoning module HTML5Networking (362)
[2019.05.31-16.07.11:388][882]LogModuleManager: Shutting down and abandoning module GeometryCacheTracks (360)
[2019.05.31-16.07.11:388][882]LogModuleManager: Shutting down and abandoning module GeometryCacheSequencer (358)
[2019.05.31-16.07.11:388][882]LogModuleManager: Shutting down and abandoning module BackChannel (356)
[2019.05.31-16.07.11:388][882]LogModuleManager: Shutting down and abandoning module AppleVision (354)
[2019.05.31-16.07.11:388][882]LogModuleManager: Shutting down and abandoning module AppleImageUtils (352)
[2019.05.31-16.07.11:388][882]LogModuleManager: Shutting down and abandoning module AlembicImporter (350)
[2019.05.31-16.07.11:388][882]LogModuleManager: Shutting down and abandoning module AlembicLibrary (349)
[2019.05.31-16.07.11:388][882]LogModuleManager: Shutting down and abandoning module GeometryCache (348)
[2019.05.31-16.07.11:388][882]LogModuleManager: Shutting down and abandoning module GeometryCacheEd (347)
[2019.05.31-16.07.11:388][882]LogModuleManager: Shutting down and abandoning module DatasmithContentEditor (342)
[2019.05.31-16.07.11:388][882]LogModuleManager: Shutting down and abandoning module DatasmithContent (340)
[2019.05.31-16.07.11:389][882]LogModuleManager: Shutting down and abandoning module SpeedTreeImporter (338)
[2019.05.31-16.07.11:389][882]LogModuleManager: Shutting down and abandoning module PluginBrowser (336)
[2019.05.31-16.07.11:390][882]LogModuleManager: Shutting down and abandoning module MobileLauncherProfileWizard (334)
[2019.05.31-16.07.11:390][882]LogModuleManager: Shutting down and abandoning module PolygonModeling (332)
[2019.05.31-16.07.11:390][882]LogModuleManager: Shutting down and abandoning module MeshEditor (330)
[2019.05.31-16.07.11:390][882]LogModuleManager: Shutting down and abandoning module CryptoKeysOpenSSL (328)
[2019.05.31-16.07.11:390][882]LogModuleManager: Shutting down and abandoning module CryptoKeys (326)
[2019.05.31-16.07.11:390][882]LogModuleManager: Shutting down and abandoning module VisualStudioSourceCodeAccess (324)
[2019.05.31-16.07.11:390][882]LogModuleManager: Shutting down and abandoning module VisualStudioCodeSourceCodeAccess (322)
[2019.05.31-16.07.11:390][882]LogModuleManager: Shutting down and abandoning module UObjectPlugin (320)
[2019.05.31-16.07.11:390][882]LogModuleManager: Shutting down and abandoning module SubversionSourceControl (318)
[2019.05.31-16.07.11:390][882]LogModuleManager: Shutting down and abandoning module PerforceSourceControl (316)
[2019.05.31-16.07.11:391][882]LogModuleManager: Shutting down and abandoning module GitSourceControl (314)
[2019.05.31-16.07.11:391][882]LogModuleManager: Shutting down and abandoning module SourceControl (313)
[2019.05.31-16.07.11:391][882]LogModuleManager: Shutting down and abandoning module CLionSourceCodeAccess (310)
[2019.05.31-16.07.11:391][882]LogModuleManager: Shutting down and abandoning module LightPropagationVolumeEditor (308)
[2019.05.31-16.07.11:391][882]LogModuleManager: Shutting down and abandoning module PaperTiledImporter (306)
[2019.05.31-16.07.11:391][882]LogModuleManager: Shutting down and abandoning module PaperSpriteSheetImporter (304)
[2019.05.31-16.07.11:391][882]LogModuleManager: Shutting down and abandoning module Paper2DEditor (302)
[2019.05.31-16.07.11:391][882]LogModuleManager: Shutting down and abandoning module MeshPaint (301)
[2019.05.31-16.07.11:391][882]LogModuleManager: Shutting down and abandoning module RuntimePhysXCooking (298)
[2019.05.31-16.07.11:391][882]LogModuleManager: Shutting down and abandoning module PhysXVehiclesEditor (296)
[2019.05.31-16.07.11:391][882]LogModuleManager: Shutting down and abandoning module PhysXVehicles (294)
[2019.05.31-16.07.11:392][882]LogModuleManager: Shutting down and abandoning module OculusEditor (292)
[2019.05.31-16.07.11:392][882]LogModuleManager: Shutting down and abandoning module LocationServicesBPLibrary (290)
[2019.05.31-16.07.11:392][882]LogModuleManager: Shutting down and abandoning module ImmediatePhysicsEditor (288)
[2019.05.31-16.07.11:392][882]LogModuleManager: Shutting down and abandoning module ImmediatePhysics (286)
[2019.05.31-16.07.11:392][882]LogModuleManager: Shutting down and abandoning module ActorSequence (284)
[2019.05.31-16.07.11:392][882]LogModuleManager: Shutting down and abandoning module UdpMessaging (282)
[2019.05.31-16.07.11:493][882]LogModuleManager: Shutting down and abandoning module TcpMessaging (280)
[2019.05.31-16.07.11:593][882]LogModuleManager: Shutting down and abandoning module MagicLeapAudio (278)
[2019.05.31-16.07.11:593][882]LogModuleManager: Shutting down and abandoning module GameplayTagsEditor (276)
[2019.05.31-16.07.11:593][882]LogModuleManager: Shutting down and abandoning module FacialAnimationEditor (274)
[2019.05.31-16.07.11:593][882]LogModuleManager: Shutting down and abandoning module FacialAnimation (272)
[2019.05.31-16.07.11:593][882]LogModuleManager: Shutting down and abandoning module DataValidation (270)
[2019.05.31-16.07.11:593][882]LogModuleManager: Shutting down and abandoning module AssetManagerEditor (268)
[2019.05.31-16.07.11:593][882]LogModuleManager: Shutting down and abandoning module LevelEditor (267)
[2019.05.31-16.07.11:594][882]LogModuleManager: Shutting down and abandoning module PixelInspectorModule (266)
[2019.05.31-16.07.11:594][882]LogModuleManager: Shutting down and abandoning module CommonMenuExtensions (264)
[2019.05.31-16.07.11:594][882]LogModuleManager: Shutting down and abandoning module MainFrame (262)
[2019.05.31-16.07.11:595][882]LogModuleManager: Shutting down and abandoning module HotReload (261)
[2019.05.31-16.07.11:595][882]LogModuleManager: Shutting down and abandoning module ContentBrowser (257)
[2019.05.31-16.07.11:597][882]LogModuleManager: Shutting down and abandoning module TreeMap (255)
[2019.05.31-16.07.11:597][882]LogModuleManager: Shutting down and abandoning module LightPropagationVolumeRuntime (252)
[2019.05.31-16.07.11:597][882]LogModuleManager: Shutting down and abandoning module AISupportModule (250)
[2019.05.31-16.07.11:597][882]LogModuleManager: Shutting down and abandoning module Paper2D (248)
[2019.05.31-16.07.11:597][882]LogModuleManager: Shutting down and abandoning module WindowsMoviePlayer (246)
[2019.05.31-16.07.11:597][882]LogModuleManager: Shutting down and abandoning module WmfMedia (244)
[2019.05.31-16.07.11:624][882]LogModuleManager: Shutting down and abandoning module Media (243)
[2019.05.31-16.07.11:631][882]LogModuleManager: Shutting down and abandoning module PacketHandler (240)
[2019.05.31-16.07.11:632][882]LogModuleManager: Shutting down and abandoning module ClothingSystemEditor (238)
[2019.05.31-16.07.11:632][882]LogModuleManager: Shutting down and abandoning module ClothingSystemRuntime (236)
[2019.05.31-16.07.11:632][882]LogModuleManager: Shutting down and abandoning module MediaAssets (234)
[2019.05.31-16.07.11:632][882]LogModuleManager: Shutting down and abandoning module Overlay (232)
[2019.05.31-16.07.11:632][882]LogModuleManager: Shutting down and abandoning module OverlayEditor (231)
[2019.05.31-16.07.11:632][882]LogModuleManager: Shutting down and abandoning module VREditor (228)
[2019.05.31-16.07.11:632][882]LogModuleManager: Shutting down and abandoning module StringTableEditor (226)
[2019.05.31-16.07.11:632][882]LogModuleManager: Shutting down and abandoning module GameplayTasksEditor (224)
[2019.05.31-16.07.11:632][882]LogModuleManager: Shutting down and abandoning module BehaviorTreeEditor (222)
[2019.05.31-16.07.11:632][882]LogModuleManager: Shutting down and abandoning module FunctionalTesting (220)
[2019.05.31-16.07.11:632][882]LogModuleManager: Shutting down and abandoning module CollisionAnalyzer (218)
[2019.05.31-16.07.11:632][882]LogModuleManager: Shutting down and abandoning module WorkspaceMenuStructure (217)
[2019.05.31-16.07.11:632][882]LogModuleManager: Shutting down and abandoning module UMG (214)
[2019.05.31-16.07.11:632][882]LogModuleManager: Shutting down and abandoning module UMGEditor (213)
[2019.05.31-16.07.11:632][882]LogModuleManager: Shutting down and abandoning module Sequencer (212)
[2019.05.31-16.07.11:632][882]LogModuleManager: Shutting down and abandoning module MessageLog (209)
[2019.05.31-16.07.11:632][882]LogModuleManager: Shutting down and abandoning module SlateReflector (204)
[2019.05.31-16.07.11:632][882]LogModuleManager: Shutting down and abandoning module Slate (202)
[2019.05.31-16.07.11:633][882]LogModuleManager: Shutting down and abandoning module EditorStyle (200)
[2019.05.31-16.07.11:636][882]LogModuleManager: Shutting down and abandoning module MRMesh (198)
[2019.05.31-16.07.11:636][882]LogModuleManager: Shutting down and abandoning module SourceCodeAccess (196)
[2019.05.31-16.07.11:636][882]LogModuleManager: Shutting down and abandoning module HeadMountedDisplay (194)
[2019.05.31-16.07.11:636][882]LogModuleManager: Shutting down and abandoning module XAudio2 (192)
[2019.05.31-16.07.11:636][882]LogModuleManager: Shutting down and abandoning module Networking (190)
[2019.05.31-16.07.11:636][882]LogModuleManager: Shutting down and abandoning module Core (188)
[2019.05.31-16.07.11:636][882]LogModuleManager: Shutting down and abandoning module LevelSequence (186)
[2019.05.31-16.07.11:636][882]LogModuleManager: Shutting down and abandoning module KismetCompiler (184)
[2019.05.31-16.07.11:636][882]LogModuleManager: Shutting down and abandoning module MeshUtilities (182)
[2019.05.31-16.07.11:636][882]LogModuleManager: Shutting down and abandoning module MeshMergeUtilities (181)
[2019.05.31-16.07.11:636][882]LogModuleManager: Shutting down and abandoning module MeshReductionInterface (180)
[2019.05.31-16.07.11:636][882]LogModuleManager: Shutting down and abandoning module SimplygonSwarm (179)
[2019.05.31-16.07.11:636][882]LogModuleManager: Shutting down and abandoning module ProxyLODMeshReduction (177)
[2019.05.31-16.07.11:636][882]LogModuleManager: Shutting down and abandoning module SimplygonMeshReduction (175)
[2019.05.31-16.07.11:636][882]LogModuleManager: Shutting down and abandoning module QuadricMeshReduction (173)
[2019.05.31-16.07.11:636][882]LogModuleManager: Shutting down and abandoning module MaterialBaking (169)
[2019.05.31-16.07.11:636][882]LogModuleManager: Shutting down and abandoning module DirectoryWatcher (165)
[2019.05.31-16.07.11:637][882]LogModuleManager: Shutting down and abandoning module DerivedDataCache (162)
[2019.05.31-16.07.11:648][882]LogDerivedDataCache: Shutdown
[2019.05.31-16.07.11:648][882]LogModuleManager: Shutting down and abandoning module XGEController (160)
[2019.05.31-16.07.11:648][882]LogXGEController: Cleaning working directory: C:/Users/Bedro/AppData/Local/Temp/UnrealXGEWorkingDir/
[2019.05.31-16.07.11:648][882]LogModuleManager: Shutting down and abandoning module TargetPlatform (158)
[2019.05.31-16.07.11:648][882]LogModuleManager: Shutting down and abandoning module VulkanShaderFormat (157)
[2019.05.31-16.07.11:648][882]LogModuleManager: Shutting down and abandoning module ShaderFormatVectorVM (155)
[2019.05.31-16.07.11:648][882]LogModuleManager: Shutting down and abandoning module ShaderFormatOpenGL (153)
[2019.05.31-16.07.11:648][882]LogModuleManager: Shutting down and abandoning module ShaderFormatD3D (151)
[2019.05.31-16.07.11:648][882]LogModuleManager: Shutting down and abandoning module MetalShaderFormat (149)
[2019.05.31-16.07.11:648][882]LogModuleManager: Shutting down and abandoning module TextureFormatUncompressed (147)
[2019.05.31-16.07.11:648][882]LogModuleManager: Shutting down and abandoning module TextureFormatPVR (145)
[2019.05.31-16.07.11:648][882]LogModuleManager: Shutting down and abandoning module TextureFormatDXT (143)
[2019.05.31-16.07.11:648][882]LogModuleManager: Shutting down and abandoning module TextureFormatIntelISPCTexComp (141)
[2019.05.31-16.07.11:648][882]LogModuleManager: Shutting down and abandoning module TextureFormatASTC (139)
[2019.05.31-16.07.11:648][882]LogModuleManager: Shutting down and abandoning module ImageWrapper (138)
[2019.05.31-16.07.11:648][882]LogModuleManager: Shutting down and abandoning module TextureFormatAndroid (135)
[2019.05.31-16.07.11:648][882]LogModuleManager: Shutting down and abandoning module AudioFormatOpus (133)
[2019.05.31-16.07.11:648][882]LogModuleManager: Shutting down and abandoning module AudioFormatOgg (131)
[2019.05.31-16.07.11:648][882]LogModuleManager: Shutting down and abandoning module AudioFormatADPCM (129)
[2019.05.31-16.07.11:648][882]LogModuleManager: Shutting down and abandoning module LuminTargetPlatform (127)
[2019.05.31-16.07.11:649][882]LogModuleManager: Shutting down and abandoning module LinuxTargetPlatform (125)
[2019.05.31-16.07.11:649][882]LogModuleManager: Shutting down and abandoning module LinuxServerTargetPlatform (123)
[2019.05.31-16.07.11:649][882]LogModuleManager: Shutting down and abandoning module LinuxNoEditorTargetPlatform (121)
[2019.05.31-16.07.11:649][882]LogModuleManager: Shutting down and abandoning module LinuxClientTargetPlatform (119)
[2019.05.31-16.07.11:649][882]LogModuleManager: Shutting down and abandoning module TVOSTargetPlatform (117)
[2019.05.31-16.07.11:650][882]LogModuleManager: Shutting down and abandoning module Messaging (115)
[2019.05.31-16.07.11:650][882]LogModuleManager: Shutting down and abandoning module IOSTargetPlatform (113)
[2019.05.31-16.07.11:651][882]LogModuleManager: Shutting down and abandoning module HTML5TargetPlatform (111)
[2019.05.31-16.07.11:651][882]LogModuleManager: Shutting down and abandoning module AndroidTargetPlatform (109)
[2019.05.31-16.07.11:660][882]LogModuleManager: Shutting down and abandoning module WindowsTargetPlatform (107)
[2019.05.31-16.07.11:660][882]LogModuleManager: Shutting down and abandoning module WindowsServerTargetPlatform (105)
[2019.05.31-16.07.11:660][882]LogModuleManager: Shutting down and abandoning module WindowsNoEditorTargetPlatform (103)
[2019.05.31-16.07.11:660][882]LogModuleManager: Shutting down and abandoning module WindowsClientTargetPlatform (101)
[2019.05.31-16.07.11:660][882]LogModuleManager: Shutting down and abandoning module MacTargetPlatform (99)
[2019.05.31-16.07.11:660][882]LogModuleManager: Shutting down and abandoning module MacServerTargetPlatform (97)
[2019.05.31-16.07.11:660][882]LogModuleManager: Shutting down and abandoning module MacNoEditorTargetPlatform (95)
[2019.05.31-16.07.11:660][882]LogModuleManager: Shutting down and abandoning module MacClientTargetPlatform (93)
[2019.05.31-16.07.11:660][882]LogModuleManager: Shutting down and abandoning module AllDesktopTargetPlatform (91)
[2019.05.31-16.07.11:660][882]LogModuleManager: Shutting down and abandoning module InputCore (88)
[2019.05.31-16.07.11:660][882]LogModuleManager: Shutting down and abandoning module Settings (86)
[2019.05.31-16.07.11:660][882]LogModuleManager: Shutting down and abandoning module PhysXCooking (84)
[2019.05.31-16.07.11:660][882]LogModuleManager: Shutting down and abandoning module SteamVR (82)
[2019.05.31-16.07.11:661][882]LogModuleManager: Shutting down and abandoning module OculusHMD (80)
[2019.05.31-16.07.11:661][882]LogModuleManager: Shutting down and abandoning module ExampleDeviceProfileSelector (78)
[2019.05.31-16.07.11:661][882]LogModuleManager: Shutting down and abandoning module LauncherChunkInstaller (76)
[2019.05.31-16.07.11:661][882]LogModuleManager: Shutting down and abandoning module OnlineBlueprintSupport (74)
[2019.05.31-16.07.11:661][882]LogModuleManager: Shutting down and abandoning module OnlineSubsystem (70)
[2019.05.31-16.07.11:663][882]LogModuleManager: Shutting down and abandoning module XMPP (65)
[2019.05.31-16.07.11:663][882]LogModuleManager: Shutting down and abandoning module WebSockets (64)
[2019.05.31-16.07.11:685][882]LogModuleManager: Shutting down and abandoning module HTTP (61)
[2019.05.31-16.07.11:685][882]LogHttp: Display: Http module shutting down, but needs to wait on 1 outstanding Http requests:
[2019.05.31-16.07.11:685][882]LogHttp: Display: 	verb=[POST] url=[https://datarouter.ol.epicgames.com/datarouter/api/v1/public/data?SessionID=%7BEA33590D-47C1-56DC-4E61-588D729843E5%7D&AppID=UEEditor.Rocket.Release&AppVersion=4.20.3-4369336%2B%2B%2BUE4%2BRelease-4.20&UserID=5cb5368346aed5ec899e8689fd65f599%7C96fea9979134400ebbc0d5713b150444%7Cc34e83af-0b97-4e13-96f4-2fcf67b70077&AppEnvironment=datacollector-binary&UploadType=eteventstream] status=Processing
[2019.05.31-16.07.11:706][882]LogModuleManager: Shutting down and abandoning module SSL (60)
[2019.05.31-16.07.11:708][882]LogModuleManager: Shutting down and abandoning module MagicLeapEmulator (56)
[2019.05.31-16.07.11:708][882]LogModuleManager: Shutting down and abandoning module MagicLeapPrivileges (54)
[2019.05.31-16.07.11:708][882]LogModuleManager: Shutting down and abandoning module MagicLeapIdentity (52)
[2019.05.31-16.07.11:708][882]LogModuleManager: Shutting down and abandoning module MagicLeapHelperVulkan (50)
[2019.05.31-16.07.11:708][882]LogModuleManager: Shutting down and abandoning module MagicLeapHelperOpenGL (48)
[2019.05.31-16.07.11:708][882]LogModuleManager: Shutting down and abandoning module MagicLeapSecureStorage (46)
[2019.05.31-16.07.11:708][882]LogModuleManager: Shutting down and abandoning module MagicLeapGestures (44)
[2019.05.31-16.07.11:708][882]LogModuleManager: Shutting down and abandoning module MagicLeapEyeTracker (42)
[2019.05.31-16.07.11:708][882]LogModuleManager: Shutting down and abandoning module MagicLeapController (40)
[2019.05.31-16.07.11:708][882]LogSlate: Slate User Destroyed.  User Index 0, Is Virtual User: 0
[2019.05.31-16.07.11:708][882]LogModuleManager: Shutting down and abandoning module MagicLeap (38)
[2019.05.31-16.07.11:709][882]LogModuleManager: Shutting down and abandoning module AnimationModifiers (36)
[2019.05.31-16.07.11:709][882]LogModuleManager: Shutting down and abandoning module PropertyEditor (35)
[2019.05.31-16.07.11:709][882]LogModuleManager: Shutting down and abandoning module AudioEditor (32)
[2019.05.31-16.07.11:709][882]LogModuleManager: Shutting down and abandoning module TextureCompressor (30)
[2019.05.31-16.07.11:709][882]LogModuleManager: Shutting down and abandoning module ShaderCore (28)
[2019.05.31-16.07.11:709][882]LogModuleManager: Shutting down and abandoning module Landscape (26)
[2019.05.31-16.07.11:709][882]LogModuleManager: Shutting down and abandoning module SlateRHIRenderer (24)
[2019.05.31-16.07.11:710][882]LogModuleManager: Shutting down and abandoning module OpenGLDrv (22)
[2019.05.31-16.07.11:710][882]LogModuleManager: Shutting down and abandoning module D3D11RHI (20)
[2019.05.31-16.07.11:710][882]LogModuleManager: Shutting down and abandoning module AnimGraphRuntime (18)
[2019.05.31-16.07.11:710][882]LogModuleManager: Shutting down and abandoning module Renderer (16)
[2019.05.31-16.07.11:710][882]LogModuleManager: Shutting down and abandoning module Engine (14)
[2019.05.31-16.07.11:710][882]LogModuleManager: Shutting down and abandoning module CoreUObject (12)
[2019.05.31-16.07.11:710][882]LogModuleManager: Shutting down and abandoning module NetworkFile (10)
[2019.05.31-16.07.11:710][882]LogModuleManager: Shutting down and abandoning module CookedIterativeFile (8)
[2019.05.31-16.07.11:710][882]LogModuleManager: Shutting down and abandoning module StreamingFile (6)
[2019.05.31-16.07.11:710][882]LogModuleManager: Shutting down and abandoning module SandboxFile (4)
[2019.05.31-16.07.11:710][882]LogModuleManager: Shutting down and abandoning module PakFile (2)
[2019.05.31-16.07.11:716][882]LogExit: Exiting.
[2019.05.31-16.07.11:728][882]Log file closed, 05/31/19 12:07:11
