Log file open, 06/04/19 15:06:25
LogWindows: Failed to load 'aqProf.dll' (GetLastError=126)
LogWindows: File 'aqProf.dll' does not exist
LogWindows: Failed to load 'VSPerf140.dll' (GetLastError=126)
LogWindows: File 'VSPerf140.dll' does not exist
LogWindows: Failed to load 'VtuneApi.dll' (GetLastError=126)
LogWindows: File 'VtuneApi.dll' does not exist
LogWindows: Failed to load 'VtuneApi32e.dll' (GetLastError=126)
LogWindows: File 'VtuneApi32e.dll' does not exist
LogInit: Display: Running engine for game: Atlanta_20a
LogPlatformFile: Not using cached read wrapper
LogTaskGraph: Started task graph with 5 named threads and 35 total threads with 3 sets of task threads.
LogStats: Stats thread started at 0.407018
LogD3D11RHI: Loaded GFSDK_Aftermath_Lib.x64.dll
LogICUInternationalization: Display: ICU TimeZone Detection - Raw Offset: -5:00, Platform Override: ''
LogPluginManager: Mounting plugin Paper2D
LogPluginManager: Mounting plugin AISupport
LogPluginManager: Mounting plugin LightPropagationVolume
LogPluginManager: Mounting plugin CLionSourceCodeAccess
LogPluginManager: Mounting plugin CodeLiteSourceCodeAccess
LogPluginManager: Mounting plugin GitSourceControl
LogPluginManager: Mounting plugin KDevelopSourceCodeAccess
LogPluginManager: Mounting plugin NullSourceCodeAccess
LogPluginManager: Mounting plugin PerforceSourceControl
LogPluginManager: Mounting plugin SubversionSourceControl
LogPluginManager: Mounting plugin UObjectPlugin
LogPluginManager: Mounting plugin VisualStudioCodeSourceCodeAccess
LogPluginManager: Mounting plugin VisualStudioSourceCodeAccess
LogPluginManager: Mounting plugin XCodeSourceCodeAccess
LogPluginManager: Mounting plugin AssetManagerEditor
LogPluginManager: Mounting plugin CryptoKeys
LogPluginManager: Mounting plugin DataValidation
LogPluginManager: Mounting plugin FacialAnimation
LogPluginManager: Mounting plugin GameplayTagsEditor
LogPluginManager: Mounting plugin MacGraphicsSwitching
LogPluginManager: Mounting plugin MeshEditor
LogPluginManager: Mounting plugin MobileLauncherProfileWizard
LogPluginManager: Mounting plugin PluginBrowser
LogPluginManager: Mounting plugin SpeedTreeImporter
LogPluginManager: Mounting plugin DatasmithContent
LogPluginManager: Mounting plugin AlembicImporter
LogPluginManager: Mounting plugin AppleImageUtils
LogPluginManager: Mounting plugin AppleVision
LogPluginManager: Mounting plugin BackChannel
LogPluginManager: Mounting plugin CharacterAI
LogPluginManager: Mounting plugin GeometryCache
LogPluginManager: Mounting plugin HTML5Networking
LogPluginManager: Mounting plugin ProxyLODPlugin
LogPluginManager: Mounting plugin MagicLeap
LogPluginManager: Mounting plugin MagicLeapEmulator
LogPluginManager: Mounting plugin MagicLeapMedia
LogPluginManager: Mounting plugin AndroidMedia
LogPluginManager: Mounting plugin AvfMedia
LogPluginManager: Mounting plugin ImgMedia
LogPluginManager: Mounting plugin LinearTimecode
LogPluginManager: Mounting plugin MediaCompositing
LogPluginManager: Mounting plugin MediaPlayerEditor
LogPluginManager: Mounting plugin WmfMedia
LogPluginManager: Mounting plugin TcpMessaging
LogPluginManager: Mounting plugin UdpMessaging
LogPluginManager: Mounting plugin ActorSequence
LogPluginManager: Mounting plugin LevelSequenceEditor
LogPluginManager: Mounting plugin MatineeToLevelSequence
LogPluginManager: Mounting plugin NetcodeUnitTest
LogPluginManager: Mounting plugin NUTUnrealEngine4
LogPluginManager: Mounting plugin OnlineSubsystemGooglePlay
LogPluginManager: Mounting plugin OnlineSubsystemIOS
LogPluginManager: Mounting plugin OnlineSubsystem
LogPluginManager: Mounting plugin OnlineSubsystemNull
LogPluginManager: Mounting plugin OnlineSubsystemUtils
LogPluginManager: Mounting plugin LauncherChunkInstaller
LogPluginManager: Mounting plugin AndroidDeviceProfileSelector
LogPluginManager: Mounting plugin AndroidMoviePlayer
LogPluginManager: Mounting plugin AndroidPermission
LogPluginManager: Mounting plugin AppleMoviePlayer
LogPluginManager: Mounting plugin ArchVisCharacter
LogPluginManager: Mounting plugin AudioCapture
LogPluginManager: Mounting plugin CableComponent
LogPluginManager: Mounting plugin CustomMeshComponent
LogPluginManager: Mounting plugin EditableMesh
LogPluginManager: Mounting plugin ExampleDeviceProfileSelector
LogPluginManager: Mounting plugin GoogleCloudMessaging
LogPluginManager: Mounting plugin ImmediatePhysics
LogPluginManager: Mounting plugin IOSDeviceProfileSelector
LogPluginManager: Mounting plugin LinuxDeviceProfileSelector
LogPluginManager: Mounting plugin LocationServicesBPLibrary
LogPluginManager: Mounting plugin MobilePatchingUtils
LogPluginManager: Mounting plugin OculusVR
LogPluginManager: Plugin shader directory ../../../Engine/Plugins/Runtime/Oculus/OculusVR/Shaders found
LogPluginManager: Mapping shader source directory ../../../Engine/Plugins/Runtime/Oculus/OculusVR/Shaders to virtual directory /Plugin/OculusVR
LogPluginManager: Mounting plugin PhysXVehicles
LogPluginManager: Mounting plugin ProceduralMeshComponent
LogPluginManager: Mounting plugin RuntimePhysXCooking
LogPluginManager: Mounting plugin SteamVR
LogPluginManager: Mounting plugin WindowsMoviePlayer
LogStreaming: Display: Took  0.366s to configure plugins.
LogInit: Using libcurl 7.55.1-DEV
LogInit:  - built for x86_64-pc-win32
LogInit:  - supports SSL with OpenSSL/1.0.2h
LogInit:  - supports HTTP deflate (compression) using libz 1.2.8
LogInit:  - other features:
LogInit:      CURL_VERSION_SSL
LogInit:      CURL_VERSION_LIBZ
LogInit:      CURL_VERSION_IPV6
LogInit:      CURL_VERSION_ASYNCHDNS
LogInit:      CURL_VERSION_LARGEFILE
LogInit:      CURL_VERSION_IDN
LogInit:  CurlRequestOptions (configurable via config and command line):
LogInit:  - bVerifyPeer = false  - Libcurl will NOT verify peer certificate
LogInit:  - bUseHttpProxy = false  - Libcurl will NOT use HTTP proxy
LogInit:  - bDontReuseConnections = false  - Libcurl will reuse connections
LogInit:  - CertBundlePath = nullptr  - Libcurl will use whatever was configured at build time.
LogInit:  - MaxHostConnections = 16  - Libcurl will limit the number of connections to a host
LogInit:  - LocalHostAddr = Default
LogInit:  - BufferSize = 65536
LogInit: WinSock: version 1.1 (2.2), MaxSocks=32767, MaxUdp=65467
LogHMD: Failed initializing OVRPlugin 1.25.0
LogInit: Build: ++UE4+Release-4.20-CL-4369336
LogInit: Engine Version: 4.20.3-4369336+++UE4+Release-4.20
LogInit: Compatible Engine Version: 4.20.0-4212847+++UE4+Release-4.20
LogInit: Net CL: 4212847
LogInit: OS: Windows 10 (), CPU: Intel(R) Core(TM) i7-8850H CPU @ 2.60GHz, GPU: NVIDIA GeForce GTX 1080
LogInit: Compiled (64-bit): Sep 17 2018 12:26:19
LogInit: Compiled with Visual C++: 19.13.26129.00
LogInit: Build Configuration: Development
LogInit: Branch Name: ++UE4+Release-4.20
LogInit: Command Line:  
LogInit: Base Directory: C:/Program Files/Epic Games/UE_4.20/Engine/Binaries/Win64/
LogInit: Installed Engine Build: 1
LogDevObjectVersion: Number of dev versions registered: 20
LogDevObjectVersion:   Dev-Blueprints (B0D832E4-1F89-4F0D-ACCF-7EB736FD4AA2): 10
LogDevObjectVersion:   Dev-Build (E1C64328-A22C-4D53-A36C-8E866417BD8C): 0
LogDevObjectVersion:   Dev-Core (375EC13C-06E4-48FB-B500-84F0262A717E): 2
LogDevObjectVersion:   Dev-Editor (E4B068ED-F494-42E9-A231-DA0B2E46BB41): 24
LogDevObjectVersion:   Dev-Framework (CFFC743F-43B0-4480-9391-14DF171D2073): 34
LogDevObjectVersion:   Dev-Mobile (B02B49B5-BB20-44E9-A304-32B752E40360): 2
LogDevObjectVersion:   Dev-Networking (A4E4105C-59A1-49B5-A7C5-40C4547EDFEE): 0
LogDevObjectVersion:   Dev-Online (39C831C9-5AE6-47DC-9A44-9C173E1C8E7C): 0
LogDevObjectVersion:   Dev-Physics (78F01B33-EBEA-4F98-B9B4-84EACCB95AA2): 0
LogDevObjectVersion:   Dev-Platform (6631380F-2D4D-43E0-8009-CF276956A95A): 0
LogDevObjectVersion:   Dev-Rendering (12F88B9F-8875-4AFC-A67C-D90C383ABD29): 26
LogDevObjectVersion:   Dev-Sequencer (7B5AE74C-D270-4C10-A958-57980B212A5A): 9
LogDevObjectVersion:   Dev-VR (D7296918-1DD6-4BDD-9DE2-64A83CC13884): 2
LogDevObjectVersion:   Dev-LoadTimes (C2A15278-BFE7-4AFE-6C17-90FF531DF755): 1
LogDevObjectVersion:   Private-Geometry (6EACA3D4-40EC-4CC1-B786-8BED09428FC5): 3
LogDevObjectVersion:   Dev-AnimPhys (29E575DD-E0A3-4627-9D10-D276232CDCEA): 17
LogDevObjectVersion:   Dev-ReflectionCapture (6B266CEC-1EC7-4B8F-A30B-E4D90942FC07): 1
LogDevObjectVersion:   Dev-Automation (0DF73D61-A23F-47EA-B727-89E90C41499A): 1
LogDevObjectVersion:   FortniteMain (601D1886-AC64-4F84-AA16-D3DE0DEAC7D6): 12
LogDevObjectVersion:   Dev-Enterprise (9DFFBCD6-494F-0158-E221-12823C92A888): 1
LogStreaming: Display: Took  0.000s to delete old logs.
LogInit: Presizing for max 8388607 objects, including 0 objects not considered by GC, pre-allocating 0 bytes for permanent pool.
LogInit: Object subsystem initialized
[2019.06.04-19.06.26:371][  0]LogInit: Selected Device Profile: [Windows]
[2019.06.04-19.06.26:371][  0]LogInit: Applying CVar settings loaded from the selected device profile: [Windows]
[2019.06.04-19.06.26:377][  0]LogHAL: Display: Platform has ~ 64 GB [68634288128 / 68719476736 / 64], which maps to Largest [LargestMinGB=32, LargerMinGB=12, DefaultMinGB=8, SmallerMinGB=6, SmallestMinGB=0)
[2019.06.04-19.06.26:377][  0]LogInit: Setting Device Profile CVar: [[r.Vulkan.UseRealUBs:1]]
[2019.06.04-19.06.26:377][  0]LogInit: Going up to parent DeviceProfile []
[2019.06.04-19.06.26:378][  0]LogInit: Computer: MSI
[2019.06.04-19.06.26:378][  0]LogInit: User: cstew
[2019.06.04-19.06.26:378][  0]LogInit: CPU Page size=4096, Cores=6
[2019.06.04-19.06.26:378][  0]LogInit: High frequency timer resolution =10.000000 MHz
[2019.06.04-19.06.26:378][  0]LogMemory: Memory total: Physical=63.9GB (64GB approx)
[2019.06.04-19.06.26:378][  0]LogMemory: Platform Memory Stats for Windows
[2019.06.04-19.06.26:378][  0]LogMemory: Process Physical Memory: 105.14 MB used, 105.15 MB peak
[2019.06.04-19.06.26:378][  0]LogMemory: Process Virtual Memory: 89.54 MB used, 89.54 MB peak
[2019.06.04-19.06.26:378][  0]LogMemory: Physical Memory: 21929.18 MB used,  43525.58 MB free, 65454.76 MB total
[2019.06.04-19.06.26:378][  0]LogMemory: Virtual Memory: 4673.36 MB used,  43525.58 MB free, 134217728.00 MB total
[2019.06.04-19.06.26:680][  0]LogInit: Using OS detected language (en-US).
[2019.06.04-19.06.26:680][  0]LogInit: Using OS detected locale (en-US).
[2019.06.04-19.06.26:681][  0]LogTextLocalizationManager: No specific localization for 'en-US' exists, so the 'en' localization will be used.
[2019.06.04-19.06.26:979][  0]LogStreaming: Display: Took  0.299s to InitEngineTextLocalization.
[2019.06.04-19.06.26:979][  0]LogInit: Setting process to per monitor DPI aware
[2019.06.04-19.06.27:026][  0]LogSlate: New Slate User Created.  User Index 0, Is Virtual User: 0
[2019.06.04-19.06.27:026][  0]LogSlate: Slate User Registered.  User Index 0, Is Virtual User: 0
[2019.06.04-19.06.27:198][  0]LogHMD: Failed to initialize OpenVR with code 110
[2019.06.04-19.06.27:198][  0]LogD3D11RHI: D3D11 adapters:
[2019.06.04-19.06.27:254][  0]LogD3D11RHI:    0. 'NVIDIA GeForce GTX 1080' (Feature Level 11_0)
[2019.06.04-19.06.27:254][  0]LogD3D11RHI:       8079/0/32727 MB DedicatedVideo/DedicatedSystem/SharedSystem, Outputs:2, VendorId:0x10de
[2019.06.04-19.06.27:256][  0]LogD3D11RHI:    1. 'Microsoft Basic Render Driver' (Feature Level 11_0)
[2019.06.04-19.06.27:256][  0]LogD3D11RHI:       0/0/32727 MB DedicatedVideo/DedicatedSystem/SharedSystem, Outputs:0, VendorId:0x1414
[2019.06.04-19.06.27:259][  0]LogD3D11RHI:    2. 'Microsoft Basic Render Driver' (Feature Level 11_0)
[2019.06.04-19.06.27:259][  0]LogD3D11RHI:       0/0/32727 MB DedicatedVideo/DedicatedSystem/SharedSystem, Outputs:0, VendorId:0x1414
[2019.06.04-19.06.27:260][  0]LogD3D11RHI:    3. 'Microsoft Basic Render Driver' (Feature Level 11_0)
[2019.06.04-19.06.27:260][  0]LogD3D11RHI:       0/0/32727 MB DedicatedVideo/DedicatedSystem/SharedSystem, Outputs:0, VendorId:0x1414
[2019.06.04-19.06.27:260][  0]LogD3D11RHI: Chosen D3D11 Adapter: 0
[2019.06.04-19.06.27:268][  0]LogD3D11RHI: Creating new Direct3DDevice
[2019.06.04-19.06.27:269][  0]LogD3D11RHI:     GPU DeviceId: 0x1be0 (for the marketing name, search the web for "GPU Device Id")
[2019.06.04-19.06.27:269][  0]LogWindows: EnumDisplayDevices:
[2019.06.04-19.06.27:269][  0]LogWindows:    0. 'NVIDIA GeForce GTX 1080' (P:1 D:1)
[2019.06.04-19.06.27:269][  0]LogWindows:    1. 'NVIDIA GeForce GTX 1080' (P:0 D:0)
[2019.06.04-19.06.27:269][  0]LogWindows:    2. 'NVIDIA GeForce GTX 1080' (P:0 D:0)
[2019.06.04-19.06.27:269][  0]LogWindows:    3. 'NVIDIA GeForce GTX 1080' (P:0 D:0)
[2019.06.04-19.06.27:269][  0]LogWindows:    4. 'DisplayLink USB Device' (P:0 D:0)
[2019.06.04-19.06.27:270][  0]LogWindows:    5. 'DisplayLink USB Device' (P:0 D:1)
[2019.06.04-19.06.27:270][  0]LogWindows: DebugString: GetVideoDriverDetailsInvalid PrimaryIsNotTheChoosenAdapter GetVideoDriverDetailsInvalid PrimaryIsNotTheChoosenAdapter FoundDriverCount:4 
[2019.06.04-19.06.27:270][  0]LogD3D11RHI:     Adapter Name: NVIDIA GeForce GTX 1080
[2019.06.04-19.06.27:270][  0]LogD3D11RHI:   Driver Version: 430.64 (internal:26.21.14.3064, unified:430.64)
[2019.06.04-19.06.27:270][  0]LogD3D11RHI:      Driver Date: 5-5-2019
[2019.06.04-19.06.27:270][  0]LogRHI: Texture pool is 5655 MB (70% of 8079 MB)
[2019.06.04-19.06.27:307][  0]LogD3D11RHI: Async texture creation enabled
[2019.06.04-19.06.27:333][  0]LogD3D11RHI: GPU Timing Frequency: 1000.000000 (Debug: 2 1)
[2019.06.04-19.06.27:379][  0]LogShaderCompilers: Guid format shader working directory is 3 characters bigger than the processId version (D:/Github/UnReal2Bstorm/Atlanta_North_4.20/Intermediate/Shaders/WorkingDirectory/21780/).
[2019.06.04-19.06.27:380][  0]LogShaderCompilers: Cleaned the shader compiler working directory 'C:/Users/cstew/AppData/Local/Temp/UnrealShaderWorkingDir/36D2B9214AE7601D6180CFA30003C8D2/'.
[2019.06.04-19.06.27:634][  0]LogTemp: Display: Loaded TP AllDesktopTargetPlatform
[2019.06.04-19.06.27:645][  0]LogTemp: Display: Loaded TP MacClientTargetPlatform
[2019.06.04-19.06.27:657][  0]LogTemp: Display: Loaded TP MacNoEditorTargetPlatform
[2019.06.04-19.06.27:669][  0]LogTemp: Display: Loaded TP MacServerTargetPlatform
[2019.06.04-19.06.27:681][  0]LogTemp: Display: Loaded TP MacTargetPlatform
[2019.06.04-19.06.27:693][  0]LogTemp: Display: Loaded TP WindowsClientTargetPlatform
[2019.06.04-19.06.27:705][  0]LogTemp: Display: Loaded TP WindowsNoEditorTargetPlatform
[2019.06.04-19.06.27:717][  0]LogTemp: Display: Loaded TP WindowsServerTargetPlatform
[2019.06.04-19.06.27:723][  0]LogTemp: Display: Loaded TP WindowsTargetPlatform
[2019.06.04-19.06.27:790][  0]LogTemp: Display: Loaded TP AndroidTargetPlatform
[2019.06.04-19.06.27:790][  0]LogTemp: Display: Loaded TP AndroidTargetPlatform
[2019.06.04-19.06.27:790][  0]LogTemp: Display: Loaded TP AndroidTargetPlatform
[2019.06.04-19.06.27:790][  0]LogTemp: Display: Loaded TP AndroidTargetPlatform
[2019.06.04-19.06.27:790][  0]LogTemp: Display: Loaded TP AndroidTargetPlatform
[2019.06.04-19.06.27:790][  0]LogTemp: Display: Loaded TP AndroidTargetPlatform
[2019.06.04-19.06.27:790][  0]LogTemp: Display: Loaded TP AndroidTargetPlatform
[2019.06.04-19.06.27:790][  0]LogTemp: Display: Loaded TP AndroidTargetPlatform
[2019.06.04-19.06.27:790][  0]LogTemp: Display: Loaded TP AndroidTargetPlatform
[2019.06.04-19.06.27:790][  0]LogTemp: Display: Loaded TP AndroidTargetPlatform
[2019.06.04-19.06.27:790][  0]LogTemp: Display: Loaded TP AndroidTargetPlatform
[2019.06.04-19.06.27:790][  0]LogTemp: Display: Loaded TP AndroidTargetPlatform
[2019.06.04-19.06.27:790][  0]LogTemp: Display: Loaded TP AndroidTargetPlatform
[2019.06.04-19.06.27:790][  0]LogTemp: Display: Loaded TP AndroidTargetPlatform
[2019.06.04-19.06.27:790][  0]LogTemp: Display: Loaded TP AndroidTargetPlatform
[2019.06.04-19.06.27:790][  0]LogTemp: Display: Loaded TP AndroidTargetPlatform
[2019.06.04-19.06.27:790][  0]LogTemp: Display: Loaded TP AndroidTargetPlatform
[2019.06.04-19.06.27:791][  0]LogTemp: Display: Loaded TP AndroidTargetPlatform
[2019.06.04-19.06.27:792][  0]LogTemp: Display: Loaded TP HTML5TargetPlatform
[2019.06.04-19.06.27:847][  0]LogTemp: Display: Loaded TP IOSTargetPlatform
[2019.06.04-19.06.27:847][  0]LogTemp: Display: Loaded TP IOSTargetPlatform
[2019.06.04-19.06.27:867][  0]LogTemp: Display: Loaded TP TVOSTargetPlatform
[2019.06.04-19.06.27:867][  0]LogTemp: Display: Loaded TP TVOSTargetPlatform
[2019.06.04-19.06.27:877][  0]LogTemp: Display: Loaded TP LinuxClientTargetPlatform
[2019.06.04-19.06.27:887][  0]LogTemp: Display: Loaded TP LinuxNoEditorTargetPlatform
[2019.06.04-19.06.27:898][  0]LogTemp: Display: Loaded TP LinuxServerTargetPlatform
[2019.06.04-19.06.27:909][  0]LogTemp: Display: Loaded TP LinuxTargetPlatform
[2019.06.04-19.06.27:918][  0]LogTemp: Display: Loaded TP LuminTargetPlatform
[2019.06.04-19.06.27:918][  0]LogTargetPlatformManager: Display: Building Assets For Windows
[2019.06.04-19.06.27:972][  0]LogXGEController: Cannot use XGE Controller as Incredibuild is not installed on this machine.
[2019.06.04-19.06.27:972][  0]LogShaderCompilers: Cannot use XGE Shader Compiler as Incredibuild is not installed on this machine.
[2019.06.04-19.06.27:972][  0]LogShaderCompilers: Display: Using Local Shader Compiler.
[2019.06.04-19.06.28:656][  0]LogDerivedDataCache: Display: Max Cache Size: 512 MB
[2019.06.04-19.06.28:706][  0]LogDerivedDataCache: Loaded boot cache 0.05s 85MB C:/Users/cstew/AppData/Local/UnrealEngine/4.20/DerivedDataCache/Boot.ddc.
[2019.06.04-19.06.28:706][  0]LogDerivedDataCache: Display: Loaded Boot cache: C:/Users/cstew/AppData/Local/UnrealEngine/4.20/DerivedDataCache/Boot.ddc
[2019.06.04-19.06.28:706][  0]LogDerivedDataCache: FDerivedDataBackendGraph:  Pak pak cache file D:/Github/UnReal2Bstorm/Atlanta_North_4.20/DerivedDataCache/DDC.ddp not found, will not use a pak cache.
[2019.06.04-19.06.28:706][  0]LogDerivedDataCache: Unable to find inner node Pak for hierarchical cache Hierarchy.
[2019.06.04-19.06.28:706][  0]LogDerivedDataCache: FDerivedDataBackendGraph:  CompressedPak pak cache file D:/Github/UnReal2Bstorm/Atlanta_North_4.20/DerivedDataCache/Compressed.ddp not found, will not use a pak cache.
[2019.06.04-19.06.28:706][  0]LogDerivedDataCache: Unable to find inner node CompressedPak for hierarchical cache Hierarchy.
[2019.06.04-19.06.28:719][  0]LogDerivedDataCache: Display: Pak cache opened for reading ../../../Engine/DerivedDataCache/Compressed.ddp.
[2019.06.04-19.06.28:731][  0]LogDerivedDataCache: Using Local data cache path C:/Users/cstew/AppData/Local/UnrealEngine/Common/DerivedDataCache: Writable
[2019.06.04-19.06.28:731][  0]LogDerivedDataCache: Shared data cache path not found in *engine.ini, will not use an Shared cache.
[2019.06.04-19.06.28:731][  0]LogDerivedDataCache: Unable to find inner node Shared for hierarchical cache Hierarchy.
[2019.06.04-19.06.28:747][  0]LogMaterial: Verifying Global Shaders for PCD3D_SM5
[2019.06.04-19.06.28:748][  0]LogSlate: Using FreeType 2.6.0
[2019.06.04-19.06.28:748][  0]LogSlate: SlateFontServices - WITH_FREETYPE: 1, WITH_HARFBUZZ: 1
[2019.06.04-19.06.28:815][  0]LogAssetRegistry: FAssetRegistry took 0.0259 seconds to start up
[2019.06.04-19.06.29:080][  0]LogInit: Selected Device Profile: [Windows]
[2019.06.04-19.06.29:201][  0]LogSimplygon: Simplygon DLL not present - disabling.
[2019.06.04-19.06.29:204][  0]LogMeshReduction: Using SimplygonSwarm for distributed automatic mesh merging
[2019.06.04-19.06.29:204][  0]LogMeshReduction: Using ProxyLODMeshReduction for automatic mesh merging
[2019.06.04-19.06.29:204][  0]LogMeshReduction: Using QuadricMeshReduction for automatic static mesh reduction
[2019.06.04-19.06.29:204][  0]LogMeshReduction: No automatic skeletal mesh reduction module available
[2019.06.04-19.06.29:219][  0]LogNetVersion: Atlanta_20a 1.0.0, NetCL: 4212847, EngineNetVer: 5, GameNetVer: 0 (Checksum: 2576130420)
[2019.06.04-19.06.29:644][  0]LogPackageLocalizationCache: Processed 11 localized package path(s) for 2 prioritized culture(s) in 0.068445 seconds
[2019.06.04-19.06.29:651][  0]LogUObjectArray: 38425 objects as part of root set at end of initial load.
[2019.06.04-19.06.29:651][  0]LogUObjectAllocator: 6690872 out of 0 bytes used by permanent object pool.
[2019.06.04-19.06.29:651][  0]LogUObjectArray: CloseDisregardForGC: 0/0 objects in disregard for GC pool
[2019.06.04-19.06.30:379][  0]LogTcpMessaging: Initializing TcpMessaging bridge
[2019.06.04-19.06.30:393][  0]LogUdpMessaging: Initializing bridge on interface 0.0.0.0:0 to multicast group 230.0.0.1:6666.
[2019.06.04-19.06.30:522][  0]SourceControl: Source control is disabled
[2019.06.04-19.06.30:522][  0]SourceControl: Source control is disabled
[2019.06.04-19.06.30:523][  0]SourceControl: Source control is disabled
[2019.06.04-19.06.30:524][  0]SourceControl: Source control is disabled
[2019.06.04-19.06.30:673][  0]LogAndroidPermission: UAndroidPermissionCallbackProxy::GetInstance
[2019.06.04-19.06.30:963][  0]LogOcInput: OculusInput pre-init called
[2019.06.04-19.06.31:017][  0]LogEngine: Initializing Engine...
[2019.06.04-19.06.31:017][  0]LogHMD: Failed to initialize OpenVR with code 110
[2019.06.04-19.06.31:018][  0]LogStats: UGameplayTagsManager::ConstructGameplayTagTree: ImportINI prefixes -  0.000 s
[2019.06.04-19.06.31:018][  0]LogStats: UGameplayTagsManager::ConstructGameplayTagTree: Construct from data asset -  0.000 s
[2019.06.04-19.06.31:018][  0]LogStats: UGameplayTagsManager::ConstructGameplayTagTree: ImportINI -  0.000 s
[2019.06.04-19.06.31:019][  0]LogStats: UGameplayTagsManager::ConstructGameplayTagTree: GameplayTagTreeChangedEvent.Broadcast -  0.000 s
[2019.06.04-19.06.31:206][  0]LogInit: Initializing FReadOnlyCVARCache
[2019.06.04-19.06.31:217][  0]LogAIModule: Creating AISystem for world Untitled
[2019.06.04-19.06.31:224][  0]LogInit: XAudio2 using 'Speakers (Realtek(R) Audio)' : 6 channels at 44.1 kHz using 32 bits per sample (channel mask 0x3f)
[2019.06.04-19.06.31:242][  0]LogInit: FAudioDevice initialized.
[2019.06.04-19.06.31:242][  0]LogNetVersion: Set ProjectVersion to 1.0.0.0. Version Checksum will be recalculated on next use.
[2019.06.04-19.06.31:317][  0]LogDerivedDataCache: Saved boot cache 0.07s 71MB C:/Users/cstew/AppData/Local/UnrealEngine/4.20/DerivedDataCache/Boot.ddc.
[2019.06.04-19.06.31:323][  0]LogInit: Texture streaming: Enabled
[2019.06.04-19.06.31:339][  0]LogEngineSessionManager: EngineSessionManager initialized
[2019.06.04-19.06.31:352][  0]LogInit: Transaction tracking system initialized
[2019.06.04-19.06.31:371][  0]BlueprintLog: New page: Editor Load
[2019.06.04-19.06.31:437][  0]LocalizationService: Localization service is disabled
[2019.06.04-19.06.31:672][  0]LogCook: Display: Max memory allowance for cook 16384mb min free memory 0mb
[2019.06.04-19.06.31:672][  0]LogCook: Display: Mobile HDR setting 1
[2019.06.04-19.06.31:672][  0]LogGameplayTags: Display: UGameplayTagsManager::DoneAddingNativeTags. DelegateIsBound: 0
[2019.06.04-19.06.31:672][  0]LogStats: UGameplayTagsManager::ConstructGameplayTagTree: ImportINI prefixes -  0.000 s
[2019.06.04-19.06.31:672][  0]LogStats: UGameplayTagsManager::ConstructGameplayTagTree: Construct from data asset -  0.000 s
[2019.06.04-19.06.31:672][  0]LogStats: UGameplayTagsManager::ConstructGameplayTagTree: ImportINI -  0.000 s
[2019.06.04-19.06.31:672][  0]LogStats: UGameplayTagsManager::ConstructGameplayTagTree: GameplayTagTreeChangedEvent.Broadcast -  0.000 s
[2019.06.04-19.06.31:779][  0]LogFileCache: Scanning file cache for directory 'D:/Github/UnReal2Bstorm/Atlanta_North_4.20/Content/' took 0.02s
[2019.06.04-19.06.31:779][  0]SourceControl: Source control is disabled
[2019.06.04-19.06.31:779][  0]Cmd: MAP LOAD FILE="D:/Github/UnReal2Bstorm/Atlanta_North_4.20/Content/3BG.umap" TEMPLATE=0 SHOWPROGRESS=1 FEATURELEVEL=3
[2019.06.04-19.06.31:779][  0]LightingResults: New page: Lighting Build
[2019.06.04-19.06.31:782][  0]MapCheck: New page: Map Check
[2019.06.04-19.06.31:782][  0]LightingResults: New page: Lighting Build
[2019.06.04-19.06.33:666][  0]LogMaterial: Display: Missing cached shader map for material LightBulb, compiling. 
[2019.06.04-19.06.33:666][  0]LogMaterial: Warning: D:\Github\UnReal2Bstorm\Atlanta_North_4.20\Content\WH\group18\Beam1\Light1\LightBulb.uasset: Failed to compile Material for platform PCD3D_SM5, Default Material will be used in game.
[2019.06.04-19.06.33:666][  0]LogMaterial: 	(Node TextureSample) TextureSample> Sampler type is Color, should be Linear Color for /Game/WH/group18/Beam1/Light1/LightGlow3.LightGlow3
[2019.06.04-19.06.33:758][  0]LogMaterial: Display: Missing cached shader map for material LightGlow, compiling. 
[2019.06.04-19.06.33:759][  0]LogMaterial: Warning: D:\Github\UnReal2Bstorm\Atlanta_North_4.20\Content\WH\group18\Beam1\Light1\LightGlow.uasset: Failed to compile Material for platform PCD3D_SM5, Default Material will be used in game.
[2019.06.04-19.06.33:759][  0]LogMaterial: 	(Node TextureSample) TextureSample> Sampler type is Color, should be Linear Color for /Game/WH/group18/Beam1/Light1/LightGlow2.LightGlow2
[2019.06.04-19.06.33:759][  0]LogMaterial: 	(Node TextureSample) TextureSample> Sampler type is Color, should be Linear Color for /Game/WH/group18/Beam1/Light1/LightGlow4.LightGlow4
[2019.06.04-19.06.33:859][  0]LogAIModule: Creating AISystem for world 3BG
[2019.06.04-19.06.33:868][  0]LogMaterial: Warning: Material /Game/Area1/WallsALL/WindGlassE7.WindGlassE7 needed to have new flag set bUsedWithStaticLighting !
[2019.06.04-19.06.33:870][  0]LogMaterial: Display: Missing cached shader map for material WindGlassE7, compiling. 
[2019.06.04-19.06.33:950][  0]MapCheck: Warning: WindGlassE7 Material /Game/Area1/WallsALL/WindGlassE7.WindGlassE7 was missing the usage flag bUsedWithStaticLighting. If the material asset is not re-saved, it may not render correctly when run outside the editor. Fix
[2019.06.04-19.06.33:971][  0]LogShaderCompilers: Display: Shaders left to compile 43
[2019.06.04-19.06.33:971][  0]LogShaderCompilers: Display: Shaders left to compile 33
[2019.06.04-19.06.33:971][  0]LogShaderCompilers: Display: Shaders left to compile 23
[2019.06.04-19.06.33:971][  0]LogShaderCompilers: Display: Shaders left to compile 13
[2019.06.04-19.06.33:971][  0]LogShaderCompilers: Display: Shaders left to compile 3
[2019.06.04-19.06.33:971][  0]LogEditorServer: Finished looking for orphan Actors (0.000 secs)
[2019.06.04-19.06.33:998][  0]Cmd: MAP CHECKDEP NOCLEARLOG
[2019.06.04-19.06.34:166][  0]MapCheck: Map check complete: 0 Error(s), 1 Warning(s), took 168.072ms to complete.
[2019.06.04-19.06.34:178][  0]LogFileHelpers: Loading map '3BG' took 2.399
[2019.06.04-19.06.34:285][  0]LogSlate: Updating window title bar state: overlay mode, drag disabled, window buttons hidden, title bar hidden
[2019.06.04-19.06.34:292][  0]LogSlate: Updating window title bar state: overlay mode, drag disabled, window buttons hidden, title bar hidden
[2019.06.04-19.06.34:302][  0]LogSlate: Updating window title bar state: overlay mode, drag disabled, window buttons hidden, title bar hidden
[2019.06.04-19.06.34:312][  0]LogSlate: Updating window title bar state: overlay mode, drag disabled, window buttons hidden, title bar hidden
[2019.06.04-19.06.34:320][  0]LogCollectionManager: Loaded 0 collections in 0.001587 seconds
[2019.06.04-19.06.34:361][  0]LogFileCache: Scanning file cache for directory 'D:/Github/UnReal2Bstorm/Atlanta_North_4.20/Saved/Collections/' took 0.01s
[2019.06.04-19.06.34:361][  0]LogFileCache: Scanning file cache for directory 'D:/Github/UnReal2Bstorm/Atlanta_North_4.20/Content/Developers/cstew/Collections/' took 0.01s
[2019.06.04-19.06.34:361][  0]LogFileCache: Scanning file cache for directory 'D:/Github/UnReal2Bstorm/Atlanta_North_4.20/Content/Collections/' took 0.01s
[2019.06.04-19.06.34:361][  0]LogCollectionManager: Rebuilt the GUID cache for 0 collections in 0.000000 seconds
[2019.06.04-19.06.34:369][  0]LogContentBrowser: Native class hierarchy populated in 0.0078 seconds. Added 2572 classes and 603 folders.
[2019.06.04-19.06.34:377][  0]LogContentBrowser: Native class hierarchy updated for 'WidgetCarousel' in 0.0003 seconds. Added 0 classes and 0 folders.
[2019.06.04-19.06.34:433][  0]LogContentBrowser: Native class hierarchy updated for 'AddContentDialog' in 0.0003 seconds. Added 0 classes and 0 folders.
[2019.06.04-19.06.34:438][  0]LogContentBrowser: Native class hierarchy updated for 'SceneOutliner' in 0.0004 seconds. Added 1 classes and 2 folders.
[2019.06.04-19.06.34:516][  0]LogContentBrowser: Native class hierarchy updated for 'HierarchicalLODOutliner' in 0.0004 seconds. Added 0 classes and 0 folders.
[2019.06.04-19.06.34:516][  0]LogLoad: (Engine Initialization) Total time: 10.67 seconds
[2019.06.04-19.06.34:516][  0]LogLoad: (Engine Initialization) Total Blueprint compile time: 0.00 seconds
[2019.06.04-19.06.34:562][  0]LogContentStreaming: Texture pool size now 1000 MB
[2019.06.04-19.06.34:566][  0]LogSlate: Took 0.000217 seconds to synchronously load lazily loaded font '../../../Engine/Content/Slate/Fonts/Roboto-Bold.ttf' (160K)
[2019.06.04-19.06.34:567][  0]LogSlate: Took 0.000193 seconds to synchronously load lazily loaded font '../../../Engine/Content/Slate/Fonts/Roboto-Regular.ttf' (155K)
[2019.06.04-19.06.34:577][  0]LogSlate: Took 0.000235 seconds to synchronously load lazily loaded font '../../../Engine/Content/Editor/Slate/Fonts/FontAwesome.ttf' (139K)
[2019.06.04-19.06.34:580][  0]LogSlate: Took 0.000227 seconds to synchronously load lazily loaded font '../../../Engine/Content/Slate/Fonts/DroidSansMono.ttf' (77K)
[2019.06.04-19.06.34:731][  0]LogSlate: Took 0.000194 seconds to synchronously load lazily loaded font '../../../Engine/Content/Slate/Fonts/Roboto-Light.ttf' (167K)
[2019.06.04-19.06.34:764][  0]LogRenderer: Reallocating scene render targets to support 556x264 Format 10 NumSamples 1 (Frame:1).
[2019.06.04-19.06.34:782][  0]LogRenderer: Reallocating scene render targets to support 1112x524 Format 10 NumSamples 1 (Frame:1).
[2019.06.04-19.06.34:916][  2]LogAssetRegistry: Asset discovery search completed in 6.1235 seconds
[2019.06.04-19.06.34:919][  2]LogCollectionManager: Rebuilt the object cache for 0 collections in 0.000000 seconds (found 0 objects)
[2019.06.04-19.06.34:919][  2]LogCollectionManager: Fixed up redirectors for 0 collections in 0.000294 seconds (updated 0 objects)
[2019.06.04-19.06.36:442][ 82]LogSlate: FSceneViewport::OnFocusLost() reason 0
[2019.06.04-19.06.43:942][520]LogSlate: Prevented a slow task dialog from being summoned while a context menu was open
[2019.06.04-19.06.44:505][520]LogTexture: Display: Building textures: T_noise_1 (AutoDXT, 512X512)
[2019.06.04-19.06.44:505][520]LogTexture: Display: Building textures: T_lut01 (BGRA8, 256X16)
[2019.06.04-19.06.44:506][520]LogTexture: Display: Building textures: T_CableTray_opacity (AutoDXT, 4096X256)
[2019.06.04-19.06.44:506][520]LogTexture: Display: Building textures: T_Flat_NM (BC5, 64X64)
[2019.06.04-19.06.44:506][520]LogTexture: Display: Building textures: T_White_D (AutoDXT, 64X64)
[2019.06.04-19.06.44:506][520]LogTexture: Display: Building textures: T_MURO_2_2_Tex (AutoDXT, 512X1024)
[2019.06.04-19.06.44:506][520]LogTexture: Display: Building textures: T_Grey_R (G8, 64X64)
[2019.06.04-19.06.44:506][520]LogTexture: Display: Building textures: T_ref_bump (AutoDXT, 1024X1024)
[2019.06.04-19.06.44:506][520]LogTexture: Display: Building textures: T_Noise_R (G8, 1024X1024)
[2019.06.04-19.06.44:507][520]LogTexture: Display: Building textures: T_Noise_NM (BC5, 1024X1024)
[2019.06.04-19.06.44:507][520]LogTexture: Display: Building textures: T_Wood_D (AutoDXT, 1024X1024)
[2019.06.04-19.06.44:507][520]LogTexture: Display: Building textures: HQ_Lightmap0_2 (BGRA8, 1024X1024)
[2019.06.04-19.06.44:507][520]LogTexture: Display: Building textures: T_normal_metal (BC5, 2048X2048)
[2019.06.04-19.06.44:507][520]LogTexture: Display: Building textures: T_Wood_NM (BC5, 1024X1024)
[2019.06.04-19.06.44:508][520]LogTexture: Display: Building textures: HQ_Lightmap0_3 (BGRA8, 1024X1024)
[2019.06.04-19.06.44:508][520]LogMaterial: Display: Missing cached shader map for material M_grey_5, compiling. 
[2019.06.04-19.06.44:641][520]LogTexture: Display: Building textures: HQ_Lightmap1_1 (BGRA8, 1024X1024)
[2019.06.04-19.06.44:642][520]LogTexture: Display: Building textures: HQ_Lightmap1_4 (BGRA8, 1024X1024)
[2019.06.04-19.06.44:642][520]LogShaderCompilers: Display: Shaders left to compile 31
[2019.06.04-19.06.44:642][520]LogShaderCompilers: Display: Shaders left to compile 21
[2019.06.04-19.06.44:642][520]LogShaderCompilers: Display: Shaders left to compile 11
[2019.06.04-19.06.44:642][520]LogShaderCompilers: Display: Shaders left to compile 1
[2019.06.04-19.06.44:642][520]LogTexture: Display: Building textures: HQ_Lightmap1_6 (BGRA8, 1024X1024)
[2019.06.04-19.06.44:643][520]LogTexture: Display: Building textures: HQ_Lightmap1_5 (BGRA8, 1024X1024)
[2019.06.04-19.06.44:643][520]LogTexture: Display: Building textures: HQ_Lightmap1_7 (BGRA8, 1024X1024)
[2019.06.04-19.06.44:643][520]LogTexture: Display: Building textures: LQ_Lightmap_0_3 (BGRA8, 1024X1024)
[2019.06.04-19.06.44:643][520]LogTexture: Display: Building textures: LQ_Lightmap_0_2 (BGRA8, 1024X1024)
[2019.06.04-19.06.44:643][520]LogTexture: Display: Building textures: LQ_Lightmap_1_1 (BGRA8, 1024X1024)
[2019.06.04-19.06.44:643][520]LogMaterial: Display: Missing cached shader map for material M_Metal_Brushed_Nickel, compiling. 
[2019.06.04-19.06.54:247][520]LogTexture: Display: Building textures: LQ_Lightmap_1_4 (BGRA8, 1024X1024)
[2019.06.04-19.06.54:247][520]LogTexture: Display: Building textures: LQ_Lightmap_1_6 (BGRA8, 1024X1024)
[2019.06.04-19.06.54:247][520]LogShaderCompilers: Display: Shaders left to compile 36
[2019.06.04-19.06.54:247][520]LogShaderCompilers: Display: Shaders left to compile 26
[2019.06.04-19.06.54:248][520]LogShaderCompilers: Display: Shaders left to compile 16
[2019.06.04-19.06.54:248][520]LogShaderCompilers: Display: Shaders left to compile 6
[2019.06.04-19.06.54:248][520]LogTexture: Display: Building textures: LQ_Lightmap_1_7 (BGRA8, 1024X1024)
[2019.06.04-19.06.54:248][520]LogTexture: Display: Building textures: LQ_Lightmap_1_5 (BGRA8, 1024X1024)
[2019.06.04-19.06.54:248][520]LogTexture: Display: Building textures: SkyOcclusion0_3 (BGRA8, 1024X512)
[2019.06.04-19.06.54:248][520]LogTexture: Display: Building textures: SkyOcclusion0_2 (BGRA8, 1024X512)
[2019.06.04-19.06.54:248][520]LogTexture: Display: Building textures: SkyOcclusion1_4 (BGRA8, 1024X512)
[2019.06.04-19.06.54:248][520]LogTexture: Display: Building textures: SkyOcclusion1_1 (BGRA8, 1024X512)
[2019.06.04-19.06.54:249][520]LogTexture: Display: Building textures: SkyOcclusion1_6 (BGRA8, 1024X512)
[2019.06.04-19.06.54:249][520]LogTexture: Display: Building textures: SkyOcclusion1_5 (BGRA8, 1024X512)
[2019.06.04-19.06.54:249][520]LogTexture: Display: Building textures: SkyOcclusion1_7 (BGRA8, 1024X512)
[2019.06.04-19.06.54:249][520]LogTexture: Display: Building textures: ShadowMapTexture2D_6 (BGRA8, 1024X1024)
[2019.06.04-19.06.54:249][520]LogTexture: Display: Building textures: ShadowMapTexture2D_7 (G8, 1024X1024)
[2019.06.04-19.06.54:249][520]LogTexture: Display: Building textures: ShadowMapTexture2D_9 (BGRA8, 1024X512)
[2019.06.04-19.06.54:249][520]LogTexture: Display: Building textures: ShadowMapTexture2D_8 (BGRA8, 1024X1024)
[2019.06.04-19.06.54:249][520]LogTexture: Display: Building textures: T_Wood_R (G8, 1024X1024)
[2019.06.04-19.06.54:249][520]LogTexture: Display: Building textures: T_SLAB_gloss (AutoDXT, 4096X4096)
[2019.06.04-19.06.54:249][520]LogTexture: Display: Building textures: T_MURO_2_2_Norm (BC5, 512X1024)
[2019.06.04-19.06.54:250][520]LogTexture: Display: Building textures: T_duela_blanca_3dsmaxcrop_2_2_Norm (BC5, 512X512)
[2019.06.04-19.06.54:250][520]LogTexture: Display: Building textures: T_concreto (BGRA8, 14170X9460)
[2019.06.04-19.06.54:250][520]LogTexture: Display: Building textures: T_Normal_steel (BC5, 1024X1024)
[2019.06.04-19.06.54:250][520]LogTexture: Display: Building textures: T_METAL_scratches (AutoDXT, 4096X4096)
[2019.06.04-19.06.54:250][520]LogTexture: Display: Building textures: T_buttons (BGRA8, 1024X893)
[2019.06.04-19.06.54:250][520]LogTexture: Display: Building textures: T_duela_blanca_3dsmaxcrop_2_2_Tex (AutoDXT, 512X512)
[2019.06.04-19.06.54:250][520]LogTexture: Display: Building textures: T_SLAB_reflect (AutoDXT, 4096X4096)
[2019.06.04-19.06.54:250][520]LogTexture: Display: Building textures: T_metal (AutoDXT, 2048X2048)
[2019.06.04-19.06.54:250][520]LogTexture: Display: Building textures: T_concrete (AutoDXT, 512X512)
[2019.06.04-19.06.54:250][520]LogTexture: Display: Building textures: T_reflect_steel (AutoDXT, 1024X1024)
[2019.06.04-19.06.54:251][520]LogTexture: Display: Building textures: T_CableTray_opacity1 (AutoDXT, 1024X1024)
[2019.06.04-19.06.54:251][520]LogTexture: Display: Building textures: T_METAL_gloss (AutoDXT, 1024X1024)
[2019.06.04-19.06.54:251][520]LogTexture: Display: Building textures: 1589835-nice_IES (RGBA16F, 256X1)
[2019.06.04-19.06.54:251][520]LogTexture: Display: Building textures: T_normal_scratch (BC5, 512X512)
[2019.06.04-19.06.54:251][520]LogTexture: Display: Building textures: T_normal_bump (BC5, 1024X1024)
[2019.06.04-19.06.54:251][520]LogMaterial: Display: Missing cached shader map for material M_SLAB, compiling. 
[2019.06.04-19.06.54:269][520]LogMaterial: Display: Missing cached shader map for material M_WhitePaint, compiling. 
[2019.06.04-19.06.54:291][520]LogShaderCompilers: Display: Shaders left to compile 36
[2019.06.04-19.06.54:291][520]LogShaderCompilers: Display: Shaders left to compile 26
[2019.06.04-19.06.54:291][520]LogShaderCompilers: Display: Shaders left to compile 16
[2019.06.04-19.06.54:292][520]LogShaderCompilers: Display: Shaders left to compile 6
[2019.06.04-19.06.54:292][520]LogShaderCompilers: Display: Shaders left to compile 36
[2019.06.04-19.06.54:292][520]LogShaderCompilers: Display: Shaders left to compile 26
[2019.06.04-19.06.54:292][520]LogShaderCompilers: Display: Shaders left to compile 16
[2019.06.04-19.06.54:292][520]LogShaderCompilers: Display: Shaders left to compile 6
[2019.06.04-19.06.54:292][520]LogMaterial: Display: Missing cached shader map for material M_SmudgedSteelB, compiling. 
[2019.06.04-19.06.54:476][520]LogStaticMesh: Building static mesh SM_AC_holder_A...
[2019.06.04-19.06.54:556][520]LogStaticMesh: Built static mesh [0.08s] /Game/Archviz_Basics_/Meshes/SM_AC_holder_A.SM_AC_holder_A
[2019.06.04-19.06.54:630][520]LogMaterial: Display: Missing cached shader map for material M_2CableTray_BrushedSteel_Punctured_A, compiling. 
[2019.06.04-19.06.54:695][520]LogStaticMesh: Building static mesh SM_cable_riel...
[2019.06.04-19.06.54:702][520]LogStaticMesh: Built static mesh [0.01s] /Game/Archviz_Basics_/Meshes/SM_cable_riel.SM_cable_riel
[2019.06.04-19.06.54:706][520]LogStaticMesh: Building static mesh SM_Beam_Joist...
[2019.06.04-19.06.54:730][520]LogStaticMesh: Built static mesh [0.02s] /Game/Archviz_Basics_/Meshes/SM_Beam_Joist.SM_Beam_Joist
[2019.06.04-19.06.55:213][520]LogStaticMesh: Building static mesh SM_Electrical_4...
[2019.06.04-19.06.56:840][520]LogShaderCompilers: Display: Shaders left to compile 94
[2019.06.04-19.06.56:841][520]LogShaderCompilers: Display: Shaders left to compile 84
[2019.06.04-19.06.56:841][520]LogShaderCompilers: Display: Shaders left to compile 74
[2019.06.04-19.06.56:841][520]LogShaderCompilers: Display: Shaders left to compile 64
[2019.06.04-19.06.56:841][520]LogStaticMesh: Built static mesh [1.63s] /Game/Archviz_Basics_/Meshes/SM_Electrical_4.SM_Electrical_4
[2019.06.04-19.06.57:146][520]LogStaticMesh: Building static mesh SM_Electrical_3...
[2019.06.04-19.06.57:560][520]LogShaderCompilers: Display: Shaders left to compile 54
[2019.06.04-19.06.57:561][520]LogShaderCompilers: Display: Shaders left to compile 44
[2019.06.04-19.06.57:561][520]LogStaticMesh: Built static mesh [0.41s] /Game/Archviz_Basics_/Meshes/SM_Electrical_3.SM_Electrical_3
[2019.06.04-19.06.57:605][520]LogMaterial: Display: Missing cached shader map for material M_dark, compiling. 
[2019.06.04-19.06.57:630][520]LogMaterial: Display: Missing cached shader map for material M_grey_base, compiling. 
[2019.06.04-19.06.58:734][520]LogShaderCompilers: Display: Shaders left to compile 96
[2019.06.04-19.06.58:734][520]LogShaderCompilers: Display: Shaders left to compile 86
[2019.06.04-19.06.58:734][520]LogShaderCompilers: Display: Shaders left to compile 76
[2019.06.04-19.06.58:734][520]LogShaderCompilers: Display: Shaders left to compile 66
[2019.06.04-19.06.58:734][520]LogStaticMesh: Building static mesh SM_Lamp_2...
[2019.06.04-19.07.01:392][520]LogShaderCompilers: Display: Shaders left to compile 56
[2019.06.04-19.07.01:392][520]LogShaderCompilers: Display: Shaders left to compile 46
[2019.06.04-19.07.01:393][520]LogShaderCompilers: Display: Shaders left to compile 36
[2019.06.04-19.07.01:393][520]LogShaderCompilers: Display: Shaders left to compile 26
[2019.06.04-19.07.01:393][520]LogShaderCompilers: Display: Shaders left to compile 16
[2019.06.04-19.07.01:393][520]LogShaderCompilers: Display: Shaders left to compile 6
[2019.06.04-19.07.01:393][520]LogStaticMesh: Built static mesh [2.66s] /Game/Archviz_Basics_/Meshes/SM_Lamp_2.SM_Lamp_2
[2019.06.04-19.07.01:597][520]LogMaterial: Display: Missing cached shader map for material M_black_old_3, compiling. 
[2019.06.04-19.07.01:622][520]LogMaterial: Display: Missing cached shader map for material M_ligth_1, compiling. 
[2019.06.04-19.07.01:633][520]LogShaderCompilers: Display: Shaders left to compile 43
[2019.06.04-19.07.01:633][520]LogMaterial: Display: Missing cached shader map for material M_Black_rubber, compiling. 
[2019.06.04-19.07.01:660][520]LogShaderCompilers: Display: Shaders left to compile 64
[2019.06.04-19.07.01:660][520]LogMaterial: Display: Missing cached shader map for material M_BaseMat, compiling. 
[2019.06.04-19.07.01:829][520]LogShaderCompilers: Display: Shaders left to compile 85
[2019.06.04-19.07.01:829][520]LogShaderCompilers: Display: Shaders left to compile 75
[2019.06.04-19.07.01:829][520]LogMaterial: Display: Missing cached shader map for material M_BaseMat1, compiling. 
[2019.06.04-19.07.01:856][520]LogStaticMesh: Building static mesh SM_room1_Box014...
[2019.06.04-19.07.01:857][520]LogStaticMesh: Built static mesh [0.00s] /Game/Archviz_Basics_/Meshes/Enviroment/SM_room1_Box014.SM_room1_Box014
[2019.06.04-19.07.02:653][520]LogShaderCompilers: Display: Shaders left to compile 96
[2019.06.04-19.07.02:654][520]LogStaticMesh: Building static mesh SM_Lamp_1...
[2019.06.04-19.07.05:868][520]LogShaderCompilers: Display: Shaders left to compile 86
[2019.06.04-19.07.05:869][520]LogShaderCompilers: Display: Shaders left to compile 76
[2019.06.04-19.07.05:869][520]LogShaderCompilers: Display: Shaders left to compile 66
[2019.06.04-19.07.05:869][520]LogShaderCompilers: Display: Shaders left to compile 56
[2019.06.04-19.07.05:869][520]LogShaderCompilers: Display: Shaders left to compile 46
[2019.06.04-19.07.05:869][520]LogShaderCompilers: Display: Shaders left to compile 36
[2019.06.04-19.07.05:869][520]LogShaderCompilers: Display: Shaders left to compile 26
[2019.06.04-19.07.05:869][520]LogShaderCompilers: Display: Shaders left to compile 16
[2019.06.04-19.07.05:869][520]LogShaderCompilers: Display: Shaders left to compile 6
[2019.06.04-19.07.05:869][520]LogStaticMesh: Built static mesh [3.22s] /Game/Archviz_Basics_/Meshes/SM_Lamp_1.SM_Lamp_1
[2019.06.04-19.07.06:536][520]LogStaticMesh: Building static mesh SM_fan...
[2019.06.04-19.07.07:925][520]LogStaticMesh: Built static mesh [1.39s] /Game/Archviz_Basics_/Meshes/SM_fan.SM_fan
[2019.06.04-19.07.08:022][520]LogStaticMesh: Building static mesh SM_AC_Pipe_A...
[2019.06.04-19.07.08:064][520]LogStaticMesh: Built static mesh [0.04s] /Game/Archviz_Basics_/Meshes/SM_AC_Pipe_A.SM_AC_Pipe_A
[2019.06.04-19.07.08:076][520]LogStaticMesh: Building static mesh SM_AC_Pipe_T...
[2019.06.04-19.07.08:116][520]LogStaticMesh: Built static mesh [0.04s] /Game/Archviz_Basics_/Meshes/SM_AC_Pipe_T.SM_AC_Pipe_T
[2019.06.04-19.07.08:122][520]LogStaticMesh: Building static mesh SM_AC_Pipe_Reductor...
[2019.06.04-19.07.08:132][520]LogStaticMesh: Built static mesh [0.01s] /Game/Archviz_Basics_/Meshes/SM_AC_Pipe_Reductor.SM_AC_Pipe_Reductor
[2019.06.04-19.07.08:139][520]LogStaticMesh: Building static mesh SM_AC_Holder_B...
[2019.06.04-19.07.08:167][520]LogStaticMesh: Built static mesh [0.03s] /Game/Archviz_Basics_/Meshes/SM_AC_Holder_B.SM_AC_Holder_B
[2019.06.04-19.07.08:178][520]LogStaticMesh: Building static mesh SM_AC_Pipe_B...
[2019.06.04-19.07.08:216][520]LogStaticMesh: Built static mesh [0.04s] /Game/Archviz_Basics_/Meshes/SM_AC_Pipe_B.SM_AC_Pipe_B
[2019.06.04-19.07.08:261][520]LogStaticMesh: Building static mesh SM_AC_exit...
[2019.06.04-19.07.08:394][520]LogStaticMesh: Built static mesh [0.13s] /Game/Archviz_Basics_/Meshes/SM_AC_exit.SM_AC_exit
[2019.06.04-19.07.08:416][520]LogStaticMesh: Building static mesh SM_AC_Pipe_b_T...
[2019.06.04-19.07.08:452][520]LogStaticMesh: Built static mesh [0.04s] /Game/Archviz_Basics_/Meshes/SM_AC_Pipe_b_T.SM_AC_Pipe_b_T
[2019.06.04-19.07.08:456][520]LogStaticMesh: Building static mesh SM_Beam...
[2019.06.04-19.07.08:460][520]LogStaticMesh: Built static mesh [0.00s] /Game/Archviz_Basics_/Meshes/SM_Beam.SM_Beam
[2019.06.04-19.07.08:504][520]LogStaticMesh: Building static mesh SM_lamp...
[2019.06.04-19.07.08:656][520]LogStaticMesh: Built static mesh [0.15s] /Game/Archviz_Basics_/Meshes/SM_lamp.SM_lamp
[2019.06.04-19.07.08:668][520]LogStaticMesh: Building static mesh SM_cable_z...
[2019.06.04-19.07.08:671][520]LogStaticMesh: Built static mesh [0.00s] /Game/Archviz_Basics_/Meshes/SM_cable_z.SM_cable_z
[2019.06.04-19.07.08:689][520]LogStaticMesh: Building static mesh SM_cable_holder...
[2019.06.04-19.07.08:743][520]LogStaticMesh: Built static mesh [0.05s] /Game/Archviz_Basics_/Meshes/SM_cable_holder.SM_cable_holder
[2019.06.04-19.07.08:748][520]LogStaticMesh: Building static mesh SM_cable_riel_big...
[2019.06.04-19.07.08:752][520]LogStaticMesh: Built static mesh [0.00s] /Game/Archviz_Basics_/Meshes/SM_cable_riel_big.SM_cable_riel_big
[2019.06.04-19.07.08:765][520]LogStaticMesh: Building static mesh SM_cable_holder_big...
[2019.06.04-19.07.08:823][520]LogStaticMesh: Built static mesh [0.06s] /Game/Archviz_Basics_/Meshes/SM_cable_holder_big.SM_cable_holder_big
[2019.06.04-19.07.08:829][520]LogStaticMesh: Building static mesh SM_pipe_1...
[2019.06.04-19.07.08:832][520]LogStaticMesh: Built static mesh [0.00s] /Game/Archviz_Basics_/Meshes/SM_pipe_1.SM_pipe_1
[2019.06.04-19.07.08:847][520]LogStaticMesh: Building static mesh SM_pipe_holder_1...
[2019.06.04-19.07.08:913][520]LogStaticMesh: Built static mesh [0.07s] /Game/Archviz_Basics_/Meshes/SM_pipe_holder_1.SM_pipe_holder_1
[2019.06.04-19.07.08:924][520]LogStaticMesh: Building static mesh SM_t_reductor...
[2019.06.04-19.07.08:939][520]LogStaticMesh: Built static mesh [0.01s] /Game/Archviz_Basics_/Meshes/SM_t_reductor.SM_t_reductor
[2019.06.04-19.07.08:942][520]LogStaticMesh: Building static mesh SM_pipe_2...
[2019.06.04-19.07.08:945][520]LogStaticMesh: Built static mesh [0.00s] /Game/Archviz_Basics_/Meshes/SM_pipe_2.SM_pipe_2
[2019.06.04-19.07.08:947][520]LogStaticMesh: Building static mesh SM_L...
[2019.06.04-19.07.08:960][520]LogStaticMesh: Built static mesh [0.01s] /Game/Archviz_Basics_/Meshes/SM_L.SM_L
[2019.06.04-19.07.08:962][520]LogStaticMesh: Building static mesh SM_Elbow_C...
[2019.06.04-19.07.08:974][520]LogStaticMesh: Built static mesh [0.01s] /Game/Archviz_Basics_/Meshes/SM_Elbow_C.SM_Elbow_C
[2019.06.04-19.07.08:981][520]LogStaticMesh: Building static mesh SM_pipe_holder_2...
[2019.06.04-19.07.09:024][520]LogStaticMesh: Built static mesh [0.04s] /Game/Archviz_Basics_/Meshes/SM_pipe_holder_2.SM_pipe_holder_2
[2019.06.04-19.07.09:038][520]LogStaticMesh: Building static mesh SM_pipe_holder_3...
[2019.06.04-19.07.09:077][520]LogStaticMesh: Built static mesh [0.04s] /Game/Archviz_Basics_/Meshes/SM_pipe_holder_3.SM_pipe_holder_3
[2019.06.04-19.07.09:094][520]LogStaticMesh: Building static mesh SM_sprinkler...
[2019.06.04-19.07.09:148][520]LogStaticMesh: Built static mesh [0.05s] /Game/Archviz_Basics_/Meshes/SM_sprinkler.SM_sprinkler
[2019.06.04-19.07.09:881][520]LogStaticMesh: Building static mesh SM_Lamp_3...
[2019.06.04-19.07.11:666][520]LogStaticMesh: Built static mesh [1.79s] /Game/Archviz_Basics_/Meshes/SM_Lamp_3.SM_Lamp_3
[2019.06.04-19.07.14:287][520]LogStaticMesh: Building static mesh SM_Lamp_4...
[2019.06.04-19.07.19:663][520]LogStaticMesh: Built static mesh [5.38s] /Game/Archviz_Basics_/Meshes/SM_Lamp_4.SM_Lamp_4
[2019.06.04-19.07.20:244][520]LogStaticMesh: Building static mesh SM_Electrical_1...
[2019.06.04-19.07.21:185][520]LogStaticMesh: Built static mesh [0.94s] /Game/Archviz_Basics_/Meshes/SM_Electrical_1.SM_Electrical_1
[2019.06.04-19.07.21:490][520]LogStaticMesh: Building static mesh SM_Electrical_2...
[2019.06.04-19.07.22:335][520]LogStaticMesh: Built static mesh [0.85s] /Game/Archviz_Basics_/Meshes/SM_Electrical_2.SM_Electrical_2
[2019.06.04-19.07.22:508][520]LogStaticMesh: Building static mesh SM_Electrical_5...
[2019.06.04-19.07.22:801][520]LogStaticMesh: Built static mesh [0.30s] /Game/Archviz_Basics_/Meshes/SM_Electrical_5.SM_Electrical_5
[2019.06.04-19.07.22:867][520]LogStaticMesh: Building static mesh SM_Walls...
[2019.06.04-19.07.23:032][520]LogStaticMesh: Built static mesh [0.16s] /Game/Archviz_Basics_/Meshes/Enviroment/SM_Walls.SM_Walls
[2019.06.04-19.07.23:047][520]LogStaticMesh: Building static mesh SM_room1_Box017...
[2019.06.04-19.07.23:047][520]LogStaticMesh: Built static mesh [0.00s] /Game/Archviz_Basics_/Meshes/Enviroment/SM_room1_Box017.SM_room1_Box017
[2019.06.04-19.07.25:802][520]LogStaticMesh: Building static mesh SM_Ceiling_Group...
