Log file open, 05/18/19 13:50:24
LogWindows: Failed to load 'aqProf.dll' (GetLastError=126)
LogWindows: File 'aqProf.dll' does not exist
LogWindows: Failed to load 'VSPerf140.dll' (GetLastError=126)
LogWindows: File 'VSPerf140.dll' does not exist
LogWindows: Failed to load 'VtuneApi.dll' (GetLastError=126)
LogWindows: File 'VtuneApi.dll' does not exist
LogWindows: Failed to load 'VtuneApi32e.dll' (GetLastError=126)
LogWindows: File 'VtuneApi32e.dll' does not exist
LogInit: Display: Running engine for game: Atlanta_20a
LogPlatformFile: Not using cached read wrapper
LogTaskGraph: Started task graph with 5 named threads and 35 total threads with 3 sets of task threads.
LogStats: Stats thread started at 0.902333
LogD3D11RHI: Loaded GFSDK_Aftermath_Lib.x64.dll
LogICUInternationalization: Display: ICU TimeZone Detection - Raw Offset: -5:00, Platform Override: ''
LogPluginManager: Mounting plugin Paper2D
LogPluginManager: Mounting plugin AISupport
LogPluginManager: Mounting plugin LightPropagationVolume
LogPluginManager: Mounting plugin CLionSourceCodeAccess
LogPluginManager: Mounting plugin CodeLiteSourceCodeAccess
LogPluginManager: Mounting plugin GitSourceControl
LogPluginManager: Mounting plugin KDevelopSourceCodeAccess
LogPluginManager: Mounting plugin NullSourceCodeAccess
LogPluginManager: Mounting plugin PerforceSourceControl
LogPluginManager: Mounting plugin SubversionSourceControl
LogPluginManager: Mounting plugin UObjectPlugin
LogPluginManager: Mounting plugin VisualStudioCodeSourceCodeAccess
LogPluginManager: Mounting plugin VisualStudioSourceCodeAccess
LogPluginManager: Mounting plugin XCodeSourceCodeAccess
LogPluginManager: Mounting plugin AssetManagerEditor
LogPluginManager: Mounting plugin CryptoKeys
LogPluginManager: Mounting plugin DataValidation
LogPluginManager: Mounting plugin FacialAnimation
LogPluginManager: Mounting plugin GameplayTagsEditor
LogPluginManager: Mounting plugin MacGraphicsSwitching
LogPluginManager: Mounting plugin MeshEditor
LogPluginManager: Mounting plugin MobileLauncherProfileWizard
LogPluginManager: Mounting plugin PluginBrowser
LogPluginManager: Mounting plugin SpeedTreeImporter
LogPluginManager: Mounting plugin DatasmithContent
LogPluginManager: Mounting plugin AlembicImporter
LogPluginManager: Mounting plugin AppleImageUtils
LogPluginManager: Mounting plugin AppleVision
LogPluginManager: Mounting plugin BackChannel
LogPluginManager: Mounting plugin CharacterAI
LogPluginManager: Mounting plugin GeometryCache
LogPluginManager: Mounting plugin HTML5Networking
LogPluginManager: Mounting plugin ProxyLODPlugin
LogPluginManager: Mounting plugin MagicLeap
LogPluginManager: Mounting plugin MagicLeapEmulator
LogPluginManager: Mounting plugin MagicLeapMedia
LogPluginManager: Mounting plugin AndroidMedia
LogPluginManager: Mounting plugin AvfMedia
LogPluginManager: Mounting plugin ImgMedia
LogPluginManager: Mounting plugin LinearTimecode
LogPluginManager: Mounting plugin MediaCompositing
LogPluginManager: Mounting plugin MediaPlayerEditor
LogPluginManager: Mounting plugin WmfMedia
LogPluginManager: Mounting plugin TcpMessaging
LogPluginManager: Mounting plugin UdpMessaging
LogPluginManager: Mounting plugin ActorSequence
LogPluginManager: Mounting plugin LevelSequenceEditor
LogPluginManager: Mounting plugin MatineeToLevelSequence
LogPluginManager: Mounting plugin NetcodeUnitTest
LogPluginManager: Mounting plugin NUTUnrealEngine4
LogPluginManager: Mounting plugin OnlineSubsystemGooglePlay
LogPluginManager: Mounting plugin OnlineSubsystemIOS
LogPluginManager: Mounting plugin OnlineSubsystem
LogPluginManager: Mounting plugin OnlineSubsystemNull
LogPluginManager: Mounting plugin OnlineSubsystemUtils
LogPluginManager: Mounting plugin LauncherChunkInstaller
LogPluginManager: Mounting plugin AndroidDeviceProfileSelector
LogPluginManager: Mounting plugin AndroidMoviePlayer
LogPluginManager: Mounting plugin AndroidPermission
LogPluginManager: Mounting plugin AppleMoviePlayer
LogPluginManager: Mounting plugin ArchVisCharacter
LogPluginManager: Mounting plugin AudioCapture
LogPluginManager: Mounting plugin CableComponent
LogPluginManager: Mounting plugin CustomMeshComponent
LogPluginManager: Mounting plugin EditableMesh
LogPluginManager: Mounting plugin ExampleDeviceProfileSelector
LogPluginManager: Mounting plugin GoogleCloudMessaging
LogPluginManager: Mounting plugin ImmediatePhysics
LogPluginManager: Mounting plugin IOSDeviceProfileSelector
LogPluginManager: Mounting plugin LinuxDeviceProfileSelector
LogPluginManager: Mounting plugin LocationServicesBPLibrary
LogPluginManager: Mounting plugin MobilePatchingUtils
LogPluginManager: Mounting plugin OculusVR
LogPluginManager: Plugin shader directory ../../../Engine/Plugins/Runtime/Oculus/OculusVR/Shaders found
LogPluginManager: Mapping shader source directory ../../../Engine/Plugins/Runtime/Oculus/OculusVR/Shaders to virtual directory /Plugin/OculusVR
LogPluginManager: Mounting plugin PhysXVehicles
LogPluginManager: Mounting plugin ProceduralMeshComponent
LogPluginManager: Mounting plugin RuntimePhysXCooking
LogPluginManager: Mounting plugin SteamVR
LogPluginManager: Mounting plugin WindowsMoviePlayer
LogStreaming: Display: Took  0.127s to configure plugins.
LogInit: Using libcurl 7.55.1-DEV
LogInit:  - built for x86_64-pc-win32
LogInit:  - supports SSL with OpenSSL/1.0.2h
LogInit:  - supports HTTP deflate (compression) using libz 1.2.8
LogInit:  - other features:
LogInit:      CURL_VERSION_SSL
LogInit:      CURL_VERSION_LIBZ
LogInit:      CURL_VERSION_IPV6
LogInit:      CURL_VERSION_ASYNCHDNS
LogInit:      CURL_VERSION_LARGEFILE
LogInit:      CURL_VERSION_IDN
LogInit:  CurlRequestOptions (configurable via config and command line):
LogInit:  - bVerifyPeer = false  - Libcurl will NOT verify peer certificate
LogInit:  - bUseHttpProxy = false  - Libcurl will NOT use HTTP proxy
LogInit:  - bDontReuseConnections = false  - Libcurl will reuse connections
LogInit:  - CertBundlePath = nullptr  - Libcurl will use whatever was configured at build time.
LogInit:  - MaxHostConnections = 16  - Libcurl will limit the number of connections to a host
LogInit:  - LocalHostAddr = Default
LogInit:  - BufferSize = 65536
LogInit: WinSock: version 1.1 (2.2), MaxSocks=32767, MaxUdp=65467
LogHMD: Failed initializing OVRPlugin 1.25.0
LogInit: Build: ++UE4+Release-4.20-CL-4369336
LogInit: Engine Version: 4.20.3-4369336+++UE4+Release-4.20
LogInit: Compatible Engine Version: 4.20.0-4212847+++UE4+Release-4.20
LogInit: Net CL: 4212847
LogInit: OS: Windows 10 (), CPU: Intel(R) Core(TM) i7-8850H CPU @ 2.60GHz, GPU: NVIDIA GeForce GTX 1080
LogInit: Compiled (64-bit): Sep 17 2018 12:26:19
LogInit: Compiled with Visual C++: 19.13.26129.00
LogInit: Build Configuration: Development
LogInit: Branch Name: ++UE4+Release-4.20
LogInit: Command Line:  
LogInit: Base Directory: C:/Program Files/Epic Games/UE_4.20/Engine/Binaries/Win64/
LogInit: Installed Engine Build: 1
LogDevObjectVersion: Number of dev versions registered: 20
LogDevObjectVersion:   Dev-Blueprints (B0D832E4-1F89-4F0D-ACCF-7EB736FD4AA2): 10
LogDevObjectVersion:   Dev-Build (E1C64328-A22C-4D53-A36C-8E866417BD8C): 0
LogDevObjectVersion:   Dev-Core (375EC13C-06E4-48FB-B500-84F0262A717E): 2
LogDevObjectVersion:   Dev-Editor (E4B068ED-F494-42E9-A231-DA0B2E46BB41): 24
LogDevObjectVersion:   Dev-Framework (CFFC743F-43B0-4480-9391-14DF171D2073): 34
LogDevObjectVersion:   Dev-Mobile (B02B49B5-BB20-44E9-A304-32B752E40360): 2
LogDevObjectVersion:   Dev-Networking (A4E4105C-59A1-49B5-A7C5-40C4547EDFEE): 0
LogDevObjectVersion:   Dev-Online (39C831C9-5AE6-47DC-9A44-9C173E1C8E7C): 0
LogDevObjectVersion:   Dev-Physics (78F01B33-EBEA-4F98-B9B4-84EACCB95AA2): 0
LogDevObjectVersion:   Dev-Platform (6631380F-2D4D-43E0-8009-CF276956A95A): 0
LogDevObjectVersion:   Dev-Rendering (12F88B9F-8875-4AFC-A67C-D90C383ABD29): 26
LogDevObjectVersion:   Dev-Sequencer (7B5AE74C-D270-4C10-A958-57980B212A5A): 9
LogDevObjectVersion:   Dev-VR (D7296918-1DD6-4BDD-9DE2-64A83CC13884): 2
LogDevObjectVersion:   Dev-LoadTimes (C2A15278-BFE7-4AFE-6C17-90FF531DF755): 1
LogDevObjectVersion:   Private-Geometry (6EACA3D4-40EC-4CC1-B786-8BED09428FC5): 3
LogDevObjectVersion:   Dev-AnimPhys (29E575DD-E0A3-4627-9D10-D276232CDCEA): 17
LogDevObjectVersion:   Dev-ReflectionCapture (6B266CEC-1EC7-4B8F-A30B-E4D90942FC07): 1
LogDevObjectVersion:   Dev-Automation (0DF73D61-A23F-47EA-B727-89E90C41499A): 1
LogDevObjectVersion:   FortniteMain (601D1886-AC64-4F84-AA16-D3DE0DEAC7D6): 12
LogDevObjectVersion:   Dev-Enterprise (9DFFBCD6-494F-0158-E221-12823C92A888): 1
LogStreaming: Display: Took  0.000s to delete old logs.
LogInit: Presizing for max 8388607 objects, including 0 objects not considered by GC, pre-allocating 0 bytes for permanent pool.
LogInit: Object subsystem initialized
[2019.05.18-17.50.25:754][  0]LogInit: Selected Device Profile: [Windows]
[2019.05.18-17.50.25:754][  0]LogInit: Applying CVar settings loaded from the selected device profile: [Windows]
[2019.05.18-17.50.25:771][  0]LogHAL: Display: Platform has ~ 64 GB [68634288128 / 68719476736 / 64], which maps to Largest [LargestMinGB=32, LargerMinGB=12, DefaultMinGB=8, SmallerMinGB=6, SmallestMinGB=0)
[2019.05.18-17.50.25:771][  0]LogInit: Setting Device Profile CVar: [[r.Vulkan.UseRealUBs:1]]
[2019.05.18-17.50.25:771][  0]LogInit: Going up to parent DeviceProfile []
[2019.05.18-17.50.25:773][  0]LogInit: Computer: MSI
[2019.05.18-17.50.25:773][  0]LogInit: User: cstew
[2019.05.18-17.50.25:773][  0]LogInit: CPU Page size=4096, Cores=6
[2019.05.18-17.50.25:773][  0]LogInit: High frequency timer resolution =10.000000 MHz
[2019.05.18-17.50.25:773][  0]LogMemory: Memory total: Physical=63.9GB (64GB approx)
[2019.05.18-17.50.25:773][  0]LogMemory: Platform Memory Stats for Windows
[2019.05.18-17.50.25:773][  0]LogMemory: Process Physical Memory: 105.09 MB used, 105.09 MB peak
[2019.05.18-17.50.25:773][  0]LogMemory: Process Virtual Memory: 89.44 MB used, 89.44 MB peak
[2019.05.18-17.50.25:773][  0]LogMemory: Physical Memory: 18181.16 MB used,  47273.60 MB free, 65454.76 MB total
[2019.05.18-17.50.25:773][  0]LogMemory: Virtual Memory: 4673.36 MB used,  47273.60 MB free, 134217728.00 MB total
[2019.05.18-17.50.26:151][  0]LogInit: Using OS detected language (en-US).
[2019.05.18-17.50.26:151][  0]LogInit: Using OS detected locale (en-US).
[2019.05.18-17.50.26:154][  0]LogTextLocalizationManager: No specific localization for 'en-US' exists, so the 'en' localization will be used.
[2019.05.18-17.50.26:500][  0]LogStreaming: Display: Took  0.343s to InitEngineTextLocalization.
[2019.05.18-17.50.26:500][  0]LogInit: Setting process to per monitor DPI aware
[2019.05.18-17.50.26:562][  0]LogSlate: New Slate User Created.  User Index 0, Is Virtual User: 0
[2019.05.18-17.50.26:562][  0]LogSlate: Slate User Registered.  User Index 0, Is Virtual User: 0
[2019.05.18-17.50.26:904][  0]LogHMD: Failed to initialize OpenVR with code 110
[2019.05.18-17.50.26:904][  0]LogD3D11RHI: D3D11 adapters:
[2019.05.18-17.50.26:952][  0]LogD3D11RHI:    0. 'NVIDIA GeForce GTX 1080' (Feature Level 11_0)
[2019.05.18-17.50.26:952][  0]LogD3D11RHI:       8079/0/32727 MB DedicatedVideo/DedicatedSystem/SharedSystem, Outputs:1, VendorId:0x10de
[2019.05.18-17.50.26:954][  0]LogD3D11RHI:    1. 'Microsoft Basic Render Driver' (Feature Level 11_0)
[2019.05.18-17.50.26:954][  0]LogD3D11RHI:       0/0/32727 MB DedicatedVideo/DedicatedSystem/SharedSystem, Outputs:0, VendorId:0x1414
[2019.05.18-17.50.26:954][  0]LogD3D11RHI: Chosen D3D11 Adapter: 0
[2019.05.18-17.50.26:962][  0]LogD3D11RHI: Creating new Direct3DDevice
[2019.05.18-17.50.26:962][  0]LogD3D11RHI:     GPU DeviceId: 0x1be0 (for the marketing name, search the web for "GPU Device Id")
[2019.05.18-17.50.26:963][  0]LogWindows: EnumDisplayDevices:
[2019.05.18-17.50.26:963][  0]LogWindows:    0. 'NVIDIA GeForce GTX 1080' (P:1 D:1)
[2019.05.18-17.50.26:963][  0]LogWindows:    1. 'NVIDIA GeForce GTX 1080' (P:0 D:0)
[2019.05.18-17.50.26:963][  0]LogWindows:    2. 'NVIDIA GeForce GTX 1080' (P:0 D:0)
[2019.05.18-17.50.26:963][  0]LogWindows:    3. 'NVIDIA GeForce GTX 1080' (P:0 D:0)
[2019.05.18-17.50.26:964][  0]LogWindows: DebugString: FoundDriverCount:4 
[2019.05.18-17.50.26:964][  0]LogD3D11RHI:     Adapter Name: NVIDIA GeForce GTX 1080
[2019.05.18-17.50.26:964][  0]LogD3D11RHI:   Driver Version: 425.31 (internal:25.21.14.2531, unified:425.31)
[2019.05.18-17.50.26:964][  0]LogD3D11RHI:      Driver Date: 4-9-2019
[2019.05.18-17.50.26:964][  0]LogRHI: Texture pool is 5655 MB (70% of 8079 MB)
[2019.05.18-17.50.27:000][  0]LogD3D11RHI: Async texture creation enabled
[2019.05.18-17.50.27:033][  0]LogD3D11RHI: GPU Timing Frequency: 1000.000000 (Debug: 2 1)
[2019.05.18-17.50.27:081][  0]LogShaderCompilers: Guid format shader working directory is -27 characters bigger than the processId version (../../../../../../Users/cstew/Documents/Unreal Projects/Atlanta_North_4.20/Intermediate/Shaders/WorkingDirectory/788/).
[2019.05.18-17.50.27:081][  0]LogShaderCompilers: Cleaned the shader compiler working directory 'C:/Users/cstew/AppData/Local/Temp/UnrealShaderWorkingDir/94442E344D9EC53986EC0D8293E23AE6/'.
[2019.05.18-17.50.27:375][  0]LogTemp: Display: Loaded TP AllDesktopTargetPlatform
[2019.05.18-17.50.27:391][  0]LogTemp: Display: Loaded TP MacClientTargetPlatform
[2019.05.18-17.50.27:407][  0]LogTemp: Display: Loaded TP MacNoEditorTargetPlatform
[2019.05.18-17.50.27:422][  0]LogTemp: Display: Loaded TP MacServerTargetPlatform
[2019.05.18-17.50.27:439][  0]LogTemp: Display: Loaded TP MacTargetPlatform
[2019.05.18-17.50.27:460][  0]LogTemp: Display: Loaded TP WindowsClientTargetPlatform
[2019.05.18-17.50.27:472][  0]LogTemp: Display: Loaded TP WindowsNoEditorTargetPlatform
[2019.05.18-17.50.27:488][  0]LogTemp: Display: Loaded TP WindowsServerTargetPlatform
[2019.05.18-17.50.27:494][  0]LogTemp: Display: Loaded TP WindowsTargetPlatform
[2019.05.18-17.50.27:568][  0]LogTemp: Display: Loaded TP AndroidTargetPlatform
[2019.05.18-17.50.27:568][  0]LogTemp: Display: Loaded TP AndroidTargetPlatform
[2019.05.18-17.50.27:568][  0]LogTemp: Display: Loaded TP AndroidTargetPlatform
[2019.05.18-17.50.27:568][  0]LogTemp: Display: Loaded TP AndroidTargetPlatform
[2019.05.18-17.50.27:568][  0]LogTemp: Display: Loaded TP AndroidTargetPlatform
[2019.05.18-17.50.27:568][  0]LogTemp: Display: Loaded TP AndroidTargetPlatform
[2019.05.18-17.50.27:568][  0]LogTemp: Display: Loaded TP AndroidTargetPlatform
[2019.05.18-17.50.27:568][  0]LogTemp: Display: Loaded TP AndroidTargetPlatform
[2019.05.18-17.50.27:568][  0]LogTemp: Display: Loaded TP AndroidTargetPlatform
[2019.05.18-17.50.27:568][  0]LogTemp: Display: Loaded TP AndroidTargetPlatform
[2019.05.18-17.50.27:568][  0]LogTemp: Display: Loaded TP AndroidTargetPlatform
[2019.05.18-17.50.27:568][  0]LogTemp: Display: Loaded TP AndroidTargetPlatform
[2019.05.18-17.50.27:568][  0]LogTemp: Display: Loaded TP AndroidTargetPlatform
[2019.05.18-17.50.27:568][  0]LogTemp: Display: Loaded TP AndroidTargetPlatform
[2019.05.18-17.50.27:568][  0]LogTemp: Display: Loaded TP AndroidTargetPlatform
[2019.05.18-17.50.27:568][  0]LogTemp: Display: Loaded TP AndroidTargetPlatform
[2019.05.18-17.50.27:568][  0]LogTemp: Display: Loaded TP AndroidTargetPlatform
[2019.05.18-17.50.27:568][  0]LogTemp: Display: Loaded TP AndroidTargetPlatform
[2019.05.18-17.50.27:574][  0]LogTemp: Display: Loaded TP HTML5TargetPlatform
[2019.05.18-17.50.27:645][  0]LogTemp: Display: Loaded TP IOSTargetPlatform
[2019.05.18-17.50.27:645][  0]LogTemp: Display: Loaded TP IOSTargetPlatform
[2019.05.18-17.50.27:669][  0]LogTemp: Display: Loaded TP TVOSTargetPlatform
[2019.05.18-17.50.27:669][  0]LogTemp: Display: Loaded TP TVOSTargetPlatform
[2019.05.18-17.50.27:684][  0]LogTemp: Display: Loaded TP LinuxClientTargetPlatform
[2019.05.18-17.50.27:694][  0]LogTemp: Display: Loaded TP LinuxNoEditorTargetPlatform
[2019.05.18-17.50.27:709][  0]LogTemp: Display: Loaded TP LinuxServerTargetPlatform
[2019.05.18-17.50.27:727][  0]LogTemp: Display: Loaded TP LinuxTargetPlatform
[2019.05.18-17.50.27:739][  0]LogTemp: Display: Loaded TP LuminTargetPlatform
[2019.05.18-17.50.27:739][  0]LogTargetPlatformManager: Display: Building Assets For Windows
[2019.05.18-17.50.27:879][  0]LogXGEController: Cannot use XGE Controller as Incredibuild is not installed on this machine.
[2019.05.18-17.50.27:879][  0]LogShaderCompilers: Cannot use XGE Shader Compiler as Incredibuild is not installed on this machine.
[2019.05.18-17.50.27:879][  0]LogShaderCompilers: Display: Using Local Shader Compiler.
[2019.05.18-17.50.28:717][  0]LogDerivedDataCache: Display: Max Cache Size: 512 MB
[2019.05.18-17.50.29:088][  0]LogDerivedDataCache: Loaded boot cache 0.37s 85MB C:/Users/cstew/AppData/Local/UnrealEngine/4.20/DerivedDataCache/Boot.ddc.
[2019.05.18-17.50.29:088][  0]LogDerivedDataCache: Display: Loaded Boot cache: C:/Users/cstew/AppData/Local/UnrealEngine/4.20/DerivedDataCache/Boot.ddc
[2019.05.18-17.50.29:088][  0]LogDerivedDataCache: FDerivedDataBackendGraph:  Pak pak cache file ../../../../../../Users/cstew/Documents/Unreal Projects/Atlanta_North_4.20/DerivedDataCache/DDC.ddp not found, will not use a pak cache.
[2019.05.18-17.50.29:088][  0]LogDerivedDataCache: Unable to find inner node Pak for hierarchical cache Hierarchy.
[2019.05.18-17.50.29:088][  0]LogDerivedDataCache: FDerivedDataBackendGraph:  CompressedPak pak cache file ../../../../../../Users/cstew/Documents/Unreal Projects/Atlanta_North_4.20/DerivedDataCache/Compressed.ddp not found, will not use a pak cache.
[2019.05.18-17.50.29:088][  0]LogDerivedDataCache: Unable to find inner node CompressedPak for hierarchical cache Hierarchy.
[2019.05.18-17.50.29:111][  0]LogDerivedDataCache: Display: Pak cache opened for reading ../../../Engine/DerivedDataCache/Compressed.ddp.
[2019.05.18-17.50.29:123][  0]LogDerivedDataCache: Using Local data cache path C:/Users/cstew/AppData/Local/UnrealEngine/Common/DerivedDataCache: Writable
[2019.05.18-17.50.29:123][  0]LogDerivedDataCache: Shared data cache path not found in *engine.ini, will not use an Shared cache.
[2019.05.18-17.50.29:123][  0]LogDerivedDataCache: Unable to find inner node Shared for hierarchical cache Hierarchy.
[2019.05.18-17.50.29:140][  0]LogMaterial: Verifying Global Shaders for PCD3D_SM5
[2019.05.18-17.50.29:150][  0]LogSlate: Using FreeType 2.6.0
[2019.05.18-17.50.29:156][  0]LogSlate: SlateFontServices - WITH_FREETYPE: 1, WITH_HARFBUZZ: 1
[2019.05.18-17.50.29:293][  0]LogAssetRegistry: FAssetRegistry took 0.0290 seconds to start up
[2019.05.18-17.50.29:626][  0]LogInit: Selected Device Profile: [Windows]
[2019.05.18-17.50.29:853][  0]LogSimplygon: Simplygon DLL not present - disabling.
[2019.05.18-17.50.29:880][  0]LogMeshReduction: Using SimplygonSwarm for distributed automatic mesh merging
[2019.05.18-17.50.29:881][  0]LogMeshReduction: Using ProxyLODMeshReduction for automatic mesh merging
[2019.05.18-17.50.29:881][  0]LogMeshReduction: Using QuadricMeshReduction for automatic static mesh reduction
[2019.05.18-17.50.29:881][  0]LogMeshReduction: No automatic skeletal mesh reduction module available
[2019.05.18-17.50.29:924][  0]LogNetVersion: Atlanta_20a 1.0.0, NetCL: 4212847, EngineNetVer: 5, GameNetVer: 0 (Checksum: 2576130420)
[2019.05.18-17.50.30:639][  0]LogPackageLocalizationCache: Processed 11 localized package path(s) for 2 prioritized culture(s) in 0.083981 seconds
[2019.05.18-17.50.30:645][  0]LogUObjectArray: 38425 objects as part of root set at end of initial load.
[2019.05.18-17.50.30:645][  0]LogUObjectAllocator: 6690872 out of 0 bytes used by permanent object pool.
[2019.05.18-17.50.30:645][  0]LogUObjectArray: CloseDisregardForGC: 0/0 objects in disregard for GC pool
[2019.05.18-17.50.32:349][  0]LogTcpMessaging: Initializing TcpMessaging bridge
[2019.05.18-17.50.32:367][  0]LogUdpMessaging: Initializing bridge on interface 0.0.0.0:0 to multicast group 230.0.0.1:6666.
[2019.05.18-17.50.32:632][  0]SourceControl: Source control is disabled
[2019.05.18-17.50.32:632][  0]SourceControl: Source control is disabled
[2019.05.18-17.50.32:640][  0]SourceControl: Source control is disabled
[2019.05.18-17.50.32:641][  0]SourceControl: Source control is disabled
[2019.05.18-17.50.33:025][  0]LogAndroidPermission: UAndroidPermissionCallbackProxy::GetInstance
[2019.05.18-17.50.33:317][  0]LogOcInput: OculusInput pre-init called
[2019.05.18-17.50.33:431][  0]LogEngine: Initializing Engine...
[2019.05.18-17.50.33:433][  0]LogHMD: Failed to initialize OpenVR with code 110
[2019.05.18-17.50.33:435][  0]LogStats: UGameplayTagsManager::ConstructGameplayTagTree: ImportINI prefixes -  0.000 s
[2019.05.18-17.50.33:435][  0]LogStats: UGameplayTagsManager::ConstructGameplayTagTree: Construct from data asset -  0.000 s
[2019.05.18-17.50.33:435][  0]LogStats: UGameplayTagsManager::ConstructGameplayTagTree: ImportINI -  0.000 s
[2019.05.18-17.50.33:435][  0]LogStats: UGameplayTagsManager::ConstructGameplayTagTree: GameplayTagTreeChangedEvent.Broadcast -  0.000 s
[2019.05.18-17.50.33:651][  0]LogInit: Initializing FReadOnlyCVARCache
[2019.05.18-17.50.33:688][  0]LogAIModule: Creating AISystem for world Untitled
[2019.05.18-17.50.33:712][  0]LogInit: XAudio2 using 'Speakers (Realtek(R) Audio)' : 6 channels at 44.1 kHz using 32 bits per sample (channel mask 0x3f)
[2019.05.18-17.50.33:723][  0]LogInit: FAudioDevice initialized.
[2019.05.18-17.50.33:723][  0]LogNetVersion: Set ProjectVersion to 1.0.0.0. Version Checksum will be recalculated on next use.
[2019.05.18-17.50.33:795][  0]LogDerivedDataCache: Saved boot cache 0.07s 85MB C:/Users/cstew/AppData/Local/UnrealEngine/4.20/DerivedDataCache/Boot.ddc.
[2019.05.18-17.50.33:800][  0]LogInit: Texture streaming: Enabled
[2019.05.18-17.50.33:831][  0]LogEngineSessionManager: EngineSessionManager initialized
[2019.05.18-17.50.33:848][  0]LogInit: Transaction tracking system initialized
[2019.05.18-17.50.33:904][  0]BlueprintLog: New page: Editor Load
[2019.05.18-17.50.34:097][  0]LocalizationService: Localization service is disabled
[2019.05.18-17.50.34:510][  0]LogCook: Display: Max memory allowance for cook 16384mb min free memory 0mb
[2019.05.18-17.50.34:511][  0]LogCook: Display: Mobile HDR setting 1
[2019.05.18-17.50.34:511][  0]LogGameplayTags: Display: UGameplayTagsManager::DoneAddingNativeTags. DelegateIsBound: 0
[2019.05.18-17.50.34:511][  0]LogStats: UGameplayTagsManager::ConstructGameplayTagTree: ImportINI prefixes -  0.000 s
[2019.05.18-17.50.34:511][  0]LogStats: UGameplayTagsManager::ConstructGameplayTagTree: Construct from data asset -  0.000 s
[2019.05.18-17.50.34:511][  0]LogStats: UGameplayTagsManager::ConstructGameplayTagTree: ImportINI -  0.000 s
[2019.05.18-17.50.34:511][  0]LogStats: UGameplayTagsManager::ConstructGameplayTagTree: GameplayTagTreeChangedEvent.Broadcast -  0.000 s
[2019.05.18-17.50.34:821][  0]LogFileCache: Scanning file cache for directory 'C:/Users/cstew/Documents/Unreal Projects/Atlanta_North_4.20/Content/' took 0.02s
[2019.05.18-17.50.34:821][  0]SourceControl: Source control is disabled
[2019.05.18-17.50.34:930][  0]LogSlate: Took 0.004095 seconds to synchronously load lazily loaded font '../../../Engine/Content/Slate/Fonts/Roboto-Regular.ttf' (155K)
[2019.05.18-17.50.56:524][  0]LogSlate: Window 'Restore Packages' being destroyed
[2019.05.18-17.50.56:525][  0]LogWindowsTextInputMethodSystem: Display: IME system now deactivated.
[2019.05.18-17.50.56:529][  0]LogWindowsTextInputMethodSystem: Display: IME system now deactivated.
[2019.05.18-17.50.56:542][  0]Cmd: MAP LOAD FILE="../../../../../../Users/cstew/Documents/Unreal Projects/Atlanta_North_4.20/Content/3BG.umap" TEMPLATE=0 SHOWPROGRESS=1 FEATURELEVEL=3
[2019.05.18-17.50.56:546][  0]LightingResults: New page: Lighting Build
[2019.05.18-17.50.56:554][  0]MapCheck: New page: Map Check
[2019.05.18-17.50.56:554][  0]LightingResults: New page: Lighting Build
[2019.05.18-17.50.59:657][  0]LogTexture: Display: Building textures: HQ_Lightmap0_5 (AutoDXT, 64X64)
[2019.05.18-17.50.59:657][  0]LogTexture: Display: Building textures: HQ_Lightmap0_4 (AutoDXT, 1024X1024)
[2019.05.18-17.50.59:657][  0]LogTexture: Display: Building textures: LQ_Lightmap_0_5 (DXT1, 64X64)
[2019.05.18-17.50.59:657][  0]LogTexture: Display: Building textures: LQ_Lightmap_0_4 (DXT1, 1024X1024)
[2019.05.18-17.50.59:657][  0]LogTexture: Display: Building textures: LQ_Lightmap_0_1 (DXT1, 1024X1024)
[2019.05.18-17.50.59:657][  0]LogTexture: Display: Building textures: HQ_Lightmap0_2 (AutoDXT, 1024X1024)
[2019.05.18-17.50.59:657][  0]LogTexture: Display: Building textures: HQ_Lightmap0_1 (AutoDXT, 1024X1024)
[2019.05.18-17.50.59:657][  0]LogTexture: Display: Building textures: LQ_Lightmap_0_2 (DXT1, 1024X1024)
[2019.05.18-17.50.59:657][  0]LogTexture: Display: Building textures: HQ_Lightmap0_3 (AutoDXT, 1024X1024)
[2019.05.18-17.50.59:657][  0]LogTexture: Display: Building textures: LQ_Lightmap_0_3 (DXT1, 1024X1024)
[2019.05.18-17.51.01:085][  0]LogMaterial: Display: Missing cached shader map for material LightGlow, compiling. 
[2019.05.18-17.51.01:086][  0]LogMaterial: Warning: C:\Users\cstew\Documents\Unreal Projects\Atlanta_North_4.20\Content\WH\group18\Beam1\Light1\LightGlow.uasset: Failed to compile Material for platform PCD3D_SM5, Default Material will be used in game.
[2019.05.18-17.51.01:087][  0]LogMaterial: 	(Node TextureSample) TextureSample> Sampler type is Color, should be Linear Color for /Game/WH/group18/Beam1/Light1/LightGlow2.LightGlow2
[2019.05.18-17.51.01:087][  0]LogMaterial: 	(Node TextureSample) TextureSample> Sampler type is Color, should be Linear Color for /Game/WH/group18/Beam1/Light1/LightGlow4.LightGlow4
[2019.05.18-17.51.02:946][  0]LogMaterial: Display: Missing cached shader map for material LightBulb, compiling. 
[2019.05.18-17.51.02:946][  0]LogMaterial: Warning: C:\Users\cstew\Documents\Unreal Projects\Atlanta_North_4.20\Content\WH\group18\Beam1\Light1\LightBulb.uasset: Failed to compile Material for platform PCD3D_SM5, Default Material will be used in game.
[2019.05.18-17.51.02:946][  0]LogMaterial: 	(Node TextureSample) TextureSample> Sampler type is Color, should be Linear Color for /Game/WH/group18/Beam1/Light1/LightGlow3.LightGlow3
[2019.05.18-17.51.03:146][  0]LogAIModule: Creating AISystem for world 3BG
[2019.05.18-17.51.03:161][  0]LogMaterial: Warning: Material /Game/Area1/WallsALL/WindGlassE7.WindGlassE7 needed to have new flag set bUsedWithStaticLighting !
[2019.05.18-17.51.03:166][  0]LogMaterial: Display: Missing cached shader map for material WindGlassE7, compiling. 
[2019.05.18-17.51.03:246][  0]MapCheck: Warning: WindGlassE7 Material /Game/Area1/WallsALL/WindGlassE7.WindGlassE7 was missing the usage flag bUsedWithStaticLighting. If the material asset is not re-saved, it may not render correctly when run outside the editor. Fix
[2019.05.18-17.51.03:281][  0]LogShaderCompilers: Display: Shaders left to compile 43
[2019.05.18-17.51.03:281][  0]LogShaderCompilers: Display: Shaders left to compile 33
[2019.05.18-17.51.03:281][  0]LogShaderCompilers: Display: Shaders left to compile 23
[2019.05.18-17.51.03:281][  0]LogShaderCompilers: Display: Shaders left to compile 13
[2019.05.18-17.51.03:281][  0]LogShaderCompilers: Display: Shaders left to compile 3
[2019.05.18-17.51.03:281][  0]LogEditorServer: Finished looking for orphan Actors (0.000 secs)
[2019.05.18-17.51.03:315][  0]Cmd: MAP CHECKDEP NOCLEARLOG
[2019.05.18-17.51.03:550][  0]MapCheck: Map check complete: 0 Error(s), 1 Warning(s), took 234.451ms to complete.
[2019.05.18-17.51.03:565][  0]LogFileHelpers: Loading map '3BG' took 7.023
[2019.05.18-17.51.03:638][  0]LogSlate: Updating window title bar state: overlay mode, drag disabled, window buttons hidden, title bar hidden
[2019.05.18-17.51.03:646][  0]LogSlate: Updating window title bar state: overlay mode, drag disabled, window buttons hidden, title bar hidden
[2019.05.18-17.51.03:653][  0]LogSlate: Updating window title bar state: overlay mode, drag disabled, window buttons hidden, title bar hidden
[2019.05.18-17.51.03:659][  0]LogSlate: Updating window title bar state: overlay mode, drag disabled, window buttons hidden, title bar hidden
[2019.05.18-17.51.03:676][  0]LogCollectionManager: Loaded 0 collections in 0.001682 seconds
[2019.05.18-17.51.03:732][  0]LogFileCache: Scanning file cache for directory 'C:/Users/cstew/Documents/Unreal Projects/Atlanta_North_4.20/Saved/Collections/' took 0.01s
[2019.05.18-17.51.03:732][  0]LogFileCache: Scanning file cache for directory 'C:/Users/cstew/Documents/Unreal Projects/Atlanta_North_4.20/Content/Developers/cstew/Collections/' took 0.01s
[2019.05.18-17.51.03:732][  0]LogFileCache: Scanning file cache for directory 'C:/Users/cstew/Documents/Unreal Projects/Atlanta_North_4.20/Content/Collections/' took 0.01s
[2019.05.18-17.51.03:732][  0]LogCollectionManager: Rebuilt the GUID cache for 0 collections in 0.000000 seconds
[2019.05.18-17.51.03:745][  0]LogContentBrowser: Native class hierarchy populated in 0.0113 seconds. Added 2572 classes and 603 folders.
[2019.05.18-17.51.03:757][  0]LogContentBrowser: Native class hierarchy updated for 'WidgetCarousel' in 0.0002 seconds. Added 0 classes and 0 folders.
[2019.05.18-17.51.03:926][  0]LogContentBrowser: Native class hierarchy updated for 'AddContentDialog' in 0.0003 seconds. Added 0 classes and 0 folders.
[2019.05.18-17.51.03:945][  0]LogContentBrowser: Native class hierarchy updated for 'SceneOutliner' in 0.0002 seconds. Added 1 classes and 2 folders.
[2019.05.18-17.51.04:023][  0]LogSlate: Took 0.001925 seconds to synchronously load lazily loaded font '../../../Engine/Content/Slate/Fonts/Roboto-Bold.ttf' (160K)
[2019.05.18-17.51.04:032][  0]LogSlate: Took 0.001412 seconds to synchronously load lazily loaded font '../../../Engine/Content/Editor/Slate/Fonts/FontAwesome.ttf' (139K)
[2019.05.18-17.51.04:035][  0]LogSlate: Took 0.001129 seconds to synchronously load lazily loaded font '../../../Engine/Content/Slate/Fonts/DroidSansMono.ttf' (77K)
[2019.05.18-17.51.04:152][  0]LogRenderer: Reallocating scene render targets to support 604x288 Format 10 NumSamples 1 (Frame:1).
[2019.05.18-17.51.04:202][  0]LogRenderer: Reallocating scene render targets to support 1208x576 Format 10 NumSamples 1 (Frame:1).
[2019.05.18-17.51.04:276][  0]LogSlate: Took 0.001632 seconds to synchronously load lazily loaded font '../../../Engine/Content/Slate/Fonts/Roboto-Light.ttf' (167K)
[2019.05.18-17.51.04:389][  0]LogContentBrowser: Native class hierarchy updated for 'HierarchicalLODOutliner' in 0.0004 seconds. Added 0 classes and 0 folders.
[2019.05.18-17.51.04:390][  0]LogLoad: (Engine Initialization) Total time: 43.92 seconds
[2019.05.18-17.51.04:390][  0]LogLoad: (Engine Initialization) Total Blueprint compile time: 0.00 seconds
[2019.05.18-17.51.04:446][  0]LogContentStreaming: Texture pool size now 1000 MB
[2019.05.18-17.51.04:490][  1]LogSlate: FSceneViewport::OnFocusLost() reason 0
[2019.05.18-17.51.04:542][  2]LogAssetRegistry: Asset discovery search completed in 35.2709 seconds
[2019.05.18-17.51.04:545][  2]LogCollectionManager: Rebuilt the object cache for 0 collections in 0.000001 seconds (found 0 objects)
[2019.05.18-17.51.04:545][  2]LogCollectionManager: Fixed up redirectors for 0 collections in 0.000352 seconds (updated 0 objects)
[2019.05.18-17.51.42:860][287]LogSlate: FSceneViewport::OnFocusLost() reason 0
[2019.05.18-17.53.52:428][680]LogSlate: Window 'Message Log' being destroyed
[2019.05.18-17.53.52:432][680]LogSlate: Window 'Output Log' being destroyed
[2019.05.18-17.53.52:435][680]LogSlate: Window 'Atlanta_20a - Unreal Editor' being destroyed
