Log file open, 06/04/19 09:59:16
LogWindows: Failed to load 'aqProf.dll' (GetLastError=126)
LogWindows: File 'aqProf.dll' does not exist
LogWindows: Failed to load 'VSPerf140.dll' (GetLastError=126)
LogWindows: File 'VSPerf140.dll' does not exist
LogWindows: Failed to load 'VtuneApi.dll' (GetLastError=126)
LogWindows: File 'VtuneApi.dll' does not exist
LogWindows: Failed to load 'VtuneApi32e.dll' (GetLastError=126)
LogWindows: File 'VtuneApi32e.dll' does not exist
LogInit: Display: Running engine for game: Atlanta_20a
LogPlatformFile: Not using cached read wrapper
LogTaskGraph: Started task graph with 5 named threads and 35 total threads with 3 sets of task threads.
LogStats: Stats thread started at 0.419372
LogD3D11RHI: Loaded GFSDK_Aftermath_Lib.x64.dll
LogICUInternationalization: Display: ICU TimeZone Detection - Raw Offset: -5:00, Platform Override: ''
LogPluginManager: Mounting plugin Paper2D
LogPluginManager: Mounting plugin AISupport
LogPluginManager: Mounting plugin LightPropagationVolume
LogPluginManager: Mounting plugin CLionSourceCodeAccess
LogPluginManager: Mounting plugin CodeLiteSourceCodeAccess
LogPluginManager: Mounting plugin GitSourceControl
LogPluginManager: Mounting plugin KDevelopSourceCodeAccess
LogPluginManager: Mounting plugin NullSourceCodeAccess
LogPluginManager: Mounting plugin PerforceSourceControl
LogPluginManager: Mounting plugin SubversionSourceControl
LogPluginManager: Mounting plugin UObjectPlugin
LogPluginManager: Mounting plugin VisualStudioCodeSourceCodeAccess
LogPluginManager: Mounting plugin VisualStudioSourceCodeAccess
LogPluginManager: Mounting plugin XCodeSourceCodeAccess
LogPluginManager: Mounting plugin AssetManagerEditor
LogPluginManager: Mounting plugin CryptoKeys
LogPluginManager: Mounting plugin DataValidation
LogPluginManager: Mounting plugin FacialAnimation
LogPluginManager: Mounting plugin GameplayTagsEditor
LogPluginManager: Mounting plugin MacGraphicsSwitching
LogPluginManager: Mounting plugin MeshEditor
LogPluginManager: Mounting plugin MobileLauncherProfileWizard
LogPluginManager: Mounting plugin PluginBrowser
LogPluginManager: Mounting plugin SpeedTreeImporter
LogPluginManager: Mounting plugin DatasmithContent
LogPluginManager: Mounting plugin AlembicImporter
LogPluginManager: Mounting plugin AppleImageUtils
LogPluginManager: Mounting plugin AppleVision
LogPluginManager: Mounting plugin BackChannel
LogPluginManager: Mounting plugin CharacterAI
LogPluginManager: Mounting plugin GeometryCache
LogPluginManager: Mounting plugin HTML5Networking
LogPluginManager: Mounting plugin ProxyLODPlugin
LogPluginManager: Mounting plugin MagicLeap
LogPluginManager: Mounting plugin MagicLeapEmulator
LogPluginManager: Mounting plugin MagicLeapMedia
LogPluginManager: Mounting plugin AndroidMedia
LogPluginManager: Mounting plugin AvfMedia
LogPluginManager: Mounting plugin ImgMedia
LogPluginManager: Mounting plugin LinearTimecode
LogPluginManager: Mounting plugin MediaCompositing
LogPluginManager: Mounting plugin MediaPlayerEditor
LogPluginManager: Mounting plugin WmfMedia
LogPluginManager: Mounting plugin TcpMessaging
LogPluginManager: Mounting plugin UdpMessaging
LogPluginManager: Mounting plugin ActorSequence
LogPluginManager: Mounting plugin LevelSequenceEditor
LogPluginManager: Mounting plugin MatineeToLevelSequence
LogPluginManager: Mounting plugin NetcodeUnitTest
LogPluginManager: Mounting plugin NUTUnrealEngine4
LogPluginManager: Mounting plugin OnlineSubsystemGooglePlay
LogPluginManager: Mounting plugin OnlineSubsystemIOS
LogPluginManager: Mounting plugin OnlineSubsystem
LogPluginManager: Mounting plugin OnlineSubsystemNull
LogPluginManager: Mounting plugin OnlineSubsystemUtils
LogPluginManager: Mounting plugin LauncherChunkInstaller
LogPluginManager: Mounting plugin AndroidDeviceProfileSelector
LogPluginManager: Mounting plugin AndroidMoviePlayer
LogPluginManager: Mounting plugin AndroidPermission
LogPluginManager: Mounting plugin AppleMoviePlayer
LogPluginManager: Mounting plugin ArchVisCharacter
LogPluginManager: Mounting plugin AudioCapture
LogPluginManager: Mounting plugin CableComponent
LogPluginManager: Mounting plugin CustomMeshComponent
LogPluginManager: Mounting plugin EditableMesh
LogPluginManager: Mounting plugin ExampleDeviceProfileSelector
LogPluginManager: Mounting plugin GoogleCloudMessaging
LogPluginManager: Mounting plugin ImmediatePhysics
LogPluginManager: Mounting plugin IOSDeviceProfileSelector
LogPluginManager: Mounting plugin LinuxDeviceProfileSelector
LogPluginManager: Mounting plugin LocationServicesBPLibrary
LogPluginManager: Mounting plugin MobilePatchingUtils
LogPluginManager: Mounting plugin OculusVR
LogPluginManager: Plugin shader directory ../../../Engine/Plugins/Runtime/Oculus/OculusVR/Shaders found
LogPluginManager: Mapping shader source directory ../../../Engine/Plugins/Runtime/Oculus/OculusVR/Shaders to virtual directory /Plugin/OculusVR
LogPluginManager: Mounting plugin PhysXVehicles
LogPluginManager: Mounting plugin ProceduralMeshComponent
LogPluginManager: Mounting plugin RuntimePhysXCooking
LogPluginManager: Mounting plugin SteamVR
LogPluginManager: Mounting plugin WindowsMoviePlayer
LogStreaming: Display: Took  0.078s to configure plugins.
LogInit: Using libcurl 7.55.1-DEV
LogInit:  - built for x86_64-pc-win32
LogInit:  - supports SSL with OpenSSL/1.0.2h
LogInit:  - supports HTTP deflate (compression) using libz 1.2.8
LogInit:  - other features:
LogInit:      CURL_VERSION_SSL
LogInit:      CURL_VERSION_LIBZ
LogInit:      CURL_VERSION_IPV6
LogInit:      CURL_VERSION_ASYNCHDNS
LogInit:      CURL_VERSION_LARGEFILE
LogInit:      CURL_VERSION_IDN
LogInit:  CurlRequestOptions (configurable via config and command line):
LogInit:  - bVerifyPeer = false  - Libcurl will NOT verify peer certificate
LogInit:  - bUseHttpProxy = false  - Libcurl will NOT use HTTP proxy
LogInit:  - bDontReuseConnections = false  - Libcurl will reuse connections
LogInit:  - CertBundlePath = nullptr  - Libcurl will use whatever was configured at build time.
LogInit:  - MaxHostConnections = 16  - Libcurl will limit the number of connections to a host
LogInit:  - LocalHostAddr = Default
LogInit:  - BufferSize = 65536
LogInit: WinSock: version 1.1 (2.2), MaxSocks=32767, MaxUdp=65467
LogHMD: Failed initializing OVRPlugin 1.25.0
LogInit: Build: ++UE4+Release-4.20-CL-4369336
LogInit: Engine Version: 4.20.3-4369336+++UE4+Release-4.20
LogInit: Compatible Engine Version: 4.20.0-4212847+++UE4+Release-4.20
LogInit: Net CL: 4212847
LogInit: OS: Windows 10 (), CPU: Intel(R) Core(TM) i7-8850H CPU @ 2.60GHz, GPU: NVIDIA GeForce GTX 1080
LogInit: Compiled (64-bit): Sep 17 2018 12:26:19
LogInit: Compiled with Visual C++: 19.13.26129.00
LogInit: Build Configuration: Development
LogInit: Branch Name: ++UE4+Release-4.20
LogInit: Command Line:  
LogInit: Base Directory: C:/Program Files/Epic Games/UE_4.20/Engine/Binaries/Win64/
LogInit: Installed Engine Build: 1
LogDevObjectVersion: Number of dev versions registered: 20
LogDevObjectVersion:   Dev-Blueprints (B0D832E4-1F89-4F0D-ACCF-7EB736FD4AA2): 10
LogDevObjectVersion:   Dev-Build (E1C64328-A22C-4D53-A36C-8E866417BD8C): 0
LogDevObjectVersion:   Dev-Core (375EC13C-06E4-48FB-B500-84F0262A717E): 2
LogDevObjectVersion:   Dev-Editor (E4B068ED-F494-42E9-A231-DA0B2E46BB41): 24
LogDevObjectVersion:   Dev-Framework (CFFC743F-43B0-4480-9391-14DF171D2073): 34
LogDevObjectVersion:   Dev-Mobile (B02B49B5-BB20-44E9-A304-32B752E40360): 2
LogDevObjectVersion:   Dev-Networking (A4E4105C-59A1-49B5-A7C5-40C4547EDFEE): 0
LogDevObjectVersion:   Dev-Online (39C831C9-5AE6-47DC-9A44-9C173E1C8E7C): 0
LogDevObjectVersion:   Dev-Physics (78F01B33-EBEA-4F98-B9B4-84EACCB95AA2): 0
LogDevObjectVersion:   Dev-Platform (6631380F-2D4D-43E0-8009-CF276956A95A): 0
LogDevObjectVersion:   Dev-Rendering (12F88B9F-8875-4AFC-A67C-D90C383ABD29): 26
LogDevObjectVersion:   Dev-Sequencer (7B5AE74C-D270-4C10-A958-57980B212A5A): 9
LogDevObjectVersion:   Dev-VR (D7296918-1DD6-4BDD-9DE2-64A83CC13884): 2
LogDevObjectVersion:   Dev-LoadTimes (C2A15278-BFE7-4AFE-6C17-90FF531DF755): 1
LogDevObjectVersion:   Private-Geometry (6EACA3D4-40EC-4CC1-B786-8BED09428FC5): 3
LogDevObjectVersion:   Dev-AnimPhys (29E575DD-E0A3-4627-9D10-D276232CDCEA): 17
LogDevObjectVersion:   Dev-ReflectionCapture (6B266CEC-1EC7-4B8F-A30B-E4D90942FC07): 1
LogDevObjectVersion:   Dev-Automation (0DF73D61-A23F-47EA-B727-89E90C41499A): 1
LogDevObjectVersion:   FortniteMain (601D1886-AC64-4F84-AA16-D3DE0DEAC7D6): 12
LogDevObjectVersion:   Dev-Enterprise (9DFFBCD6-494F-0158-E221-12823C92A888): 1
LogStreaming: Display: Took  0.000s to delete old logs.
LogInit: Presizing for max 8388607 objects, including 0 objects not considered by GC, pre-allocating 0 bytes for permanent pool.
LogInit: Object subsystem initialized
[2019.06.04-13.59.17:414][  0]LogInit: Selected Device Profile: [Windows]
[2019.06.04-13.59.17:414][  0]LogInit: Applying CVar settings loaded from the selected device profile: [Windows]
[2019.06.04-13.59.17:426][  0]LogHAL: Display: Platform has ~ 64 GB [68634288128 / 68719476736 / 64], which maps to Largest [LargestMinGB=32, LargerMinGB=12, DefaultMinGB=8, SmallerMinGB=6, SmallestMinGB=0)
[2019.06.04-13.59.17:426][  0]LogInit: Setting Device Profile CVar: [[r.Vulkan.UseRealUBs:1]]
[2019.06.04-13.59.17:426][  0]LogInit: Going up to parent DeviceProfile []
[2019.06.04-13.59.17:427][  0]LogInit: Computer: MSI
[2019.06.04-13.59.17:427][  0]LogInit: User: cstew
[2019.06.04-13.59.17:427][  0]LogInit: CPU Page size=4096, Cores=6
[2019.06.04-13.59.17:427][  0]LogInit: High frequency timer resolution =10.000000 MHz
[2019.06.04-13.59.17:427][  0]LogMemory: Memory total: Physical=63.9GB (64GB approx)
[2019.06.04-13.59.17:427][  0]LogMemory: Platform Memory Stats for Windows
[2019.06.04-13.59.17:427][  0]LogMemory: Process Physical Memory: 105.11 MB used, 105.11 MB peak
[2019.06.04-13.59.17:427][  0]LogMemory: Process Virtual Memory: 89.52 MB used, 89.52 MB peak
[2019.06.04-13.59.17:427][  0]LogMemory: Physical Memory: 28071.53 MB used,  37383.23 MB free, 65454.76 MB total
[2019.06.04-13.59.17:427][  0]LogMemory: Virtual Memory: 4673.36 MB used,  37383.23 MB free, 134217728.00 MB total
[2019.06.04-13.59.17:882][  0]LogInit: Using OS detected language (en-US).
[2019.06.04-13.59.17:882][  0]LogInit: Using OS detected locale (en-US).
[2019.06.04-13.59.17:882][  0]LogTextLocalizationManager: No specific localization for 'en-US' exists, so the 'en' localization will be used.
[2019.06.04-13.59.18:193][  0]LogStreaming: Display: Took  0.311s to InitEngineTextLocalization.
[2019.06.04-13.59.18:193][  0]LogInit: Setting process to per monitor DPI aware
[2019.06.04-13.59.18:226][  0]LogSlate: New Slate User Created.  User Index 0, Is Virtual User: 0
[2019.06.04-13.59.18:226][  0]LogSlate: Slate User Registered.  User Index 0, Is Virtual User: 0
[2019.06.04-13.59.18:409][  0]LogHMD: Failed to initialize OpenVR with code 110
[2019.06.04-13.59.18:409][  0]LogD3D11RHI: D3D11 adapters:
[2019.06.04-13.59.18:460][  0]LogD3D11RHI:    0. 'NVIDIA GeForce GTX 1080' (Feature Level 11_0)
[2019.06.04-13.59.18:460][  0]LogD3D11RHI:       8079/0/32727 MB DedicatedVideo/DedicatedSystem/SharedSystem, Outputs:2, VendorId:0x10de
[2019.06.04-13.59.18:462][  0]LogD3D11RHI:    1. 'Microsoft Basic Render Driver' (Feature Level 11_0)
[2019.06.04-13.59.18:462][  0]LogD3D11RHI:       0/0/32727 MB DedicatedVideo/DedicatedSystem/SharedSystem, Outputs:0, VendorId:0x1414
[2019.06.04-13.59.18:464][  0]LogD3D11RHI:    2. 'Microsoft Basic Render Driver' (Feature Level 11_0)
[2019.06.04-13.59.18:464][  0]LogD3D11RHI:       0/0/32727 MB DedicatedVideo/DedicatedSystem/SharedSystem, Outputs:0, VendorId:0x1414
[2019.06.04-13.59.18:466][  0]LogD3D11RHI:    3. 'Microsoft Basic Render Driver' (Feature Level 11_0)
[2019.06.04-13.59.18:466][  0]LogD3D11RHI:       0/0/32727 MB DedicatedVideo/DedicatedSystem/SharedSystem, Outputs:0, VendorId:0x1414
[2019.06.04-13.59.18:466][  0]LogD3D11RHI: Chosen D3D11 Adapter: 0
[2019.06.04-13.59.18:475][  0]LogD3D11RHI: Creating new Direct3DDevice
[2019.06.04-13.59.18:475][  0]LogD3D11RHI:     GPU DeviceId: 0x1be0 (for the marketing name, search the web for "GPU Device Id")
[2019.06.04-13.59.18:475][  0]LogWindows: EnumDisplayDevices:
[2019.06.04-13.59.18:476][  0]LogWindows:    0. 'NVIDIA GeForce GTX 1080' (P:1 D:1)
[2019.06.04-13.59.18:476][  0]LogWindows:    1. 'NVIDIA GeForce GTX 1080' (P:0 D:0)
[2019.06.04-13.59.18:476][  0]LogWindows:    2. 'NVIDIA GeForce GTX 1080' (P:0 D:0)
[2019.06.04-13.59.18:476][  0]LogWindows:    3. 'NVIDIA GeForce GTX 1080' (P:0 D:0)
[2019.06.04-13.59.18:476][  0]LogWindows:    4. 'DisplayLink USB Device' (P:0 D:0)
[2019.06.04-13.59.18:477][  0]LogWindows:    5. 'DisplayLink USB Device' (P:0 D:1)
[2019.06.04-13.59.18:477][  0]LogWindows: DebugString: GetVideoDriverDetailsInvalid PrimaryIsNotTheChoosenAdapter GetVideoDriverDetailsInvalid PrimaryIsNotTheChoosenAdapter FoundDriverCount:4 
[2019.06.04-13.59.18:477][  0]LogD3D11RHI:     Adapter Name: NVIDIA GeForce GTX 1080
[2019.06.04-13.59.18:477][  0]LogD3D11RHI:   Driver Version: 430.64 (internal:26.21.14.3064, unified:430.64)
[2019.06.04-13.59.18:477][  0]LogD3D11RHI:      Driver Date: 5-5-2019
[2019.06.04-13.59.18:477][  0]LogRHI: Texture pool is 5655 MB (70% of 8079 MB)
[2019.06.04-13.59.18:513][  0]LogD3D11RHI: Async texture creation enabled
[2019.06.04-13.59.18:531][  0]LogD3D11RHI: GPU Timing Frequency: 1000.000000 (Debug: 2 1)
[2019.06.04-13.59.18:576][  0]LogShaderCompilers: Guid format shader working directory is 4 characters bigger than the processId version (D:/Github/UnReal2Bstorm/Atlanta_North_4.20/Intermediate/Shaders/WorkingDirectory/1260/).
[2019.06.04-13.59.18:576][  0]LogShaderCompilers: Cleaned the shader compiler working directory 'C:/Users/cstew/AppData/Local/Temp/UnrealShaderWorkingDir/2AE2C9F845C64A8B767296B5CE1461DA/'.
[2019.06.04-13.59.18:900][  0]LogTemp: Display: Loaded TP AllDesktopTargetPlatform
[2019.06.04-13.59.18:922][  0]LogTemp: Display: Loaded TP MacClientTargetPlatform
[2019.06.04-13.59.18:938][  0]LogTemp: Display: Loaded TP MacNoEditorTargetPlatform
[2019.06.04-13.59.18:957][  0]LogTemp: Display: Loaded TP MacServerTargetPlatform
[2019.06.04-13.59.18:971][  0]LogTemp: Display: Loaded TP MacTargetPlatform
[2019.06.04-13.59.18:981][  0]LogTemp: Display: Loaded TP WindowsClientTargetPlatform
[2019.06.04-13.59.18:992][  0]LogTemp: Display: Loaded TP WindowsNoEditorTargetPlatform
[2019.06.04-13.59.19:009][  0]LogTemp: Display: Loaded TP WindowsServerTargetPlatform
[2019.06.04-13.59.19:014][  0]LogTemp: Display: Loaded TP WindowsTargetPlatform
[2019.06.04-13.59.19:086][  0]LogTemp: Display: Loaded TP AndroidTargetPlatform
[2019.06.04-13.59.19:086][  0]LogTemp: Display: Loaded TP AndroidTargetPlatform
[2019.06.04-13.59.19:086][  0]LogTemp: Display: Loaded TP AndroidTargetPlatform
[2019.06.04-13.59.19:086][  0]LogTemp: Display: Loaded TP AndroidTargetPlatform
[2019.06.04-13.59.19:086][  0]LogTemp: Display: Loaded TP AndroidTargetPlatform
[2019.06.04-13.59.19:086][  0]LogTemp: Display: Loaded TP AndroidTargetPlatform
[2019.06.04-13.59.19:086][  0]LogTemp: Display: Loaded TP AndroidTargetPlatform
[2019.06.04-13.59.19:086][  0]LogTemp: Display: Loaded TP AndroidTargetPlatform
[2019.06.04-13.59.19:086][  0]LogTemp: Display: Loaded TP AndroidTargetPlatform
[2019.06.04-13.59.19:086][  0]LogTemp: Display: Loaded TP AndroidTargetPlatform
[2019.06.04-13.59.19:086][  0]LogTemp: Display: Loaded TP AndroidTargetPlatform
[2019.06.04-13.59.19:086][  0]LogTemp: Display: Loaded TP AndroidTargetPlatform
[2019.06.04-13.59.19:086][  0]LogTemp: Display: Loaded TP AndroidTargetPlatform
[2019.06.04-13.59.19:086][  0]LogTemp: Display: Loaded TP AndroidTargetPlatform
[2019.06.04-13.59.19:086][  0]LogTemp: Display: Loaded TP AndroidTargetPlatform
[2019.06.04-13.59.19:086][  0]LogTemp: Display: Loaded TP AndroidTargetPlatform
[2019.06.04-13.59.19:086][  0]LogTemp: Display: Loaded TP AndroidTargetPlatform
[2019.06.04-13.59.19:086][  0]LogTemp: Display: Loaded TP AndroidTargetPlatform
[2019.06.04-13.59.19:092][  0]LogTemp: Display: Loaded TP HTML5TargetPlatform
[2019.06.04-13.59.19:159][  0]LogTemp: Display: Loaded TP IOSTargetPlatform
[2019.06.04-13.59.19:159][  0]LogTemp: Display: Loaded TP IOSTargetPlatform
[2019.06.04-13.59.19:183][  0]LogTemp: Display: Loaded TP TVOSTargetPlatform
[2019.06.04-13.59.19:183][  0]LogTemp: Display: Loaded TP TVOSTargetPlatform
[2019.06.04-13.59.19:199][  0]LogTemp: Display: Loaded TP LinuxClientTargetPlatform
[2019.06.04-13.59.19:213][  0]LogTemp: Display: Loaded TP LinuxNoEditorTargetPlatform
[2019.06.04-13.59.19:232][  0]LogTemp: Display: Loaded TP LinuxServerTargetPlatform
[2019.06.04-13.59.19:245][  0]LogTemp: Display: Loaded TP LinuxTargetPlatform
[2019.06.04-13.59.19:255][  0]LogTemp: Display: Loaded TP LuminTargetPlatform
[2019.06.04-13.59.19:255][  0]LogTargetPlatformManager: Display: Building Assets For Windows
[2019.06.04-13.59.19:367][  0]LogXGEController: Cannot use XGE Controller as Incredibuild is not installed on this machine.
[2019.06.04-13.59.19:367][  0]LogShaderCompilers: Cannot use XGE Shader Compiler as Incredibuild is not installed on this machine.
[2019.06.04-13.59.19:367][  0]LogShaderCompilers: Display: Using Local Shader Compiler.
[2019.06.04-13.59.20:079][  0]LogDerivedDataCache: Display: Max Cache Size: 512 MB
[2019.06.04-13.59.20:128][  0]LogDerivedDataCache: Loaded boot cache 0.05s 85MB C:/Users/cstew/AppData/Local/UnrealEngine/4.20/DerivedDataCache/Boot.ddc.
[2019.06.04-13.59.20:128][  0]LogDerivedDataCache: Display: Loaded Boot cache: C:/Users/cstew/AppData/Local/UnrealEngine/4.20/DerivedDataCache/Boot.ddc
[2019.06.04-13.59.20:128][  0]LogDerivedDataCache: FDerivedDataBackendGraph:  Pak pak cache file D:/Github/UnReal2Bstorm/Atlanta_North_4.20/DerivedDataCache/DDC.ddp not found, will not use a pak cache.
[2019.06.04-13.59.20:128][  0]LogDerivedDataCache: Unable to find inner node Pak for hierarchical cache Hierarchy.
[2019.06.04-13.59.20:128][  0]LogDerivedDataCache: FDerivedDataBackendGraph:  CompressedPak pak cache file D:/Github/UnReal2Bstorm/Atlanta_North_4.20/DerivedDataCache/Compressed.ddp not found, will not use a pak cache.
[2019.06.04-13.59.20:128][  0]LogDerivedDataCache: Unable to find inner node CompressedPak for hierarchical cache Hierarchy.
[2019.06.04-13.59.20:141][  0]LogDerivedDataCache: Display: Pak cache opened for reading ../../../Engine/DerivedDataCache/Compressed.ddp.
[2019.06.04-13.59.20:153][  0]LogDerivedDataCache: Using Local data cache path C:/Users/cstew/AppData/Local/UnrealEngine/Common/DerivedDataCache: Writable
[2019.06.04-13.59.20:153][  0]LogDerivedDataCache: Shared data cache path not found in *engine.ini, will not use an Shared cache.
[2019.06.04-13.59.20:153][  0]LogDerivedDataCache: Unable to find inner node Shared for hierarchical cache Hierarchy.
[2019.06.04-13.59.20:169][  0]LogMaterial: Verifying Global Shaders for PCD3D_SM5
[2019.06.04-13.59.20:170][  0]LogSlate: Using FreeType 2.6.0
[2019.06.04-13.59.20:176][  0]LogSlate: SlateFontServices - WITH_FREETYPE: 1, WITH_HARFBUZZ: 1
[2019.06.04-13.59.20:251][  0]LogAssetRegistry: FAssetRegistry took 0.0252 seconds to start up
[2019.06.04-13.59.20:510][  0]LogInit: Selected Device Profile: [Windows]
[2019.06.04-13.59.21:273][  0]LogSimplygon: Simplygon DLL not present - disabling.
[2019.06.04-13.59.21:277][  0]LogMeshReduction: Using SimplygonSwarm for distributed automatic mesh merging
[2019.06.04-13.59.21:277][  0]LogMeshReduction: Using ProxyLODMeshReduction for automatic mesh merging
[2019.06.04-13.59.21:277][  0]LogMeshReduction: Using QuadricMeshReduction for automatic static mesh reduction
[2019.06.04-13.59.21:277][  0]LogMeshReduction: No automatic skeletal mesh reduction module available
[2019.06.04-13.59.21:291][  0]LogNetVersion: Atlanta_20a 1.0.0, NetCL: 4212847, EngineNetVer: 5, GameNetVer: 0 (Checksum: 2576130420)
[2019.06.04-13.59.21:723][  0]LogPackageLocalizationCache: Processed 11 localized package path(s) for 2 prioritized culture(s) in 0.065688 seconds
[2019.06.04-13.59.21:728][  0]LogUObjectArray: 38425 objects as part of root set at end of initial load.
[2019.06.04-13.59.21:728][  0]LogUObjectAllocator: 6690872 out of 0 bytes used by permanent object pool.
[2019.06.04-13.59.21:728][  0]LogUObjectArray: CloseDisregardForGC: 0/0 objects in disregard for GC pool
[2019.06.04-13.59.22:638][  0]LogTcpMessaging: Initializing TcpMessaging bridge
[2019.06.04-13.59.22:655][  0]LogUdpMessaging: Initializing bridge on interface 0.0.0.0:0 to multicast group 230.0.0.1:6666.
[2019.06.04-13.59.22:827][  0]SourceControl: Source control is disabled
[2019.06.04-13.59.22:827][  0]SourceControl: Source control is disabled
[2019.06.04-13.59.22:828][  0]SourceControl: Source control is disabled
[2019.06.04-13.59.22:829][  0]SourceControl: Source control is disabled
[2019.06.04-13.59.23:096][  0]LogAndroidPermission: UAndroidPermissionCallbackProxy::GetInstance
[2019.06.04-13.59.23:505][  0]LogOcInput: OculusInput pre-init called
[2019.06.04-13.59.23:583][  0]LogEngine: Initializing Engine...
[2019.06.04-13.59.23:583][  0]LogHMD: Failed to initialize OpenVR with code 110
[2019.06.04-13.59.23:584][  0]LogStats: UGameplayTagsManager::ConstructGameplayTagTree: ImportINI prefixes -  0.000 s
[2019.06.04-13.59.23:584][  0]LogStats: UGameplayTagsManager::ConstructGameplayTagTree: Construct from data asset -  0.000 s
[2019.06.04-13.59.23:584][  0]LogStats: UGameplayTagsManager::ConstructGameplayTagTree: ImportINI -  0.000 s
[2019.06.04-13.59.23:584][  0]LogStats: UGameplayTagsManager::ConstructGameplayTagTree: GameplayTagTreeChangedEvent.Broadcast -  0.000 s
[2019.06.04-13.59.23:768][  0]LogInit: Initializing FReadOnlyCVARCache
[2019.06.04-13.59.23:779][  0]LogAIModule: Creating AISystem for world Untitled
[2019.06.04-13.59.23:786][  0]LogInit: XAudio2 using 'Speakers (Realtek(R) Audio)' : 6 channels at 44.1 kHz using 32 bits per sample (channel mask 0x3f)
[2019.06.04-13.59.23:799][  0]LogInit: FAudioDevice initialized.
[2019.06.04-13.59.23:799][  0]LogNetVersion: Set ProjectVersion to 1.0.0.0. Version Checksum will be recalculated on next use.
[2019.06.04-13.59.23:876][  0]LogDerivedDataCache: Saved boot cache 0.08s 85MB C:/Users/cstew/AppData/Local/UnrealEngine/4.20/DerivedDataCache/Boot.ddc.
[2019.06.04-13.59.23:888][  0]LogInit: Texture streaming: Enabled
[2019.06.04-13.59.23:914][  0]LogEngineSessionManager: EngineSessionManager initialized
[2019.06.04-13.59.23:929][  0]LogInit: Transaction tracking system initialized
[2019.06.04-13.59.23:960][  0]BlueprintLog: New page: Editor Load
[2019.06.04-13.59.24:075][  0]LocalizationService: Localization service is disabled
[2019.06.04-13.59.24:360][  0]LogCook: Display: Max memory allowance for cook 16384mb min free memory 0mb
[2019.06.04-13.59.24:360][  0]LogCook: Display: Mobile HDR setting 1
[2019.06.04-13.59.24:360][  0]LogGameplayTags: Display: UGameplayTagsManager::DoneAddingNativeTags. DelegateIsBound: 0
[2019.06.04-13.59.24:360][  0]LogStats: UGameplayTagsManager::ConstructGameplayTagTree: ImportINI prefixes -  0.000 s
[2019.06.04-13.59.24:360][  0]LogStats: UGameplayTagsManager::ConstructGameplayTagTree: Construct from data asset -  0.000 s
[2019.06.04-13.59.24:360][  0]LogStats: UGameplayTagsManager::ConstructGameplayTagTree: ImportINI -  0.000 s
[2019.06.04-13.59.24:360][  0]LogStats: UGameplayTagsManager::ConstructGameplayTagTree: GameplayTagTreeChangedEvent.Broadcast -  0.000 s
[2019.06.04-13.59.24:528][  0]LogFileCache: Scanning file cache for directory 'D:/Github/UnReal2Bstorm/Atlanta_North_4.20/Content/' took 0.01s
[2019.06.04-13.59.24:528][  0]SourceControl: Source control is disabled
[2019.06.04-13.59.24:528][  0]Cmd: MAP LOAD FILE="D:/Github/UnReal2Bstorm/Atlanta_North_4.20/Content/3BG.umap" TEMPLATE=0 SHOWPROGRESS=1 FEATURELEVEL=3
[2019.06.04-13.59.24:531][  0]LightingResults: New page: Lighting Build
[2019.06.04-13.59.24:533][  0]MapCheck: New page: Map Check
[2019.06.04-13.59.24:533][  0]LightingResults: New page: Lighting Build
[2019.06.04-13.59.26:042][  0]LogMaterial: Display: Missing cached shader map for material LightBulb, compiling. 
[2019.06.04-13.59.26:043][  0]LogMaterial: Warning: D:\Github\UnReal2Bstorm\Atlanta_North_4.20\Content\WH\group18\Beam1\Light1\LightBulb.uasset: Failed to compile Material for platform PCD3D_SM5, Default Material will be used in game.
[2019.06.04-13.59.26:043][  0]LogMaterial: 	(Node TextureSample) TextureSample> Sampler type is Color, should be Linear Color for /Game/WH/group18/Beam1/Light1/LightGlow3.LightGlow3
[2019.06.04-13.59.26:587][  0]LogMaterial: Display: Missing cached shader map for material LightGlow, compiling. 
[2019.06.04-13.59.26:587][  0]LogMaterial: Warning: D:\Github\UnReal2Bstorm\Atlanta_North_4.20\Content\WH\group18\Beam1\Light1\LightGlow.uasset: Failed to compile Material for platform PCD3D_SM5, Default Material will be used in game.
[2019.06.04-13.59.26:587][  0]LogMaterial: 	(Node TextureSample) TextureSample> Sampler type is Color, should be Linear Color for /Game/WH/group18/Beam1/Light1/LightGlow2.LightGlow2
[2019.06.04-13.59.26:587][  0]LogMaterial: 	(Node TextureSample) TextureSample> Sampler type is Color, should be Linear Color for /Game/WH/group18/Beam1/Light1/LightGlow4.LightGlow4
[2019.06.04-13.59.26:636][  0]LogAIModule: Creating AISystem for world 3BG
[2019.06.04-13.59.26:644][  0]LogMaterial: Warning: Material /Game/Area1/WallsALL/WindGlassE7.WindGlassE7 needed to have new flag set bUsedWithStaticLighting !
[2019.06.04-13.59.26:647][  0]LogMaterial: Display: Missing cached shader map for material WindGlassE7, compiling. 
[2019.06.04-13.59.26:728][  0]MapCheck: Warning: WindGlassE7 Material /Game/Area1/WallsALL/WindGlassE7.WindGlassE7 was missing the usage flag bUsedWithStaticLighting. If the material asset is not re-saved, it may not render correctly when run outside the editor. Fix
[2019.06.04-13.59.26:752][  0]LogShaderCompilers: Display: Shaders left to compile 43
[2019.06.04-13.59.26:752][  0]LogShaderCompilers: Display: Shaders left to compile 33
[2019.06.04-13.59.26:752][  0]LogShaderCompilers: Display: Shaders left to compile 23
[2019.06.04-13.59.26:752][  0]LogShaderCompilers: Display: Shaders left to compile 13
[2019.06.04-13.59.26:752][  0]LogShaderCompilers: Display: Shaders left to compile 3
[2019.06.04-13.59.26:752][  0]LogEditorServer: Finished looking for orphan Actors (0.000 secs)
[2019.06.04-13.59.26:788][  0]Cmd: MAP CHECKDEP NOCLEARLOG
[2019.06.04-13.59.26:972][  0]MapCheck: Map check complete: 0 Error(s), 1 Warning(s), took 183.216ms to complete.
[2019.06.04-13.59.26:984][  0]LogFileHelpers: Loading map '3BG' took 2.456
[2019.06.04-13.59.27:081][  0]LogSlate: Updating window title bar state: overlay mode, drag disabled, window buttons hidden, title bar hidden
[2019.06.04-13.59.27:087][  0]LogSlate: Updating window title bar state: overlay mode, drag disabled, window buttons hidden, title bar hidden
[2019.06.04-13.59.27:094][  0]LogSlate: Updating window title bar state: overlay mode, drag disabled, window buttons hidden, title bar hidden
[2019.06.04-13.59.27:101][  0]LogSlate: Updating window title bar state: overlay mode, drag disabled, window buttons hidden, title bar hidden
[2019.06.04-13.59.27:108][  0]LogCollectionManager: Loaded 0 collections in 0.001442 seconds
[2019.06.04-13.59.27:149][  0]LogFileCache: Scanning file cache for directory 'D:/Github/UnReal2Bstorm/Atlanta_North_4.20/Saved/Collections/' took 0.01s
[2019.06.04-13.59.27:149][  0]LogFileCache: Scanning file cache for directory 'D:/Github/UnReal2Bstorm/Atlanta_North_4.20/Content/Developers/cstew/Collections/' took 0.01s
[2019.06.04-13.59.27:149][  0]LogFileCache: Scanning file cache for directory 'D:/Github/UnReal2Bstorm/Atlanta_North_4.20/Content/Collections/' took 0.01s
[2019.06.04-13.59.27:149][  0]LogCollectionManager: Rebuilt the GUID cache for 0 collections in 0.000000 seconds
[2019.06.04-13.59.27:157][  0]LogContentBrowser: Native class hierarchy populated in 0.0077 seconds. Added 2572 classes and 603 folders.
[2019.06.04-13.59.27:163][  0]LogContentBrowser: Native class hierarchy updated for 'WidgetCarousel' in 0.0002 seconds. Added 0 classes and 0 folders.
[2019.06.04-13.59.27:221][  0]LogContentBrowser: Native class hierarchy updated for 'AddContentDialog' in 0.0002 seconds. Added 0 classes and 0 folders.
[2019.06.04-13.59.27:227][  0]LogContentBrowser: Native class hierarchy updated for 'SceneOutliner' in 0.0003 seconds. Added 1 classes and 2 folders.
[2019.06.04-13.59.27:299][  0]LogContentBrowser: Native class hierarchy updated for 'HierarchicalLODOutliner' in 0.0003 seconds. Added 0 classes and 0 folders.
[2019.06.04-13.59.27:299][  0]LogLoad: (Engine Initialization) Total time: 12.40 seconds
[2019.06.04-13.59.27:299][  0]LogLoad: (Engine Initialization) Total Blueprint compile time: 0.00 seconds
[2019.06.04-13.59.27:343][  0]LogContentStreaming: Texture pool size now 1000 MB
[2019.06.04-13.59.27:351][  0]LogSlate: Took 0.004823 seconds to synchronously load lazily loaded font '../../../Engine/Content/Slate/Fonts/Roboto-Bold.ttf' (160K)
[2019.06.04-13.59.27:356][  0]LogSlate: Took 0.003624 seconds to synchronously load lazily loaded font '../../../Engine/Content/Slate/Fonts/Roboto-Regular.ttf' (155K)
[2019.06.04-13.59.27:368][  0]LogSlate: Took 0.005546 seconds to synchronously load lazily loaded font '../../../Engine/Content/Editor/Slate/Fonts/FontAwesome.ttf' (139K)
[2019.06.04-13.59.27:373][  0]LogSlate: Took 0.000226 seconds to synchronously load lazily loaded font '../../../Engine/Content/Slate/Fonts/DroidSansMono.ttf' (77K)
[2019.06.04-13.59.27:545][  0]LogSlate: Took 0.000295 seconds to synchronously load lazily loaded font '../../../Engine/Content/Slate/Fonts/Roboto-Light.ttf' (167K)
[2019.06.04-13.59.27:582][  0]LogRenderer: Reallocating scene render targets to support 556x264 Format 10 NumSamples 1 (Frame:1).
[2019.06.04-13.59.27:588][  0]LogRenderer: Reallocating scene render targets to support 1112x524 Format 10 NumSamples 1 (Frame:1).
[2019.06.04-13.59.27:869][  2]LogAssetRegistry: Asset discovery search completed in 7.6399 seconds
[2019.06.04-13.59.27:873][  2]LogCollectionManager: Rebuilt the object cache for 0 collections in 0.000001 seconds (found 0 objects)
[2019.06.04-13.59.27:873][  2]LogCollectionManager: Fixed up redirectors for 0 collections in 0.000435 seconds (updated 0 objects)
[2019.06.04-13.59.29:632][ 96]LogSlate: FSceneViewport::OnFocusLost() reason 0
[2019.06.04-13.59.31:043][179]LogSlate: FSceneViewport::OnFocusLost() reason 0
[2019.06.04-13.59.59:068][840]LogSlate: FSceneViewport::OnFocusLost() reason 0
