Log file open, 05/30/19 09:58:29
LogWindows: Failed to load 'aqProf.dll' (GetLastError=126)
LogWindows: File 'aqProf.dll' does not exist
LogWindows: Failed to load 'VSPerf140.dll' (GetLastError=126)
LogWindows: File 'VSPerf140.dll' does not exist
LogWindows: Failed to load 'VtuneApi.dll' (GetLastError=126)
LogWindows: File 'VtuneApi.dll' does not exist
LogWindows: Failed to load 'VtuneApi32e.dll' (GetLastError=126)
LogWindows: File 'VtuneApi32e.dll' does not exist
LogInit: Display: Running engine for game: Atlanta_20a
LogPlatformFile: Not using cached read wrapper
LogInit: Display: No sandbox specified, assuming ../../../../Users/cstew/Documents/Unreal Projects/Atlanta_North_4.20/Saved/Cooked/WindowsNoEditor
LogTaskGraph: Started task graph with 5 named threads and 35 total threads with 3 sets of task threads.
LogStats: Stats thread started at 0.373268
LogD3D11RHI: Loaded GFSDK_Aftermath_Lib.x64.dll
LogICUInternationalization: Display: ICU TimeZone Detection - Raw Offset: -5:00, Platform Override: ''
LogPluginManager: Mounting plugin Paper2D
LogPluginManager: Mounting plugin AISupport
LogPluginManager: Mounting plugin LightPropagationVolume
LogPluginManager: Mounting plugin CLionSourceCodeAccess
LogPluginManager: Mounting plugin CodeLiteSourceCodeAccess
LogPluginManager: Mounting plugin GitSourceControl
LogPluginManager: Mounting plugin KDevelopSourceCodeAccess
LogPluginManager: Mounting plugin NullSourceCodeAccess
LogPluginManager: Mounting plugin PerforceSourceControl
LogPluginManager: Mounting plugin SubversionSourceControl
LogPluginManager: Mounting plugin UObjectPlugin
LogPluginManager: Mounting plugin VisualStudioCodeSourceCodeAccess
LogPluginManager: Mounting plugin VisualStudioSourceCodeAccess
LogPluginManager: Mounting plugin XCodeSourceCodeAccess
LogPluginManager: Mounting plugin AssetManagerEditor
LogPluginManager: Mounting plugin CryptoKeys
LogPluginManager: Mounting plugin DataValidation
LogPluginManager: Mounting plugin FacialAnimation
LogPluginManager: Mounting plugin GameplayTagsEditor
LogPluginManager: Mounting plugin MacGraphicsSwitching
LogPluginManager: Mounting plugin MeshEditor
LogPluginManager: Mounting plugin MobileLauncherProfileWizard
LogPluginManager: Mounting plugin PluginBrowser
LogPluginManager: Mounting plugin SpeedTreeImporter
LogPluginManager: Mounting plugin DatasmithContent
LogPluginManager: Mounting plugin AlembicImporter
LogPluginManager: Mounting plugin AppleImageUtils
LogPluginManager: Mounting plugin AppleVision
LogPluginManager: Mounting plugin BackChannel
LogPluginManager: Mounting plugin CharacterAI
LogPluginManager: Mounting plugin GeometryCache
LogPluginManager: Mounting plugin HTML5Networking
LogPluginManager: Mounting plugin ProxyLODPlugin
LogPluginManager: Mounting plugin AndroidMedia
LogPluginManager: Mounting plugin AvfMedia
LogPluginManager: Mounting plugin ImgMedia
LogPluginManager: Mounting plugin LinearTimecode
LogPluginManager: Mounting plugin MediaCompositing
LogPluginManager: Mounting plugin MediaPlayerEditor
LogPluginManager: Mounting plugin WmfMedia
LogPluginManager: Mounting plugin TcpMessaging
LogPluginManager: Mounting plugin UdpMessaging
LogPluginManager: Mounting plugin ActorSequence
LogPluginManager: Mounting plugin LevelSequenceEditor
LogPluginManager: Mounting plugin MatineeToLevelSequence
LogPluginManager: Mounting plugin NetcodeUnitTest
LogPluginManager: Mounting plugin NUTUnrealEngine4
LogPluginManager: Mounting plugin OnlineSubsystem
LogPluginManager: Mounting plugin OnlineSubsystemNull
LogPluginManager: Mounting plugin OnlineSubsystemUtils
LogPluginManager: Mounting plugin LauncherChunkInstaller
LogPluginManager: Mounting plugin AndroidDeviceProfileSelector
LogPluginManager: Mounting plugin AndroidMoviePlayer
LogPluginManager: Mounting plugin AndroidPermission
LogPluginManager: Mounting plugin AppleMoviePlayer
LogPluginManager: Mounting plugin ArchVisCharacter
LogPluginManager: Mounting plugin AudioCapture
LogPluginManager: Mounting plugin CableComponent
LogPluginManager: Mounting plugin CustomMeshComponent
LogPluginManager: Mounting plugin EditableMesh
LogPluginManager: Mounting plugin ExampleDeviceProfileSelector
LogPluginManager: Mounting plugin GoogleCloudMessaging
LogPluginManager: Mounting plugin ImmediatePhysics
LogPluginManager: Mounting plugin IOSDeviceProfileSelector
LogPluginManager: Mounting plugin LinuxDeviceProfileSelector
LogPluginManager: Mounting plugin LocationServicesBPLibrary
LogPluginManager: Mounting plugin MobilePatchingUtils
LogPluginManager: Mounting plugin OculusVR
LogPluginManager: Plugin shader directory ../../../../../../Program Files/Epic Games/UE_4.20/Engine/Plugins/Runtime/Oculus/OculusVR/Shaders found
LogPluginManager: Mapping shader source directory ../../../../../../Program Files/Epic Games/UE_4.20/Engine/Plugins/Runtime/Oculus/OculusVR/Shaders to virtual directory /Plugin/OculusVR
LogPluginManager: Mounting plugin PhysXVehicles
LogPluginManager: Mounting plugin ProceduralMeshComponent
LogPluginManager: Mounting plugin RuntimePhysXCooking
LogPluginManager: Mounting plugin SteamVR
LogPluginManager: Mounting plugin WindowsMoviePlayer
LogStreaming: Display: Took  0.080s to configure plugins.
LogInit: Using libcurl 7.55.1-DEV
LogInit:  - built for x86_64-pc-win32
LogInit:  - supports SSL with OpenSSL/1.0.2h
LogInit:  - supports HTTP deflate (compression) using libz 1.2.8
LogInit:  - other features:
LogInit:      CURL_VERSION_SSL
LogInit:      CURL_VERSION_LIBZ
LogInit:      CURL_VERSION_IPV6
LogInit:      CURL_VERSION_ASYNCHDNS
LogInit:      CURL_VERSION_LARGEFILE
LogInit:      CURL_VERSION_IDN
LogInit:  CurlRequestOptions (configurable via config and command line):
LogInit:  - bVerifyPeer = false  - Libcurl will NOT verify peer certificate
LogInit:  - bUseHttpProxy = false  - Libcurl will NOT use HTTP proxy
LogInit:  - bDontReuseConnections = false  - Libcurl will reuse connections
LogInit:  - CertBundlePath = nullptr  - Libcurl will use whatever was configured at build time.
LogInit:  - MaxHostConnections = 16  - Libcurl will limit the number of connections to a host
LogInit:  - LocalHostAddr = Default
LogInit:  - BufferSize = 65536
LogInit: WinSock: version 1.1 (2.2), MaxSocks=32767, MaxUdp=65467
LogHMD: Failed initializing OVRPlugin 1.25.0
LogInit: Build: ++UE4+Release-4.20-CL-4369336
LogInit: Engine Version: 4.20.3-4369336+++UE4+Release-4.20
LogInit: Compatible Engine Version: 4.20.0-4212847+++UE4+Release-4.20
LogInit: Net CL: 4212847
LogInit: OS: Windows 10 (), CPU: Intel(R) Core(TM) i7-8850H CPU @ 2.60GHz, GPU: NVIDIA GeForce GTX 1080
LogInit: Compiled (64-bit): Sep 17 2018 12:36:23
LogInit: Compiled with Visual C++: 19.00.24215.01
LogInit: Build Configuration: Development
LogInit: Branch Name: ++UE4+Release-4.20
LogInit: Command Line:  ?Game=/Script/BrUEPlayer.BrGameMode -deterministic -noini -nosplash -novsync -benchmark -windowed -messaging -notexturestreaming -forceres -fixedseed -noforcefeedback -nosound -noailogging -noverifygc "C:\Users\cstew\Documents\Unreal Projects\Atlanta_North_4.20\Atlanta_20a.uproject" -resx=1920 -resy=1080 -winx=300 -winy=300 -fps=120.000000
LogInit: Base Directory: C:/Program Files/Brainstorm/Suite 3.1.1/bin/
LogInit: Installed Engine Build: 1
LogDevObjectVersion: Number of dev versions registered: 20
LogDevObjectVersion:   Dev-Blueprints (B0D832E4-1F89-4F0D-ACCF-7EB736FD4AA2): 10
LogDevObjectVersion:   Dev-Build (E1C64328-A22C-4D53-A36C-8E866417BD8C): 0
LogDevObjectVersion:   Dev-Core (375EC13C-06E4-48FB-B500-84F0262A717E): 2
LogDevObjectVersion:   Dev-Editor (E4B068ED-F494-42E9-A231-DA0B2E46BB41): 24
LogDevObjectVersion:   Dev-Framework (CFFC743F-43B0-4480-9391-14DF171D2073): 34
LogDevObjectVersion:   Dev-Mobile (B02B49B5-BB20-44E9-A304-32B752E40360): 2
LogDevObjectVersion:   Dev-Networking (A4E4105C-59A1-49B5-A7C5-40C4547EDFEE): 0
LogDevObjectVersion:   Dev-Online (39C831C9-5AE6-47DC-9A44-9C173E1C8E7C): 0
LogDevObjectVersion:   Dev-Physics (78F01B33-EBEA-4F98-B9B4-84EACCB95AA2): 0
LogDevObjectVersion:   Dev-Platform (6631380F-2D4D-43E0-8009-CF276956A95A): 0
LogDevObjectVersion:   Dev-Rendering (12F88B9F-8875-4AFC-A67C-D90C383ABD29): 26
LogDevObjectVersion:   Dev-Sequencer (7B5AE74C-D270-4C10-A958-57980B212A5A): 9
LogDevObjectVersion:   Dev-VR (D7296918-1DD6-4BDD-9DE2-64A83CC13884): 2
LogDevObjectVersion:   Dev-LoadTimes (C2A15278-BFE7-4AFE-6C17-90FF531DF755): 1
LogDevObjectVersion:   Private-Geometry (6EACA3D4-40EC-4CC1-B786-8BED09428FC5): 3
LogDevObjectVersion:   Dev-AnimPhys (29E575DD-E0A3-4627-9D10-D276232CDCEA): 17
LogDevObjectVersion:   Dev-ReflectionCapture (6B266CEC-1EC7-4B8F-A30B-E4D90942FC07): 1
LogDevObjectVersion:   Dev-Automation (0DF73D61-A23F-47EA-B727-89E90C41499A): 1
LogDevObjectVersion:   FortniteMain (601D1886-AC64-4F84-AA16-D3DE0DEAC7D6): 12
LogDevObjectVersion:   Dev-Enterprise (9DFFBCD6-494F-0158-E221-12823C92A888): 1
LogStreaming: Display: Took  0.002s to delete old logs.
LogInit: Presizing for max 2097152 objects, including 0 objects not considered by GC, pre-allocating 0 bytes for permanent pool.
LogStreaming: Display: Async Loading initialized: Event Driven Loader: true, Async Loading Thread: false, Async Post Load: true
LogInit: Object subsystem initialized
[2019.05.30-13.58.29:829][  0]LogInit: Selected Device Profile: [WindowsNoEditor]
[2019.05.30-13.58.29:829][  0]LogInit: Applying CVar settings loaded from the selected device profile: [WindowsNoEditor]
[2019.05.30-13.58.29:834][  0]LogHAL: Display: Platform has ~ 64 GB [68634288128 / 68719476736 / 64], which maps to Largest [LargestMinGB=32, LargerMinGB=12, DefaultMinGB=8, SmallerMinGB=6, SmallestMinGB=0)
[2019.05.30-13.58.29:835][  0]LogInit: Going up to parent DeviceProfile [Windows]
[2019.05.30-13.58.29:835][  0]LogInit: Setting Device Profile CVar: [[r.Vulkan.UseRealUBs:1]]
[2019.05.30-13.58.29:835][  0]LogInit: Going up to parent DeviceProfile []
[2019.05.30-13.58.29:835][  0]LogInit: Computer: MSI
[2019.05.30-13.58.29:835][  0]LogInit: User: cstew
[2019.05.30-13.58.29:835][  0]LogInit: CPU Page size=4096, Cores=6
[2019.05.30-13.58.29:835][  0]LogInit: High frequency timer resolution =10.000000 MHz
[2019.05.30-13.58.29:835][  0]LogMemory: Memory total: Physical=63.9GB (64GB approx)
[2019.05.30-13.58.29:835][  0]LogMemory: Platform Memory Stats for WindowsNoEditor
[2019.05.30-13.58.29:835][  0]LogMemory: Process Physical Memory: 60.84 MB used, 60.85 MB peak
[2019.05.30-13.58.29:835][  0]LogMemory: Process Virtual Memory: 71.31 MB used, 71.31 MB peak
[2019.05.30-13.58.29:835][  0]LogMemory: Physical Memory: 22385.31 MB used,  43069.45 MB free, 65454.76 MB total
[2019.05.30-13.58.29:835][  0]LogMemory: Virtual Memory: 4470.23 MB used,  43069.45 MB free, 134217728.00 MB total
[2019.05.30-13.58.30:136][  0]LogInit: Using OS detected language (en-US).
[2019.05.30-13.58.30:136][  0]LogInit: Using OS detected locale (en-US).
[2019.05.30-13.58.30:137][  0]LogTextLocalizationManager: No specific localization for 'en-US' exists, so the 'en' localization will be used.
[2019.05.30-13.58.30:138][  0]LogStreaming: Display: Took  0.002s to InitEngineTextLocalization.
[2019.05.30-13.58.30:153][  0]LogSlate: New Slate User Created.  User Index 0, Is Virtual User: 0
[2019.05.30-13.58.30:153][  0]LogSlate: Slate User Registered.  User Index 0, Is Virtual User: 0
[2019.05.30-13.58.30:156][  0]LogHMD: Failed to initialize OpenVR with code 110
[2019.05.30-13.58.30:156][  0]LogD3D11RHI: D3D11 adapters:
[2019.05.30-13.58.30:206][  0]LogD3D11RHI:    0. 'NVIDIA GeForce GTX 1080' (Feature Level 11_0)
[2019.05.30-13.58.30:206][  0]LogD3D11RHI:       8079/0/32727 MB DedicatedVideo/DedicatedSystem/SharedSystem, Outputs:1, VendorId:0x10de
[2019.05.30-13.58.30:208][  0]LogD3D11RHI:    1. 'Microsoft Basic Render Driver' (Feature Level 11_0)
[2019.05.30-13.58.30:208][  0]LogD3D11RHI:       0/0/32727 MB DedicatedVideo/DedicatedSystem/SharedSystem, Outputs:0, VendorId:0x1414
[2019.05.30-13.58.30:208][  0]LogD3D11RHI: Chosen D3D11 Adapter: 0
[2019.05.30-13.58.30:216][  0]LogD3D11RHI: Creating new Direct3DDevice
[2019.05.30-13.58.30:216][  0]LogD3D11RHI:     GPU DeviceId: 0x1be0 (for the marketing name, search the web for "GPU Device Id")
[2019.05.30-13.58.30:216][  0]LogWindows: EnumDisplayDevices:
[2019.05.30-13.58.30:216][  0]LogWindows:    0. 'NVIDIA GeForce GTX 1080' (P:1 D:1)
[2019.05.30-13.58.30:217][  0]LogWindows:    1. 'NVIDIA GeForce GTX 1080' (P:0 D:0)
[2019.05.30-13.58.30:217][  0]LogWindows:    2. 'NVIDIA GeForce GTX 1080' (P:0 D:0)
[2019.05.30-13.58.30:217][  0]LogWindows:    3. 'NVIDIA GeForce GTX 1080' (P:0 D:0)
[2019.05.30-13.58.30:217][  0]LogWindows: DebugString: FoundDriverCount:4 
[2019.05.30-13.58.30:217][  0]LogD3D11RHI:     Adapter Name: NVIDIA GeForce GTX 1080
[2019.05.30-13.58.30:217][  0]LogD3D11RHI:   Driver Version: 430.64 (internal:26.21.14.3064, unified:430.64)
[2019.05.30-13.58.30:217][  0]LogD3D11RHI:      Driver Date: 5-5-2019
[2019.05.30-13.58.30:217][  0]LogRHI: Texture pool is 5655 MB (70% of 8079 MB)
[2019.05.30-13.58.30:252][  0]LogD3D11RHI: Async texture creation enabled
[2019.05.30-13.58.30:273][  0]LogD3D11RHI: GPU Timing Frequency: 1000.000000 (Debug: 2 1)
[2019.05.30-13.58.30:317][  0]LogShaderLibrary: Display: Failed to load Shared Shader Library: Global and no native library supported.
[2019.05.30-13.58.30:317][  0]LogShaderLibrary: Display: Failed to load Shared Shader Library: Global_SC and no native library supported.
[2019.05.30-13.58.30:317][  0]LogShaderLibrary: Display: Failed to load Shared Shader Library: Paper2D and no native library supported.
[2019.05.30-13.58.30:317][  0]LogShaderLibrary: Display: Failed to load Shared Shader Library: Paper2D_SC and no native library supported.
[2019.05.30-13.58.30:317][  0]LogShaderLibrary: Display: Failed to load Shared Shader Library: Paper2D and no native library supported.
[2019.05.30-13.58.30:317][  0]LogShaderLibrary: Display: Failed to load Shared Shader Library: Paper2D_SC and no native library supported.
[2019.05.30-13.58.30:317][  0]LogShaderLibrary: Display: Failed to load Shared Shader Library: CryptoKeys and no native library supported.
[2019.05.30-13.58.30:317][  0]LogShaderLibrary: Display: Failed to load Shared Shader Library: CryptoKeys_SC and no native library supported.
[2019.05.30-13.58.30:317][  0]LogShaderLibrary: Display: Failed to load Shared Shader Library: CryptoKeys and no native library supported.
[2019.05.30-13.58.30:317][  0]LogShaderLibrary: Display: Failed to load Shared Shader Library: CryptoKeys_SC and no native library supported.
[2019.05.30-13.58.30:317][  0]LogShaderLibrary: Display: Failed to load Shared Shader Library: MeshEditor and no native library supported.
[2019.05.30-13.58.30:317][  0]LogShaderLibrary: Display: Failed to load Shared Shader Library: MeshEditor_SC and no native library supported.
[2019.05.30-13.58.30:317][  0]LogShaderLibrary: Display: Failed to load Shared Shader Library: MeshEditor and no native library supported.
[2019.05.30-13.58.30:317][  0]LogShaderLibrary: Display: Failed to load Shared Shader Library: MeshEditor_SC and no native library supported.
[2019.05.30-13.58.30:317][  0]LogShaderLibrary: Display: Failed to load Shared Shader Library: DatasmithContent and no native library supported.
[2019.05.30-13.58.30:318][  0]LogShaderLibrary: Display: Failed to load Shared Shader Library: DatasmithContent_SC and no native library supported.
[2019.05.30-13.58.30:318][  0]LogShaderLibrary: Display: Failed to load Shared Shader Library: DatasmithContent and no native library supported.
[2019.05.30-13.58.30:318][  0]LogShaderLibrary: Display: Failed to load Shared Shader Library: DatasmithContent_SC and no native library supported.
[2019.05.30-13.58.30:318][  0]LogShaderLibrary: Display: Failed to load Shared Shader Library: MediaCompositing and no native library supported.
[2019.05.30-13.58.30:318][  0]LogShaderLibrary: Display: Failed to load Shared Shader Library: MediaCompositing_SC and no native library supported.
[2019.05.30-13.58.30:318][  0]LogShaderLibrary: Display: Failed to load Shared Shader Library: MediaCompositing and no native library supported.
[2019.05.30-13.58.30:318][  0]LogShaderLibrary: Display: Failed to load Shared Shader Library: MediaCompositing_SC and no native library supported.
[2019.05.30-13.58.30:318][  0]LogShaderLibrary: Display: Failed to load Shared Shader Library: OculusVR and no native library supported.
[2019.05.30-13.58.30:318][  0]LogShaderLibrary: Display: Failed to load Shared Shader Library: OculusVR_SC and no native library supported.
[2019.05.30-13.58.30:318][  0]LogShaderLibrary: Display: Failed to load Shared Shader Library: OculusVR and no native library supported.
[2019.05.30-13.58.30:318][  0]LogShaderLibrary: Display: Failed to load Shared Shader Library: OculusVR_SC and no native library supported.
[2019.05.30-13.58.30:318][  0]LogShaderLibrary: Display: Failed to load Shared Shader Library: SteamVR and no native library supported.
[2019.05.30-13.58.30:318][  0]LogShaderLibrary: Display: Failed to load Shared Shader Library: SteamVR_SC and no native library supported.
[2019.05.30-13.58.30:318][  0]LogShaderLibrary: Display: Failed to load Shared Shader Library: SteamVR and no native library supported.
[2019.05.30-13.58.30:318][  0]LogShaderLibrary: Display: Failed to load Shared Shader Library: SteamVR_SC and no native library supported.
[2019.05.30-13.58.30:318][  0]LogRHI: Display: Failed to open default shader pipeline cache for Atlanta_20a using shader platform 0.
[2019.05.30-13.58.30:331][  0]LogMaterial: Verifying Global Shaders for PCD3D_SM5
[2019.05.30-13.58.30:354][  0]LogSlate: Using FreeType 2.6.0
[2019.05.30-13.58.30:354][  0]LogSlate: SlateFontServices - WITH_FREETYPE: 1, WITH_HARFBUZZ: 1
[2019.05.30-13.58.30:394][  0]LogShaderLibrary: Display: Failed to load Shared Shader Library: Atlanta_20a and no native library supported.
[2019.05.30-13.58.30:394][  0]LogShaderLibrary: Display: Failed to load Shared Shader Library: Atlanta_20a_SC and no native library supported.
[2019.05.30-13.58.30:395][  0]LogRHI: Display: Failed to open default shader pipeline cache for Atlanta_20a using shader platform 0.
[2019.05.30-13.58.30:395][  0]LogShaderLibrary: Display: Failed to load Shared Shader Library: Atlanta_20a and no native library supported.
[2019.05.30-13.58.30:395][  0]LogShaderLibrary: Display: Failed to load Shared Shader Library: Atlanta_20a_SC and no native library supported.
[2019.05.30-13.58.30:395][  0]LogRHI: Display: Failed to open default shader pipeline cache for Atlanta_20a using shader platform 0.
[2019.05.30-13.58.30:395][  0]LogInit: Using OS detected language (en-US).
[2019.05.30-13.58.30:395][  0]LogInit: Using OS detected locale (en-US).
[2019.05.30-13.58.30:395][  0]LogTextLocalizationManager: No localization for 'en-US' exists, so 'en' will be used for the language.
[2019.05.30-13.58.30:395][  0]LogTextLocalizationManager: No localization for 'en-US' exists, so 'en' will be used for the locale.
[2019.05.30-13.58.30:397][  0]LogStreaming: Display: Took  0.002s to InitGameTextLocalization.
[2019.05.30-13.58.30:410][  0]LogAssetRegistry: FAssetRegistry took 0.0125 seconds to start up
[2019.05.30-13.58.30:490][  0]LogStreaming: Display: Flushing async loaders.
[2019.05.30-13.58.30:499][  0]LogPackageLocalizationCache: Processed 9 localized package path(s) for 1 prioritized culture(s) in 0.009142 seconds
[2019.05.30-13.58.30:501][  0]LogInit: Selected Device Profile: [WindowsNoEditor]
[2019.05.30-13.58.30:514][  0]LogNetVersion: Atlanta_20a 1.0.0, NetCL: 4212847, EngineNetVer: 5, GameNetVer: 0 (Checksum: 2576130420)
[2019.05.30-13.58.30:826][  0]LogBrGameInstance: XXXXXXXXXXXXXXXX Logger initialized
[2019.05.30-13.58.30:826][  0]LogBrGameInstance: constructed
[2019.05.30-13.58.30:826][  0]LogBrGameViewportClient: initialized
[2019.05.30-13.58.30:876][  0]LogMoviePlayer: Initializing movie player
[2019.05.30-13.58.30:953][  0]LogSlate: Slate font cache was flushed
[2019.05.30-13.58.30:953][  0]LogTcpMessaging: Initializing TcpMessaging bridge
[2019.05.30-13.58.30:965][  0]LogUdpMessaging: Initializing bridge on interface 0.0.0.0:0 to multicast group 230.0.0.1:6666.
[2019.05.30-13.58.31:109][  0]LogAndroidPermission: UAndroidPermissionCallbackProxy::GetInstance
[2019.05.30-13.58.31:109][  0]LogOcInput: OculusInput pre-init called
[2019.05.30-13.58.31:113][  0]LogUObjectArray: 34446 objects as part of root set at end of initial load.
[2019.05.30-13.58.31:113][  0]LogUObjectAllocator: 5187968 out of 0 bytes used by permanent object pool.
[2019.05.30-13.58.31:113][  0]LogUObjectArray: CloseDisregardForGC: 0/0 objects in disregard for GC pool
[2019.05.30-13.58.31:124][  0]LogEngine: Initializing Engine...
[2019.05.30-13.58.31:124][  0]LogHMD: Failed to initialize OpenVR with code 110
[2019.05.30-13.58.31:136][  0]LogStats: UGameplayTagsManager::ConstructGameplayTagTree: ImportINI prefixes -  0.000 s
[2019.05.30-13.58.31:136][  0]LogStats: UGameplayTagsManager::ConstructGameplayTagTree: Construct from data asset -  0.000 s
[2019.05.30-13.58.31:136][  0]LogStats: UGameplayTagsManager::ConstructGameplayTagTree: ImportINI -  0.000 s
[2019.05.30-13.58.31:136][  0]LogStats: UGameplayTagsManager::ConstructGameplayTagTree: GameplayTagTreeChangedEvent.Broadcast -  0.000 s
[2019.05.30-13.58.31:192][  0]LogInit: Initializing FReadOnlyCVARCache
[2019.05.30-13.58.31:192][  0]LogNetVersion: Set ProjectVersion to 1.0.0.0. Version Checksum will be recalculated on next use.
[2019.05.30-13.58.31:192][  0]LogInit: Texture streaming: Disabled
[2019.05.30-13.58.31:209][  0]LogBrGameInstance: XXXXXXXXXXXXXXXX Logger initialized
[2019.05.30-13.58.31:209][  0]LogBrGameInstance: constructed
[2019.05.30-13.58.31:210][  0]LogBrGameInstance: initialized
[2019.05.30-13.58.31:210][  0]LogBrGameViewportClient: initialized
[2019.05.30-13.58.31:210][  0]LogSlate: Updating window title bar state: overlay mode, drag disabled, window buttons hidden, title bar hidden
[2019.05.30-13.58.31:210][  0]LogInit: Display: Game Engine Initialized.
[2019.05.30-13.58.31:210][  0]LogGameplayTags: Display: UGameplayTagsManager::DoneAddingNativeTags. DelegateIsBound: 0
[2019.05.30-13.58.31:210][  0]LogStats: UGameplayTagsManager::ConstructGameplayTagTree: ImportINI prefixes -  0.000 s
[2019.05.30-13.58.31:210][  0]LogStats: UGameplayTagsManager::ConstructGameplayTagTree: Construct from data asset -  0.000 s
[2019.05.30-13.58.31:211][  0]LogStats: UGameplayTagsManager::ConstructGameplayTagTree: ImportINI -  0.000 s
[2019.05.30-13.58.31:211][  0]LogStats: UGameplayTagsManager::ConstructGameplayTagTree: GameplayTagTreeChangedEvent.Broadcast -  0.000 s
[2019.05.30-13.58.31:221][  0]LogInit: Display: Starting Game.
[2019.05.30-13.58.31:221][  0]LogNet: Browse: /Game/3BG?Name=Player?Game=/Script/BrUEPlayer.BrGameMode
[2019.05.30-13.58.31:221][  0]LogLoad: LoadMap: /Game/3BG?Name=Player?Game=/Script/BrUEPlayer.BrGameMode
[2019.05.30-13.58.31:931][  0]LogMaterial: Can't compile LightGlow with cooked content, will use default material instead
[2019.05.30-13.58.31:931][  0]LogMaterial: Warning: /Game/WH/group18/Beam1/Light1/LightGlow.LightGlow: Failed to compile Material for platform PCD3D_SM5, Default Material will be used in game.
[2019.05.30-13.58.31:932][  0]LogMaterial: Can't compile LightBulb with cooked content, will use default material instead
[2019.05.30-13.58.31:932][  0]LogMaterial: Warning: /Game/WH/group18/Beam1/Light1/LightBulb.LightBulb: Failed to compile Material for platform PCD3D_SM5, Default Material will be used in game.
[2019.05.30-13.58.32:034][  0]LogAIModule: Creating AISystem for world 3BG
[2019.05.30-13.58.32:035][  0]LogLoad: Game class is 'BrGameMode'
[2019.05.30-13.58.32:038][  0]LogMaterial: Warning: Material /Game/Area1/WallsALL/WindGlassE7.WindGlassE7 missing bUsedWithStaticLighting=True! Default Material will be used in game.
[2019.05.30-13.58.32:038][  0]LogMaterial: Warning:      The material will recompile every editor launch until resaved.
[2019.05.30-13.58.32:046][  0]LogWorld: Bringing World /Game/3BG.3BG up for play (max tick rate 0) at 2019.05.30-09.58.32
[2019.05.30-13.58.32:046][  0]LogWorld: Bringing up level for play took: 0.010785
[2019.05.30-13.58.32:048][  0]LogLoad: Took 0.825866 seconds to LoadMap(/Game/3BG)
[2019.05.30-13.58.32:150][  0]LogRenderer: Reallocating scene render targets to support 960x540 Format 10 NumSamples 1 (Frame:1).
[2019.05.30-13.58.32:150][  0]LogLoad: (Engine Initialization) Total time: 4.61 seconds
[2019.05.30-13.58.32:166][  0]LogRenderer: Reallocating scene render targets to support 1920x1080 Format 10 NumSamples 1 (Frame:1).
[2019.05.30-13.58.32:182][  0]LogOutStream: Warning: BeginFrame discontinuity 0 -> 0
[2019.05.30-13.58.32:186][  1]r.VSync = "0"
[2019.05.30-13.58.32:238][  1]LogBrGameInstance: Terminating shared event
[2019.05.30-13.58.32:238][  1]LogBrGameInstance: outstream mastercount skip 0 -> 0
[2019.05.30-13.58.32:532][  1]LogBrControl: Warning: Skip in reception 0 -> 4460
[2019.05.30-13.58.32:537][  1]LogBrControl: Warning: LAST FLUSH 11 HEAD 33
[2019.05.30-13.58.32:537][  1]LogOutStream: Warning: BeginFrame discontinuity 0 -> 4460
[2019.05.30-13.58.32:596][  3]LogBrGameInstance: outstream mastercount skip 0 -> 4460
[2019.05.30-13.58.32:596][  3]LogBrGameInstance: instream skip 6 -> 8
[2019.05.30-13.58.32:596][  3]LogBrControl: Warning: Skip in reception 4462 -> 4467
[2019.05.30-13.58.32:596][  3]LogOutStream: Warning: BeginFrame discontinuity 4461 -> 4464
[2019.05.30-13.58.32:604][  4]LogBrGameInstance: instream skip 7 -> 9
[2019.05.30-13.58.32:604][  4]LogOutStream: Warning: BeginFrame discontinuity 4464 -> 4466
[2019.05.30-13.58.32:614][  5]LogBrGameInstance: outstream mastercount skip 4461 -> 4464
[2019.05.30-13.58.32:614][  5]LogBrGameInstance: instream skip 9 -> 11
[2019.05.30-13.58.32:614][  5]LogBrControl: Warning: Skip in reception 4468 -> 4470
[2019.05.30-13.58.32:614][  5]LogOutStream: Warning: BeginFrame discontinuity 4466 -> 4468
[2019.05.30-13.58.32:620][  6]LogBrGameInstance: outstream mastercount skip 4464 -> 4466
[2019.05.30-13.58.32:621][  6]LogBrGameInstance: instream skip 10 -> 11
[2019.05.30-13.58.32:621][  6]LogBrControl: Warning: Skip in reception 4470 -> 4470
[2019.05.30-13.58.32:628][  7]LogBrGameInstance: outstream mastercount skip 4466 -> 4468
[2019.05.30-13.58.32:628][  7]LogBrGameInstance: instream skip 11 -> 12
[2019.05.30-13.58.32:634][  8]LogBrGameInstance: instream skip 12 -> 13
[2019.05.30-13.58.32:640][  9]LogBrGameInstance: instream skip 13 -> 14
[2019.05.30-13.58.32:646][ 10]LogBrGameInstance: instream skip 14 -> 15
[2019.05.30-13.58.32:655][ 11]LogBrGameInstance: instream skip 15 -> 16
[2019.05.30-13.58.32:683][ 12]LogBrGameInstance: instream skip 17 -> 19
[2019.05.30-13.58.32:683][ 12]LogBrControl: Warning: Skip in reception 4475 -> 4478
[2019.05.30-13.58.32:683][ 12]LogOutStream: Warning: BeginFrame discontinuity 4474 -> 4476
[2019.05.30-13.58.32:692][ 13]LogBrGameInstance: instream skip 18 -> 20
[2019.05.30-13.58.32:699][ 14]LogBrGameInstance: outstream mastercount skip 4474 -> 4476
[2019.05.30-13.58.32:700][ 14]LogBrGameInstance: instream skip 19 -> 21
[2019.05.30-13.58.32:709][ 15]LogBrGameInstance: instream skip 20 -> 21
[2019.05.30-13.58.32:709][ 15]LogBrControl: Warning: Skip in reception 4480 -> 4480
[2019.05.30-13.58.32:717][ 16]LogBrGameInstance: instream skip 21 -> 22
[2019.05.30-13.58.32:717][ 16]LogBrControl: Warning: Skip in reception 4480 -> 4482
[2019.05.30-13.58.32:725][ 17]LogBrGameInstance: instream skip 22 -> 23
[2019.05.30-13.58.32:725][ 17]LogOutStream: Warning: BeginFrame discontinuity 4480 -> 4482
[2019.05.30-13.58.32:729][ 18]LogBrControl: Warning: Skip in reception 4483 -> 4483
[2019.05.30-13.58.32:736][ 19]LogBrGameInstance: outstream mastercount skip 4480 -> 4482
[2019.05.30-13.58.32:798][ 26]LogBrControl: Warning: Skip in reception 4491 -> 4491
[2019.05.30-13.58.32:804][ 27]LogOutStream: Warning: BeginFrame discontinuity 4491 -> 4491
[2019.05.30-13.58.32:814][ 28]LogBrGameInstance: outstream mastercount skip 4491 -> 4491
[2019.05.30-13.58.33:739][134]LogBrControl: Warning: Skip in reception 4598 -> 4602
[2019.05.30-13.58.33:757][135]LogBrControl: Warning: Skip in reception 4602 -> 4606
[2019.05.30-13.58.33:757][135]LogOutStream: Warning: BeginFrame discontinuity 4598 -> 4602
[2019.05.30-13.58.33:759][136]LogOutStream: Warning: BeginFrame discontinuity 4602 -> 4606
[2019.05.30-13.58.33:763][137]LogBrGameInstance: outstream mastercount skip 4598 -> 4602
[2019.05.30-13.58.33:769][138]LogBrGameInstance: outstream mastercount skip 4602 -> 4606
[2019.05.30-13.58.33:774][138]LogBrControl: Warning: Skip in reception 4608 -> 4608
[2019.05.30-13.58.33:779][139]LogOutStream: Warning: BeginFrame discontinuity 4608 -> 4608
[2019.05.30-13.58.33:787][140]LogBrGameInstance: outstream mastercount skip 4608 -> 4608
[2019.05.30-13.58.33:847][143]LogBrControl: Warning: Skip in reception 4612 -> 4615
[2019.05.30-13.58.33:864][144]LogBrControl: Warning: Skip in reception 4615 -> 4618
[2019.05.30-13.58.33:864][144]LogOutStream: Warning: BeginFrame discontinuity 4612 -> 4615
[2019.05.30-13.58.33:866][145]LogOutStream: Warning: BeginFrame discontinuity 4615 -> 4618
[2019.05.30-13.58.33:869][146]LogBrGameInstance: outstream mastercount skip 4612 -> 4615
[2019.05.30-13.58.33:926][146]LogBrGameInstance: outstream mastercount skip 4615 -> 4618
[2019.05.30-13.58.33:926][146]LogBrControl: Warning: Skip in reception 4619 -> 4624
[2019.05.30-13.58.33:934][147]LogBrControl: Warning: Skip in reception 4624 -> 4626
[2019.05.30-13.58.33:934][147]LogOutStream: Warning: BeginFrame discontinuity 4619 -> 4624
[2019.05.30-13.58.33:938][148]LogEngine: Onscreen warngins/messages are now ENABLED
[2019.05.30-13.58.33:938][148]r.DefaultFeature.MotionBlur = "0"
[2019.05.30-13.58.33:941][148]LogBrGameInstance: outstream mastercount skip 4619 -> 4624
[2019.05.30-13.58.33:941][148]r.ScreenPercentage = "100"
[2019.05.30-13.58.33:941][148]r.Tonemapper.Quality = "0"
[2019.05.30-13.58.33:941][148]r.TonemapperFilm = "0"
[2019.05.30-13.58.33:941][148]LogOutStream: Warning: BeginFrame discontinuity 4624 -> 4626
[2019.05.30-13.58.33:948][150]LogBrGameInstance: outstream mastercount skip 4624 -> 4626
[2019.05.30-13.58.34:457][206]LogBrGameInstance: instream skip 213 -> 215
[2019.05.30-13.58.34:457][206]LogBrControl: Warning: Skip in reception 4684 -> 4688
[2019.05.30-13.58.34:457][206]LogOutStream: Warning: BeginFrame discontinuity 4683 -> 4686
[2019.05.30-13.58.34:458][207]LogBrGameInstance: instream skip 214 -> 216
[2019.05.30-13.58.34:462][208]LogBrGameInstance: outstream mastercount skip 4683 -> 4686
[2019.05.30-13.58.34:463][208]LogBrGameInstance: instream skip 215 -> 216
[2019.05.30-13.58.34:463][208]LogBrControl: Warning: Skip in reception 4689 -> 4689
[2019.05.30-13.58.34:477][209]LogBrGameInstance: instream skip 216 -> 217
[2019.05.30-13.58.34:477][209]LogBrControl: Warning: Skip in reception 4689 -> 4691
[2019.05.30-13.58.34:479][210]LogBrGameInstance: instream skip 217 -> 218
[2019.05.30-13.58.34:479][210]LogOutStream: Warning: BeginFrame discontinuity 4689 -> 4691
[2019.05.30-13.58.34:484][211]LogBrControl: Warning: Skip in reception 4692 -> 4692
[2019.05.30-13.58.34:500][211]LogBrGameInstance: outstream mastercount skip 4689 -> 4691
[2019.05.30-13.58.34:500][211]LogBrControl: Warning: Skip in reception 4692 -> 4694
[2019.05.30-13.58.34:507][212]LogBrGameInstance: instream skip 220 -> 221
[2019.05.30-13.58.34:507][212]LogBrControl: Warning: Skip in reception 4694 -> 4696
[2019.05.30-13.58.34:507][212]LogOutStream: Warning: BeginFrame discontinuity 4692 -> 4695
[2019.05.30-13.58.34:508][213]LogBrControl: Warning: Skip in reception 4696 -> 4696
[2019.05.30-13.58.34:517][213]LogBrGameInstance: outstream mastercount skip 4692 -> 4695
[2019.05.30-13.58.34:517][213]LogBrControl: Warning: Skip in reception 4696 -> 4696
[2019.05.30-13.58.34:521][214]LogOutStream: Warning: BeginFrame discontinuity 4696 -> 4696
[2019.05.30-13.58.34:532][215]LogBrGameInstance: outstream mastercount skip 4696 -> 4696
[2019.05.30-13.58.34:549][217]LogBrControl: Warning: Skip in reception 4699 -> 4699
[2019.05.30-13.58.34:554][218]LogOutStream: Warning: BeginFrame discontinuity 4699 -> 4699
[2019.05.30-13.58.34:565][219]LogBrGameInstance: outstream mastercount skip 4699 -> 4699
[2019.05.30-13.58.35:650][347]LogBrControl: Warning: Skip in reception 4828 -> 4831
[2019.05.30-13.58.35:654][348]LogOutStream: Warning: BeginFrame discontinuity 4828 -> 4831
[2019.05.30-13.58.35:663][349]LogBrGameInstance: outstream mastercount skip 4828 -> 4831
[2019.05.30-13.58.38:165][648]LogBrControl: Warning: Skip in reception 5131 -> 5133
[2019.05.30-13.58.38:171][649]LogOutStream: Warning: BeginFrame discontinuity 5131 -> 5133
[2019.05.30-13.58.38:178][651]LogBrGameInstance: outstream mastercount skip 5131 -> 5133
[2019.05.30-13.58.49:648][ 25]LogBrControl: Warning: Skip in reception 6509 -> 6511
[2019.05.30-13.58.49:651][ 26]LogOutStream: Warning: BeginFrame discontinuity 6509 -> 6511
[2019.05.30-13.58.49:662][ 28]LogBrGameInstance: outstream mastercount skip 6509 -> 6511
[2019.05.30-13.58.49:666][ 28]LogBrControl: Warning: Skip in reception 6513 -> 6513
[2019.05.30-13.58.49:685][ 29]LogBrControl: Warning: Skip in reception 6513 -> 6515
[2019.05.30-13.58.49:685][ 29]LogOutStream: Warning: BeginFrame discontinuity 6513 -> 6513
[2019.05.30-13.58.49:686][ 30]LogOutStream: Warning: BeginFrame discontinuity 6513 -> 6515
[2019.05.30-13.58.49:691][ 31]LogBrGameInstance: outstream mastercount skip 6513 -> 6513
[2019.05.30-13.58.49:699][ 31]LogBrGameInstance: outstream mastercount skip 6513 -> 6515
[2019.05.30-13.58.49:699][ 31]LogBrGameInstance: instream skip 2040 -> 2041
[2019.05.30-13.58.49:699][ 31]LogOutStream: Warning: BeginFrame discontinuity 6515 -> 6517
[2019.05.30-13.58.49:702][ 32]LogBrControl: Warning: Skip in reception 6517 -> 6517
[2019.05.30-13.58.49:704][ 32]LogOutStream: Warning: BeginFrame discontinuity 6517 -> 6517
[2019.05.30-13.58.49:705][ 33]LogBrGameInstance: outstream mastercount skip 6515 -> 6517
[2019.05.30-13.58.49:715][ 33]LogBrGameInstance: outstream mastercount skip 6517 -> 6517
[2019.05.30-13.59.02:824][606]LogBrControl: Warning: Skip in reception 8091 -> 8091
[2019.05.30-13.59.02:829][607]LogOutStream: Warning: BeginFrame discontinuity 8091 -> 8091
[2019.05.30-13.59.02:842][608]LogBrGameInstance: outstream mastercount skip 8091 -> 8091
[2019.05.30-13.59.06:675][ 68]LogBrControl: Warning: Skip in reception 8552 -> 8552
[2019.05.30-13.59.06:679][ 69]LogOutStream: Warning: BeginFrame discontinuity 8552 -> 8552
[2019.05.30-13.59.06:691][ 70]LogBrGameInstance: outstream mastercount skip 8552 -> 8552
[2019.05.30-13.59.28:351][663]LogBrGameInstance: outstream mastercount skip 11145 -> 11145
[2019.05.30-13.59.28:359][663]LogBrGameInstance: outstream mastercount skip 11145 -> 11145
[2019.05.30-13.59.28:367][663]LogBrGameInstance: outstream mastercount skip 11145 -> 11145
[2019.05.30-13.59.28:376][663]LogBrGameInstance: outstream mastercount skip 11145 -> 11145
[2019.05.30-13.59.28:383][663]LogBrGameInstance: outstream mastercount skip 11145 -> 11145
[2019.05.30-13.59.28:391][663]LogBrGameInstance: outstream mastercount skip 11145 -> 11145
[2019.05.30-13.59.28:399][663]LogBrGameInstance: outstream mastercount skip 11145 -> 11145
[2019.05.30-13.59.28:408][663]LogBrGameInstance: outstream mastercount skip 11145 -> 11145
[2019.05.30-13.59.28:414][663]LogBrGameInstance: outstream mastercount skip 11145 -> 11145
[2019.05.30-13.59.28:422][663]LogBrGameInstance: outstream mastercount skip 11145 -> 11145
[2019.05.30-13.59.28:430][663]LogBrGameInstance: outstream mastercount skip 11145 -> 11145
[2019.05.30-13.59.28:437][663]LogBrGameInstance: outstream mastercount skip 11145 -> 11145
[2019.05.30-13.59.28:446][663]LogBrGameInstance: outstream mastercount skip 11145 -> 11145
[2019.05.30-13.59.28:453][663]LogBrGameInstance: outstream mastercount skip 11145 -> 11145
[2019.05.30-13.59.28:461][663]LogBrGameInstance: outstream mastercount skip 11145 -> 11145
[2019.05.30-13.59.28:468][663]LogBrGameInstance: outstream mastercount skip 11145 -> 11145
[2019.05.30-13.59.28:475][663]LogBrGameInstance: outstream mastercount skip 11145 -> 11145
[2019.05.30-13.59.28:483][663]LogBrGameInstance: outstream mastercount skip 11145 -> 11145
[2019.05.30-13.59.28:491][663]LogBrGameInstance: outstream mastercount skip 11145 -> 11145
[2019.05.30-13.59.28:499][663]LogBrGameInstance: outstream mastercount skip 11145 -> 11145
[2019.05.30-13.59.28:507][663]LogBrGameInstance: outstream mastercount skip 11145 -> 11145
[2019.05.30-13.59.28:515][663]LogBrGameInstance: outstream mastercount skip 11145 -> 11145
[2019.05.30-13.59.28:522][663]LogBrGameInstance: outstream mastercount skip 11145 -> 11145
[2019.05.30-13.59.28:529][663]LogBrGameInstance: outstream mastercount skip 11145 -> 11145
[2019.05.30-13.59.28:537][663]LogBrGameInstance: outstream mastercount skip 11145 -> 11145
[2019.05.30-13.59.28:545][663]LogBrGameInstance: outstream mastercount skip 11145 -> 11145
[2019.05.30-13.59.28:554][663]LogBrGameInstance: outstream mastercount skip 11145 -> 11145
[2019.05.30-13.59.28:708][663]LogBrGameInstance: outstream mastercount skip 11145 -> 11145
[2019.05.30-13.59.28:708][663]LogBrGameInstance: instream skip 6705 -> 6707
[2019.05.30-13.59.28:708][663]LogBrControl: Warning: Skip in reception 11146 -> 11181
[2019.05.30-13.59.28:708][663]LogOutStream: Warning: BeginFrame discontinuity 11145 -> 11148
[2019.05.30-13.59.28:709][664]LogBrGameInstance: instream skip 6706 -> 6707
[2019.05.30-13.59.28:709][664]LogBrControl: Warning: Skip in reception 11181 -> 11181
[2019.05.30-13.59.28:709][664]LogOutStream: Warning: BeginFrame discontinuity 11148 -> 11151
[2019.05.30-13.59.28:715][665]LogBrGameInstance: outstream mastercount skip 11145 -> 11148
[2019.05.30-13.59.28:718][665]LogBrControl: Warning: Skip in reception 11181 -> 11181
[2019.05.30-13.59.28:718][665]LogOutStream: Warning: BeginFrame discontinuity 11151 -> 11154
[2019.05.30-13.59.28:721][666]LogBrGameInstance: outstream mastercount skip 11148 -> 11151
[2019.05.30-13.59.29:596][666]LogBrGameInstance: outstream mastercount skip 11151 -> 11154
[2019.05.30-13.59.29:596][666]LogBrControl: Warning: Skip in reception 11181 -> 11302
[2019.05.30-13.59.29:596][666]LogOutStream: Warning: BeginFrame discontinuity 11154 -> 11157
[2019.05.30-13.59.29:600][667]LogOutStream: Warning: BeginFrame discontinuity 11157 -> 11160
[2019.05.30-13.59.29:613][668]LogBrGameInstance: outstream mastercount skip 11154 -> 11157
[2019.05.30-13.59.29:615][668]LogBrGameInstance: outstream mastercount skip 11157 -> 11160
[2019.05.30-13.59.29:615][668]LogOutStream: Warning: BeginFrame discontinuity 11160 -> 11163
[2019.05.30-13.59.29:616][669]LogOutStream: Warning: BeginFrame discontinuity 11163 -> 11166
[2019.05.30-13.59.29:627][670]LogBrGameInstance: outstream mastercount skip 11160 -> 11163
[2019.05.30-13.59.29:633][670]LogBrGameInstance: outstream mastercount skip 11163 -> 11166
[2019.05.30-13.59.29:633][670]LogOutStream: Warning: BeginFrame discontinuity 11166 -> 11169
[2019.05.30-13.59.29:642][671]LogBrGameInstance: outstream mastercount skip 11166 -> 11169
[2019.05.30-13.59.29:642][671]LogBrControl: Warning: Skip in reception 11306 -> 11308
[2019.05.30-13.59.29:642][671]LogOutStream: Warning: BeginFrame discontinuity 11169 -> 11172
[2019.05.30-13.59.29:645][672]LogOutStream: Warning: BeginFrame discontinuity 11172 -> 11175
[2019.05.30-13.59.29:650][673]LogBrGameInstance: outstream mastercount skip 11169 -> 11172
[2019.05.30-13.59.29:654][673]LogOutStream: Warning: BeginFrame discontinuity 11175 -> 11178
[2019.05.30-13.59.29:655][674]LogBrGameInstance: outstream mastercount skip 11172 -> 11175
[2019.05.30-13.59.29:662][674]LogBrControl: Warning: Skip in reception 11310 -> 11310
[2019.05.30-13.59.29:662][674]LogOutStream: Warning: BeginFrame discontinuity 11178 -> 11181
[2019.05.30-13.59.29:663][675]LogBrGameInstance: outstream mastercount skip 11175 -> 11178
[2019.05.30-13.59.29:674][675]LogBrGameInstance: outstream mastercount skip 11178 -> 11181
[2019.05.30-13.59.29:674][675]LogBrControl: Warning: Skip in reception 11310 -> 11312
[2019.05.30-13.59.29:674][675]LogOutStream: Warning: BeginFrame discontinuity 11181 -> 11304
[2019.05.30-13.59.29:677][676]LogOutStream: Warning: BeginFrame discontinuity 11304 -> 11308
[2019.05.30-13.59.29:681][676]LogBrGameInstance: outstream mastercount skip 11181 -> 11304
[2019.05.30-13.59.29:688][677]LogOutStream: Warning: BeginFrame discontinuity 11308 -> 11310
[2019.05.30-13.59.29:689][678]LogBrGameInstance: outstream mastercount skip 11304 -> 11308
[2019.05.30-13.59.29:692][678]LogBrControl: Warning: Skip in reception 11314 -> 11314
[2019.05.30-13.59.29:692][678]LogOutStream: Warning: BeginFrame discontinuity 11310 -> 11313
[2019.05.30-13.59.29:696][679]LogBrGameInstance: outstream mastercount skip 11308 -> 11310
[2019.05.30-13.59.29:703][680]LogBrGameInstance: outstream mastercount skip 11310 -> 11313
[2019.05.30-13.59.29:710][680]LogOutStream: Warning: BeginFrame discontinuity 11314 -> 11314
[2019.05.30-13.59.29:718][682]LogBrGameInstance: outstream mastercount skip 11314 -> 11314
[2019.05.30-13.59.29:740][683]LogBrControl: Warning: Skip in reception 11318 -> 11320
[2019.05.30-13.59.29:753][685]LogOutStream: Warning: BeginFrame discontinuity 11318 -> 11320
[2019.05.30-13.59.29:757][686]LogBrControl: Warning: Skip in reception 11322 -> 11322
[2019.05.30-13.59.29:759][687]LogBrGameInstance: outstream mastercount skip 11318 -> 11320
[2019.05.30-13.59.29:776][687]LogBrControl: Warning: Skip in reception 11322 -> 11324
[2019.05.30-13.59.29:777][688]LogOutStream: Warning: BeginFrame discontinuity 11322 -> 11322
[2019.05.30-13.59.29:788][689]LogOutStream: Warning: BeginFrame discontinuity 11322 -> 11324
[2019.05.30-13.59.29:789][690]LogBrGameInstance: outstream mastercount skip 11322 -> 11322
[2019.05.30-13.59.29:792][690]LogBrControl: Warning: Skip in reception 11326 -> 11326
[2019.05.30-13.59.29:796][691]LogBrGameInstance: outstream mastercount skip 11322 -> 11324
[2019.05.30-13.59.29:819][692]LogBrControl: Warning: Skip in reception 11327 -> 11329
[2019.05.30-13.59.29:819][692]LogOutStream: Warning: BeginFrame discontinuity 11326 -> 11326
[2019.05.30-13.59.29:825][694]LogBrGameInstance: outstream mastercount skip 11326 -> 11326
[2019.05.30-13.59.29:830][694]LogOutStream: Warning: BeginFrame discontinuity 11327 -> 11329
[2019.05.30-13.59.29:842][695]LogBrGameInstance: outstream mastercount skip 11327 -> 11329
[2019.05.30-13.59.29:865][697]LogBrControl: Warning: Skip in reception 11333 -> 11335
[2019.05.30-13.59.29:873][698]LogBrGameInstance: instream skip 6740 -> 6741
[2019.05.30-13.59.29:873][698]LogBrControl: Warning: Skip in reception 11335 -> 11337
[2019.05.30-13.59.29:873][698]LogOutStream: Warning: BeginFrame discontinuity 11332 -> 11336
[2019.05.30-13.59.29:879][699]LogBrControl: Warning: Skip in reception 11337 -> 11337
[2019.05.30-13.59.29:882][699]LogBrGameInstance: outstream mastercount skip 11332 -> 11336
[2019.05.30-13.59.29:883][699]LogBrControl: Warning: Skip in reception 11337 -> 11337
[2019.05.30-13.59.29:888][700]LogOutStream: Warning: BeginFrame discontinuity 11337 -> 11337
[2019.05.30-13.59.29:900][702]LogBrGameInstance: outstream mastercount skip 11337 -> 11337
[2019.05.30-13.59.33:764][152]LogBrGameInstance: instream skip 7206 -> 7208
[2019.05.30-13.59.33:764][152]LogBrControl: Warning: Skip in reception 11789 -> 11803
[2019.05.30-13.59.33:764][152]LogOutStream: Warning: BeginFrame discontinuity 11788 -> 11791
[2019.05.30-13.59.33:765][153]LogBrGameInstance: instream skip 7207 -> 7208
[2019.05.30-13.59.33:765][153]LogBrControl: Warning: Skip in reception 11803 -> 11803
[2019.05.30-13.59.33:765][153]LogOutStream: Warning: BeginFrame discontinuity 11791 -> 11794
[2019.05.30-13.59.33:776][154]LogBrGameInstance: instream skip 7208 -> 7209
[2019.05.30-13.59.33:776][154]LogOutStream: Warning: BeginFrame discontinuity 11794 -> 11797
[2019.05.30-13.59.33:782][155]LogBrGameInstance: instream skip 7209 -> 7210
[2019.05.30-13.59.33:782][155]LogOutStream: Warning: BeginFrame discontinuity 11797 -> 11800
[2019.05.30-13.59.33:788][156]LogBrGameInstance: instream skip 7210 -> 7211
[2019.05.30-13.59.33:788][156]LogOutStream: Warning: BeginFrame discontinuity 11800 -> 11803
[2019.05.30-13.59.33:793][157]LogBrControl: Warning: Skip in reception 11806 -> 11806
[2019.05.30-14.00.16:707][306]LogBrControl: Warning: Skip in reception 16954 -> 16956
[2019.05.30-14.00.16:722][307]LogBrControl: Warning: Skip in reception 16956 -> 16958
[2019.05.30-14.00.16:728][308]LogOutStream: Warning: BeginFrame discontinuity 16954 -> 16956
[2019.05.30-14.00.16:741][309]LogOutStream: Warning: BeginFrame discontinuity 16956 -> 16958
[2019.05.30-14.00.16:766][311]LogBrControl: Warning: Skip in reception 16961 -> 16963
[2019.05.30-14.00.16:786][313]LogBrControl: Warning: Skip in reception 16964 -> 16966
[2019.05.30-14.00.16:787][313]LogOutStream: Warning: BeginFrame discontinuity 16961 -> 16963
[2019.05.30-14.00.16:812][315]LogBrControl: Warning: Skip in reception 16967 -> 16969
[2019.05.30-14.00.16:812][315]LogOutStream: Warning: BeginFrame discontinuity 16964 -> 16966
[2019.05.30-14.00.16:828][317]LogOutStream: Warning: BeginFrame discontinuity 16967 -> 16969
[2019.05.30-14.00.16:850][320]LogBrControl: Warning: Skip in reception 16973 -> 16973
[2019.05.30-14.00.16:863][322]LogOutStream: Warning: BeginFrame discontinuity 16973 -> 16973
[2019.05.30-14.00.16:958][333]LogBrControl: Warning: Skip in reception 16985 -> 16985
[2019.05.30-14.00.16:976][335]LogOutStream: Warning: BeginFrame discontinuity 16985 -> 16985
[2019.05.30-14.00.17:004][338]LogBrControl: Warning: Skip in reception 16989 -> 16991
[2019.05.30-14.00.17:018][340]LogOutStream: Warning: BeginFrame discontinuity 16989 -> 16991
[2019.05.30-14.00.17:086][348]LogBrControl: Warning: Skip in reception 17000 -> 17000
[2019.05.30-14.00.17:100][350]LogOutStream: Warning: BeginFrame discontinuity 17000 -> 17000
[2019.05.30-14.00.17:141][354]LogBrControl: Warning: Skip in reception 17005 -> 17007
[2019.05.30-14.00.17:156][356]LogOutStream: Warning: BeginFrame discontinuity 17005 -> 17007
[2019.05.30-14.00.17:278][370]LogBrControl: Warning: Skip in reception 17022 -> 17024
[2019.05.30-14.00.17:292][372]LogOutStream: Warning: BeginFrame discontinuity 17022 -> 17024
[2019.05.30-14.00.17:479][394]LogBrControl: Warning: Skip in reception 17047 -> 17049
[2019.05.30-14.00.17:492][396]LogOutStream: Warning: BeginFrame discontinuity 17047 -> 17049
[2019.05.30-14.00.17:686][419]LogBrControl: Warning: Skip in reception 17073 -> 17073
[2019.05.30-14.00.17:699][421]LogOutStream: Warning: BeginFrame discontinuity 17073 -> 17073
[2019.05.30-14.00.18:257][487]LogBrControl: Warning: Skip in reception 17140 -> 17142
[2019.05.30-14.00.18:275][489]LogOutStream: Warning: BeginFrame discontinuity 17140 -> 17142
[2019.05.30-14.00.18:328][495]LogBrControl: Warning: Skip in reception 17149 -> 17151
[2019.05.30-14.00.18:339][497]LogOutStream: Warning: BeginFrame discontinuity 17149 -> 17151
[2019.05.30-14.00.20:232][723]LogBrControl: Warning: Skip in reception 17378 -> 17380
[2019.05.30-14.00.20:241][725]LogOutStream: Warning: BeginFrame discontinuity 17378 -> 17380
[2019.05.30-14.00.20:250][726]LogBrControl: Warning: Skip in reception 17382 -> 17382
[2019.05.30-14.00.20:263][728]LogOutStream: Warning: BeginFrame discontinuity 17382 -> 17382
[2019.05.30-14.00.21:337][855]LogBrControl: Warning: Skip in reception 17510 -> 17512
[2019.05.30-14.00.21:350][856]LogBrControl: Warning: Skip in reception 17512 -> 17514
[2019.05.30-14.00.21:352][857]LogOutStream: Warning: BeginFrame discontinuity 17510 -> 17512
[2019.05.30-14.00.21:361][858]LogOutStream: Warning: BeginFrame discontinuity 17512 -> 17514
[2019.05.30-14.00.30:474][951]LogBrControl: Warning: Skip in reception 18608 -> 18610
[2019.05.30-14.00.30:490][953]LogOutStream: Warning: BeginFrame discontinuity 18608 -> 18610
[2019.05.30-14.00.30:520][956]LogBrControl: Warning: Skip in reception 18614 -> 18616
[2019.05.30-14.00.30:533][958]LogOutStream: Warning: BeginFrame discontinuity 18614 -> 18616
[2019.05.30-14.00.30:599][965]LogBrControl: Warning: Skip in reception 18624 -> 18626
[2019.05.30-14.00.30:605][967]LogOutStream: Warning: BeginFrame discontinuity 18624 -> 18626
[2019.05.30-14.00.30:617][968]LogBrControl: Warning: Skip in reception 18628 -> 18628
[2019.05.30-14.00.30:631][970]LogOutStream: Warning: BeginFrame discontinuity 18628 -> 18628
[2019.05.30-14.00.31:506][ 74]LogBrControl: Warning: Skip in reception 18733 -> 18735
[2019.05.30-14.00.31:519][ 76]LogOutStream: Warning: BeginFrame discontinuity 18733 -> 18735
[2019.05.30-14.00.31:582][ 84]LogBrControl: Warning: Skip in reception 18744 -> 18744
[2019.05.30-14.00.31:598][ 86]LogOutStream: Warning: BeginFrame discontinuity 18744 -> 18744
[2019.05.30-14.00.31:883][119]LogBrControl: Warning: Skip in reception 18778 -> 18780
[2019.05.30-14.00.31:901][121]LogOutStream: Warning: BeginFrame discontinuity 18778 -> 18780
[2019.05.30-14.00.31:916][123]LogBrControl: Warning: Skip in reception 18783 -> 18783
[2019.05.30-14.00.31:931][125]LogOutStream: Warning: BeginFrame discontinuity 18783 -> 18783
[2019.05.30-14.00.32:111][146]LogBrControl: Warning: Skip in reception 18805 -> 18805
[2019.05.30-14.00.32:122][148]LogOutStream: Warning: BeginFrame discontinuity 18805 -> 18805
[2019.05.30-14.00.32:163][152]LogBrControl: Warning: Skip in reception 18810 -> 18812
[2019.05.30-14.00.32:179][154]LogBrControl: Warning: Skip in reception 18813 -> 18813
[2019.05.30-14.00.32:179][154]LogOutStream: Warning: BeginFrame discontinuity 18810 -> 18812
[2019.05.30-14.00.32:191][156]LogOutStream: Warning: BeginFrame discontinuity 18813 -> 18813
[2019.05.30-14.00.32:308][170]LogBrControl: Warning: Skip in reception 18828 -> 18828
[2019.05.30-14.00.32:322][172]LogOutStream: Warning: BeginFrame discontinuity 18828 -> 18828
