Log file open, 05/18/19 13:55:02
LogWindows: Failed to load 'aqProf.dll' (GetLastError=126)
LogWindows: File 'aqProf.dll' does not exist
LogWindows: Failed to load 'VSPerf140.dll' (GetLastError=126)
LogWindows: File 'VSPerf140.dll' does not exist
LogWindows: Failed to load 'VtuneApi.dll' (GetLastError=126)
LogWindows: File 'VtuneApi.dll' does not exist
LogWindows: Failed to load 'VtuneApi32e.dll' (GetLastError=126)
LogWindows: File 'VtuneApi32e.dll' does not exist
LogInit: Display: Running engine for game: Atlanta_20a
LogPlatformFile: Not using cached read wrapper
LogInit: Display: No sandbox specified, assuming ../../../../Users/cstew/Documents/Unreal Projects/Atlanta_North_4.20/Saved/Cooked/WindowsNoEditor
LogTaskGraph: Started task graph with 5 named threads and 35 total threads with 3 sets of task threads.
LogStats: Stats thread started at 0.719305
LogD3D11RHI: Loaded GFSDK_Aftermath_Lib.x64.dll
LogICUInternationalization: Display: ICU TimeZone Detection - Raw Offset: -5:00, Platform Override: ''
LogPluginManager: Mounting plugin Paper2D
LogPluginManager: Mounting plugin AISupport
LogPluginManager: Mounting plugin LightPropagationVolume
LogPluginManager: Mounting plugin CLionSourceCodeAccess
LogPluginManager: Mounting plugin CodeLiteSourceCodeAccess
LogPluginManager: Mounting plugin GitSourceControl
LogPluginManager: Mounting plugin KDevelopSourceCodeAccess
LogPluginManager: Mounting plugin NullSourceCodeAccess
LogPluginManager: Mounting plugin PerforceSourceControl
LogPluginManager: Mounting plugin SubversionSourceControl
LogPluginManager: Mounting plugin UObjectPlugin
LogPluginManager: Mounting plugin VisualStudioCodeSourceCodeAccess
LogPluginManager: Mounting plugin VisualStudioSourceCodeAccess
LogPluginManager: Mounting plugin XCodeSourceCodeAccess
LogPluginManager: Mounting plugin AssetManagerEditor
LogPluginManager: Mounting plugin CryptoKeys
LogPluginManager: Mounting plugin DataValidation
LogPluginManager: Mounting plugin FacialAnimation
LogPluginManager: Mounting plugin GameplayTagsEditor
LogPluginManager: Mounting plugin MacGraphicsSwitching
LogPluginManager: Mounting plugin MeshEditor
LogPluginManager: Mounting plugin MobileLauncherProfileWizard
LogPluginManager: Mounting plugin PluginBrowser
LogPluginManager: Mounting plugin SpeedTreeImporter
LogPluginManager: Mounting plugin DatasmithContent
LogPluginManager: Mounting plugin AlembicImporter
LogPluginManager: Mounting plugin AppleImageUtils
LogPluginManager: Mounting plugin AppleVision
LogPluginManager: Mounting plugin BackChannel
LogPluginManager: Mounting plugin CharacterAI
LogPluginManager: Mounting plugin GeometryCache
LogPluginManager: Mounting plugin HTML5Networking
LogPluginManager: Mounting plugin ProxyLODPlugin
LogPluginManager: Mounting plugin AndroidMedia
LogPluginManager: Mounting plugin AvfMedia
LogPluginManager: Mounting plugin ImgMedia
LogPluginManager: Mounting plugin LinearTimecode
LogPluginManager: Mounting plugin MediaCompositing
LogPluginManager: Mounting plugin MediaPlayerEditor
LogPluginManager: Mounting plugin WmfMedia
LogPluginManager: Mounting plugin TcpMessaging
LogPluginManager: Mounting plugin UdpMessaging
LogPluginManager: Mounting plugin ActorSequence
LogPluginManager: Mounting plugin LevelSequenceEditor
LogPluginManager: Mounting plugin MatineeToLevelSequence
LogPluginManager: Mounting plugin NetcodeUnitTest
LogPluginManager: Mounting plugin NUTUnrealEngine4
LogPluginManager: Mounting plugin OnlineSubsystem
LogPluginManager: Mounting plugin OnlineSubsystemNull
LogPluginManager: Mounting plugin OnlineSubsystemUtils
LogPluginManager: Mounting plugin LauncherChunkInstaller
LogPluginManager: Mounting plugin AndroidDeviceProfileSelector
LogPluginManager: Mounting plugin AndroidMoviePlayer
LogPluginManager: Mounting plugin AndroidPermission
LogPluginManager: Mounting plugin AppleMoviePlayer
LogPluginManager: Mounting plugin ArchVisCharacter
LogPluginManager: Mounting plugin AudioCapture
LogPluginManager: Mounting plugin CableComponent
LogPluginManager: Mounting plugin CustomMeshComponent
LogPluginManager: Mounting plugin EditableMesh
LogPluginManager: Mounting plugin ExampleDeviceProfileSelector
LogPluginManager: Mounting plugin GoogleCloudMessaging
LogPluginManager: Mounting plugin ImmediatePhysics
LogPluginManager: Mounting plugin IOSDeviceProfileSelector
LogPluginManager: Mounting plugin LinuxDeviceProfileSelector
LogPluginManager: Mounting plugin LocationServicesBPLibrary
LogPluginManager: Mounting plugin MobilePatchingUtils
LogPluginManager: Mounting plugin OculusVR
LogPluginManager: Plugin shader directory ../../../../../../Program Files/Epic Games/UE_4.20/Engine/Plugins/Runtime/Oculus/OculusVR/Shaders found
LogPluginManager: Mapping shader source directory ../../../../../../Program Files/Epic Games/UE_4.20/Engine/Plugins/Runtime/Oculus/OculusVR/Shaders to virtual directory /Plugin/OculusVR
LogPluginManager: Mounting plugin PhysXVehicles
LogPluginManager: Mounting plugin ProceduralMeshComponent
LogPluginManager: Mounting plugin RuntimePhysXCooking
LogPluginManager: Mounting plugin SteamVR
LogPluginManager: Mounting plugin WindowsMoviePlayer
LogStreaming: Display: Took  0.082s to configure plugins.
LogInit: Using libcurl 7.55.1-DEV
LogInit:  - built for x86_64-pc-win32
LogInit:  - supports SSL with OpenSSL/1.0.2h
LogInit:  - supports HTTP deflate (compression) using libz 1.2.8
LogInit:  - other features:
LogInit:      CURL_VERSION_SSL
LogInit:      CURL_VERSION_LIBZ
LogInit:      CURL_VERSION_IPV6
LogInit:      CURL_VERSION_ASYNCHDNS
LogInit:      CURL_VERSION_LARGEFILE
LogInit:      CURL_VERSION_IDN
LogInit:  CurlRequestOptions (configurable via config and command line):
LogInit:  - bVerifyPeer = false  - Libcurl will NOT verify peer certificate
LogInit:  - bUseHttpProxy = false  - Libcurl will NOT use HTTP proxy
LogInit:  - bDontReuseConnections = false  - Libcurl will reuse connections
LogInit:  - CertBundlePath = nullptr  - Libcurl will use whatever was configured at build time.
LogInit:  - MaxHostConnections = 16  - Libcurl will limit the number of connections to a host
LogInit:  - LocalHostAddr = Default
LogInit:  - BufferSize = 65536
LogInit: WinSock: version 1.1 (2.2), MaxSocks=32767, MaxUdp=65467
LogHMD: Failed initializing OVRPlugin 1.25.0
LogInit: Build: ++UE4+Release-4.20-CL-4369336
LogInit: Engine Version: 4.20.3-4369336+++UE4+Release-4.20
LogInit: Compatible Engine Version: 4.20.0-4212847+++UE4+Release-4.20
LogInit: Net CL: 4212847
LogInit: OS: Windows 10 (), CPU: Intel(R) Core(TM) i7-8850H CPU @ 2.60GHz, GPU: NVIDIA GeForce GTX 1080
LogInit: Compiled (64-bit): Sep 17 2018 12:36:23
LogInit: Compiled with Visual C++: 19.00.24215.01
LogInit: Build Configuration: Development
LogInit: Branch Name: ++UE4+Release-4.20
LogInit: Command Line:  ?Game=/Script/BrUEPlayer.BrGameMode -deterministic -noini -nosplash -novsync -benchmark -windowed -messaging -notexturestreaming -forceres -fixedseed -noforcefeedback -nosound -noailogging -noverifygc "C:\Users\cstew\Documents\Unreal Projects\Atlanta_North_4.20\Atlanta_20a.uproject" -resx=1920 -resy=1080 -winx=300 -winy=300 -fps=60.000000
LogInit: Base Directory: C:/Program Files/Brainstorm/Suite 3.1.1/bin/
LogInit: Installed Engine Build: 1
LogDevObjectVersion: Number of dev versions registered: 20
LogDevObjectVersion:   Dev-Blueprints (B0D832E4-1F89-4F0D-ACCF-7EB736FD4AA2): 10
LogDevObjectVersion:   Dev-Build (E1C64328-A22C-4D53-A36C-8E866417BD8C): 0
LogDevObjectVersion:   Dev-Core (375EC13C-06E4-48FB-B500-84F0262A717E): 2
LogDevObjectVersion:   Dev-Editor (E4B068ED-F494-42E9-A231-DA0B2E46BB41): 24
LogDevObjectVersion:   Dev-Framework (CFFC743F-43B0-4480-9391-14DF171D2073): 34
LogDevObjectVersion:   Dev-Mobile (B02B49B5-BB20-44E9-A304-32B752E40360): 2
LogDevObjectVersion:   Dev-Networking (A4E4105C-59A1-49B5-A7C5-40C4547EDFEE): 0
LogDevObjectVersion:   Dev-Online (39C831C9-5AE6-47DC-9A44-9C173E1C8E7C): 0
LogDevObjectVersion:   Dev-Physics (78F01B33-EBEA-4F98-B9B4-84EACCB95AA2): 0
LogDevObjectVersion:   Dev-Platform (6631380F-2D4D-43E0-8009-CF276956A95A): 0
LogDevObjectVersion:   Dev-Rendering (12F88B9F-8875-4AFC-A67C-D90C383ABD29): 26
LogDevObjectVersion:   Dev-Sequencer (7B5AE74C-D270-4C10-A958-57980B212A5A): 9
LogDevObjectVersion:   Dev-VR (D7296918-1DD6-4BDD-9DE2-64A83CC13884): 2
LogDevObjectVersion:   Dev-LoadTimes (C2A15278-BFE7-4AFE-6C17-90FF531DF755): 1
LogDevObjectVersion:   Private-Geometry (6EACA3D4-40EC-4CC1-B786-8BED09428FC5): 3
LogDevObjectVersion:   Dev-AnimPhys (29E575DD-E0A3-4627-9D10-D276232CDCEA): 17
LogDevObjectVersion:   Dev-ReflectionCapture (6B266CEC-1EC7-4B8F-A30B-E4D90942FC07): 1
LogDevObjectVersion:   Dev-Automation (0DF73D61-A23F-47EA-B727-89E90C41499A): 1
LogDevObjectVersion:   FortniteMain (601D1886-AC64-4F84-AA16-D3DE0DEAC7D6): 12
LogDevObjectVersion:   Dev-Enterprise (9DFFBCD6-494F-0158-E221-12823C92A888): 1
LogStreaming: Display: Took  0.006s to delete old logs.
LogInit: Presizing for max 2097152 objects, including 0 objects not considered by GC, pre-allocating 0 bytes for permanent pool.
LogStreaming: Display: Async Loading initialized: Event Driven Loader: true, Async Loading Thread: false, Async Post Load: true
LogInit: Object subsystem initialized
[2019.05.18-17.55.03:327][  0]LogInit: Selected Device Profile: [WindowsNoEditor]
[2019.05.18-17.55.03:327][  0]LogInit: Applying CVar settings loaded from the selected device profile: [WindowsNoEditor]
[2019.05.18-17.55.03:335][  0]LogHAL: Display: Platform has ~ 64 GB [68634288128 / 68719476736 / 64], which maps to Largest [LargestMinGB=32, LargerMinGB=12, DefaultMinGB=8, SmallerMinGB=6, SmallestMinGB=0)
[2019.05.18-17.55.03:335][  0]LogInit: Going up to parent DeviceProfile [Windows]
[2019.05.18-17.55.03:335][  0]LogInit: Setting Device Profile CVar: [[r.Vulkan.UseRealUBs:1]]
[2019.05.18-17.55.03:335][  0]LogInit: Going up to parent DeviceProfile []
[2019.05.18-17.55.03:345][  0]LogInit: Computer: MSI
[2019.05.18-17.55.03:345][  0]LogInit: User: cstew
[2019.05.18-17.55.03:345][  0]LogInit: CPU Page size=4096, Cores=6
[2019.05.18-17.55.03:345][  0]LogInit: High frequency timer resolution =10.000000 MHz
[2019.05.18-17.55.03:345][  0]LogMemory: Memory total: Physical=63.9GB (64GB approx)
[2019.05.18-17.55.03:345][  0]LogMemory: Platform Memory Stats for WindowsNoEditor
[2019.05.18-17.55.03:345][  0]LogMemory: Process Physical Memory: 60.21 MB used, 60.21 MB peak
[2019.05.18-17.55.03:345][  0]LogMemory: Process Virtual Memory: 70.66 MB used, 70.66 MB peak
[2019.05.18-17.55.03:345][  0]LogMemory: Physical Memory: 17178.45 MB used,  48276.31 MB free, 65454.76 MB total
[2019.05.18-17.55.03:345][  0]LogMemory: Virtual Memory: 4469.61 MB used,  48276.31 MB free, 134217728.00 MB total
[2019.05.18-17.55.03:600][  0]LogInit: Using OS detected language (en-US).
[2019.05.18-17.55.03:600][  0]LogInit: Using OS detected locale (en-US).
[2019.05.18-17.55.03:601][  0]LogTextLocalizationManager: No specific localization for 'en-US' exists, so the 'en' localization will be used.
[2019.05.18-17.55.03:602][  0]LogStreaming: Display: Took  0.002s to InitEngineTextLocalization.
[2019.05.18-17.55.03:635][  0]LogSlate: New Slate User Created.  User Index 0, Is Virtual User: 0
[2019.05.18-17.55.03:636][  0]LogSlate: Slate User Registered.  User Index 0, Is Virtual User: 0
[2019.05.18-17.55.03:643][  0]LogHMD: Failed to initialize OpenVR with code 110
[2019.05.18-17.55.03:643][  0]LogD3D11RHI: D3D11 adapters:
[2019.05.18-17.55.03:695][  0]LogD3D11RHI:    0. 'NVIDIA GeForce GTX 1080' (Feature Level 11_0)
[2019.05.18-17.55.03:695][  0]LogD3D11RHI:       8079/0/32727 MB DedicatedVideo/DedicatedSystem/SharedSystem, Outputs:1, VendorId:0x10de
[2019.05.18-17.55.03:696][  0]LogD3D11RHI:    1. 'Microsoft Basic Render Driver' (Feature Level 11_0)
[2019.05.18-17.55.03:696][  0]LogD3D11RHI:       0/0/32727 MB DedicatedVideo/DedicatedSystem/SharedSystem, Outputs:0, VendorId:0x1414
[2019.05.18-17.55.03:696][  0]LogD3D11RHI: Chosen D3D11 Adapter: 0
[2019.05.18-17.55.03:706][  0]LogD3D11RHI: Creating new Direct3DDevice
[2019.05.18-17.55.03:706][  0]LogD3D11RHI:     GPU DeviceId: 0x1be0 (for the marketing name, search the web for "GPU Device Id")
[2019.05.18-17.55.03:706][  0]LogWindows: EnumDisplayDevices:
[2019.05.18-17.55.03:706][  0]LogWindows:    0. 'NVIDIA GeForce GTX 1080' (P:1 D:1)
[2019.05.18-17.55.03:706][  0]LogWindows:    1. 'NVIDIA GeForce GTX 1080' (P:0 D:0)
[2019.05.18-17.55.03:707][  0]LogWindows:    2. 'NVIDIA GeForce GTX 1080' (P:0 D:0)
[2019.05.18-17.55.03:707][  0]LogWindows:    3. 'NVIDIA GeForce GTX 1080' (P:0 D:0)
[2019.05.18-17.55.03:707][  0]LogWindows: DebugString: FoundDriverCount:4 
[2019.05.18-17.55.03:707][  0]LogD3D11RHI:     Adapter Name: NVIDIA GeForce GTX 1080
[2019.05.18-17.55.03:707][  0]LogD3D11RHI:   Driver Version: 425.31 (internal:25.21.14.2531, unified:425.31)
[2019.05.18-17.55.03:707][  0]LogD3D11RHI:      Driver Date: 4-9-2019
[2019.05.18-17.55.03:707][  0]LogRHI: Texture pool is 5655 MB (70% of 8079 MB)
[2019.05.18-17.55.03:744][  0]LogD3D11RHI: Async texture creation enabled
[2019.05.18-17.55.03:776][  0]LogD3D11RHI: GPU Timing Frequency: 1000.000000 (Debug: 2 1)
[2019.05.18-17.55.03:825][  0]LogShaderLibrary: Display: Failed to load Shared Shader Library: Global and no native library supported.
[2019.05.18-17.55.03:825][  0]LogShaderLibrary: Display: Failed to load Shared Shader Library: Global_SC and no native library supported.
[2019.05.18-17.55.03:826][  0]LogShaderLibrary: Display: Failed to load Shared Shader Library: Paper2D and no native library supported.
[2019.05.18-17.55.03:826][  0]LogShaderLibrary: Display: Failed to load Shared Shader Library: Paper2D_SC and no native library supported.
[2019.05.18-17.55.03:826][  0]LogShaderLibrary: Display: Failed to load Shared Shader Library: Paper2D and no native library supported.
[2019.05.18-17.55.03:826][  0]LogShaderLibrary: Display: Failed to load Shared Shader Library: Paper2D_SC and no native library supported.
[2019.05.18-17.55.03:826][  0]LogShaderLibrary: Display: Failed to load Shared Shader Library: CryptoKeys and no native library supported.
[2019.05.18-17.55.03:826][  0]LogShaderLibrary: Display: Failed to load Shared Shader Library: CryptoKeys_SC and no native library supported.
[2019.05.18-17.55.03:826][  0]LogShaderLibrary: Display: Failed to load Shared Shader Library: CryptoKeys and no native library supported.
[2019.05.18-17.55.03:826][  0]LogShaderLibrary: Display: Failed to load Shared Shader Library: CryptoKeys_SC and no native library supported.
[2019.05.18-17.55.03:826][  0]LogShaderLibrary: Display: Failed to load Shared Shader Library: MeshEditor and no native library supported.
[2019.05.18-17.55.03:826][  0]LogShaderLibrary: Display: Failed to load Shared Shader Library: MeshEditor_SC and no native library supported.
[2019.05.18-17.55.03:826][  0]LogShaderLibrary: Display: Failed to load Shared Shader Library: MeshEditor and no native library supported.
[2019.05.18-17.55.03:826][  0]LogShaderLibrary: Display: Failed to load Shared Shader Library: MeshEditor_SC and no native library supported.
[2019.05.18-17.55.03:826][  0]LogShaderLibrary: Display: Failed to load Shared Shader Library: DatasmithContent and no native library supported.
[2019.05.18-17.55.03:826][  0]LogShaderLibrary: Display: Failed to load Shared Shader Library: DatasmithContent_SC and no native library supported.
[2019.05.18-17.55.03:826][  0]LogShaderLibrary: Display: Failed to load Shared Shader Library: DatasmithContent and no native library supported.
[2019.05.18-17.55.03:827][  0]LogShaderLibrary: Display: Failed to load Shared Shader Library: DatasmithContent_SC and no native library supported.
[2019.05.18-17.55.03:827][  0]LogShaderLibrary: Display: Failed to load Shared Shader Library: MediaCompositing and no native library supported.
[2019.05.18-17.55.03:827][  0]LogShaderLibrary: Display: Failed to load Shared Shader Library: MediaCompositing_SC and no native library supported.
[2019.05.18-17.55.03:827][  0]LogShaderLibrary: Display: Failed to load Shared Shader Library: MediaCompositing and no native library supported.
[2019.05.18-17.55.03:827][  0]LogShaderLibrary: Display: Failed to load Shared Shader Library: MediaCompositing_SC and no native library supported.
[2019.05.18-17.55.03:827][  0]LogShaderLibrary: Display: Failed to load Shared Shader Library: OculusVR and no native library supported.
[2019.05.18-17.55.03:827][  0]LogShaderLibrary: Display: Failed to load Shared Shader Library: OculusVR_SC and no native library supported.
[2019.05.18-17.55.03:827][  0]LogShaderLibrary: Display: Failed to load Shared Shader Library: OculusVR and no native library supported.
[2019.05.18-17.55.03:827][  0]LogShaderLibrary: Display: Failed to load Shared Shader Library: OculusVR_SC and no native library supported.
[2019.05.18-17.55.03:827][  0]LogShaderLibrary: Display: Failed to load Shared Shader Library: SteamVR and no native library supported.
[2019.05.18-17.55.03:827][  0]LogShaderLibrary: Display: Failed to load Shared Shader Library: SteamVR_SC and no native library supported.
[2019.05.18-17.55.03:827][  0]LogShaderLibrary: Display: Failed to load Shared Shader Library: SteamVR and no native library supported.
[2019.05.18-17.55.03:827][  0]LogShaderLibrary: Display: Failed to load Shared Shader Library: SteamVR_SC and no native library supported.
[2019.05.18-17.55.03:827][  0]LogRHI: Display: Failed to open default shader pipeline cache for Atlanta_20a using shader platform 0.
[2019.05.18-17.55.03:887][  0]LogMaterial: Verifying Global Shaders for PCD3D_SM5
[2019.05.18-17.55.03:927][  0]LogSlate: Using FreeType 2.6.0
[2019.05.18-17.55.03:929][  0]LogSlate: SlateFontServices - WITH_FREETYPE: 1, WITH_HARFBUZZ: 1
[2019.05.18-17.55.03:974][  0]LogShaderLibrary: Display: Failed to load Shared Shader Library: Atlanta_20a and no native library supported.
[2019.05.18-17.55.03:974][  0]LogShaderLibrary: Display: Failed to load Shared Shader Library: Atlanta_20a_SC and no native library supported.
[2019.05.18-17.55.03:975][  0]LogRHI: Display: Failed to open default shader pipeline cache for Atlanta_20a using shader platform 0.
[2019.05.18-17.55.03:975][  0]LogShaderLibrary: Display: Failed to load Shared Shader Library: Atlanta_20a and no native library supported.
[2019.05.18-17.55.03:976][  0]LogShaderLibrary: Display: Failed to load Shared Shader Library: Atlanta_20a_SC and no native library supported.
[2019.05.18-17.55.03:976][  0]LogRHI: Display: Failed to open default shader pipeline cache for Atlanta_20a using shader platform 0.
[2019.05.18-17.55.03:976][  0]LogInit: Using OS detected language (en-US).
[2019.05.18-17.55.03:976][  0]LogInit: Using OS detected locale (en-US).
[2019.05.18-17.55.03:976][  0]LogTextLocalizationManager: No localization for 'en-US' exists, so 'en' will be used for the language.
[2019.05.18-17.55.03:976][  0]LogTextLocalizationManager: No localization for 'en-US' exists, so 'en' will be used for the locale.
[2019.05.18-17.55.03:978][  0]LogStreaming: Display: Took  0.003s to InitGameTextLocalization.
[2019.05.18-17.55.03:998][  0]LogAssetRegistry: FAssetRegistry took 0.0175 seconds to start up
[2019.05.18-17.55.04:139][  0]LogStreaming: Display: Flushing async loaders.
[2019.05.18-17.55.04:148][  0]LogPackageLocalizationCache: Processed 9 localized package path(s) for 1 prioritized culture(s) in 0.007130 seconds
[2019.05.18-17.55.04:154][  0]LogInit: Selected Device Profile: [WindowsNoEditor]
[2019.05.18-17.55.04:186][  0]LogNetVersion: Atlanta_20a 1.0.0, NetCL: 4212847, EngineNetVer: 5, GameNetVer: 0 (Checksum: 2576130420)
[2019.05.18-17.55.04:614][  0]LogBrGameInstance: XXXXXXXXXXXXXXXX Logger initialized
[2019.05.18-17.55.04:614][  0]LogBrGameInstance: constructed
[2019.05.18-17.55.04:614][  0]LogBrGameViewportClient: initialized
[2019.05.18-17.55.04:710][  0]LogMoviePlayer: Initializing movie player
[2019.05.18-17.55.04:795][  0]LogSlate: Slate font cache was flushed
[2019.05.18-17.55.04:800][  0]LogTcpMessaging: Initializing TcpMessaging bridge
[2019.05.18-17.55.04:812][  0]LogUdpMessaging: Initializing bridge on interface 0.0.0.0:0 to multicast group 230.0.0.1:6666.
[2019.05.18-17.55.04:956][  0]LogAndroidPermission: UAndroidPermissionCallbackProxy::GetInstance
[2019.05.18-17.55.04:961][  0]LogOcInput: OculusInput pre-init called
[2019.05.18-17.55.04:965][  0]LogUObjectArray: 34446 objects as part of root set at end of initial load.
[2019.05.18-17.55.04:965][  0]LogUObjectAllocator: 5187968 out of 0 bytes used by permanent object pool.
[2019.05.18-17.55.04:965][  0]LogUObjectArray: CloseDisregardForGC: 0/0 objects in disregard for GC pool
[2019.05.18-17.55.04:978][  0]LogEngine: Initializing Engine...
[2019.05.18-17.55.04:979][  0]LogHMD: Failed to initialize OpenVR with code 110
[2019.05.18-17.55.04:992][  0]LogStats: UGameplayTagsManager::ConstructGameplayTagTree: ImportINI prefixes -  0.000 s
[2019.05.18-17.55.04:992][  0]LogStats: UGameplayTagsManager::ConstructGameplayTagTree: Construct from data asset -  0.000 s
[2019.05.18-17.55.04:992][  0]LogStats: UGameplayTagsManager::ConstructGameplayTagTree: ImportINI -  0.000 s
[2019.05.18-17.55.04:992][  0]LogStats: UGameplayTagsManager::ConstructGameplayTagTree: GameplayTagTreeChangedEvent.Broadcast -  0.000 s
[2019.05.18-17.55.05:147][  0]LogInit: Initializing FReadOnlyCVARCache
[2019.05.18-17.55.05:147][  0]LogNetVersion: Set ProjectVersion to 1.0.0.0. Version Checksum will be recalculated on next use.
[2019.05.18-17.55.05:147][  0]LogInit: Texture streaming: Disabled
[2019.05.18-17.55.05:159][  0]LogBrGameInstance: XXXXXXXXXXXXXXXX Logger initialized
[2019.05.18-17.55.05:159][  0]LogBrGameInstance: constructed
[2019.05.18-17.55.05:170][  0]LogBrGameInstance: initialized
[2019.05.18-17.55.05:170][  0]LogBrGameViewportClient: initialized
[2019.05.18-17.55.05:174][  0]LogSlate: Updating window title bar state: overlay mode, drag disabled, window buttons hidden, title bar hidden
[2019.05.18-17.55.05:177][  0]LogInit: Display: Game Engine Initialized.
[2019.05.18-17.55.05:177][  0]LogGameplayTags: Display: UGameplayTagsManager::DoneAddingNativeTags. DelegateIsBound: 0
[2019.05.18-17.55.05:177][  0]LogStats: UGameplayTagsManager::ConstructGameplayTagTree: ImportINI prefixes -  0.000 s
[2019.05.18-17.55.05:177][  0]LogStats: UGameplayTagsManager::ConstructGameplayTagTree: Construct from data asset -  0.000 s
[2019.05.18-17.55.05:177][  0]LogStats: UGameplayTagsManager::ConstructGameplayTagTree: ImportINI -  0.000 s
[2019.05.18-17.55.05:177][  0]LogStats: UGameplayTagsManager::ConstructGameplayTagTree: GameplayTagTreeChangedEvent.Broadcast -  0.000 s
[2019.05.18-17.55.05:188][  0]LogInit: Display: Starting Game.
[2019.05.18-17.55.05:188][  0]LogNet: Browse: /Game/3BG?Name=Player?Game=/Script/BrUEPlayer.BrGameMode
[2019.05.18-17.55.05:190][  0]LogLoad: LoadMap: /Game/3BG?Name=Player?Game=/Script/BrUEPlayer.BrGameMode
[2019.05.18-17.55.07:652][  0]LogMaterial: Can't compile LightGlow with cooked content, will use default material instead
[2019.05.18-17.55.07:652][  0]LogMaterial: Warning: /Game/WH/group18/Beam1/Light1/LightGlow.LightGlow: Failed to compile Material for platform PCD3D_SM5, Default Material will be used in game.
[2019.05.18-17.55.07:660][  0]LogMaterial: Can't compile LightBulb with cooked content, will use default material instead
[2019.05.18-17.55.07:660][  0]LogMaterial: Warning: /Game/WH/group18/Beam1/Light1/LightBulb.LightBulb: Failed to compile Material for platform PCD3D_SM5, Default Material will be used in game.
[2019.05.18-17.55.07:899][  0]LogAIModule: Creating AISystem for world 3BG
[2019.05.18-17.55.07:900][  0]LogLoad: Game class is 'BrGameMode'
[2019.05.18-17.55.07:906][  0]LogMaterial: Warning: Material /Game/Area1/WallsALL/WindGlassE7.WindGlassE7 missing bUsedWithStaticLighting=True! Default Material will be used in game.
[2019.05.18-17.55.07:906][  0]LogMaterial: Warning:      The material will recompile every editor launch until resaved.
[2019.05.18-17.55.07:912][  0]LogWorld: Bringing World /Game/3BG.3BG up for play (max tick rate 0) at 2019.05.18-13.55.07
[2019.05.18-17.55.07:913][  0]LogWorld: Bringing up level for play took: 0.012869
[2019.05.18-17.55.07:922][  0]LogLoad: Took 2.732012 seconds to LoadMap(/Game/3BG)
[2019.05.18-17.55.07:985][  0]LogRenderer: Reallocating scene render targets to support 960x540 Format 10 NumSamples 1 (Frame:1).
[2019.05.18-17.55.07:985][  0]LogLoad: (Engine Initialization) Total time: 7.45 seconds
[2019.05.18-17.55.08:013][  0]LogRenderer: Reallocating scene render targets to support 1920x1080 Format 10 NumSamples 1 (Frame:1).
[2019.05.18-17.55.08:038][  0]LogOutStream: Warning: BeginFrame discontinuity 0 -> 0
[2019.05.18-17.55.08:046][  1]r.VSync = "0"
[2019.05.18-17.55.08:092][  1]LogBrGameInstance: Terminating shared event
[2019.05.18-17.55.08:130][  1]LogBrGameInstance: outstream mastercount skip 0 -> 0
[2019.05.18-17.55.08:386][  1]LogBrControl: Warning: Skip in reception 0 -> 1706
[2019.05.18-17.55.08:399][  1]LogBrControl: Warning: LAST FLUSH 11 HEAD 38
[2019.05.18-17.55.08:399][  1]LogBrControl: Error: Unable to find property  in BrCameraManager_0
[2019.05.18-17.55.08:399][  1]LogOutStream: Warning: BeginFrame discontinuity 0 -> 1706
[2019.05.18-17.55.08:422][  3]LogBrGameInstance: outstream mastercount skip 0 -> 1706
[2019.05.18-17.55.09:604][ 71]LogBrControl: Warning: Skip in reception 1776 -> 1778
[2019.05.18-17.55.09:619][ 72]LogBrControl: Warning: Skip in reception 1778 -> 1780
[2019.05.18-17.55.09:619][ 72]LogOutStream: Warning: BeginFrame discontinuity 1776 -> 1778
[2019.05.18-17.55.09:621][ 73]LogOutStream: Warning: BeginFrame discontinuity 1778 -> 1780
[2019.05.18-17.55.09:625][ 74]LogBrGameInstance: outstream mastercount skip 1776 -> 1778
[2019.05.18-17.55.09:635][ 74]LogBrGameInstance: outstream mastercount skip 1778 -> 1780
[2019.05.18-17.55.09:635][ 74]LogBrControl: Warning: Skip in reception 1781 -> 1781
[2019.05.18-17.55.09:649][ 75]LogOutStream: Warning: BeginFrame discontinuity 1781 -> 1781
[2019.05.18-17.55.09:666][ 76]LogBrGameInstance: outstream mastercount skip 1781 -> 1781
[2019.05.18-17.55.09:710][ 77]LogBrControl: Warning: Skip in reception 1783 -> 1785
[2019.05.18-17.55.09:725][ 78]LogBrControl: Warning: Skip in reception 1785 -> 1787
[2019.05.18-17.55.09:725][ 78]LogOutStream: Warning: BeginFrame discontinuity 1783 -> 1785
[2019.05.18-17.55.09:732][ 79]LogBrGameInstance: outstream mastercount skip 1783 -> 1785
[2019.05.18-17.55.09:732][ 79]LogOutStream: Warning: BeginFrame discontinuity 1785 -> 1787
[2019.05.18-17.55.09:795][ 80]LogBrGameInstance: outstream mastercount skip 1785 -> 1787
[2019.05.18-17.55.09:795][ 80]LogBrControl: Warning: Skip in reception 1788 -> 1791
[2019.05.18-17.55.09:796][ 81]LogOutStream: Warning: BeginFrame discontinuity 1788 -> 1791
[2019.05.18-17.55.09:800][ 82]LogEngine: Onscreen warngins/messages are now ENABLED
[2019.05.18-17.55.09:800][ 82]r.DefaultFeature.MotionBlur = "0"
[2019.05.18-17.55.09:806][ 82]LogBrGameInstance: outstream mastercount skip 1788 -> 1791
[2019.05.18-17.55.09:806][ 82]r.ScreenPercentage = "100"
[2019.05.18-17.55.09:806][ 82]r.Tonemapper.Quality = "0"
[2019.05.18-17.55.09:807][ 82]r.TonemapperFilm = "0"
[2019.05.18-17.55.09:818][ 83]LogBrControl: Warning: Skip in reception 1793 -> 1793
[2019.05.18-17.55.09:832][ 84]LogOutStream: Warning: BeginFrame discontinuity 1793 -> 1793
[2019.05.18-17.55.09:848][ 85]LogBrGameInstance: outstream mastercount skip 1793 -> 1793
[2019.05.18-17.55.10:324][112]LogBrGameInstance: instream skip 113 -> 114
[2019.05.18-17.55.10:324][112]LogBrControl: Warning: Skip in reception 1821 -> 1823
[2019.05.18-17.55.10:324][112]LogOutStream: Warning: BeginFrame discontinuity 1820 -> 1822
[2019.05.18-17.55.10:325][113]LogBrControl: Warning: Skip in reception 1823 -> 1823
[2019.05.18-17.55.10:332][113]LogBrGameInstance: outstream mastercount skip 1820 -> 1822
