"../../../../../../Users/cstew/Documents/Unreal Projects/Atlanta_North_4.20/Content/Area1/Circles/aiStandardSurface5.uasset" 0
"../../../../../../Users/cstew/Documents/Unreal Projects/Atlanta_North_4.20/Content/Area1/Circles/C1.uasset" 1
"../../../../../../Users/cstew/Documents/Unreal Projects/Atlanta_North_4.20/Content/Area1/Circles/BlueMetal.uasset" 2
"../../../../../../Users/cstew/Documents/Unreal Projects/Atlanta_North_4.20/Content/Area1/Circles/Circle2.uasset" 3
"../../../../../../Users/cstew/Documents/Unreal Projects/Atlanta_North_4.20/Content/Area1/Circles/C2.uasset" 4
"../../../../../../Users/cstew/Documents/Unreal Projects/Atlanta_North_4.20/Content/Area1/Circles/CircleFloor3.uasset" 5
"../../../../../../Users/cstew/Documents/Unreal Projects/Atlanta_North_4.20/Content/Area1/Circles/Circle3.uasset" 6
"../../../../../../Users/cstew/Documents/Unreal Projects/Atlanta_North_4.20/Content/Area1/Circles/C3.uasset" 7
"../../../../../../Users/cstew/Documents/Unreal Projects/Atlanta_North_4.20/Content/Area1/Circles/baseColor_substance3.uasset" 8
"../../../../../../Users/cstew/Documents/Unreal Projects/Atlanta_North_4.20/Content/Area1/Circles/Circle4.uasset" 9
"../../../../../../Users/cstew/Documents/Unreal Projects/Atlanta_North_4.20/Content/Area1/Circles/C4.uasset" 10
"../../../../../../Users/cstew/Documents/Unreal Projects/Atlanta_North_4.20/Content/Area1/WallsALL/WindGlassE7.uasset" 11
"../../../../../../Users/cstew/Documents/Unreal Projects/Atlanta_North_4.20/Content/Area1/WallsALL/WindowGlass3.uasset" 12
"../../../../../../Users/cstew/Documents/Unreal Projects/Atlanta_North_4.20/Content/Area1/WallsALL/SteelDoorsALL/DoorGrp1/Glass.uasset" 13
"../../../../../../Users/cstew/Documents/Unreal Projects/Atlanta_North_4.20/Content/Area1/WallsALL/SteelDoorsALL/DoorGrp1/LGalss.uasset" 14
"../../../../../../Users/cstew/Documents/Unreal Projects/Atlanta_North_4.20/Content/Area1/WallsALL/SteelDoorsALL/DoorGrp1/Glass1L1.uasset" 15
"../../../../../../Users/cstew/Documents/Unreal Projects/Atlanta_North_4.20/Content/Area1/WallsALL/SteelDoorsALL/DoorGrp1/Glas1R.uasset" 16
"../../../../../../Users/cstew/Documents/Unreal Projects/Atlanta_North_4.20/Content/Area1/WallsALL/SteelDoorsALL/DoorGrp1/Glass1R.uasset" 17
"../../../../../../Users/cstew/Documents/Unreal Projects/Atlanta_North_4.20/Content/Area1/WallsALL/SteelDoorsALL/DoorGrp2/Glass.uasset" 18
"../../../../../../Users/cstew/Documents/Unreal Projects/Atlanta_North_4.20/Content/Area1/WallsALL/SteelDoorsALL/DoorGrp2/Lglass1.uasset" 19
"../../../../../../Users/cstew/Documents/Unreal Projects/Atlanta_North_4.20/Content/Area1/WallsALL/SteelDoorsALL/DoorGrp2/Glass2L.uasset" 20
"../../../../../../Users/cstew/Documents/Unreal Projects/Atlanta_North_4.20/Content/Area1/WallsALL/SteelDoorsALL/DoorGrp2/phongE6.uasset" 21
"../../../../../../Users/cstew/Documents/Unreal Projects/Atlanta_North_4.20/Content/Area1/WallsALL/SteelDoorsALL/DoorGrp2/Glass2R.uasset" 22
"../../../../../../Users/cstew/Documents/Unreal Projects/Atlanta_North_4.20/Content/Area1/WallsALL/SteelDoorsALL/DoorGrp3/Glass.uasset" 23
"../../../../../../Users/cstew/Documents/Unreal Projects/Atlanta_North_4.20/Content/Area1/WallsALL/SteelDoorsALL/DoorGrp3/Lglass.uasset" 24
"../../../../../../Users/cstew/Documents/Unreal Projects/Atlanta_North_4.20/Content/Area1/WallsALL/SteelDoorsALL/DoorGrp3/Glass3L.uasset" 25
"../../../../../../Users/cstew/Documents/Unreal Projects/Atlanta_North_4.20/Content/Area1/WallsALL/SteelDoorsALL/DoorGrp3/Glass3R.uasset" 26
"../../../../../../Users/cstew/Documents/Unreal Projects/Atlanta_North_4.20/Content/WH/group18/Beam1/Light1/LightGlow2.uasset" 27
"../../../../../../Users/cstew/Documents/Unreal Projects/Atlanta_North_4.20/Content/WH/group18/Beam1/Light1/LightGlow4.uasset" 28
"../../../../../../Users/cstew/Documents/Unreal Projects/Atlanta_North_4.20/Content/WH/group18/Beam1/Light1/LightGlow.uasset" 29
"../../../../../../Users/cstew/Documents/Unreal Projects/Atlanta_North_4.20/Content/WH/group18/Beam1/Light1/LightGLow1.uasset" 30
"../../../../../../Users/cstew/Documents/Unreal Projects/Atlanta_North_4.20/Content/WH/group18/Beam1/Light2/LightGLow2.uasset" 31
"../../../../../../Users/cstew/Documents/Unreal Projects/Atlanta_North_4.20/Content/WH/group18/Beam1/Light3/LightGLow3.uasset" 32
"../../../../../../Users/cstew/Documents/Unreal Projects/Atlanta_North_4.20/Content/WH/group18/Beam1/Light7/LightGLow7.uasset" 33
"../../../../../../Users/cstew/Documents/Unreal Projects/Atlanta_North_4.20/Content/WH/group18/Beam2/Light4/LightGLow4.uasset" 34
"../../../../../../Users/cstew/Documents/Unreal Projects/Atlanta_North_4.20/Content/WH/group18/Beam2/Light5/LightGLow5.uasset" 35
"../../../../../../Users/cstew/Documents/Unreal Projects/Atlanta_North_4.20/Content/WH/group18/Beam2/Light6/LightGLow6.uasset" 36
"../../../../../../Users/cstew/Documents/Unreal Projects/Atlanta_North_4.20/Content/WH/group18/Beam2/Light8/LightGLow8.uasset" 37
"../../../../../../Users/cstew/Documents/Unreal Projects/Atlanta_North_4.20/Content/WH/group18/Beam3/Light10/LightGLow10.uasset" 38
"../../../../../../Users/cstew/Documents/Unreal Projects/Atlanta_North_4.20/Content/WH/group18/Beam3/Light11/LightGLow11.uasset" 39
"../../../../../../Users/cstew/Documents/Unreal Projects/Atlanta_North_4.20/Content/WH/group18/Beam3/Light12/LightGLow12.uasset" 40
"../../../../../../Users/cstew/Documents/Unreal Projects/Atlanta_North_4.20/Content/WH/group18/Beam3/Light9/LightGLow9.uasset" 41
"../../../../../../Users/cstew/Documents/Unreal Projects/Atlanta_North_4.20/Content/WH/group18/Beam4/Light13/LightGLow13.uasset" 42
"../../../../../../Users/cstew/Documents/Unreal Projects/Atlanta_North_4.20/Content/WH/group18/Beam4/Light14/LightGLow14.uasset" 43
"../../../../../../Users/cstew/Documents/Unreal Projects/Atlanta_North_4.20/Content/WH/group18/Beam4/Light15/LightGLow15.uasset" 44
"../../../../../../Users/cstew/Documents/Unreal Projects/Atlanta_North_4.20/Content/WH/group18/Beam4/Light16/LightGLow16.uasset" 45
"../../../../../../Users/cstew/Documents/Unreal Projects/Atlanta_North_4.20/Content/WH/group18/Beam5/Light18/LightGLow18.uasset" 46
"../../../../../../Users/cstew/Documents/Unreal Projects/Atlanta_North_4.20/Content/WH/group18/Beam5/Light19/LightGLow19.uasset" 47
"../../../../../../Users/cstew/Documents/Unreal Projects/Atlanta_North_4.20/Content/WH/group18/Beam5/Light20/LightGLow20.uasset" 48
"../../../../../../Users/cstew/Documents/Unreal Projects/Atlanta_North_4.20/Content/WH/group18/Beam6/Light22/LightGLow22.uasset" 49
"../../../../../../Users/cstew/Documents/Unreal Projects/Atlanta_North_4.20/Content/WH/group18/Beam6/Light23/LightGLow23.uasset" 50
"../../../../../../Users/cstew/Documents/Unreal Projects/Atlanta_North_4.20/Content/WH/group18/Beam6/Light24/LightGLow24.uasset" 51
"../../../../../../Users/cstew/Documents/Unreal Projects/Atlanta_North_4.20/Content/WH/group18/Beam7/Light25/LightGLow25.uasset" 52
"../../../../../../Users/cstew/Documents/Unreal Projects/Atlanta_North_4.20/Content/WH/group18/Beam7/Light26/LightGLow26.uasset" 53
"../../../../../../Users/cstew/Documents/Unreal Projects/Atlanta_North_4.20/Content/WH/group18/Beam7/Light27/LightGLow27.uasset" 54
"../../../../../../Users/cstew/Documents/Unreal Projects/Atlanta_North_4.20/Content/WH/group18/Beam7/Light28/LightGLow28.uasset" 55
"../../../../../../Users/cstew/Documents/Unreal Projects/Atlanta_North_4.20/Content/WH/group18/Beam8/Light29/LightGLow29.uasset" 56
"../../../../../../Users/cstew/Documents/Unreal Projects/Atlanta_North_4.20/Content/WH/group18/Beam8/Light30/LightGLow30.uasset" 57
"../../../../../../Users/cstew/Documents/Unreal Projects/Atlanta_North_4.20/Content/WH/group18/Beam8/Light31/LightGLow31.uasset" 58
"../../../../../../Users/cstew/Documents/Unreal Projects/Atlanta_North_4.20/Content/WH/group18/Beam8/Light32/LightGLow32.uasset" 59
"../../../Engine/Content/Functions/Engine_MaterialFunctions01/Opacity/CameraDepthFade.uasset" 60
"../../../Engine/Content/EngineMaterials/T_Default_Material_Grid_M.uasset" 61
"../../../Engine/Content/EngineMaterials/T_Default_Material_Grid_N.uasset" 62
"../../../Engine/Content/EngineMaterials/WorldGridMaterial.uasset" 63
"../../../Engine/Content/ArtTools/RenderToTexture/Meshes/S_1_Unit_Plane.uasset" 64
"../../../Engine/Content/EngineMaterials/DefaultMaterial.uasset" 65
"../../../Engine/Content/BasicShapes/Cone.uasset" 66
"../../../Engine/Content/BasicShapes/Cube.uasset" 67
"../../../Engine/Content/BasicShapes/Cylinder.uasset" 68
"../../../Engine/Content/BasicShapes/Plane.uasset" 69
"../../../Engine/Content/BasicShapes/Sphere.uasset" 70
"../../../Engine/Content/EditorLandscapeResources/DataLayer.uasset" 71
"../../../Engine/Content/EditorMaterials/GizmoMaterial.uasset" 72
"../../../Engine/Content/EditorMaterials/MAT_Groups_Toggle.uasset" 73
"../../../Engine/Content/EditorMaterials/MAT_Groups_Visibility.uasset" 74
"../../../Engine/Content/EditorMaterials/PreviewShadowIndicator.uasset" 75
"../../../Engine/Content/EditorMaterials/PreviewShadowIndicatorMaterial.uasset" 76
"../../../Engine/Content/EditorMaterials/MatineeGroups/MAT_ColorTrack.uasset" 77
"../../../Engine/Content/EditorMaterials/MatineeGroups/MAT_Groups_Anim.uasset" 78
"../../../Engine/Content/EditorMaterials/MatineeGroups/MAT_Groups_AudioMaster.uasset" 79
"../../../Engine/Content/EditorMaterials/MatineeGroups/MAT_Groups_Director.uasset" 80
"../../../Engine/Content/EditorMaterials/MatineeGroups/MAT_Groups_Event.uasset" 81
"../../../Engine/Content/EditorMaterials/MatineeGroups/MAT_Groups_Fade.uasset" 82
"../../../Engine/Content/EditorMaterials/MatineeGroups/MAT_Groups_Float.uasset" 83
"../../../Engine/Content/EditorMaterials/MatineeGroups/MAT_Groups_Move.uasset" 84
"../../../Engine/Content/EditorMaterials/MatineeGroups/MAT_Groups_Slomo.uasset" 85
"../../../Engine/Content/EditorMaterials/MatineeGroups/MAT_Groups_Sound.uasset" 86
"../../../Engine/Content/EditorMaterials/MatineeGroups/MAT_Groups_Vector.uasset" 87
"../../../Engine/Content/EditorMaterials/ParticleSystems/PSysThumbnail_NoImage.uasset" 88
"../../../Engine/Content/EditorMaterials/ParticleSystems/PSysThumbnail_OOD.uasset" 89
"../../../Engine/Content/EditorMaterials/Camera/CineMat.uasset" 90
"../../../Engine/Content/EditorMaterials/Camera/MI_CineMat_Rig.uasset" 91
"../../../Engine/Content/EditorMeshes/Camera/SM_CraneRig_Arm.uasset" 92
"../../../Engine/Content/EditorMeshes/Camera/SM_CraneRig_Base.uasset" 93
"../../../Engine/Content/EditorMeshes/Camera/SM_CraneRig_Body.uasset" 94
"../../../Engine/Content/EditorMeshes/Camera/SM_CraneRig_Mount.uasset" 95
"../../../Engine/Content/EditorMeshes/Camera/SM_RailRig_Mount.uasset" 96
"../../../Engine/Content/EditorMeshes/Camera/SM_RailRig_Track.uasset" 97
"../../../Engine/Content/EditorResources/BSPVertex.uasset" 98
"../../../Engine/Content/EditorResources/EmptyActor.uasset" 99
"../../../Engine/Content/EditorResources/S_Actor.uasset" 100
"../../../Engine/Content/EditorResources/S_Trigger.uasset" 101
"../../../Engine/Content/EditorResources/LightIcons/S_LightError.uasset" 102
"../../../Engine/Content/EditorResources/SequenceRecorder/Countdown.uasset" 103
"../../../Engine/Content/EditorResources/SequenceRecorder/RecordingIndicator.uasset" 104
"../../../Engine/Content/EditorSounds/Notifications/CompileFailed.uasset" 105
"../../../Engine/Content/EditorSounds/Notifications/CompileFailed_Cue.uasset" 106
"../../../Engine/Content/EditorSounds/Notifications/CompileSuccess.uasset" 107
"../../../Engine/Content/EditorSounds/Notifications/CompileStart_Cue.uasset" 108
"../../../Engine/Content/EditorSounds/Notifications/CompileSuccess_Cue.uasset" 109
"../../../Engine/Content/EngineDamageTypes/DmgTypeBP_Environmental.uasset" 110
"../../../Engine/Content/EngineDebugMaterials/HeatmapGradient.uasset" 111
"../../../Engine/Content/EngineDebugMaterials/BoneWeightMaterial.uasset" 112
"../../../Engine/Content/EngineDebugMaterials/ClothMaterial.uasset" 113
"../../../Engine/Content/EngineDebugMaterials/ClothMaterial_WF.uasset" 114
"../../../Engine/Content/EngineDebugMaterials/DebugEditorMaterial.uasset" 115
"../../../Engine/Content/EngineDebugMaterials/DebugMeshMaterial.uasset" 116
"../../../Engine/Content/EngineDebugMaterials/GeomMaterial.uasset" 117
"../../../Engine/Content/EngineDebugMaterials/M_SimpleTranslucent.uasset" 118
"../../../Engine/Content/EngineFonts/Faces/RobotoBold.uasset" 119
"../../../Engine/Content/EngineFonts/Faces/RobotoBoldItalic.uasset" 120
"../../../Engine/Content/EngineFonts/Faces/RobotoItalic.uasset" 121
"../../../Engine/Content/EngineFonts/Faces/RobotoLight.uasset" 122
"../../../Engine/Content/EngineFonts/Faces/RobotoRegular.uasset" 123
"../../../Engine/Content/EngineFonts/Roboto.uasset" 124
"../../../Engine/Content/EngineFonts/Faces/RobotoTiny.uasset" 125
"../../../Engine/Content/EngineFonts/RobotoTiny.uasset" 126
"../../../Engine/Content/EngineMaterials/BaseFlattenDiffuseMap.uasset" 127
"../../../Engine/Content/EngineMaterials/BaseFlattenEmissiveMap.uasset" 128
"../../../Engine/Content/EngineMaterials/BaseFlattenGrayscaleMap.uasset" 129
"../../../Engine/Content/EngineMaterials/BaseFlattenNormalMap.uasset" 130
"../../../Engine/Content/EngineMaterials/BaseFlattenMaterial.uasset" 131
"../../../Engine/Content/EngineMaterials/DefaultBloomKernel.uasset" 132
"../../../Engine/Content/EngineMaterials/DefaultBokeh.uasset" 133
"../../../Engine/Content/EngineMaterials/DefaultDiffuse.uasset" 134
"../../../Engine/Content/EngineMaterials/DefaultDeferredDecalMaterial.uasset" 135
"../../../Engine/Content/EngineMaterials/DefaultLightFunctionMaterial.uasset" 136
"../../../Engine/Content/EngineMaterials/DefaultPhysicalMaterial.uasset" 137
"../../../Engine/Content/Functions/Engine_MaterialFunctions02/Utility/BreakOutFloat2Components.uasset" 138
"../../../Engine/Content/EngineMaterials/DefaultPostProcessMaterial.uasset" 139
"../../../Engine/Content/EngineFonts/RobotoDistanceField.uasset" 140
"../../../Engine/Content/EngineMaterials/DefaultTextMaterialOpaque.uasset" 141
"../../../Engine/Content/EngineMaterials/DefaultWhiteGrid.uasset" 142
"../../../Engine/Content/EngineMaterials/EditorBrushMaterial.uasset" 143
"../../../Engine/Content/EngineMaterials/Good64x64TilingNoiseHighFreq.uasset" 144
"../../../Engine/Content/EngineMaterials/MiniFont.uasset" 145
"../../../Engine/Content/EngineMaterials/InvalidLightmapSettings.uasset" 146
"../../../Engine/Content/EngineMaterials/M_InvalidLightmapSettings.uasset" 147
"../../../Engine/Content/Functions/Engine_MaterialFunctions02/WorldPositionOffset/CameraOffset.uasset" 148
"../../../Engine/Content/EngineMaterials/PhAT_JointLimitMaterial.uasset" 149
"../../../Engine/Content/EngineMaterials/PreintegratedSkinBRDF.uasset" 150
"../../../Engine/Content/EngineMaterials/RemoveSurfaceMaterial.uasset" 151
"../../../Engine/Content/EngineMaterials/WeightMapPlaceholderTexture.uasset" 152
"../../../Engine/Content/EngineResources/WhiteSquareTexture.uasset" 153
"../../../Engine/Content/EngineMaterials/Widget3DPassThrough.uasset" 154
"../../../Engine/Content/EngineMaterials/Widget3DPassThrough_Masked.uasset" 155
"../../../Engine/Content/EngineMaterials/Widget3DPassThrough_Opaque.uasset" 156
"../../../Engine/Content/EngineMaterials/Widget3DPassThrough_Masked_OneSided.uasset" 157
"../../../Engine/Content/EngineMaterials/Widget3DPassThrough_Opaque_OneSided.uasset" 158
"../../../Engine/Content/EngineMaterials/Widget3DPassThrough_Translucent.uasset" 159
"../../../Engine/Content/EngineMaterials/Widget3DPassThrough_Translucent_OneSided.uasset" 160
"../../../Engine/Content/EngineMeshes/Cylinder.uasset" 161
"../../../Engine/Content/EngineMeshes/Sphere.uasset" 162
"../../../Engine/Content/EngineResources/Black.uasset" 163
"../../../Engine/Content/EngineResources/DefaultTexture.uasset" 164
"../../../Engine/Content/EngineResources/DefaultTextureCube.uasset" 165
"../../../Engine/Content/EngineResources/DefaultVolumeTexture2D.uasset" 166
"../../../Engine/Content/EngineResources/DefaultVolumeTexture.uasset" 167
"../../../Engine/Content/EngineResources/GradientTexture0.uasset" 168
"../../../Engine/Content/EngineSounds/Master.uasset" 169
"../../../Engine/Content/Functions/Engine_MaterialFunctions01/Shading/ConvertFromDiffSpec.uasset" 170
"../../../Engine/Content/Functions/Engine_MaterialFunctions01/Shading/PowerToRoughness.uasset" 171
"../../../Engine/Content/Maps/Templates/Thumbnails/Default.uasset" 172
"../../../Engine/Content/Maps/Templates/Thumbnails/VR-Basic.uasset" 173
"../../../Engine/Content/MobileResources/T_MobileControls_texture.uasset" 174
"../../../Engine/Content/MobileResources/T_MobileMenu2.uasset" 175
"../../../Engine/Content/MobileResources/HUD/AnalogHat.uasset" 176
"../../../Engine/Content/MobileResources/HUD/VirtualJoystick_Background.uasset" 177
"../../../Engine/Content/MobileResources/HUD/VirtualJoystick_Thumb.uasset" 178
"../../../Engine/Content/MobileResources/HUD/DefaultVirtualJoysticks.uasset" 179
"../../../Engine/Content/MobileResources/HUD/LeftVirtualJoystickOnly.uasset" 180
"../../../Engine/Content/MobileResources/HUD/MobileHUDButton1_off.uasset" 181
"../../../Engine/Content/MobileResources/HUD/MobileHUDButton1_on.uasset" 182
"../../../Engine/Content/MobileResources/HUD/MobileHUDButton2_off.uasset" 183
"../../../Engine/Content/MobileResources/HUD/MobileHUDButton2_on.uasset" 184
"../../../Engine/Content/MobileResources/HUD/MobileHUDButton3.uasset" 185
"../../../Engine/Content/MobileResources/HUD/MobileHUDButtonFire.uasset" 186
"../../../Engine/Content/MobileResources/HUD/MobileHUDDirectionPad.uasset" 187
"../../../Engine/Content/MobileResources/HUD/MobileHUDDirectionPad2.uasset" 188
"../../../Engine/Content/MobileResources/HUD/MobileHUDDirectionPad3.uasset" 189
"../../../Engine/Content/MobileResources/HUD/MobileHUDDirectionStick.uasset" 190
"../../../Engine/Content/MobileResources/HUD/T_Castle_ThumbstickInner.uasset" 191
"../../../Engine/Content/MobileResources/HUD/T_Castle_ThumbstickOutter.uasset" 192
"../../../Engine/Content/Tutorial/ContentIntroCurve.uasset" 193
"../../../Engine/Content/VREditor/LaserPointer/VR_LaserPower_01.uasset" 194
"../../../Engine/Content/VREditor/TransformGizmo/TransformGizmoMaterial.uasset" 195
"../../../Engine/Content/VREditor/TransformGizmo/TranslucentTransformGizmoMaterial.uasset" 196
"../../../Engine/Content/VREditor/TransformGizmo/BoundingBoxCorner.uasset" 197
"../../../Engine/Content/VREditor/TransformGizmo/BoundingBoxEdge.uasset" 198
"../../../Engine/Content/VREditor/TransformGizmo/PlaneTranslationHandle.uasset" 199
"../../../Engine/Content/VREditor/TransformGizmo/Main.uasset" 200
"../../../Engine/Content/VREditor/TransformGizmo/Xray.uasset" 201
"../../../Engine/Content/VREditor/TransformGizmo/SM_Sequencer_Key.uasset" 202
"../../../Engine/Content/VREditor/TransformGizmo/SM_Sequencer_Node.uasset" 203
"../../Plugins/2D/Paper2D/Content/PlaceholderTextures/DummySpriteTexture.uasset" 204
"../../Plugins/2D/Paper2D/Content/DummySprite.uasset" 205
"../../Plugins/2D/Paper2D/Content/DefaultPaperTerrainMaterial.uasset" 206
"../../Plugins/2D/Paper2D/Content/DefaultSpriteMaterial.uasset" 207
"../../Plugins/2D/Paper2D/Content/MaskedUnlitSpriteMaterial.uasset" 208
"../../Plugins/2D/Paper2D/Content/OpaqueUnlitSpriteMaterial.uasset" 209
"../../Plugins/Runtime/Oculus/OculusVR/Content/Materials/PokeAHoleMaterial.uasset" 210
"../../Plugins/Runtime/Oculus/OculusVR/Content/Textures/GearVRController_AO.uasset" 211
"../../Plugins/Runtime/Oculus/OculusVR/Content/Textures/GearVRController_Color.uasset" 212
"../../Plugins/Runtime/Oculus/OculusVR/Content/Textures/GearVRController_Normal.uasset" 213
"../../Plugins/Runtime/Oculus/OculusVR/Content/Materials/GearVRControllerMaterial.uasset" 214
"../../Plugins/Runtime/Oculus/OculusVR/Content/Meshes/GearVrController.uasset" 215
"../../Plugins/Runtime/Oculus/OculusVR/Content/Textures/touchController_albedo.uasset" 216
"../../Plugins/Runtime/Oculus/OculusVR/Content/Textures/touchController_controlmap.uasset" 217
"../../Plugins/Runtime/Oculus/OculusVR/Content/Materials/touchController_mat.uasset" 218
"../../Plugins/Runtime/Oculus/OculusVR/Content/Meshes/LeftTouchController.uasset" 219
"../../Plugins/Runtime/Oculus/OculusVR/Content/Meshes/RiftHMD.uasset" 220
"../../Plugins/Runtime/Oculus/OculusVR/Content/Meshes/RightTouchController.uasset" 221
"../../../Engine/Content/EditorBlueprintResources/StandardMacros.uasset" 222
"../../../Engine/Content/EngineSky/C_Sky_Cloud_Color.uasset" 223
"../../../Engine/Content/EngineSky/C_Sky_Horizon_Color.uasset" 224
"../../../Engine/Content/EngineSky/C_Sky_Zenith_Color.uasset" 225
"../../../Engine/Content/EngineSky/T_Sky_Blue.uasset" 226
"../../../Engine/Content/EngineSky/T_Sky_Clouds_M.uasset" 227
"../../../Engine/Content/EngineSky/T_Sky_Stars.uasset" 228
"../../../Engine/Content/EngineSky/M_Sky_Panning_Clouds2.uasset" 229
"../../../Engine/Content/EngineSky/SM_SkySphere.uasset" 230
"../../../Engine/Content/EngineSky/BP_Sky_Sphere.uasset" 231
"../../../../../../Users/cstew/Documents/Unreal Projects/Atlanta_North_4.20/Content/3BG_BuiltData.uasset" 232
"../../../Engine/Content/EditorMeshes/ColorCalibrator/M_ChromeBall.uasset" 233
"../../../../../../Users/cstew/Documents/Unreal Projects/Atlanta_North_4.20/Content/Area1/Area1_Wall1_UnReal.uasset" 234
"../../../../../../Users/cstew/Documents/Unreal Projects/Atlanta_North_4.20/Content/Area1/Area1_Wall1_UnReal_Mat.uasset" 235
"../../../../../../Users/cstew/Documents/Unreal Projects/Atlanta_North_4.20/Content/WH/S10.uasset" 236
"../../../../../../Users/cstew/Documents/Unreal Projects/Atlanta_North_4.20/Content/WH/s11.uasset" 237
"../../../Engine/Content/EngineMaterials/BlendFunc_DefBase.uasset" 238
"../../../Engine/Content/EngineMaterials/BlendFunc_DefBlend.uasset" 239
"../../../Engine/Content/Functions/Engine_MaterialFunctions03/Blends/Blend_Overlay.uasset" 240
"../../../../../../Users/cstew/Documents/Unreal Projects/Atlanta_North_4.20/Content/Area1/Area1Wall2_UnReal.uasset" 241
"../../../../../../Users/cstew/Documents/Unreal Projects/Atlanta_North_4.20/Content/Area1/Area1Wall2_UnReal_Mat.uasset" 242
"../../../../../../Users/cstew/Documents/Unreal Projects/Atlanta_North_4.20/Content/Area1/Wall2Color.uasset" 243
"../../../Engine/Content/EditorMeshes/PlanarReflectionPlane.uasset" 244
"../../../../../../Users/cstew/Documents/Unreal Projects/Atlanta_North_4.20/Content/Area1/BackWall_ALL/Balcony2.uasset" 245
"../../../../../../Users/cstew/Documents/Unreal Projects/Atlanta_North_4.20/Content/Area1/BackWall_ALL/Balcony3.uasset" 246
"../../../../../../Users/cstew/Documents/Unreal Projects/Atlanta_North_4.20/Content/Area1/BackWall_ALL/Balcony6.uasset" 247
"../../../../../../Users/cstew/Documents/Unreal Projects/Atlanta_North_4.20/Content/Area1/BackWall_ALL/Balcony4.uasset" 248
"../../../../../../Users/cstew/Documents/Unreal Projects/Atlanta_North_4.20/Content/Area1/BackWall_ALL/balcony1.uasset" 249
"../../../../../../Users/cstew/Documents/Unreal Projects/Atlanta_North_4.20/Content/Area1/BackWall_ALL/Balcony7.uasset" 250
"../../../../../../Users/cstew/Documents/Unreal Projects/Atlanta_North_4.20/Content/Area1/DoorsALl/DoorTop1.uasset" 251
"../../../../../../Users/cstew/Documents/Unreal Projects/Atlanta_North_4.20/Content/Area1/DoorsALl/DoorTopE8.uasset" 252
"../../../../../../Users/cstew/Documents/Unreal Projects/Atlanta_North_4.20/Content/Area1/BackWall_ALL/DoorTop2.uasset" 253
"../../../../../../Users/cstew/Documents/Unreal Projects/Atlanta_North_4.20/Content/Area1/DoorsALl/DoorTrackL1.uasset" 254
"../../../../../../Users/cstew/Documents/Unreal Projects/Atlanta_North_4.20/Content/Area1/DoorsALl/DrTrackLE8.uasset" 255
"../../../../../../Users/cstew/Documents/Unreal Projects/Atlanta_North_4.20/Content/Area1/BackWall_ALL/DoorTrackL2.uasset" 256
"../../../../../../Users/cstew/Documents/Unreal Projects/Atlanta_North_4.20/Content/Area1/DoorsALl/DoorTrackMid2.uasset" 257
"../../../../../../Users/cstew/Documents/Unreal Projects/Atlanta_North_4.20/Content/Area1/DoorsALl/DoorTrackMid1.uasset" 258
"../../../../../../Users/cstew/Documents/Unreal Projects/Atlanta_North_4.20/Content/Area1/BackWall_ALL/DoorTrackMid3.uasset" 259
"../../../../../../Users/cstew/Documents/Unreal Projects/Atlanta_North_4.20/Content/Area1/DoorsALl/DoorTrackR2.uasset" 260
"../../../../../../Users/cstew/Documents/Unreal Projects/Atlanta_North_4.20/Content/Area1/DoorsALl/DoorTrackR1.uasset" 261
"../../../../../../Users/cstew/Documents/Unreal Projects/Atlanta_North_4.20/Content/Area1/BackWall_ALL/DoorTrackR3.uasset" 262
"../../../../../../Users/cstew/Documents/Unreal Projects/Atlanta_North_4.20/Content/Area1/Front1.uasset" 263
"../../../../../../Users/cstew/Documents/Unreal Projects/Atlanta_North_4.20/Content/Area1/front3.uasset" 264
"../../../../../../Users/cstew/Documents/Unreal Projects/Atlanta_North_4.20/Content/Area1/BackWall_ALL/Front2.uasset" 265
"../../../../../../Users/cstew/Documents/Unreal Projects/Atlanta_North_4.20/Content/Area1/BackWall_ALL/WHSteelDoor14.uasset" 266
"../../../../../../Users/cstew/Documents/Unreal Projects/Atlanta_North_4.20/Content/Area1/BackWall_ALL/Door14.uasset" 267
"../../../../../../Users/cstew/Documents/Unreal Projects/Atlanta_North_4.20/Content/Area1/BackWall_ALL/SteelDoor18.uasset" 268
"../../../../../../Users/cstew/Documents/Unreal Projects/Atlanta_North_4.20/Content/Area1/BackWall_ALL/WHSteelDoor15.uasset" 269
"../../../../../../Users/cstew/Documents/Unreal Projects/Atlanta_North_4.20/Content/Area1/BackWall_ALL/gRAGEdOORr.uasset" 270
"../../../../../../Users/cstew/Documents/Unreal Projects/Atlanta_North_4.20/Content/Area1/BackWall_ALL/SteelDoor19.uasset" 271
"../../../../../../Users/cstew/Documents/Unreal Projects/Atlanta_North_4.20/Content/Area1/lambert1.uasset" 272
"../../../../../../Users/cstew/Documents/Unreal Projects/Atlanta_North_4.20/Content/Area1/BG.uasset" 273
"../../../../../../Users/cstew/Documents/Unreal Projects/Atlanta_North_4.20/Content/Area1/BG1.uasset" 274
"../../../../../../Users/cstew/Documents/Unreal Projects/Atlanta_North_4.20/Content/Area1/Midtown_HDR_Atlanta.uasset" 275
"../../../../../../Users/cstew/Documents/Unreal Projects/Atlanta_North_4.20/Content/Area1/phongE4.uasset" 276
"../../../../../../Users/cstew/Documents/Unreal Projects/Atlanta_North_4.20/Content/Area1/CityScape2.uasset" 277
"../../../../../../Users/cstew/Documents/Unreal Projects/Atlanta_North_4.20/Content/Area1/Citscape3.uasset" 278
"../../../../../../Users/cstew/Documents/Unreal Projects/Atlanta_North_4.20/Content/Area1/CityScape3.uasset" 279
"../../../../../../Users/cstew/Documents/Unreal Projects/Atlanta_North_4.20/Content/Area1/DoorsALl/DoorTop.uasset" 280
"../../../../../../Users/cstew/Documents/Unreal Projects/Atlanta_North_4.20/Content/Area1/DoorsALl/DoorTop1_1.uasset" 281
"../../../../../../Users/cstew/Documents/Unreal Projects/Atlanta_North_4.20/Content/Area1/DoorsALl/DoorTrackL.uasset" 282
"../../../../../../Users/cstew/Documents/Unreal Projects/Atlanta_North_4.20/Content/Area1/DoorsALl/DoorTrackL1_1.uasset" 283
"../../../../../../Users/cstew/Documents/Unreal Projects/Atlanta_North_4.20/Content/Area1/DoorsALl/DoorTrackMid.uasset" 284
"../../../../../../Users/cstew/Documents/Unreal Projects/Atlanta_North_4.20/Content/Area1/DoorsALl/DoorTrackMid2_1.uasset" 285
"../../../../../../Users/cstew/Documents/Unreal Projects/Atlanta_North_4.20/Content/Area1/DoorsALl/DoorTrackR.uasset" 286
"../../../../../../Users/cstew/Documents/Unreal Projects/Atlanta_North_4.20/Content/Area1/DoorsALl/DoorTrackR2_1.uasset" 287
"../../../../../../Users/cstew/Documents/Unreal Projects/Atlanta_North_4.20/Content/Area1/FLoor4.uasset" 288
"../../../../../../Users/cstew/Documents/Unreal Projects/Atlanta_North_4.20/Content/Area1/Floor3.uasset" 289
"../../../../../../Users/cstew/Documents/Unreal Projects/Atlanta_North_4.20/Content/Area1/FLoor2.uasset" 290
"../../../../../../Users/cstew/Documents/Unreal Projects/Atlanta_North_4.20/Content/Area1/Floor1_baseColor.uasset" 291
"../../../../../../Users/cstew/Documents/Unreal Projects/Atlanta_North_4.20/Content/Area1/Floor1.uasset" 292
"../../../../../../Users/cstew/Documents/Unreal Projects/Atlanta_North_4.20/Content/Area1/FloorArea1.uasset" 293
"../../../../../../Users/cstew/Documents/Unreal Projects/Atlanta_North_4.20/Content/Area1/Front.uasset" 294
"../../../../../../Users/cstew/Documents/Unreal Projects/Atlanta_North_4.20/Content/Area1/Front1_1.uasset" 295
"../../../../../../Users/cstew/Documents/Unreal Projects/Atlanta_North_4.20/Content/Area1/WomanScaleSize.uasset" 296
"../../../../../../Users/cstew/Documents/Unreal Projects/Atlanta_North_4.20/Content/Area1/RP_Wom_Petra_0165_100K1.uasset" 297
"../../../../../../Users/cstew/Documents/Unreal Projects/Atlanta_North_4.20/Content/Area1/SideLeft/BalconyLeft1.uasset" 298
"../../../../../../Users/cstew/Documents/Unreal Projects/Atlanta_North_4.20/Content/Area1/SideLeft/BalcontLeft.uasset" 299
"../../../../../../Users/cstew/Documents/Unreal Projects/Atlanta_North_4.20/Content/Area1/SideLeft/BalconyLeft.uasset" 300
"../../../../../../Users/cstew/Documents/Unreal Projects/Atlanta_North_4.20/Content/Area1/SideLeft/SideLeftBottom2.uasset" 301
"../../../../../../Users/cstew/Documents/Unreal Projects/Atlanta_North_4.20/Content/Area1/SideLeft/SideLeftBottom1.uasset" 302
"../../../../../../Users/cstew/Documents/Unreal Projects/Atlanta_North_4.20/Content/Area1/SideLeft/SideLeftBottom.uasset" 303
"../../../../../../Users/cstew/Documents/Unreal Projects/Atlanta_North_4.20/Content/Area1/SideLeft/SideleftTop1.uasset" 304
"../../../../../../Users/cstew/Documents/Unreal Projects/Atlanta_North_4.20/Content/Area1/SideLeft/LeftSideTOP.uasset" 305
"../../../../../../Users/cstew/Documents/Unreal Projects/Atlanta_North_4.20/Content/Area1/SideLeft/SideleftTop.uasset" 306
"../../../../../../Users/cstew/Documents/Unreal Projects/Atlanta_North_4.20/Content/Area1/Sunrise4K.uasset" 307
"../../../../../../Users/cstew/Documents/Unreal Projects/Atlanta_North_4.20/Content/Area1/WallsALL/Area1Wall14.uasset" 308
"../../../../../../Users/cstew/Documents/Unreal Projects/Atlanta_North_4.20/Content/Area1/WallsALL/wall15.uasset" 309
"../../../../../../Users/cstew/Documents/Unreal Projects/Atlanta_North_4.20/Content/Area1/WallsALL/Area1Wal14.uasset" 310
"../../../../../../Users/cstew/Documents/Unreal Projects/Atlanta_North_4.20/Content/Area1/WallsALL/SubstanceBrickTiledWall1_baseColor.uasset" 311
"../../../../../../Users/cstew/Documents/Unreal Projects/Atlanta_North_4.20/Content/Area1/WallsALL/Wall1.uasset" 312
"../../../../../../Users/cstew/Documents/Unreal Projects/Atlanta_North_4.20/Content/Area1/WallsALL/Area1Wall1.uasset" 313
"../../../../../../Users/cstew/Documents/Unreal Projects/Atlanta_North_4.20/Content/Area1/WallsALL/Area1Wall3.uasset" 314
"../../../../../../Users/cstew/Documents/Unreal Projects/Atlanta_North_4.20/Content/Area1/WallsALL/Wall20.uasset" 315
"../../../../../../Users/cstew/Documents/Unreal Projects/Atlanta_North_4.20/Content/Area1/WallsALL/Area1Wall2.uasset" 316
"../../../../../../Users/cstew/Documents/Unreal Projects/Atlanta_North_4.20/Content/Area1/WallsALL/Wall3_color_.uasset" 317
"../../../../../../Users/cstew/Documents/Unreal Projects/Atlanta_North_4.20/Content/Area1/WallsALL/Wall3.uasset" 318
"../../../../../../Users/cstew/Documents/Unreal Projects/Atlanta_North_4.20/Content/Area1/WallsALL/Area1Wall3_1.uasset" 319
"../../../../../../Users/cstew/Documents/Unreal Projects/Atlanta_North_4.20/Content/Area1/WallsALL/BEAMS_ALL/Beam2.uasset" 320
"../../../../../../Users/cstew/Documents/Unreal Projects/Atlanta_North_4.20/Content/Area1/WallsALL/BEAMS_ALL/Bm1.uasset" 321
"../../../../../../Users/cstew/Documents/Unreal Projects/Atlanta_North_4.20/Content/Area1/WallsALL/BEAMS_ALL/Beam1.uasset" 322
"../../../../../../Users/cstew/Documents/Unreal Projects/Atlanta_North_4.20/Content/Area1/WallsALL/BEAMS_ALL/Bm2.uasset" 323
"../../../../../../Users/cstew/Documents/Unreal Projects/Atlanta_North_4.20/Content/Area1/WallsALL/BEAMS_ALL/Beam2_1.uasset" 324
"../../../../../../Users/cstew/Documents/Unreal Projects/Atlanta_North_4.20/Content/Area1/WallsALL/BEAMS_ALL/Beam4.uasset" 325
"../../../../../../Users/cstew/Documents/Unreal Projects/Atlanta_North_4.20/Content/Area1/WallsALL/BEAMS_ALL/Bm3.uasset" 326
"../../../../../../Users/cstew/Documents/Unreal Projects/Atlanta_North_4.20/Content/Area1/WallsALL/BEAMS_ALL/Beam3.uasset" 327
"../../../../../../Users/cstew/Documents/Unreal Projects/Atlanta_North_4.20/Content/Area1/WallsALL/BEAMS_ALL/Bm4.uasset" 328
"../../../../../../Users/cstew/Documents/Unreal Projects/Atlanta_North_4.20/Content/Area1/WallsALL/BEAMS_ALL/Beam4_1.uasset" 329
"../../../../../../Users/cstew/Documents/Unreal Projects/Atlanta_North_4.20/Content/Area1/WallsALL/BEAMS_ALL/Beam6.uasset" 330
"../../../../../../Users/cstew/Documents/Unreal Projects/Atlanta_North_4.20/Content/Area1/WallsALL/BEAMS_ALL/Bm5.uasset" 331
"../../../../../../Users/cstew/Documents/Unreal Projects/Atlanta_North_4.20/Content/Area1/WallsALL/BEAMS_ALL/Beam5.uasset" 332
"../../../../../../Users/cstew/Documents/Unreal Projects/Atlanta_North_4.20/Content/Area1/WallsALL/FrameV8.uasset" 333
"../../../../../../Users/cstew/Documents/Unreal Projects/Atlanta_North_4.20/Content/Area1/WallsALL/Fram106.uasset" 334
"../../../../../../Users/cstew/Documents/Unreal Projects/Atlanta_North_4.20/Content/Area1/WallsALL/FrameV10.uasset" 335
"../../../../../../Users/cstew/Documents/Unreal Projects/Atlanta_North_4.20/Content/Area1/WallsALL/Frame7.uasset" 336
"../../../../../../Users/cstew/Documents/Unreal Projects/Atlanta_North_4.20/Content/Area1/WallsALL/FrameV7.uasset" 337
"../../../../../../Users/cstew/Documents/Unreal Projects/Atlanta_North_4.20/Content/Area1/WallsALL/Frame8gE6.uasset" 338
"../../../../../../Users/cstew/Documents/Unreal Projects/Atlanta_North_4.20/Content/Area1/WallsALL/FrameV8_1.uasset" 339
"../../../../../../Users/cstew/Documents/Unreal Projects/Atlanta_North_4.20/Content/Area1/WallsALL/RunnerALL/Runner5.uasset" 340
"../../../../../../Users/cstew/Documents/Unreal Projects/Atlanta_North_4.20/Content/Area1/WallsALL/RunnerALL/Runnr5.uasset" 341
"../../../../../../Users/cstew/Documents/Unreal Projects/Atlanta_North_4.20/Content/Area1/WallsALL/RunnerALL/Run55.uasset" 342
"../../../../../../Users/cstew/Documents/Unreal Projects/Atlanta_North_4.20/Content/Area1/WallsALL/RunnerALL/Runner1.uasset" 343
"../../../../../../Users/cstew/Documents/Unreal Projects/Atlanta_North_4.20/Content/Area1/WallsALL/RunnerALL/Runnr1.uasset" 344
"../../../../../../Users/cstew/Documents/Unreal Projects/Atlanta_North_4.20/Content/Area1/WallsALL/RunnerALL/Runr1.uasset" 345
"../../../../../../Users/cstew/Documents/Unreal Projects/Atlanta_North_4.20/Content/Area1/WallsALL/RunnerALL/Runner2.uasset" 346
"../../../../../../Users/cstew/Documents/Unreal Projects/Atlanta_North_4.20/Content/Area1/WallsALL/RunnerALL/Runnr2.uasset" 347
"../../../../../../Users/cstew/Documents/Unreal Projects/Atlanta_North_4.20/Content/Area1/WallsALL/RunnerALL/Runr2.uasset" 348
"../../../../../../Users/cstew/Documents/Unreal Projects/Atlanta_North_4.20/Content/Area1/WallsALL/RunnerALL/Runner3.uasset" 349
"../../../../../../Users/cstew/Documents/Unreal Projects/Atlanta_North_4.20/Content/Area1/WallsALL/RunnerALL/Run3.uasset" 350
"../../../../../../Users/cstew/Documents/Unreal Projects/Atlanta_North_4.20/Content/Area1/WallsALL/RunnerALL/Runr3.uasset" 351
"../../../../../../Users/cstew/Documents/Unreal Projects/Atlanta_North_4.20/Content/Area1/WallsALL/RunnerALL/Runner4.uasset" 352
"../../../../../../Users/cstew/Documents/Unreal Projects/Atlanta_North_4.20/Content/Area1/WallsALL/RunnerALL/Runnr4.uasset" 353
"../../../../../../Users/cstew/Documents/Unreal Projects/Atlanta_North_4.20/Content/Area1/WallsALL/RunnerALL/Runr4.uasset" 354
"../../../../../../Users/cstew/Documents/Unreal Projects/Atlanta_North_4.20/Content/Area1/WallsALL/SoffetNewALL/LightCYL_ALL/LightCyl2.uasset" 355
"../../../../../../Users/cstew/Documents/Unreal Projects/Atlanta_North_4.20/Content/Area1/WallsALL/SoffetNewALL/LightCYL_ALL/LightCyl.uasset" 356
"../../../../../../Users/cstew/Documents/Unreal Projects/Atlanta_North_4.20/Content/Area1/WallsALL/SoffetNewALL/LightCYL_ALL/LightCyl1.uasset" 357
"../../../../../../Users/cstew/Documents/Unreal Projects/Atlanta_North_4.20/Content/Area1/WallsALL/SoffetNewALL/LightCYL_ALL/LightCyl10.uasset" 358
"../../../../../../Users/cstew/Documents/Unreal Projects/Atlanta_North_4.20/Content/Area1/WallsALL/SoffetNewALL/LightCYL_ALL/LightCyl11.uasset" 359
"../../../../../../Users/cstew/Documents/Unreal Projects/Atlanta_North_4.20/Content/Area1/WallsALL/SoffetNewALL/LightCYL_ALL/LightCyl12.uasset" 360
"../../../../../../Users/cstew/Documents/Unreal Projects/Atlanta_North_4.20/Content/Area1/WallsALL/SoffetNewALL/LightCYL_ALL/LightCyl2_1.uasset" 361
"../../../../../../Users/cstew/Documents/Unreal Projects/Atlanta_North_4.20/Content/Area1/WallsALL/SoffetNewALL/LightCYL_ALL/lambert4.uasset" 362
"../../../../../../Users/cstew/Documents/Unreal Projects/Atlanta_North_4.20/Content/Area1/WallsALL/SoffetNewALL/LightCYL_ALL/LightCyl3.uasset" 363
"../../../../../../Users/cstew/Documents/Unreal Projects/Atlanta_North_4.20/Content/Area1/WallsALL/SoffetNewALL/LightCYL_ALL/LightCyl4.uasset" 364
"../../../../../../Users/cstew/Documents/Unreal Projects/Atlanta_North_4.20/Content/Area1/WallsALL/SoffetNewALL/LightCYL_ALL/LightCyl5.uasset" 365
"../../../../../../Users/cstew/Documents/Unreal Projects/Atlanta_North_4.20/Content/Area1/WallsALL/SoffetNewALL/LightCYL_ALL/LightCyl6.uasset" 366
"../../../../../../Users/cstew/Documents/Unreal Projects/Atlanta_North_4.20/Content/Area1/WallsALL/SoffetNewALL/LightCYL_ALL/LightCyl7.uasset" 367
"../../../../../../Users/cstew/Documents/Unreal Projects/Atlanta_North_4.20/Content/Area1/WallsALL/SoffetNewALL/LightCYL_ALL/LightCyl8.uasset" 368
"../../../../../../Users/cstew/Documents/Unreal Projects/Atlanta_North_4.20/Content/Area1/WallsALL/SoffetNewALL/LightCYL_ALL/LightCyl9.uasset" 369
"../../../../../../Users/cstew/Documents/Unreal Projects/Atlanta_North_4.20/Content/Area1/WallsALL/SoffetNewALL/LightCYL_ALL1/LightCy20.uasset" 370
"../../../../../../Users/cstew/Documents/Unreal Projects/Atlanta_North_4.20/Content/Area1/WallsALL/SoffetNewALL/LightCYL_ALL1/LightCy24.uasset" 371
"../../../../../../Users/cstew/Documents/Unreal Projects/Atlanta_North_4.20/Content/Area1/WallsALL/SoffetNewALL/LightCYL_ALL1/LightCy25.uasset" 372
"../../../../../../Users/cstew/Documents/Unreal Projects/Atlanta_North_4.20/Content/Area1/WallsALL/SoffetNewALL/LightCYL_ALL1/LightCy26.uasset" 373
"../../../../../../Users/cstew/Documents/Unreal Projects/Atlanta_North_4.20/Content/Area1/WallsALL/SoffetNewALL/LightCYL_ALL1/LightCy27.uasset" 374
"../../../../../../Users/cstew/Documents/Unreal Projects/Atlanta_North_4.20/Content/Area1/WallsALL/SoffetNewALL/LightCYL_ALL1/LightCyl13.uasset" 375
"../../../../../../Users/cstew/Documents/Unreal Projects/Atlanta_North_4.20/Content/Area1/WallsALL/SoffetNewALL/LightCYL_ALL1/LightCyl14.uasset" 376
"../../../../../../Users/cstew/Documents/Unreal Projects/Atlanta_North_4.20/Content/Area1/WallsALL/SoffetNewALL/LightCYL_ALL1/LightCyl15.uasset" 377
"../../../../../../Users/cstew/Documents/Unreal Projects/Atlanta_North_4.20/Content/Area1/WallsALL/SoffetNewALL/LightCYL_ALL1/LightCyl16.uasset" 378
"../../../../../../Users/cstew/Documents/Unreal Projects/Atlanta_North_4.20/Content/Area1/WallsALL/SoffetNewALL/LightCYL_ALL1/LightCyl17.uasset" 379
"../../../../../../Users/cstew/Documents/Unreal Projects/Atlanta_North_4.20/Content/Area1/WallsALL/SoffetNewALL/LightCYL_ALL1/LightCyl18.uasset" 380
"../../../../../../Users/cstew/Documents/Unreal Projects/Atlanta_North_4.20/Content/Area1/WallsALL/SoffetNewALL/LightCYL_ALL1/LightCyl19.uasset" 381
"../../../../../../Users/cstew/Documents/Unreal Projects/Atlanta_North_4.20/Content/Area1/WallsALL/SoffetNewALL/LightCYL_ALL1/LightCyl21.uasset" 382
"../../../../../../Users/cstew/Documents/Unreal Projects/Atlanta_North_4.20/Content/Area1/WallsALL/SoffetNewALL/LightCYL_ALL1/LightCyl22.uasset" 383
"../../../../../../Users/cstew/Documents/Unreal Projects/Atlanta_North_4.20/Content/Area1/WallsALL/SoffetNewALL/LightCYL_ALL1/LightCyl23.uasset" 384
"../../../../../../Users/cstew/Documents/Unreal Projects/Atlanta_North_4.20/Content/Area1/WallsALL/SoffetNewALL/LightCYL_ALL1/LightCyl24.uasset" 385
"../../../../../../Users/cstew/Documents/Unreal Projects/Atlanta_North_4.20/Content/Area1/WallsALL/SoffetNewALL/LightCYL_ALL1/LightCyl25.uasset" 386
"../../../../../../Users/cstew/Documents/Unreal Projects/Atlanta_North_4.20/Content/Area1/WallsALL/SoffetNewALL/LightCYL_ALL1/LightCyl26.uasset" 387
"../../../../../../Users/cstew/Documents/Unreal Projects/Atlanta_North_4.20/Content/Area1/WallsALL/SoffetNewALL/LightCYL_ALL1/LightCyl27.uasset" 388
"../../../../../../Users/cstew/Documents/Unreal Projects/Atlanta_North_4.20/Content/Area1/WallsALL/SoffetNewALL/LightCYL_ALL1/LightCyl28.uasset" 389
"../../../../../../Users/cstew/Documents/Unreal Projects/Atlanta_North_4.20/Content/Area1/WallsALL/SoffetNewALL/LightCYL_ALL1/LightCyl29.uasset" 390
"../../../../../../Users/cstew/Documents/Unreal Projects/Atlanta_North_4.20/Content/Area1/WallsALL/SoffetNewALL/SoffetNew2.uasset" 391
"../../../../../../Users/cstew/Documents/Unreal Projects/Atlanta_North_4.20/Content/Area1/WallsALL/SoffetNewALL/Sof1.uasset" 392
"../../../../../../Users/cstew/Documents/Unreal Projects/Atlanta_North_4.20/Content/Area1/WallsALL/SoffetNewALL/SoffetNew1.uasset" 393
"../../../../../../Users/cstew/Documents/Unreal Projects/Atlanta_North_4.20/Content/Area1/WallsALL/SoffetNewALL/sofet2.uasset" 394
"../../../../../../Users/cstew/Documents/Unreal Projects/Atlanta_North_4.20/Content/Area1/WallsALL/SoffetNewALL/SoffetNew2_1.uasset" 395
"../../../../../../Users/cstew/Documents/Unreal Projects/Atlanta_North_4.20/Content/Area1/WallsALL/SoffetNewALL/SoffetNew4.uasset" 396
"../../../../../../Users/cstew/Documents/Unreal Projects/Atlanta_North_4.20/Content/Area1/WallsALL/SoffetNewALL/Sofet3.uasset" 397
"../../../../../../Users/cstew/Documents/Unreal Projects/Atlanta_North_4.20/Content/Area1/WallsALL/SoffetNewALL/SoffetNew3.uasset" 398
"../../../../../../Users/cstew/Documents/Unreal Projects/Atlanta_North_4.20/Content/Area1/WallsALL/SoffetNewALL/Soffet4.uasset" 399
"../../../../../../Users/cstew/Documents/Unreal Projects/Atlanta_North_4.20/Content/Area1/WallsALL/SoffetNewALL/Sofet4.uasset" 400
"../../../../../../Users/cstew/Documents/Unreal Projects/Atlanta_North_4.20/Content/Area1/WallsALL/SoffetNewALL/SoffetNew4_1.uasset" 401
"../../../../../../Users/cstew/Documents/Unreal Projects/Atlanta_North_4.20/Content/Area1/WallsALL/SteelDoorsALL/DoorGrp1/Door1L2.uasset" 402
"../../../../../../Users/cstew/Documents/Unreal Projects/Atlanta_North_4.20/Content/Area1/WallsALL/SteelDoorsALL/DoorGrp1/Door1L1.uasset" 403
"../../../../../../Users/cstew/Documents/Unreal Projects/Atlanta_North_4.20/Content/Area1/WallsALL/SteelDoorsALL/DoorGrp1/Door1L.uasset" 404
"../../../../../../Users/cstew/Documents/Unreal Projects/Atlanta_North_4.20/Content/Area1/WallsALL/SteelDoorsALL/DoorGrp1/Door1R2.uasset" 405
"../../../../../../Users/cstew/Documents/Unreal Projects/Atlanta_North_4.20/Content/Area1/WallsALL/SteelDoorsALL/DoorGrp1/Door1R1.uasset" 406
"../../../../../../Users/cstew/Documents/Unreal Projects/Atlanta_North_4.20/Content/Area1/WallsALL/SteelDoorsALL/DoorGrp1/Door1R.uasset" 407
"../../../../../../Users/cstew/Documents/Unreal Projects/Atlanta_North_4.20/Content/Area1/WallsALL/SteelDoorsALL/DoorGrp2/Door2L2.uasset" 408
"../../../../../../Users/cstew/Documents/Unreal Projects/Atlanta_North_4.20/Content/Area1/WallsALL/SteelDoorsALL/DoorGrp2/Door2L1.uasset" 409
"../../../../../../Users/cstew/Documents/Unreal Projects/Atlanta_North_4.20/Content/Area1/WallsALL/SteelDoorsALL/DoorGrp2/Door2L.uasset" 410
"../../../../../../Users/cstew/Documents/Unreal Projects/Atlanta_North_4.20/Content/Area1/WallsALL/SteelDoorsALL/DoorGrp2/Door2R2.uasset" 411
"../../../../../../Users/cstew/Documents/Unreal Projects/Atlanta_North_4.20/Content/Area1/WallsALL/SteelDoorsALL/DoorGrp2/Door2R1.uasset" 412
"../../../../../../Users/cstew/Documents/Unreal Projects/Atlanta_North_4.20/Content/Area1/WallsALL/SteelDoorsALL/DoorGrp2/Door2R.uasset" 413
"../../../../../../Users/cstew/Documents/Unreal Projects/Atlanta_North_4.20/Content/Area1/WallsALL/SteelDoorsALL/DoorGrp3/Door3L2.uasset" 414
"../../../../../../Users/cstew/Documents/Unreal Projects/Atlanta_North_4.20/Content/Area1/WallsALL/SteelDoorsALL/DoorGrp3/Door3L1.uasset" 415
"../../../../../../Users/cstew/Documents/Unreal Projects/Atlanta_North_4.20/Content/Area1/WallsALL/SteelDoorsALL/DoorGrp3/Door3L.uasset" 416
"../../../../../../Users/cstew/Documents/Unreal Projects/Atlanta_North_4.20/Content/Area1/WallsALL/SteelDoorsALL/DoorGrp3/Door3R2.uasset" 417
"../../../../../../Users/cstew/Documents/Unreal Projects/Atlanta_North_4.20/Content/Area1/WallsALL/SteelDoorsALL/DoorGrp3/Door3R1.uasset" 418
"../../../../../../Users/cstew/Documents/Unreal Projects/Atlanta_North_4.20/Content/Area1/WallsALL/SteelDoorsALL/DoorGrp3/Door3R.uasset" 419
"../../../../../../Users/cstew/Documents/Unreal Projects/Atlanta_North_4.20/Content/Area1/WallsALL/Wall14.uasset" 420
"../../../../../../Users/cstew/Documents/Unreal Projects/Atlanta_North_4.20/Content/Area1/WallsALL/Wall13E5.uasset" 421
"../../../../../../Users/cstew/Documents/Unreal Projects/Atlanta_North_4.20/Content/Area1/WallsALL/Wall13.uasset" 422
"../../../../../../Users/cstew/Documents/Unreal Projects/Atlanta_North_4.20/Content/Area1/WallsALL/Area1Wall2_v6.uasset" 423
"../../../../../../Users/cstew/Documents/Unreal Projects/Atlanta_North_4.20/Content/Area1/WallsALL/Wall32.uasset" 424
"../../../../../../Users/cstew/Documents/Unreal Projects/Atlanta_North_4.20/Content/Area1/WallsALL/Wall2.uasset" 425
"../../../../../../Users/cstew/Documents/Unreal Projects/Atlanta_North_4.20/Content/Area1/WallsALL/Wall5.uasset" 426
"../../../../../../Users/cstew/Documents/Unreal Projects/Atlanta_North_4.20/Content/Area1/WallsALL/Wall31.uasset" 427
"../../../../../../Users/cstew/Documents/Unreal Projects/Atlanta_North_4.20/Content/Area1/WallsALL/Wall4.uasset" 428
"../../../../../../Users/cstew/Documents/Unreal Projects/Atlanta_North_4.20/Content/Area1/WallsALL/Wall8.uasset" 429
"../../../../../../Users/cstew/Documents/Unreal Projects/Atlanta_North_4.20/Content/Area1/WallsALL/wal74.uasset" 430
"../../../../../../Users/cstew/Documents/Unreal Projects/Atlanta_North_4.20/Content/Area1/WallsALL/Wall7.uasset" 431
"../../../../../../Users/cstew/Documents/Unreal Projects/Atlanta_North_4.20/Content/Area1/WallsALL/Wallglassfram12.uasset" 432
"../../../../../../Users/cstew/Documents/Unreal Projects/Atlanta_North_4.20/Content/Area1/WallsALL/WallGlsFrm12.uasset" 433
"../../../../../../Users/cstew/Documents/Unreal Projects/Atlanta_North_4.20/Content/Area1/WallsALL/WallGlasFrame12.uasset" 434
"../../../../../../Users/cstew/Documents/Unreal Projects/Atlanta_North_4.20/Content/Area1/WallsALL/WallGlassFrame1.uasset" 435
"../../../../../../Users/cstew/Documents/Unreal Projects/Atlanta_North_4.20/Content/Area1/WallsALL/WallGlasFrm1.uasset" 436
"../../../../../../Users/cstew/Documents/Unreal Projects/Atlanta_North_4.20/Content/Area1/WallsALL/WallGlassFram1.uasset" 437
"../../../../../../Users/cstew/Documents/Unreal Projects/Atlanta_North_4.20/Content/Area1/WallsALL/WallGlassFram3.uasset" 438
"../../../../../../Users/cstew/Documents/Unreal Projects/Atlanta_North_4.20/Content/Area1/WallsALL/WallGlasFrame2E5.uasset" 439
"../../../../../../Users/cstew/Documents/Unreal Projects/Atlanta_North_4.20/Content/Area1/WallsALL/WallGlassFram2.uasset" 440
"../../../../../../Users/cstew/Documents/Unreal Projects/Atlanta_North_4.20/Content/Area1/WallsALL/WindowGlass4.uasset" 441
"../../../../../../Users/cstew/Documents/Unreal Projects/Atlanta_North_4.20/Content/Area1/RustPlain004_3K.uasset" 442
"../../../../../../Users/cstew/Documents/Unreal Projects/Atlanta_North_4.20/Content/Area1/WHPipes.uasset" 443
"../../../../../../Users/cstew/Documents/Unreal Projects/Atlanta_North_4.20/Content/Area1/ConcretePlatesStudded002_4K.uasset" 444
"../../../../../../Users/cstew/Documents/Unreal Projects/Atlanta_North_4.20/Content/Area1/WHRightWall.uasset" 445
"../../../../../../Users/cstew/Documents/Unreal Projects/Atlanta_North_4.20/Content/Area1/WHRoof1.uasset" 446
"../../../../../../Users/cstew/Documents/Unreal Projects/Atlanta_North_4.20/Content/Area1/Roof1.uasset" 447
"../../../../../../Users/cstew/Documents/Unreal Projects/Atlanta_North_4.20/Content/Area1/WHRoof.uasset" 448
"../../../../../../Users/cstew/Documents/Unreal Projects/Atlanta_North_4.20/Content/WH/Balcony1.uasset" 449
"../../../../../../Users/cstew/Documents/Unreal Projects/Atlanta_North_4.20/Content/WH/Balcony2.uasset" 450
"../../../../../../Users/cstew/Documents/Unreal Projects/Atlanta_North_4.20/Content/WH/Balcony4.uasset" 451
"../../../../../../Users/cstew/Documents/Unreal Projects/Atlanta_North_4.20/Content/WH/Balcony5.uasset" 452
"../../../../../../Users/cstew/Documents/Unreal Projects/Atlanta_North_4.20/Content/WH/DoorFrame12.uasset" 453
"../../../../../../Users/cstew/Documents/Unreal Projects/Atlanta_North_4.20/Content/WH/Doorfrm2.uasset" 454
"../../../../../../Users/cstew/Documents/Unreal Projects/Atlanta_North_4.20/Content/WH/DoorFrame2.uasset" 455
"../../../../../../Users/cstew/Documents/Unreal Projects/Atlanta_North_4.20/Content/WH/DoorFrame11.uasset" 456
"../../../../../../Users/cstew/Documents/Unreal Projects/Atlanta_North_4.20/Content/WH/Drframe3.uasset" 457
"../../../../../../Users/cstew/Documents/Unreal Projects/Atlanta_North_4.20/Content/WH/DoorFrame3.uasset" 458
"../../../../../../Users/cstew/Documents/Unreal Projects/Atlanta_North_4.20/Content/WH/Lightsed002_4K.uasset" 459
"../../../../../../Users/cstew/Documents/Unreal Projects/Atlanta_North_4.20/Content/WH/DoorFrame4.uasset" 460
"../../../../../../Users/cstew/Documents/Unreal Projects/Atlanta_North_4.20/Content/WH/DoorFrame5.uasset" 461
"../../../../../../Users/cstew/Documents/Unreal Projects/Atlanta_North_4.20/Content/WH/DoorFrame6.uasset" 462
"../../../../../../Users/cstew/Documents/Unreal Projects/Atlanta_North_4.20/Content/WH/DoorFrame10.uasset" 463
"../../../../../../Users/cstew/Documents/Unreal Projects/Atlanta_North_4.20/Content/WH/Dorframe7.uasset" 464
"../../../../../../Users/cstew/Documents/Unreal Projects/Atlanta_North_4.20/Content/WH/DoorFrame7.uasset" 465
"../../../../../../Users/cstew/Documents/Unreal Projects/Atlanta_North_4.20/Content/WH/DoorFrame9.uasset" 466
"../../../../../../Users/cstew/Documents/Unreal Projects/Atlanta_North_4.20/Content/WH/DoorFrme8.uasset" 467
"../../../../../../Users/cstew/Documents/Unreal Projects/Atlanta_North_4.20/Content/WH/DoorFrame8.uasset" 468
"../../../../../../Users/cstew/Documents/Unreal Projects/Atlanta_North_4.20/Content/WH/group18/Beam1/Light1/LightGlow3.uasset" 469
"../../../../../../Users/cstew/Documents/Unreal Projects/Atlanta_North_4.20/Content/WH/group18/Beam1/Light1/LightBulb.uasset" 470
"../../../../../../Users/cstew/Documents/Unreal Projects/Atlanta_North_4.20/Content/WH/group18/Beam1/Light1/Bulb1.uasset" 471
"../../../../../../Users/cstew/Documents/Unreal Projects/Atlanta_North_4.20/Content/WH/group18/Beam1/Light1/Lightcap1.uasset" 472
"../../../../../../Users/cstew/Documents/Unreal Projects/Atlanta_North_4.20/Content/WH/group18/Beam1/Light1/cap.uasset" 473
"../../../../../../Users/cstew/Documents/Unreal Projects/Atlanta_North_4.20/Content/WH/group18/Beam1/Light1/cap1.uasset" 474
"../../../../../../Users/cstew/Documents/Unreal Projects/Atlanta_North_4.20/Content/WH/group18/Beam1/Light1/LightGlobe1.uasset" 475
"../../../../../../Users/cstew/Documents/Unreal Projects/Atlanta_North_4.20/Content/WH/group18/Beam1/Light1/LighgtGlobe.uasset" 476
"../../../../../../Users/cstew/Documents/Unreal Projects/Atlanta_North_4.20/Content/WH/group18/Beam1/Light1/Globe1.uasset" 477
"../../../../../../Users/cstew/Documents/Unreal Projects/Atlanta_North_4.20/Content/WH/group18/Beam1/Light1/lens.uasset" 478
"../../../../../../Users/cstew/Documents/Unreal Projects/Atlanta_North_4.20/Content/WH/group18/Beam1/Light1/Lightlens.uasset" 479
"../../../../../../Users/cstew/Documents/Unreal Projects/Atlanta_North_4.20/Content/WH/group18/Beam1/Light1/LightLens1.uasset" 480
"../../../../../../Users/cstew/Documents/Unreal Projects/Atlanta_North_4.20/Content/WH/group18/Beam1/Light1/Midband2.uasset" 481
"../../../../../../Users/cstew/Documents/Unreal Projects/Atlanta_North_4.20/Content/WH/group18/Beam1/Light1/Midband.uasset" 482
"../../../../../../Users/cstew/Documents/Unreal Projects/Atlanta_North_4.20/Content/WH/group18/Beam1/Light1/Midband1.uasset" 483
"../../../../../../Users/cstew/Documents/Unreal Projects/Atlanta_North_4.20/Content/WH/group18/Beam1/Light1/LightPole1.uasset" 484
"../../../../../../Users/cstew/Documents/Unreal Projects/Atlanta_North_4.20/Content/WH/group18/Beam1/Light1/Pole.uasset" 485
"../../../../../../Users/cstew/Documents/Unreal Projects/Atlanta_North_4.20/Content/WH/group18/Beam1/Light1/Pole1.uasset" 486
"../../../../../../Users/cstew/Documents/Unreal Projects/Atlanta_North_4.20/Content/WH/group18/Beam1/Light1/LightRim1.uasset" 487
"../../../../../../Users/cstew/Documents/Unreal Projects/Atlanta_North_4.20/Content/WH/group18/Beam1/Light1/Lightrim.uasset" 488
"../../../../../../Users/cstew/Documents/Unreal Projects/Atlanta_North_4.20/Content/WH/group18/Beam1/Light1/Rim1.uasset" 489
"../../../../../../Users/cstew/Documents/Unreal Projects/Atlanta_North_4.20/Content/WH/group18/Beam1/Light2/Bulb2.uasset" 490
"../../../../../../Users/cstew/Documents/Unreal Projects/Atlanta_North_4.20/Content/WH/group18/Beam1/Light2/cap2.uasset" 491
"../../../../../../Users/cstew/Documents/Unreal Projects/Atlanta_North_4.20/Content/WH/group18/Beam1/Light2/Globe2.uasset" 492
"../../../../../../Users/cstew/Documents/Unreal Projects/Atlanta_North_4.20/Content/WH/group18/Beam1/Light2/LightLens2.uasset" 493
"../../../../../../Users/cstew/Documents/Unreal Projects/Atlanta_North_4.20/Content/WH/group18/Beam1/Light2/Midband2.uasset" 494
"../../../../../../Users/cstew/Documents/Unreal Projects/Atlanta_North_4.20/Content/WH/group18/Beam1/Light2/Pole2.uasset" 495
"../../../../../../Users/cstew/Documents/Unreal Projects/Atlanta_North_4.20/Content/WH/group18/Beam1/Light2/Rm2.uasset" 496
"../../../../../../Users/cstew/Documents/Unreal Projects/Atlanta_North_4.20/Content/WH/group18/Beam1/Light3/Bulb3.uasset" 497
"../../../../../../Users/cstew/Documents/Unreal Projects/Atlanta_North_4.20/Content/WH/group18/Beam1/Light3/cap3.uasset" 498
"../../../../../../Users/cstew/Documents/Unreal Projects/Atlanta_North_4.20/Content/WH/group18/Beam1/Light3/Globe3.uasset" 499
"../../../../../../Users/cstew/Documents/Unreal Projects/Atlanta_North_4.20/Content/WH/group18/Beam1/Light3/LightLens3.uasset" 500
"../../../../../../Users/cstew/Documents/Unreal Projects/Atlanta_North_4.20/Content/WH/group18/Beam1/Light3/Midband3.uasset" 501
"../../../../../../Users/cstew/Documents/Unreal Projects/Atlanta_North_4.20/Content/WH/group18/Beam1/Light3/Pole3.uasset" 502
"../../../../../../Users/cstew/Documents/Unreal Projects/Atlanta_North_4.20/Content/WH/group18/Beam1/Light3/Rm3.uasset" 503
"../../../../../../Users/cstew/Documents/Unreal Projects/Atlanta_North_4.20/Content/WH/group18/Beam1/Light7/Bulb7.uasset" 504
"../../../../../../Users/cstew/Documents/Unreal Projects/Atlanta_North_4.20/Content/WH/group18/Beam1/Light7/cap7.uasset" 505
"../../../../../../Users/cstew/Documents/Unreal Projects/Atlanta_North_4.20/Content/WH/group18/Beam1/Light7/Globe7.uasset" 506
"../../../../../../Users/cstew/Documents/Unreal Projects/Atlanta_North_4.20/Content/WH/group18/Beam1/Light7/LightLens7.uasset" 507
"../../../../../../Users/cstew/Documents/Unreal Projects/Atlanta_North_4.20/Content/WH/group18/Beam1/Light7/Midband7.uasset" 508
"../../../../../../Users/cstew/Documents/Unreal Projects/Atlanta_North_4.20/Content/WH/group18/Beam1/Light7/Pole7.uasset" 509
"../../../../../../Users/cstew/Documents/Unreal Projects/Atlanta_North_4.20/Content/WH/group18/Beam1/Light7/Rm7.uasset" 510
"../../../../../../Users/cstew/Documents/Unreal Projects/Atlanta_North_4.20/Content/WH/group18/Beam1/Strut1/LowerStrut2.uasset" 511
"../../../../../../Users/cstew/Documents/Unreal Projects/Atlanta_North_4.20/Content/WH/group18/Beam1/Strut1/LorStrut.uasset" 512
"../../../../../../Users/cstew/Documents/Unreal Projects/Atlanta_North_4.20/Content/WH/group18/Beam1/Strut1/LowerStrut1.uasset" 513
"../../../../../../Users/cstew/Documents/Unreal Projects/Atlanta_North_4.20/Content/WH/group18/Beam1/Strut1/Support3.uasset" 514
"../../../../../../Users/cstew/Documents/Unreal Projects/Atlanta_North_4.20/Content/WH/group18/Beam1/Strut1/Support2.uasset" 515
"../../../../../../Users/cstew/Documents/Unreal Projects/Atlanta_North_4.20/Content/WH/group18/Beam1/Strut1/Support1.uasset" 516
"../../../../../../Users/cstew/Documents/Unreal Projects/Atlanta_North_4.20/Content/WH/group18/Beam1/Strut1/SupportUp2.uasset" 517
"../../../../../../Users/cstew/Documents/Unreal Projects/Atlanta_North_4.20/Content/WH/group18/Beam1/Strut1/SupprtUpgE6.uasset" 518
"../../../../../../Users/cstew/Documents/Unreal Projects/Atlanta_North_4.20/Content/WH/group18/Beam1/Strut1/SupportUp1.uasset" 519
"../../../../../../Users/cstew/Documents/Unreal Projects/Atlanta_North_4.20/Content/WH/group18/Beam1/Strut1/UppStrut2.uasset" 520
"../../../../../../Users/cstew/Documents/Unreal Projects/Atlanta_North_4.20/Content/WH/group18/Beam1/Strut1/UpStrut1.uasset" 521
"../../../../../../Users/cstew/Documents/Unreal Projects/Atlanta_North_4.20/Content/WH/group18/Beam1/Strut1/UppStrut1.uasset" 522
"../../../../../../Users/cstew/Documents/Unreal Projects/Atlanta_North_4.20/Content/WH/group18/Beam2/Light4/Bulb4.uasset" 523
"../../../../../../Users/cstew/Documents/Unreal Projects/Atlanta_North_4.20/Content/WH/group18/Beam2/Light4/cap4.uasset" 524
"../../../../../../Users/cstew/Documents/Unreal Projects/Atlanta_North_4.20/Content/WH/group18/Beam2/Light4/Globe4.uasset" 525
"../../../../../../Users/cstew/Documents/Unreal Projects/Atlanta_North_4.20/Content/WH/group18/Beam2/Light4/LightLens4.uasset" 526
"../../../../../../Users/cstew/Documents/Unreal Projects/Atlanta_North_4.20/Content/WH/group18/Beam2/Light4/Midband4.uasset" 527
"../../../../../../Users/cstew/Documents/Unreal Projects/Atlanta_North_4.20/Content/WH/group18/Beam2/Light4/Pole4.uasset" 528
"../../../../../../Users/cstew/Documents/Unreal Projects/Atlanta_North_4.20/Content/WH/group18/Beam2/Light4/Rim5.uasset" 529
"../../../../../../Users/cstew/Documents/Unreal Projects/Atlanta_North_4.20/Content/WH/group18/Beam2/Light5/Bulb5.uasset" 530
"../../../../../../Users/cstew/Documents/Unreal Projects/Atlanta_North_4.20/Content/WH/group18/Beam2/Light5/cap5.uasset" 531
"../../../../../../Users/cstew/Documents/Unreal Projects/Atlanta_North_4.20/Content/WH/group18/Beam2/Light5/Globe5.uasset" 532
"../../../../../../Users/cstew/Documents/Unreal Projects/Atlanta_North_4.20/Content/WH/group18/Beam2/Light5/LightLens5.uasset" 533
"../../../../../../Users/cstew/Documents/Unreal Projects/Atlanta_North_4.20/Content/WH/group18/Beam2/Light5/Midband5.uasset" 534
"../../../../../../Users/cstew/Documents/Unreal Projects/Atlanta_North_4.20/Content/WH/group18/Beam2/Light5/Pole5.uasset" 535
"../../../../../../Users/cstew/Documents/Unreal Projects/Atlanta_North_4.20/Content/WH/group18/Beam2/Light5/Rm5.uasset" 536
"../../../../../../Users/cstew/Documents/Unreal Projects/Atlanta_North_4.20/Content/WH/group18/Beam2/Light6/Bulb6.uasset" 537
"../../../../../../Users/cstew/Documents/Unreal Projects/Atlanta_North_4.20/Content/WH/group18/Beam2/Light6/cap6.uasset" 538
"../../../../../../Users/cstew/Documents/Unreal Projects/Atlanta_North_4.20/Content/WH/group18/Beam2/Light6/Globe6.uasset" 539
"../../../../../../Users/cstew/Documents/Unreal Projects/Atlanta_North_4.20/Content/WH/group18/Beam2/Light6/LightLens6.uasset" 540
"../../../../../../Users/cstew/Documents/Unreal Projects/Atlanta_North_4.20/Content/WH/group18/Beam2/Light6/Midband6.uasset" 541
"../../../../../../Users/cstew/Documents/Unreal Projects/Atlanta_North_4.20/Content/WH/group18/Beam2/Light6/Pole6.uasset" 542
"../../../../../../Users/cstew/Documents/Unreal Projects/Atlanta_North_4.20/Content/WH/group18/Beam2/Light6/Rm6.uasset" 543
"../../../../../../Users/cstew/Documents/Unreal Projects/Atlanta_North_4.20/Content/WH/group18/Beam2/Light8/Bulb8.uasset" 544
"../../../../../../Users/cstew/Documents/Unreal Projects/Atlanta_North_4.20/Content/WH/group18/Beam2/Light8/cap8.uasset" 545
"../../../../../../Users/cstew/Documents/Unreal Projects/Atlanta_North_4.20/Content/WH/group18/Beam2/Light8/Globe8.uasset" 546
"../../../../../../Users/cstew/Documents/Unreal Projects/Atlanta_North_4.20/Content/WH/group18/Beam2/Light8/LightLens8.uasset" 547
"../../../../../../Users/cstew/Documents/Unreal Projects/Atlanta_North_4.20/Content/WH/group18/Beam2/Light8/Midband8.uasset" 548
"../../../../../../Users/cstew/Documents/Unreal Projects/Atlanta_North_4.20/Content/WH/group18/Beam2/Light8/Pole8.uasset" 549
"../../../../../../Users/cstew/Documents/Unreal Projects/Atlanta_North_4.20/Content/WH/group18/Beam2/Light8/Rm8.uasset" 550
"../../../../../../Users/cstew/Documents/Unreal Projects/Atlanta_North_4.20/Content/WH/group18/Beam2/Strut2/LowerStrut2.uasset" 551
"../../../../../../Users/cstew/Documents/Unreal Projects/Atlanta_North_4.20/Content/WH/group18/Beam2/Strut2/SupportUp2.uasset" 552
"../../../../../../Users/cstew/Documents/Unreal Projects/Atlanta_North_4.20/Content/WH/group18/Beam2/Strut2/Supprt2.uasset" 553
"../../../../../../Users/cstew/Documents/Unreal Projects/Atlanta_North_4.20/Content/WH/group18/Beam2/Strut2/UppStrut2.uasset" 554
"../../../../../../Users/cstew/Documents/Unreal Projects/Atlanta_North_4.20/Content/WH/group18/Beam3/Light10/Bulb10.uasset" 555
"../../../../../../Users/cstew/Documents/Unreal Projects/Atlanta_North_4.20/Content/WH/group18/Beam3/Light10/cap10.uasset" 556
"../../../../../../Users/cstew/Documents/Unreal Projects/Atlanta_North_4.20/Content/WH/group18/Beam3/Light10/Globe10.uasset" 557
"../../../../../../Users/cstew/Documents/Unreal Projects/Atlanta_North_4.20/Content/WH/group18/Beam3/Light10/LightLens10.uasset" 558
"../../../../../../Users/cstew/Documents/Unreal Projects/Atlanta_North_4.20/Content/WH/group18/Beam3/Light10/Midband10.uasset" 559
"../../../../../../Users/cstew/Documents/Unreal Projects/Atlanta_North_4.20/Content/WH/group18/Beam3/Light10/Pole10.uasset" 560
"../../../../../../Users/cstew/Documents/Unreal Projects/Atlanta_North_4.20/Content/WH/group18/Beam3/Light10/Rm10.uasset" 561
"../../../../../../Users/cstew/Documents/Unreal Projects/Atlanta_North_4.20/Content/WH/group18/Beam3/Light11/Bulb11.uasset" 562
"../../../../../../Users/cstew/Documents/Unreal Projects/Atlanta_North_4.20/Content/WH/group18/Beam3/Light11/cap11.uasset" 563
"../../../../../../Users/cstew/Documents/Unreal Projects/Atlanta_North_4.20/Content/WH/group18/Beam3/Light11/Globe11.uasset" 564
"../../../../../../Users/cstew/Documents/Unreal Projects/Atlanta_North_4.20/Content/WH/group18/Beam3/Light11/LightLens11.uasset" 565
"../../../../../../Users/cstew/Documents/Unreal Projects/Atlanta_North_4.20/Content/WH/group18/Beam3/Light11/Midband11.uasset" 566
"../../../../../../Users/cstew/Documents/Unreal Projects/Atlanta_North_4.20/Content/WH/group18/Beam3/Light11/Pole11.uasset" 567
"../../../../../../Users/cstew/Documents/Unreal Projects/Atlanta_North_4.20/Content/WH/group18/Beam3/Light11/Rm11.uasset" 568
"../../../../../../Users/cstew/Documents/Unreal Projects/Atlanta_North_4.20/Content/WH/group18/Beam3/Light12/Bulb12.uasset" 569
"../../../../../../Users/cstew/Documents/Unreal Projects/Atlanta_North_4.20/Content/WH/group18/Beam3/Light12/cap12.uasset" 570
"../../../../../../Users/cstew/Documents/Unreal Projects/Atlanta_North_4.20/Content/WH/group18/Beam3/Light12/Globe12.uasset" 571
"../../../../../../Users/cstew/Documents/Unreal Projects/Atlanta_North_4.20/Content/WH/group18/Beam3/Light12/LightLens12.uasset" 572
"../../../../../../Users/cstew/Documents/Unreal Projects/Atlanta_North_4.20/Content/WH/group18/Beam3/Light12/Midband12.uasset" 573
"../../../../../../Users/cstew/Documents/Unreal Projects/Atlanta_North_4.20/Content/WH/group18/Beam3/Light12/Pole12.uasset" 574
"../../../../../../Users/cstew/Documents/Unreal Projects/Atlanta_North_4.20/Content/WH/group18/Beam3/Light12/Rm12.uasset" 575
"../../../../../../Users/cstew/Documents/Unreal Projects/Atlanta_North_4.20/Content/WH/group18/Beam3/Light9/Bulb9.uasset" 576
"../../../../../../Users/cstew/Documents/Unreal Projects/Atlanta_North_4.20/Content/WH/group18/Beam3/Light9/cap9.uasset" 577
"../../../../../../Users/cstew/Documents/Unreal Projects/Atlanta_North_4.20/Content/WH/group18/Beam3/Light9/Globe9.uasset" 578
"../../../../../../Users/cstew/Documents/Unreal Projects/Atlanta_North_4.20/Content/WH/group18/Beam3/Light9/LightLens9.uasset" 579
"../../../../../../Users/cstew/Documents/Unreal Projects/Atlanta_North_4.20/Content/WH/group18/Beam3/Light9/Midband9.uasset" 580
"../../../../../../Users/cstew/Documents/Unreal Projects/Atlanta_North_4.20/Content/WH/group18/Beam3/Light9/Pole9.uasset" 581
"../../../../../../Users/cstew/Documents/Unreal Projects/Atlanta_North_4.20/Content/WH/group18/Beam3/Light9/Rim9.uasset" 582
"../../../../../../Users/cstew/Documents/Unreal Projects/Atlanta_North_4.20/Content/WH/group18/Beam3/Strut3/LowerStrut3.uasset" 583
"../../../../../../Users/cstew/Documents/Unreal Projects/Atlanta_North_4.20/Content/WH/group18/Beam3/Strut3/SupportUp3.uasset" 584
"../../../../../../Users/cstew/Documents/Unreal Projects/Atlanta_North_4.20/Content/WH/group18/Beam3/Strut3/Supprt3.uasset" 585
"../../../../../../Users/cstew/Documents/Unreal Projects/Atlanta_North_4.20/Content/WH/group18/Beam3/Strut3/UppStrut3.uasset" 586
"../../../../../../Users/cstew/Documents/Unreal Projects/Atlanta_North_4.20/Content/WH/group18/Beam4/Light13/Bulb13.uasset" 587
"../../../../../../Users/cstew/Documents/Unreal Projects/Atlanta_North_4.20/Content/WH/group18/Beam4/Light13/cap13.uasset" 588
"../../../../../../Users/cstew/Documents/Unreal Projects/Atlanta_North_4.20/Content/WH/group18/Beam4/Light13/Globe13.uasset" 589
"../../../../../../Users/cstew/Documents/Unreal Projects/Atlanta_North_4.20/Content/WH/group18/Beam4/Light13/LightLens13.uasset" 590
"../../../../../../Users/cstew/Documents/Unreal Projects/Atlanta_North_4.20/Content/WH/group18/Beam4/Light13/Midband13.uasset" 591
"../../../../../../Users/cstew/Documents/Unreal Projects/Atlanta_North_4.20/Content/WH/group18/Beam4/Light13/Pole13.uasset" 592
"../../../../../../Users/cstew/Documents/Unreal Projects/Atlanta_North_4.20/Content/WH/group18/Beam4/Light13/Rim13.uasset" 593
"../../../../../../Users/cstew/Documents/Unreal Projects/Atlanta_North_4.20/Content/WH/group18/Beam4/Light14/Bulb14.uasset" 594
"../../../../../../Users/cstew/Documents/Unreal Projects/Atlanta_North_4.20/Content/WH/group18/Beam4/Light14/cap14.uasset" 595
"../../../../../../Users/cstew/Documents/Unreal Projects/Atlanta_North_4.20/Content/WH/group18/Beam4/Light14/Globe14.uasset" 596
"../../../../../../Users/cstew/Documents/Unreal Projects/Atlanta_North_4.20/Content/WH/group18/Beam4/Light14/LightLens14.uasset" 597
"../../../../../../Users/cstew/Documents/Unreal Projects/Atlanta_North_4.20/Content/WH/group18/Beam4/Light14/Midband14.uasset" 598
"../../../../../../Users/cstew/Documents/Unreal Projects/Atlanta_North_4.20/Content/WH/group18/Beam4/Light14/Pole14.uasset" 599
"../../../../../../Users/cstew/Documents/Unreal Projects/Atlanta_North_4.20/Content/WH/group18/Beam4/Light14/Rm14.uasset" 600
"../../../../../../Users/cstew/Documents/Unreal Projects/Atlanta_North_4.20/Content/WH/group18/Beam4/Light15/Bulb15.uasset" 601
"../../../../../../Users/cstew/Documents/Unreal Projects/Atlanta_North_4.20/Content/WH/group18/Beam4/Light15/cap15.uasset" 602
"../../../../../../Users/cstew/Documents/Unreal Projects/Atlanta_North_4.20/Content/WH/group18/Beam4/Light15/Globe15.uasset" 603
"../../../../../../Users/cstew/Documents/Unreal Projects/Atlanta_North_4.20/Content/WH/group18/Beam4/Light15/LightLens15.uasset" 604
"../../../../../../Users/cstew/Documents/Unreal Projects/Atlanta_North_4.20/Content/WH/group18/Beam4/Light15/Midband15.uasset" 605
"../../../../../../Users/cstew/Documents/Unreal Projects/Atlanta_North_4.20/Content/WH/group18/Beam4/Light15/Pole15.uasset" 606
"../../../../../../Users/cstew/Documents/Unreal Projects/Atlanta_North_4.20/Content/WH/group18/Beam4/Light15/Rm15.uasset" 607
"../../../../../../Users/cstew/Documents/Unreal Projects/Atlanta_North_4.20/Content/WH/group18/Beam4/Light16/Bulb16.uasset" 608
"../../../../../../Users/cstew/Documents/Unreal Projects/Atlanta_North_4.20/Content/WH/group18/Beam4/Light16/cap16.uasset" 609
"../../../../../../Users/cstew/Documents/Unreal Projects/Atlanta_North_4.20/Content/WH/group18/Beam4/Light16/Globe16.uasset" 610
"../../../../../../Users/cstew/Documents/Unreal Projects/Atlanta_North_4.20/Content/WH/group18/Beam4/Light16/LightLens16.uasset" 611
"../../../../../../Users/cstew/Documents/Unreal Projects/Atlanta_North_4.20/Content/WH/group18/Beam4/Light16/Midband16.uasset" 612
"../../../../../../Users/cstew/Documents/Unreal Projects/Atlanta_North_4.20/Content/WH/group18/Beam4/Light16/Pole16.uasset" 613
"../../../../../../Users/cstew/Documents/Unreal Projects/Atlanta_North_4.20/Content/WH/group18/Beam4/Light16/Rm16.uasset" 614
"../../../../../../Users/cstew/Documents/Unreal Projects/Atlanta_North_4.20/Content/WH/group18/Beam4/Strut4/LowerStrut4.uasset" 615
"../../../../../../Users/cstew/Documents/Unreal Projects/Atlanta_North_4.20/Content/WH/group18/Beam4/Strut4/SupportUp4.uasset" 616
"../../../../../../Users/cstew/Documents/Unreal Projects/Atlanta_North_4.20/Content/WH/group18/Beam4/Strut4/Supprt4.uasset" 617
"../../../../../../Users/cstew/Documents/Unreal Projects/Atlanta_North_4.20/Content/WH/group18/Beam4/Strut4/UppStrut4.uasset" 618
"../../../../../../Users/cstew/Documents/Unreal Projects/Atlanta_North_4.20/Content/WH/group18/Beam5/Light17/Bulb17.uasset" 619
"../../../../../../Users/cstew/Documents/Unreal Projects/Atlanta_North_4.20/Content/WH/group18/Beam5/Light17/cap17.uasset" 620
"../../../../../../Users/cstew/Documents/Unreal Projects/Atlanta_North_4.20/Content/WH/group18/Beam5/Light17/Globe17.uasset" 621
"../../../../../../Users/cstew/Documents/Unreal Projects/Atlanta_North_4.20/Content/WH/group18/Beam5/Light17/LightGLow17.uasset" 622
"../../../../../../Users/cstew/Documents/Unreal Projects/Atlanta_North_4.20/Content/WH/group18/Beam5/Light17/LightLens17.uasset" 623
"../../../../../../Users/cstew/Documents/Unreal Projects/Atlanta_North_4.20/Content/WH/group18/Beam5/Light17/Midband17.uasset" 624
"../../../../../../Users/cstew/Documents/Unreal Projects/Atlanta_North_4.20/Content/WH/group18/Beam5/Light17/Pole17.uasset" 625
"../../../../../../Users/cstew/Documents/Unreal Projects/Atlanta_North_4.20/Content/WH/group18/Beam5/Light17/Rim17.uasset" 626
"../../../../../../Users/cstew/Documents/Unreal Projects/Atlanta_North_4.20/Content/WH/group18/Beam5/Light18/Bulb18.uasset" 627
"../../../../../../Users/cstew/Documents/Unreal Projects/Atlanta_North_4.20/Content/WH/group18/Beam5/Light18/cap18.uasset" 628
"../../../../../../Users/cstew/Documents/Unreal Projects/Atlanta_North_4.20/Content/WH/group18/Beam5/Light18/Globe18.uasset" 629
"../../../../../../Users/cstew/Documents/Unreal Projects/Atlanta_North_4.20/Content/WH/group18/Beam5/Light18/LightLens18.uasset" 630
"../../../../../../Users/cstew/Documents/Unreal Projects/Atlanta_North_4.20/Content/WH/group18/Beam5/Light18/Midband18.uasset" 631
"../../../../../../Users/cstew/Documents/Unreal Projects/Atlanta_North_4.20/Content/WH/group18/Beam5/Light18/Pole18.uasset" 632
"../../../../../../Users/cstew/Documents/Unreal Projects/Atlanta_North_4.20/Content/WH/group18/Beam5/Light18/Rm18.uasset" 633
"../../../../../../Users/cstew/Documents/Unreal Projects/Atlanta_North_4.20/Content/WH/group18/Beam5/Light19/Bulb19.uasset" 634
"../../../../../../Users/cstew/Documents/Unreal Projects/Atlanta_North_4.20/Content/WH/group18/Beam5/Light19/cap19.uasset" 635
"../../../../../../Users/cstew/Documents/Unreal Projects/Atlanta_North_4.20/Content/WH/group18/Beam5/Light19/Globe19.uasset" 636
"../../../../../../Users/cstew/Documents/Unreal Projects/Atlanta_North_4.20/Content/WH/group18/Beam5/Light19/LightLens19.uasset" 637
"../../../../../../Users/cstew/Documents/Unreal Projects/Atlanta_North_4.20/Content/WH/group18/Beam5/Light19/Midband19.uasset" 638
"../../../../../../Users/cstew/Documents/Unreal Projects/Atlanta_North_4.20/Content/WH/group18/Beam5/Light19/Pole19.uasset" 639
"../../../../../../Users/cstew/Documents/Unreal Projects/Atlanta_North_4.20/Content/WH/group18/Beam5/Light19/Rm19.uasset" 640
"../../../../../../Users/cstew/Documents/Unreal Projects/Atlanta_North_4.20/Content/WH/group18/Beam5/Light20/Bulb20.uasset" 641
"../../../../../../Users/cstew/Documents/Unreal Projects/Atlanta_North_4.20/Content/WH/group18/Beam5/Light20/cap20.uasset" 642
"../../../../../../Users/cstew/Documents/Unreal Projects/Atlanta_North_4.20/Content/WH/group18/Beam5/Light20/Globe20.uasset" 643
"../../../../../../Users/cstew/Documents/Unreal Projects/Atlanta_North_4.20/Content/WH/group18/Beam5/Light20/LightLens20.uasset" 644
"../../../../../../Users/cstew/Documents/Unreal Projects/Atlanta_North_4.20/Content/WH/group18/Beam5/Light20/Midband20.uasset" 645
"../../../../../../Users/cstew/Documents/Unreal Projects/Atlanta_North_4.20/Content/WH/group18/Beam5/Light20/Pole20.uasset" 646
"../../../../../../Users/cstew/Documents/Unreal Projects/Atlanta_North_4.20/Content/WH/group18/Beam5/Light20/Rm20.uasset" 647
"../../../../../../Users/cstew/Documents/Unreal Projects/Atlanta_North_4.20/Content/WH/group18/Beam5/Strut5/LowerStrut5.uasset" 648
"../../../../../../Users/cstew/Documents/Unreal Projects/Atlanta_North_4.20/Content/WH/group18/Beam5/Strut5/Support5.uasset" 649
"../../../../../../Users/cstew/Documents/Unreal Projects/Atlanta_North_4.20/Content/WH/group18/Beam5/Strut5/SupportUp5.uasset" 650
"../../../../../../Users/cstew/Documents/Unreal Projects/Atlanta_North_4.20/Content/WH/group18/Beam5/Strut5/UppStrut5.uasset" 651
"../../../../../../Users/cstew/Documents/Unreal Projects/Atlanta_North_4.20/Content/WH/group18/Beam6/Light21/Bulb21.uasset" 652
"../../../../../../Users/cstew/Documents/Unreal Projects/Atlanta_North_4.20/Content/WH/group18/Beam6/Light21/cap21.uasset" 653
"../../../../../../Users/cstew/Documents/Unreal Projects/Atlanta_North_4.20/Content/WH/group18/Beam6/Light21/Globe21.uasset" 654
"../../../../../../Users/cstew/Documents/Unreal Projects/Atlanta_North_4.20/Content/WH/group18/Beam6/Light21/LightGLow21.uasset" 655
"../../../../../../Users/cstew/Documents/Unreal Projects/Atlanta_North_4.20/Content/WH/group18/Beam6/Light21/LightLens21.uasset" 656
"../../../../../../Users/cstew/Documents/Unreal Projects/Atlanta_North_4.20/Content/WH/group18/Beam6/Light21/Midband21.uasset" 657
"../../../../../../Users/cstew/Documents/Unreal Projects/Atlanta_North_4.20/Content/WH/group18/Beam6/Light21/Pole21.uasset" 658
"../../../../../../Users/cstew/Documents/Unreal Projects/Atlanta_North_4.20/Content/WH/group18/Beam6/Light21/Rim21.uasset" 659
"../../../../../../Users/cstew/Documents/Unreal Projects/Atlanta_North_4.20/Content/WH/group18/Beam6/Light22/Bulb22.uasset" 660
"../../../../../../Users/cstew/Documents/Unreal Projects/Atlanta_North_4.20/Content/WH/group18/Beam6/Light22/cap22.uasset" 661
"../../../../../../Users/cstew/Documents/Unreal Projects/Atlanta_North_4.20/Content/WH/group18/Beam6/Light22/Globe22.uasset" 662
"../../../../../../Users/cstew/Documents/Unreal Projects/Atlanta_North_4.20/Content/WH/group18/Beam6/Light22/LightLens22.uasset" 663
"../../../../../../Users/cstew/Documents/Unreal Projects/Atlanta_North_4.20/Content/WH/group18/Beam6/Light22/Midband22.uasset" 664
"../../../../../../Users/cstew/Documents/Unreal Projects/Atlanta_North_4.20/Content/WH/group18/Beam6/Light22/Pole22.uasset" 665
"../../../../../../Users/cstew/Documents/Unreal Projects/Atlanta_North_4.20/Content/WH/group18/Beam6/Light22/Rm22.uasset" 666
"../../../../../../Users/cstew/Documents/Unreal Projects/Atlanta_North_4.20/Content/WH/group18/Beam6/Light23/Bulb23.uasset" 667
"../../../../../../Users/cstew/Documents/Unreal Projects/Atlanta_North_4.20/Content/WH/group18/Beam6/Light23/cap23.uasset" 668
"../../../../../../Users/cstew/Documents/Unreal Projects/Atlanta_North_4.20/Content/WH/group18/Beam6/Light23/Globe23.uasset" 669
"../../../../../../Users/cstew/Documents/Unreal Projects/Atlanta_North_4.20/Content/WH/group18/Beam6/Light23/LightLens23.uasset" 670
"../../../../../../Users/cstew/Documents/Unreal Projects/Atlanta_North_4.20/Content/WH/group18/Beam6/Light23/Midband23.uasset" 671
"../../../../../../Users/cstew/Documents/Unreal Projects/Atlanta_North_4.20/Content/WH/group18/Beam6/Light23/Pole23.uasset" 672
"../../../../../../Users/cstew/Documents/Unreal Projects/Atlanta_North_4.20/Content/WH/group18/Beam6/Light23/Rm23.uasset" 673
"../../../../../../Users/cstew/Documents/Unreal Projects/Atlanta_North_4.20/Content/WH/group18/Beam6/Light24/Bulb24.uasset" 674
"../../../../../../Users/cstew/Documents/Unreal Projects/Atlanta_North_4.20/Content/WH/group18/Beam6/Light24/cap24.uasset" 675
"../../../../../../Users/cstew/Documents/Unreal Projects/Atlanta_North_4.20/Content/WH/group18/Beam6/Light24/Globe24.uasset" 676
"../../../../../../Users/cstew/Documents/Unreal Projects/Atlanta_North_4.20/Content/WH/group18/Beam6/Light24/LightLens24.uasset" 677
"../../../../../../Users/cstew/Documents/Unreal Projects/Atlanta_North_4.20/Content/WH/group18/Beam6/Light24/Midband24.uasset" 678
"../../../../../../Users/cstew/Documents/Unreal Projects/Atlanta_North_4.20/Content/WH/group18/Beam6/Light24/Pole24.uasset" 679
"../../../../../../Users/cstew/Documents/Unreal Projects/Atlanta_North_4.20/Content/WH/group18/Beam6/Light24/Rm24.uasset" 680
"../../../../../../Users/cstew/Documents/Unreal Projects/Atlanta_North_4.20/Content/WH/group18/Beam6/Strut6/LowerStrut6.uasset" 681
"../../../../../../Users/cstew/Documents/Unreal Projects/Atlanta_North_4.20/Content/WH/group18/Beam6/Strut6/SupportUp6.uasset" 682
"../../../../../../Users/cstew/Documents/Unreal Projects/Atlanta_North_4.20/Content/WH/group18/Beam6/Strut6/Supprt6.uasset" 683
"../../../../../../Users/cstew/Documents/Unreal Projects/Atlanta_North_4.20/Content/WH/group18/Beam6/Strut6/UppStrut6.uasset" 684
"../../../../../../Users/cstew/Documents/Unreal Projects/Atlanta_North_4.20/Content/WH/group18/Beam7/Light25/Bulb25.uasset" 685
"../../../../../../Users/cstew/Documents/Unreal Projects/Atlanta_North_4.20/Content/WH/group18/Beam7/Light25/cap25.uasset" 686
"../../../../../../Users/cstew/Documents/Unreal Projects/Atlanta_North_4.20/Content/WH/group18/Beam7/Light25/Globe25.uasset" 687
"../../../../../../Users/cstew/Documents/Unreal Projects/Atlanta_North_4.20/Content/WH/group18/Beam7/Light25/LightLens25.uasset" 688
"../../../../../../Users/cstew/Documents/Unreal Projects/Atlanta_North_4.20/Content/WH/group18/Beam7/Light25/Midban25.uasset" 689
"../../../../../../Users/cstew/Documents/Unreal Projects/Atlanta_North_4.20/Content/WH/group18/Beam7/Light25/Pole25.uasset" 690
"../../../../../../Users/cstew/Documents/Unreal Projects/Atlanta_North_4.20/Content/WH/group18/Beam7/Light25/Rim25.uasset" 691
"../../../../../../Users/cstew/Documents/Unreal Projects/Atlanta_North_4.20/Content/WH/group18/Beam7/Light26/Bulb26.uasset" 692
"../../../../../../Users/cstew/Documents/Unreal Projects/Atlanta_North_4.20/Content/WH/group18/Beam7/Light26/cap26.uasset" 693
"../../../../../../Users/cstew/Documents/Unreal Projects/Atlanta_North_4.20/Content/WH/group18/Beam7/Light26/Globe26.uasset" 694
"../../../../../../Users/cstew/Documents/Unreal Projects/Atlanta_North_4.20/Content/WH/group18/Beam7/Light26/LightLens26.uasset" 695
"../../../../../../Users/cstew/Documents/Unreal Projects/Atlanta_North_4.20/Content/WH/group18/Beam7/Light26/Midband26.uasset" 696
"../../../../../../Users/cstew/Documents/Unreal Projects/Atlanta_North_4.20/Content/WH/group18/Beam7/Light26/Pole26.uasset" 697
"../../../../../../Users/cstew/Documents/Unreal Projects/Atlanta_North_4.20/Content/WH/group18/Beam7/Light26/Rm26.uasset" 698
"../../../../../../Users/cstew/Documents/Unreal Projects/Atlanta_North_4.20/Content/WH/group18/Beam7/Light27/Bulb27.uasset" 699
"../../../../../../Users/cstew/Documents/Unreal Projects/Atlanta_North_4.20/Content/WH/group18/Beam7/Light27/cap27.uasset" 700
"../../../../../../Users/cstew/Documents/Unreal Projects/Atlanta_North_4.20/Content/WH/group18/Beam7/Light27/Globe27.uasset" 701
"../../../../../../Users/cstew/Documents/Unreal Projects/Atlanta_North_4.20/Content/WH/group18/Beam7/Light27/LightLens27.uasset" 702
"../../../../../../Users/cstew/Documents/Unreal Projects/Atlanta_North_4.20/Content/WH/group18/Beam7/Light27/Midband27.uasset" 703
"../../../../../../Users/cstew/Documents/Unreal Projects/Atlanta_North_4.20/Content/WH/group18/Beam7/Light27/Pole27.uasset" 704
"../../../../../../Users/cstew/Documents/Unreal Projects/Atlanta_North_4.20/Content/WH/group18/Beam7/Light27/Rm27.uasset" 705
"../../../../../../Users/cstew/Documents/Unreal Projects/Atlanta_North_4.20/Content/WH/group18/Beam7/Light28/Bulb28.uasset" 706
"../../../../../../Users/cstew/Documents/Unreal Projects/Atlanta_North_4.20/Content/WH/group18/Beam7/Light28/cap28.uasset" 707
"../../../../../../Users/cstew/Documents/Unreal Projects/Atlanta_North_4.20/Content/WH/group18/Beam7/Light28/Globe28.uasset" 708
"../../../../../../Users/cstew/Documents/Unreal Projects/Atlanta_North_4.20/Content/WH/group18/Beam7/Light28/LightLens28.uasset" 709
"../../../../../../Users/cstew/Documents/Unreal Projects/Atlanta_North_4.20/Content/WH/group18/Beam7/Light28/Midband28.uasset" 710
"../../../../../../Users/cstew/Documents/Unreal Projects/Atlanta_North_4.20/Content/WH/group18/Beam7/Light28/Pole28.uasset" 711
"../../../../../../Users/cstew/Documents/Unreal Projects/Atlanta_North_4.20/Content/WH/group18/Beam7/Light28/Rm28.uasset" 712
"../../../../../../Users/cstew/Documents/Unreal Projects/Atlanta_North_4.20/Content/WH/group18/Beam7/Strut7/LowerStrut7.uasset" 713
"../../../../../../Users/cstew/Documents/Unreal Projects/Atlanta_North_4.20/Content/WH/group18/Beam7/Strut7/SupportUp7.uasset" 714
"../../../../../../Users/cstew/Documents/Unreal Projects/Atlanta_North_4.20/Content/WH/group18/Beam7/Strut7/Supprt7.uasset" 715
"../../../../../../Users/cstew/Documents/Unreal Projects/Atlanta_North_4.20/Content/WH/group18/Beam7/Strut7/UppStrut7.uasset" 716
"../../../../../../Users/cstew/Documents/Unreal Projects/Atlanta_North_4.20/Content/WH/group18/Beam8/Light29/Bulb29.uasset" 717
"../../../../../../Users/cstew/Documents/Unreal Projects/Atlanta_North_4.20/Content/WH/group18/Beam8/Light29/cap29.uasset" 718
"../../../../../../Users/cstew/Documents/Unreal Projects/Atlanta_North_4.20/Content/WH/group18/Beam8/Light29/Globe29.uasset" 719
"../../../../../../Users/cstew/Documents/Unreal Projects/Atlanta_North_4.20/Content/WH/group18/Beam8/Light29/LightLens29.uasset" 720
"../../../../../../Users/cstew/Documents/Unreal Projects/Atlanta_North_4.20/Content/WH/group18/Beam8/Light29/Midband29.uasset" 721
"../../../../../../Users/cstew/Documents/Unreal Projects/Atlanta_North_4.20/Content/WH/group18/Beam8/Light29/Pole29.uasset" 722
"../../../../../../Users/cstew/Documents/Unreal Projects/Atlanta_North_4.20/Content/WH/group18/Beam8/Light29/Rim29.uasset" 723
"../../../../../../Users/cstew/Documents/Unreal Projects/Atlanta_North_4.20/Content/WH/group18/Beam8/Light30/Bulb30.uasset" 724
"../../../../../../Users/cstew/Documents/Unreal Projects/Atlanta_North_4.20/Content/WH/group18/Beam8/Light30/cap30.uasset" 725
"../../../../../../Users/cstew/Documents/Unreal Projects/Atlanta_North_4.20/Content/WH/group18/Beam8/Light30/Globe30.uasset" 726
"../../../../../../Users/cstew/Documents/Unreal Projects/Atlanta_North_4.20/Content/WH/group18/Beam8/Light30/LightLens30.uasset" 727
"../../../../../../Users/cstew/Documents/Unreal Projects/Atlanta_North_4.20/Content/WH/group18/Beam8/Light30/Midband30.uasset" 728
"../../../../../../Users/cstew/Documents/Unreal Projects/Atlanta_North_4.20/Content/WH/group18/Beam8/Light30/Pole30.uasset" 729
"../../../../../../Users/cstew/Documents/Unreal Projects/Atlanta_North_4.20/Content/WH/group18/Beam8/Light30/Rm30.uasset" 730
"../../../../../../Users/cstew/Documents/Unreal Projects/Atlanta_North_4.20/Content/WH/group18/Beam8/Light31/Bulb31.uasset" 731
"../../../../../../Users/cstew/Documents/Unreal Projects/Atlanta_North_4.20/Content/WH/group18/Beam8/Light31/cap31.uasset" 732
"../../../../../../Users/cstew/Documents/Unreal Projects/Atlanta_North_4.20/Content/WH/group18/Beam8/Light31/Globe31.uasset" 733
"../../../../../../Users/cstew/Documents/Unreal Projects/Atlanta_North_4.20/Content/WH/group18/Beam8/Light31/LightLens31.uasset" 734
"../../../../../../Users/cstew/Documents/Unreal Projects/Atlanta_North_4.20/Content/WH/group18/Beam8/Light31/Midband31.uasset" 735
"../../../../../../Users/cstew/Documents/Unreal Projects/Atlanta_North_4.20/Content/WH/group18/Beam8/Light31/Pole31.uasset" 736
"../../../../../../Users/cstew/Documents/Unreal Projects/Atlanta_North_4.20/Content/WH/group18/Beam8/Light31/Rm31.uasset" 737
"../../../../../../Users/cstew/Documents/Unreal Projects/Atlanta_North_4.20/Content/WH/group18/Beam8/Light32/Bulb32.uasset" 738
"../../../../../../Users/cstew/Documents/Unreal Projects/Atlanta_North_4.20/Content/WH/group18/Beam8/Light32/cap32.uasset" 739
"../../../../../../Users/cstew/Documents/Unreal Projects/Atlanta_North_4.20/Content/WH/group18/Beam8/Light32/Globe32.uasset" 740
"../../../../../../Users/cstew/Documents/Unreal Projects/Atlanta_North_4.20/Content/WH/group18/Beam8/Light32/LightLens32.uasset" 741
"../../../../../../Users/cstew/Documents/Unreal Projects/Atlanta_North_4.20/Content/WH/group18/Beam8/Light32/Midband32.uasset" 742
"../../../../../../Users/cstew/Documents/Unreal Projects/Atlanta_North_4.20/Content/WH/group18/Beam8/Light32/Pole32.uasset" 743
"../../../../../../Users/cstew/Documents/Unreal Projects/Atlanta_North_4.20/Content/WH/group18/Beam8/Light32/Rm32.uasset" 744
"../../../../../../Users/cstew/Documents/Unreal Projects/Atlanta_North_4.20/Content/WH/group18/Beam8/Strut8/LowerStrut8.uasset" 745
"../../../../../../Users/cstew/Documents/Unreal Projects/Atlanta_North_4.20/Content/WH/group18/Beam8/Strut8/SupportUp8.uasset" 746
"../../../../../../Users/cstew/Documents/Unreal Projects/Atlanta_North_4.20/Content/WH/group18/Beam8/Strut8/Supprt8.uasset" 747
"../../../../../../Users/cstew/Documents/Unreal Projects/Atlanta_North_4.20/Content/WH/group18/Beam8/Strut8/UppStrut8.uasset" 748
"../../../../../../Users/cstew/Documents/Unreal Projects/Atlanta_North_4.20/Content/WH/S2.uasset" 749
"../../../../../../Users/cstew/Documents/Unreal Projects/Atlanta_North_4.20/Content/WH/S14.uasset" 750
"../../../../../../Users/cstew/Documents/Unreal Projects/Atlanta_North_4.20/Content/WH/S1.uasset" 751
"../../../../../../Users/cstew/Documents/Unreal Projects/Atlanta_North_4.20/Content/WH/S10_1.uasset" 752
"../../../../../../Users/cstew/Documents/Unreal Projects/Atlanta_North_4.20/Content/WH/S13.uasset" 753
"../../../../../../Users/cstew/Documents/Unreal Projects/Atlanta_North_4.20/Content/WH/s12.uasset" 754
"../../../../../../Users/cstew/Documents/Unreal Projects/Atlanta_North_4.20/Content/WH/S11_1.uasset" 755
"../../../../../../Users/cstew/Documents/Unreal Projects/Atlanta_North_4.20/Content/WH/S15.uasset" 756
"../../../../../../Users/cstew/Documents/Unreal Projects/Atlanta_North_4.20/Content/WH/S112.uasset" 757
"../../../../../../Users/cstew/Documents/Unreal Projects/Atlanta_North_4.20/Content/WH/S12_1.uasset" 758
"../../../../../../Users/cstew/Documents/Unreal Projects/Atlanta_North_4.20/Content/WH/S113.uasset" 759
"../../../../../../Users/cstew/Documents/Unreal Projects/Atlanta_North_4.20/Content/WH/S13_1.uasset" 760
"../../../../../../Users/cstew/Documents/Unreal Projects/Atlanta_North_4.20/Content/WH/S4.uasset" 761
"../../../../../../Users/cstew/Documents/Unreal Projects/Atlanta_North_4.20/Content/WH/S5.uasset" 762
"../../../../../../Users/cstew/Documents/Unreal Projects/Atlanta_North_4.20/Content/WH/S6.uasset" 763
"../../../../../../Users/cstew/Documents/Unreal Projects/Atlanta_North_4.20/Content/WH/S7.uasset" 764
"../../../../../../Users/cstew/Documents/Unreal Projects/Atlanta_North_4.20/Content/WH/S8.uasset" 765
"../../../../../../Users/cstew/Documents/Unreal Projects/Atlanta_North_4.20/Content/WH/Stairs9E5.uasset" 766
"../../../../../../Users/cstew/Documents/Unreal Projects/Atlanta_North_4.20/Content/WH/S9.uasset" 767
"../../../../../../Users/cstew/Documents/Unreal Projects/Atlanta_North_4.20/Content/WH/SideGlass/Area1Render_v30.uasset" 768
"../../../../../../Users/cstew/Documents/Unreal Projects/Atlanta_North_4.20/Content/WH/SideGlass/SideGlass1.uasset" 769
"../../../../../../Users/cstew/Documents/Unreal Projects/Atlanta_North_4.20/Content/WH/SideGlass/SGlass10.uasset" 770
"../../../../../../Users/cstew/Documents/Unreal Projects/Atlanta_North_4.20/Content/WH/SideGlass/SGlass11.uasset" 771
"../../../../../../Users/cstew/Documents/Unreal Projects/Atlanta_North_4.20/Content/WH/SideGlass/SGlass12.uasset" 772
"../../../../../../Users/cstew/Documents/Unreal Projects/Atlanta_North_4.20/Content/WH/SideGlass/SGlass13.uasset" 773
"../../../../../../Users/cstew/Documents/Unreal Projects/Atlanta_North_4.20/Content/WH/SideGlass/SGlass14.uasset" 774
"../../../../../../Users/cstew/Documents/Unreal Projects/Atlanta_North_4.20/Content/WH/SideGlass/SGlass15.uasset" 775
"../../../../../../Users/cstew/Documents/Unreal Projects/Atlanta_North_4.20/Content/WH/SideGlass/SGlass16.uasset" 776
"../../../../../../Users/cstew/Documents/Unreal Projects/Atlanta_North_4.20/Content/WH/SideGlass/SGlass17.uasset" 777
"../../../../../../Users/cstew/Documents/Unreal Projects/Atlanta_North_4.20/Content/WH/SideGlass/SGlass21.uasset" 778
"../../../../../../Users/cstew/Documents/Unreal Projects/Atlanta_North_4.20/Content/WH/SideGlass/SGlass22.uasset" 779
"../../../../../../Users/cstew/Documents/Unreal Projects/Atlanta_North_4.20/Content/WH/SideGlass/SGlass23.uasset" 780
"../../../../../../Users/cstew/Documents/Unreal Projects/Atlanta_North_4.20/Content/WH/SideGlass/SGlass24.uasset" 781
"../../../../../../Users/cstew/Documents/Unreal Projects/Atlanta_North_4.20/Content/WH/SideGlass/SGlass25.uasset" 782
"../../../../../../Users/cstew/Documents/Unreal Projects/Atlanta_North_4.20/Content/WH/SideGlass/SGlass26.uasset" 783
"../../../../../../Users/cstew/Documents/Unreal Projects/Atlanta_North_4.20/Content/WH/SideGlass/SGlass27.uasset" 784
"../../../../../../Users/cstew/Documents/Unreal Projects/Atlanta_North_4.20/Content/WH/SideGlass/SGlass28.uasset" 785
"../../../../../../Users/cstew/Documents/Unreal Projects/Atlanta_North_4.20/Content/WH/SideGlass/SGlass29.uasset" 786
"../../../../../../Users/cstew/Documents/Unreal Projects/Atlanta_North_4.20/Content/WH/SideGlass/SGlass4.uasset" 787
"../../../../../../Users/cstew/Documents/Unreal Projects/Atlanta_North_4.20/Content/WH/SideGlass/SGlass9.uasset" 788
"../../../../../../Users/cstew/Documents/Unreal Projects/Atlanta_North_4.20/Content/WH/StairFrame1.uasset" 789
"../../../../../../Users/cstew/Documents/Unreal Projects/Atlanta_North_4.20/Content/WH/StairFrame6.uasset" 790
"../../../../../../Users/cstew/Documents/Unreal Projects/Atlanta_North_4.20/Content/WH/Stairfrm2b.uasset" 791
"../../../../../../Users/cstew/Documents/Unreal Projects/Atlanta_North_4.20/Content/WH/Roof.uasset" 792
"../../../../../../Users/cstew/Documents/Unreal Projects/Atlanta_North_4.20/Content/WH/Stairs6.uasset" 793
"../../../../../../Users/cstew/Documents/Unreal Projects/Atlanta_North_4.20/Content/WH/Stairs9.uasset" 794
"../../../../../../Users/cstew/Documents/Unreal Projects/Atlanta_North_4.20/Content/WH/Stairs8E5.uasset" 795
"../../../../../../Users/cstew/Documents/Unreal Projects/Atlanta_North_4.20/Content/WH/Stairs8.uasset" 796
"../../../../../../Users/cstew/Documents/Unreal Projects/Atlanta_North_4.20/Content/WH/Starfrm1b.uasset" 797
"../../../../../../Users/cstew/Documents/Unreal Projects/Atlanta_North_4.20/Content/WH/Starirs7.uasset" 798
"../../../../../../Users/cstew/Documents/Unreal Projects/Atlanta_North_4.20/Content/WH/WHSteelDoor12.uasset" 799
"../../../../../../Users/cstew/Documents/Unreal Projects/Atlanta_North_4.20/Content/WH/Door12.uasset" 800
"../../../../../../Users/cstew/Documents/Unreal Projects/Atlanta_North_4.20/Content/WH/SteelDoor12.uasset" 801
"../../../../../../Users/cstew/Documents/Unreal Projects/Atlanta_North_4.20/Content/WH/WHSteelDoor13.uasset" 802
"../../../../../../Users/cstew/Documents/Unreal Projects/Atlanta_North_4.20/Content/WH/Door113.uasset" 803
"../../../../../../Users/cstew/Documents/Unreal Projects/Atlanta_North_4.20/Content/WH/SteelDoor13.uasset" 804
"../../../../../../Users/cstew/Documents/Unreal Projects/Atlanta_North_4.20/Content/WH/SteelDoor14.uasset" 805
"../../../../../../Users/cstew/Documents/Unreal Projects/Atlanta_North_4.20/Content/WH/SteelDoor15.uasset" 806
"../../../../../../Users/cstew/Documents/Unreal Projects/Atlanta_North_4.20/Content/WH/SteelDoor16.uasset" 807
"../../../../../../Users/cstew/Documents/Unreal Projects/Atlanta_North_4.20/Content/WH/SteelDoor17.uasset" 808
"../../../../../../Users/cstew/Documents/Unreal Projects/Atlanta_North_4.20/Content/WH/WHEntrancdr2.uasset" 809
"../../../../../../Users/cstew/Documents/Unreal Projects/Atlanta_North_4.20/Content/WH/WHEntranceDoor1.uasset" 810
"../../../../../../Users/cstew/Documents/Unreal Projects/Atlanta_North_4.20/Content/WH/WHEntranceDoor6.uasset" 811
"../../../../../../Users/cstew/Documents/Unreal Projects/Atlanta_North_4.20/Content/WH/WHEntrnceDr5.uasset" 812
"../../../../../../Users/cstew/Documents/Unreal Projects/Atlanta_North_4.20/Content/WH/WHEntranceDoor5.uasset" 813
"../../../../../../Users/cstew/Documents/Unreal Projects/Atlanta_North_4.20/Content/WH/WHEntrancedr3.uasset" 814
"../../../../../../Users/cstew/Documents/Unreal Projects/Atlanta_North_4.20/Content/WH/WHEntrancedr4.uasset" 815
"../../../../../../Users/cstew/Documents/Unreal Projects/Atlanta_North_4.20/Content/WH/WHEntrancedr7.uasset" 816
"../../../../../../Users/cstew/Documents/Unreal Projects/Atlanta_North_4.20/Content/WH/Enttracen69.uasset" 817
"../../../../../../Users/cstew/Documents/Unreal Projects/Atlanta_North_4.20/Content/WH/WHEntrancedr6.uasset" 818
"../../../../../../Users/cstew/Documents/Unreal Projects/Atlanta_North_4.20/Content/WH/MetalSteelBlueBrushed002_4K.uasset" 819
"../../../../../../Users/cstew/Documents/Unreal Projects/Atlanta_North_4.20/Content/WH/WHrail3.uasset" 820
"../../../../../../Users/cstew/Documents/Unreal Projects/Atlanta_North_4.20/Content/WH/WHRail4.uasset" 821
"../../../../../../Users/cstew/Documents/Unreal Projects/Atlanta_North_4.20/Content/WH/WHStairRailSide.uasset" 822
"../../../../../../Users/cstew/Documents/Unreal Projects/Atlanta_North_4.20/Content/WH/WHStariPlat2.uasset" 823
"../../../../../../Users/cstew/Documents/Unreal Projects/Atlanta_North_4.20/Content/WH/Door11.uasset" 824
"../../../../../../Users/cstew/Documents/Unreal Projects/Atlanta_North_4.20/Content/WH/WHSteelDoor11.uasset" 825
"../../../../../../Users/cstew/Documents/Unreal Projects/Atlanta_North_4.20/Content/WH/WHSteelDoor10.uasset" 826
"../../../../../../Users/cstew/Documents/Unreal Projects/Atlanta_North_4.20/Content/WH/Door3.uasset" 827
"../../../../../../Users/cstew/Documents/Unreal Projects/Atlanta_North_4.20/Content/WH/WHSteelDoor3.uasset" 828
"../../../../../../Users/cstew/Documents/Unreal Projects/Atlanta_North_4.20/Content/WH/WHSteelDoor6.uasset" 829
"../../../../../../Users/cstew/Documents/Unreal Projects/Atlanta_North_4.20/Content/WH/WHsteldr4.uasset" 830
"../../../../../../Users/cstew/Documents/Unreal Projects/Atlanta_North_4.20/Content/WH/WHSteelDoor4.uasset" 831
"../../../../../../Users/cstew/Documents/Unreal Projects/Atlanta_North_4.20/Content/WH/WHSteelDoor5.uasset" 832
"../../../../../../Users/cstew/Documents/Unreal Projects/Atlanta_North_4.20/Content/WH/WHSteelDoor7.uasset" 833
"../../../../../../Users/cstew/Documents/Unreal Projects/Atlanta_North_4.20/Content/WH/WHSteelDoor8.uasset" 834
"../../../../../../Users/cstew/Documents/Unreal Projects/Atlanta_North_4.20/Content/WH/WHSteelDoor9.uasset" 835
"../../../../../../Users/cstew/Documents/Unreal Projects/Atlanta_North_4.20/Content/WH/WHSteelDr11.uasset" 836
"../../../../../../Users/cstew/Documents/Unreal Projects/Atlanta_North_4.20/Content/WH/SteelDr10.uasset" 837
"../../../../../../Users/cstew/Documents/Unreal Projects/Atlanta_North_4.20/Content/WH/WHSteelDr10.uasset" 838
"../../../../../../Users/cstew/Documents/Unreal Projects/Atlanta_North_4.20/Content/3BG.umap" 839
"../../../Engine/Content/Maps/Entry_BuiltData.uasset" 840
"../../../Engine/Content/Maps/Entry.umap" 841
